[0.352s] DEBUG:colcon:Command line arguments: ['/usr/bin/colcon', 'build', '--symlink-install']
[0.353s] DEBUG:colcon:Parsed command line arguments: Namespace(log_base=None, log_level=None, verb_name='build', build_base='build', install_base='install', merge_install=False, symlink_install=True, test_result_base=None, continue_on_error=False, executor='parallel', parallel_workers=8, event_handlers=None, ignore_user_meta=False, metas=['./colcon.meta'], base_paths=['.'], packages_ignore=None, packages_ignore_regex=None, paths=None, packages_up_to=None, packages_up_to_regex=None, packages_above=None, packages_above_and_dependencies=None, packages_above_depth=None, packages_select_by_dep=None, packages_skip_by_dep=None, packages_skip_up_to=None, packages_select_build_failed=False, packages_skip_build_finished=False, packages_select_test_failures=False, packages_skip_test_passed=False, packages_select=None, packages_skip=None, packages_select_regex=None, packages_skip_regex=None, packages_start=None, packages_end=None, allow_overriding=[], cmake_args=None, cmake_target=None, cmake_target_skip_unavailable=False, cmake_clean_cache=False, cmake_clean_first=False, cmake_force_configure=False, ament_cmake_args=None, catkin_cmake_args=None, catkin_skip_building_tests=False, mixin_files=None, mixin=None, verb_parser=<colcon_mixin.mixin.mixin_argument.MixinArgumentDecorator object at 0x7b15dcfa0340>, verb_extension=<colcon_core.verb.build.BuildVerb object at 0x7b15dcf1dbd0>, main=<bound method BuildVerb.main of <colcon_core.verb.build.BuildVerb object at 0x7b15dcf1dbd0>>, mixin_verb=('build',))
[0.689s] Level 1:colcon.colcon_core.package_discovery:discover_packages(colcon_meta) check parameters
[0.690s] Level 1:colcon.colcon_core.package_discovery:discover_packages(recursive) check parameters
[0.690s] Level 1:colcon.colcon_core.package_discovery:discover_packages(ignore) check parameters
[0.690s] Level 1:colcon.colcon_core.package_discovery:discover_packages(path) check parameters
[0.690s] Level 1:colcon.colcon_core.package_discovery:discover_packages(colcon_meta) discover
[0.690s] Level 1:colcon.colcon_core.package_discovery:discover_packages(recursive) discover
[0.690s] INFO:colcon.colcon_core.package_discovery:Crawling recursively for packages in '/home/chintu/ur_ws'
[0.690s] Level 1:colcon.colcon_core.package_identification:_identify(.) by extensions ['ignore', 'ignore_ament_install']
[0.690s] Level 1:colcon.colcon_core.package_identification:_identify(.) by extension 'ignore'
[0.690s] Level 1:colcon.colcon_core.package_identification:_identify(.) by extension 'ignore_ament_install'
[0.690s] Level 1:colcon.colcon_core.package_identification:_identify(.) by extensions ['colcon_pkg']
[0.690s] Level 1:colcon.colcon_core.package_identification:_identify(.) by extension 'colcon_pkg'
[0.690s] Level 1:colcon.colcon_core.package_identification:_identify(.) by extensions ['colcon_meta']
[0.690s] Level 1:colcon.colcon_core.package_identification:_identify(.) by extension 'colcon_meta'
[0.691s] Level 1:colcon.colcon_core.package_identification:_identify(.) by extensions ['ros']
[0.691s] Level 1:colcon.colcon_core.package_identification:_identify(.) by extension 'ros'
[0.722s] Level 1:colcon.colcon_core.package_identification:_identify(.) by extensions ['cmake', 'python']
[0.722s] Level 1:colcon.colcon_core.package_identification:_identify(.) by extension 'cmake'
[0.722s] Level 1:colcon.colcon_core.package_identification:_identify(.) by extension 'python'
[0.723s] Level 1:colcon.colcon_core.package_identification:_identify(.) by extensions ['python_setup_py']
[0.723s] Level 1:colcon.colcon_core.package_identification:_identify(.) by extension 'python_setup_py'
[0.723s] Level 1:colcon.colcon_core.package_identification:_identify(build) by extensions ['ignore', 'ignore_ament_install']
[0.723s] Level 1:colcon.colcon_core.package_identification:_identify(build) by extension 'ignore'
[0.723s] Level 1:colcon.colcon_core.package_identification:_identify(build) ignored
[0.723s] Level 1:colcon.colcon_core.package_identification:_identify(install) by extensions ['ignore', 'ignore_ament_install']
[0.723s] Level 1:colcon.colcon_core.package_identification:_identify(install) by extension 'ignore'
[0.723s] Level 1:colcon.colcon_core.package_identification:_identify(install) ignored
[0.723s] Level 1:colcon.colcon_core.package_identification:_identify(log) by extensions ['ignore', 'ignore_ament_install']
[0.723s] Level 1:colcon.colcon_core.package_identification:_identify(log) by extension 'ignore'
[0.723s] Level 1:colcon.colcon_core.package_identification:_identify(log) ignored
[0.724s] Level 1:colcon.colcon_core.package_identification:_identify(src) by extensions ['ignore', 'ignore_ament_install']
[0.724s] Level 1:colcon.colcon_core.package_identification:_identify(src) by extension 'ignore'
[0.724s] Level 1:colcon.colcon_core.package_identification:_identify(src) by extension 'ignore_ament_install'
[0.724s] Level 1:colcon.colcon_core.package_identification:_identify(src) by extensions ['colcon_pkg']
[0.724s] Level 1:colcon.colcon_core.package_identification:_identify(src) by extension 'colcon_pkg'
[0.724s] Level 1:colcon.colcon_core.package_identification:_identify(src) by extensions ['colcon_meta']
[0.724s] Level 1:colcon.colcon_core.package_identification:_identify(src) by extension 'colcon_meta'
[0.724s] Level 1:colcon.colcon_core.package_identification:_identify(src) by extensions ['ros']
[0.724s] Level 1:colcon.colcon_core.package_identification:_identify(src) by extension 'ros'
[0.724s] Level 1:colcon.colcon_core.package_identification:_identify(src) by extensions ['cmake', 'python']
[0.724s] Level 1:colcon.colcon_core.package_identification:_identify(src) by extension 'cmake'
[0.724s] Level 1:colcon.colcon_core.package_identification:_identify(src) by extension 'python'
[0.724s] Level 1:colcon.colcon_core.package_identification:_identify(src) by extensions ['python_setup_py']
[0.724s] Level 1:colcon.colcon_core.package_identification:_identify(src) by extension 'python_setup_py'
[0.724s] Level 1:colcon.colcon_core.package_identification:_identify(src/Universal_Robots_ROS2_Description) by extensions ['ignore', 'ignore_ament_install']
[0.725s] Level 1:colcon.colcon_core.package_identification:_identify(src/Universal_Robots_ROS2_Description) by extension 'ignore'
[0.725s] Level 1:colcon.colcon_core.package_identification:_identify(src/Universal_Robots_ROS2_Description) by extension 'ignore_ament_install'
[0.725s] Level 1:colcon.colcon_core.package_identification:_identify(src/Universal_Robots_ROS2_Description) by extensions ['colcon_pkg']
[0.725s] Level 1:colcon.colcon_core.package_identification:_identify(src/Universal_Robots_ROS2_Description) by extension 'colcon_pkg'
[0.725s] Level 1:colcon.colcon_core.package_identification:_identify(src/Universal_Robots_ROS2_Description) by extensions ['colcon_meta']
[0.725s] Level 1:colcon.colcon_core.package_identification:_identify(src/Universal_Robots_ROS2_Description) by extension 'colcon_meta'
[0.725s] Level 1:colcon.colcon_core.package_identification:_identify(src/Universal_Robots_ROS2_Description) by extensions ['ros']
[0.725s] Level 1:colcon.colcon_core.package_identification:_identify(src/Universal_Robots_ROS2_Description) by extension 'ros'
[0.730s] DEBUG:colcon.colcon_core.package_identification:Package 'src/Universal_Robots_ROS2_Description' with type 'ros.ament_cmake' and name 'ur_description'
[0.731s] Level 1:colcon.colcon_core.package_identification:_identify(src/Universal_Robots_ROS2_Gazebo_Simulation) by extensions ['ignore', 'ignore_ament_install']
[0.731s] Level 1:colcon.colcon_core.package_identification:_identify(src/Universal_Robots_ROS2_Gazebo_Simulation) by extension 'ignore'
[0.731s] Level 1:colcon.colcon_core.package_identification:_identify(src/Universal_Robots_ROS2_Gazebo_Simulation) by extension 'ignore_ament_install'
[0.731s] Level 1:colcon.colcon_core.package_identification:_identify(src/Universal_Robots_ROS2_Gazebo_Simulation) by extensions ['colcon_pkg']
[0.731s] Level 1:colcon.colcon_core.package_identification:_identify(src/Universal_Robots_ROS2_Gazebo_Simulation) by extension 'colcon_pkg'
[0.731s] Level 1:colcon.colcon_core.package_identification:_identify(src/Universal_Robots_ROS2_Gazebo_Simulation) by extensions ['colcon_meta']
[0.731s] Level 1:colcon.colcon_core.package_identification:_identify(src/Universal_Robots_ROS2_Gazebo_Simulation) by extension 'colcon_meta'
[0.731s] Level 1:colcon.colcon_core.package_identification:_identify(src/Universal_Robots_ROS2_Gazebo_Simulation) by extensions ['ros']
[0.731s] Level 1:colcon.colcon_core.package_identification:_identify(src/Universal_Robots_ROS2_Gazebo_Simulation) by extension 'ros'
[0.731s] Level 1:colcon.colcon_core.package_identification:_identify(src/Universal_Robots_ROS2_Gazebo_Simulation) by extensions ['cmake', 'python']
[0.731s] Level 1:colcon.colcon_core.package_identification:_identify(src/Universal_Robots_ROS2_Gazebo_Simulation) by extension 'cmake'
[0.731s] Level 1:colcon.colcon_core.package_identification:_identify(src/Universal_Robots_ROS2_Gazebo_Simulation) by extension 'python'
[0.731s] Level 1:colcon.colcon_core.package_identification:_identify(src/Universal_Robots_ROS2_Gazebo_Simulation) by extensions ['python_setup_py']
[0.731s] Level 1:colcon.colcon_core.package_identification:_identify(src/Universal_Robots_ROS2_Gazebo_Simulation) by extension 'python_setup_py'
[0.732s] Level 1:colcon.colcon_core.package_identification:_identify(src/Universal_Robots_ROS2_Gazebo_Simulation/ur_simulation_gazebo) by extensions ['ignore', 'ignore_ament_install']
[0.732s] Level 1:colcon.colcon_core.package_identification:_identify(src/Universal_Robots_ROS2_Gazebo_Simulation/ur_simulation_gazebo) by extension 'ignore'
[0.732s] Level 1:colcon.colcon_core.package_identification:_identify(src/Universal_Robots_ROS2_Gazebo_Simulation/ur_simulation_gazebo) by extension 'ignore_ament_install'
[0.732s] Level 1:colcon.colcon_core.package_identification:_identify(src/Universal_Robots_ROS2_Gazebo_Simulation/ur_simulation_gazebo) by extensions ['colcon_pkg']
[0.732s] Level 1:colcon.colcon_core.package_identification:_identify(src/Universal_Robots_ROS2_Gazebo_Simulation/ur_simulation_gazebo) by extension 'colcon_pkg'
[0.732s] Level 1:colcon.colcon_core.package_identification:_identify(src/Universal_Robots_ROS2_Gazebo_Simulation/ur_simulation_gazebo) by extensions ['colcon_meta']
[0.732s] Level 1:colcon.colcon_core.package_identification:_identify(src/Universal_Robots_ROS2_Gazebo_Simulation/ur_simulation_gazebo) by extension 'colcon_meta'
[0.732s] Level 1:colcon.colcon_core.package_identification:_identify(src/Universal_Robots_ROS2_Gazebo_Simulation/ur_simulation_gazebo) by extensions ['ros']
[0.732s] Level 1:colcon.colcon_core.package_identification:_identify(src/Universal_Robots_ROS2_Gazebo_Simulation/ur_simulation_gazebo) by extension 'ros'
[0.733s] DEBUG:colcon.colcon_core.package_identification:Package 'src/Universal_Robots_ROS2_Gazebo_Simulation/ur_simulation_gazebo' with type 'ros.ament_cmake' and name 'ur_simulation_gazebo'
[0.733s] Level 1:colcon.colcon_core.package_identification:_identify(src/ros2_robotiq_gripper) by extensions ['ignore', 'ignore_ament_install']
[0.733s] Level 1:colcon.colcon_core.package_identification:_identify(src/ros2_robotiq_gripper) by extension 'ignore'
[0.733s] Level 1:colcon.colcon_core.package_identification:_identify(src/ros2_robotiq_gripper) by extension 'ignore_ament_install'
[0.733s] Level 1:colcon.colcon_core.package_identification:_identify(src/ros2_robotiq_gripper) by extensions ['colcon_pkg']
[0.734s] Level 1:colcon.colcon_core.package_identification:_identify(src/ros2_robotiq_gripper) by extension 'colcon_pkg'
[0.734s] Level 1:colcon.colcon_core.package_identification:_identify(src/ros2_robotiq_gripper) by extensions ['colcon_meta']
[0.734s] Level 1:colcon.colcon_core.package_identification:_identify(src/ros2_robotiq_gripper) by extension 'colcon_meta'
[0.734s] Level 1:colcon.colcon_core.package_identification:_identify(src/ros2_robotiq_gripper) by extensions ['ros']
[0.734s] Level 1:colcon.colcon_core.package_identification:_identify(src/ros2_robotiq_gripper) by extension 'ros'
[0.734s] Level 1:colcon.colcon_core.package_identification:_identify(src/ros2_robotiq_gripper) by extensions ['cmake', 'python']
[0.734s] Level 1:colcon.colcon_core.package_identification:_identify(src/ros2_robotiq_gripper) by extension 'cmake'
[0.734s] Level 1:colcon.colcon_core.package_identification:_identify(src/ros2_robotiq_gripper) by extension 'python'
[0.734s] Level 1:colcon.colcon_core.package_identification:_identify(src/ros2_robotiq_gripper) by extensions ['python_setup_py']
[0.734s] Level 1:colcon.colcon_core.package_identification:_identify(src/ros2_robotiq_gripper) by extension 'python_setup_py'
[0.734s] Level 1:colcon.colcon_core.package_identification:_identify(src/ros2_robotiq_gripper/robotiq_controllers) by extensions ['ignore', 'ignore_ament_install']
[0.734s] Level 1:colcon.colcon_core.package_identification:_identify(src/ros2_robotiq_gripper/robotiq_controllers) by extension 'ignore'
[0.734s] Level 1:colcon.colcon_core.package_identification:_identify(src/ros2_robotiq_gripper/robotiq_controllers) by extension 'ignore_ament_install'
[0.734s] Level 1:colcon.colcon_core.package_identification:_identify(src/ros2_robotiq_gripper/robotiq_controllers) by extensions ['colcon_pkg']
[0.734s] Level 1:colcon.colcon_core.package_identification:_identify(src/ros2_robotiq_gripper/robotiq_controllers) by extension 'colcon_pkg'
[0.734s] Level 1:colcon.colcon_core.package_identification:_identify(src/ros2_robotiq_gripper/robotiq_controllers) by extensions ['colcon_meta']
[0.734s] Level 1:colcon.colcon_core.package_identification:_identify(src/ros2_robotiq_gripper/robotiq_controllers) by extension 'colcon_meta'
[0.735s] Level 1:colcon.colcon_core.package_identification:_identify(src/ros2_robotiq_gripper/robotiq_controllers) by extensions ['ros']
[0.735s] Level 1:colcon.colcon_core.package_identification:_identify(src/ros2_robotiq_gripper/robotiq_controllers) by extension 'ros'
[0.736s] DEBUG:colcon.colcon_core.package_identification:Package 'src/ros2_robotiq_gripper/robotiq_controllers' with type 'ros.ament_cmake' and name 'robotiq_controllers'
[0.736s] Level 1:colcon.colcon_core.package_identification:_identify(src/ros2_robotiq_gripper/robotiq_description) by extensions ['ignore', 'ignore_ament_install']
[0.736s] Level 1:colcon.colcon_core.package_identification:_identify(src/ros2_robotiq_gripper/robotiq_description) by extension 'ignore'
[0.736s] Level 1:colcon.colcon_core.package_identification:_identify(src/ros2_robotiq_gripper/robotiq_description) by extension 'ignore_ament_install'
[0.736s] Level 1:colcon.colcon_core.package_identification:_identify(src/ros2_robotiq_gripper/robotiq_description) by extensions ['colcon_pkg']
[0.736s] Level 1:colcon.colcon_core.package_identification:_identify(src/ros2_robotiq_gripper/robotiq_description) by extension 'colcon_pkg'
[0.736s] Level 1:colcon.colcon_core.package_identification:_identify(src/ros2_robotiq_gripper/robotiq_description) by extensions ['colcon_meta']
[0.736s] Level 1:colcon.colcon_core.package_identification:_identify(src/ros2_robotiq_gripper/robotiq_description) by extension 'colcon_meta'
[0.736s] Level 1:colcon.colcon_core.package_identification:_identify(src/ros2_robotiq_gripper/robotiq_description) by extensions ['ros']
[0.736s] Level 1:colcon.colcon_core.package_identification:_identify(src/ros2_robotiq_gripper/robotiq_description) by extension 'ros'
[0.737s] DEBUG:colcon.colcon_core.package_identification:Package 'src/ros2_robotiq_gripper/robotiq_description' with type 'ros.ament_cmake' and name 'robotiq_description'
[0.737s] Level 1:colcon.colcon_core.package_identification:_identify(src/ur3e_spawn_gripper_moveit_config) by extensions ['ignore', 'ignore_ament_install']
[0.737s] Level 1:colcon.colcon_core.package_identification:_identify(src/ur3e_spawn_gripper_moveit_config) by extension 'ignore'
[0.738s] Level 1:colcon.colcon_core.package_identification:_identify(src/ur3e_spawn_gripper_moveit_config) by extension 'ignore_ament_install'
[0.738s] Level 1:colcon.colcon_core.package_identification:_identify(src/ur3e_spawn_gripper_moveit_config) by extensions ['colcon_pkg']
[0.738s] Level 1:colcon.colcon_core.package_identification:_identify(src/ur3e_spawn_gripper_moveit_config) by extension 'colcon_pkg'
[0.738s] Level 1:colcon.colcon_core.package_identification:_identify(src/ur3e_spawn_gripper_moveit_config) by extensions ['colcon_meta']
[0.738s] Level 1:colcon.colcon_core.package_identification:_identify(src/ur3e_spawn_gripper_moveit_config) by extension 'colcon_meta'
[0.738s] Level 1:colcon.colcon_core.package_identification:_identify(src/ur3e_spawn_gripper_moveit_config) by extensions ['ros']
[0.738s] Level 1:colcon.colcon_core.package_identification:_identify(src/ur3e_spawn_gripper_moveit_config) by extension 'ros'
[0.739s] DEBUG:colcon.colcon_core.package_identification:Package 'src/ur3e_spawn_gripper_moveit_config' with type 'ros.ament_cmake' and name 'ur3e_spawn_gripper_moveit_config'
[0.739s] Level 1:colcon.colcon_core.package_identification:_identify(src/ur_description) by extensions ['ignore', 'ignore_ament_install']
[0.739s] Level 1:colcon.colcon_core.package_identification:_identify(src/ur_description) by extension 'ignore'
[0.739s] Level 1:colcon.colcon_core.package_identification:_identify(src/ur_description) by extension 'ignore_ament_install'
[0.739s] Level 1:colcon.colcon_core.package_identification:_identify(src/ur_description) by extensions ['colcon_pkg']
[0.739s] Level 1:colcon.colcon_core.package_identification:_identify(src/ur_description) by extension 'colcon_pkg'
[0.739s] Level 1:colcon.colcon_core.package_identification:_identify(src/ur_description) by extensions ['colcon_meta']
[0.740s] Level 1:colcon.colcon_core.package_identification:_identify(src/ur_description) by extension 'colcon_meta'
[0.740s] Level 1:colcon.colcon_core.package_identification:_identify(src/ur_description) by extensions ['ros']
[0.740s] Level 1:colcon.colcon_core.package_identification:_identify(src/ur_description) by extension 'ros'
[0.740s] Level 1:colcon.colcon_core.package_identification:_identify(src/ur_description) by extensions ['cmake', 'python']
[0.740s] Level 1:colcon.colcon_core.package_identification:_identify(src/ur_description) by extension 'cmake'
[0.740s] Level 1:colcon.colcon_core.package_identification:_identify(src/ur_description) by extension 'python'
[0.740s] Level 1:colcon.colcon_core.package_identification:_identify(src/ur_description) by extensions ['python_setup_py']
[0.740s] Level 1:colcon.colcon_core.package_identification:_identify(src/ur_description) by extension 'python_setup_py'
[0.740s] Level 1:colcon.colcon_core.package_identification:_identify(src/ur_description/urdf) by extensions ['ignore', 'ignore_ament_install']
[0.740s] Level 1:colcon.colcon_core.package_identification:_identify(src/ur_description/urdf) by extension 'ignore'
[0.740s] Level 1:colcon.colcon_core.package_identification:_identify(src/ur_description/urdf) by extension 'ignore_ament_install'
[0.740s] Level 1:colcon.colcon_core.package_identification:_identify(src/ur_description/urdf) by extensions ['colcon_pkg']
[0.740s] Level 1:colcon.colcon_core.package_identification:_identify(src/ur_description/urdf) by extension 'colcon_pkg'
[0.740s] Level 1:colcon.colcon_core.package_identification:_identify(src/ur_description/urdf) by extensions ['colcon_meta']
[0.740s] Level 1:colcon.colcon_core.package_identification:_identify(src/ur_description/urdf) by extension 'colcon_meta'
[0.740s] Level 1:colcon.colcon_core.package_identification:_identify(src/ur_description/urdf) by extensions ['ros']
[0.740s] Level 1:colcon.colcon_core.package_identification:_identify(src/ur_description/urdf) by extension 'ros'
[0.741s] Level 1:colcon.colcon_core.package_identification:_identify(src/ur_description/urdf) by extensions ['cmake', 'python']
[0.741s] Level 1:colcon.colcon_core.package_identification:_identify(src/ur_description/urdf) by extension 'cmake'
[0.741s] Level 1:colcon.colcon_core.package_identification:_identify(src/ur_description/urdf) by extension 'python'
[0.741s] Level 1:colcon.colcon_core.package_identification:_identify(src/ur_description/urdf) by extensions ['python_setup_py']
[0.741s] Level 1:colcon.colcon_core.package_identification:_identify(src/ur_description/urdf) by extension 'python_setup_py'
[0.741s] Level 1:colcon.colcon_core.package_identification:_identify(src/ur_sim) by extensions ['ignore', 'ignore_ament_install']
[0.741s] Level 1:colcon.colcon_core.package_identification:_identify(src/ur_sim) by extension 'ignore'
[0.741s] Level 1:colcon.colcon_core.package_identification:_identify(src/ur_sim) by extension 'ignore_ament_install'
[0.741s] Level 1:colcon.colcon_core.package_identification:_identify(src/ur_sim) by extensions ['colcon_pkg']
[0.741s] Level 1:colcon.colcon_core.package_identification:_identify(src/ur_sim) by extension 'colcon_pkg'
[0.741s] Level 1:colcon.colcon_core.package_identification:_identify(src/ur_sim) by extensions ['colcon_meta']
[0.741s] Level 1:colcon.colcon_core.package_identification:_identify(src/ur_sim) by extension 'colcon_meta'
[0.741s] Level 1:colcon.colcon_core.package_identification:_identify(src/ur_sim) by extensions ['ros']
[0.741s] Level 1:colcon.colcon_core.package_identification:_identify(src/ur_sim) by extension 'ros'
[0.742s] DEBUG:colcon.colcon_core.package_identification:Package 'src/ur_sim' with type 'ros.ament_cmake' and name 'ur_sim'
[0.742s] Level 1:colcon.colcon_core.package_identification:_identify(src/ur_simm) by extensions ['ignore', 'ignore_ament_install']
[0.743s] Level 1:colcon.colcon_core.package_identification:_identify(src/ur_simm) by extension 'ignore'
[0.743s] Level 1:colcon.colcon_core.package_identification:_identify(src/ur_simm) by extension 'ignore_ament_install'
[0.743s] Level 1:colcon.colcon_core.package_identification:_identify(src/ur_simm) by extensions ['colcon_pkg']
[0.743s] Level 1:colcon.colcon_core.package_identification:_identify(src/ur_simm) by extension 'colcon_pkg'
[0.743s] Level 1:colcon.colcon_core.package_identification:_identify(src/ur_simm) by extensions ['colcon_meta']
[0.743s] Level 1:colcon.colcon_core.package_identification:_identify(src/ur_simm) by extension 'colcon_meta'
[0.743s] Level 1:colcon.colcon_core.package_identification:_identify(src/ur_simm) by extensions ['ros']
[0.743s] Level 1:colcon.colcon_core.package_identification:_identify(src/ur_simm) by extension 'ros'
[0.743s] Level 1:colcon.colcon_core.package_identification:_identify(src/ur_simm) by extensions ['cmake', 'python']
[0.743s] Level 1:colcon.colcon_core.package_identification:_identify(src/ur_simm) by extension 'cmake'
[0.743s] Level 1:colcon.colcon_core.package_identification:_identify(src/ur_simm) by extension 'python'
[0.743s] Level 1:colcon.colcon_core.package_identification:_identify(src/ur_simm) by extensions ['python_setup_py']
[0.743s] Level 1:colcon.colcon_core.package_identification:_identify(src/ur_simm) by extension 'python_setup_py'
[0.743s] Level 1:colcon.colcon_core.package_identification:_identify(src/ur_simm/Compliant-Control-real_admittance_control) by extensions ['ignore', 'ignore_ament_install']
[0.743s] Level 1:colcon.colcon_core.package_identification:_identify(src/ur_simm/Compliant-Control-real_admittance_control) by extension 'ignore'
[0.743s] Level 1:colcon.colcon_core.package_identification:_identify(src/ur_simm/Compliant-Control-real_admittance_control) by extension 'ignore_ament_install'
[0.743s] Level 1:colcon.colcon_core.package_identification:_identify(src/ur_simm/Compliant-Control-real_admittance_control) by extensions ['colcon_pkg']
[0.743s] Level 1:colcon.colcon_core.package_identification:_identify(src/ur_simm/Compliant-Control-real_admittance_control) by extension 'colcon_pkg'
[0.744s] Level 1:colcon.colcon_core.package_identification:_identify(src/ur_simm/Compliant-Control-real_admittance_control) by extensions ['colcon_meta']
[0.744s] Level 1:colcon.colcon_core.package_identification:_identify(src/ur_simm/Compliant-Control-real_admittance_control) by extension 'colcon_meta'
[0.744s] Level 1:colcon.colcon_core.package_identification:_identify(src/ur_simm/Compliant-Control-real_admittance_control) by extensions ['ros']
[0.744s] Level 1:colcon.colcon_core.package_identification:_identify(src/ur_simm/Compliant-Control-real_admittance_control) by extension 'ros'
[0.744s] Level 1:colcon.colcon_core.package_identification:_identify(src/ur_simm/Compliant-Control-real_admittance_control) by extensions ['cmake', 'python']
[0.744s] Level 1:colcon.colcon_core.package_identification:_identify(src/ur_simm/Compliant-Control-real_admittance_control) by extension 'cmake'
[0.744s] Level 1:colcon.colcon_core.package_identification:_identify(src/ur_simm/Compliant-Control-real_admittance_control) by extension 'python'
[0.744s] Level 1:colcon.colcon_core.package_identification:_identify(src/ur_simm/Compliant-Control-real_admittance_control) by extensions ['python_setup_py']
[0.744s] Level 1:colcon.colcon_core.package_identification:_identify(src/ur_simm/Compliant-Control-real_admittance_control) by extension 'python_setup_py'
[0.744s] Level 1:colcon.colcon_core.package_identification:_identify(src/ur_simm/Compliant-Control-real_admittance_control/control_algorithms) by extensions ['ignore', 'ignore_ament_install']
[0.744s] Level 1:colcon.colcon_core.package_identification:_identify(src/ur_simm/Compliant-Control-real_admittance_control/control_algorithms) by extension 'ignore'
[0.744s] Level 1:colcon.colcon_core.package_identification:_identify(src/ur_simm/Compliant-Control-real_admittance_control/control_algorithms) by extension 'ignore_ament_install'
[0.744s] Level 1:colcon.colcon_core.package_identification:_identify(src/ur_simm/Compliant-Control-real_admittance_control/control_algorithms) by extensions ['colcon_pkg']
[0.744s] Level 1:colcon.colcon_core.package_identification:_identify(src/ur_simm/Compliant-Control-real_admittance_control/control_algorithms) by extension 'colcon_pkg'
[0.744s] Level 1:colcon.colcon_core.package_identification:_identify(src/ur_simm/Compliant-Control-real_admittance_control/control_algorithms) by extensions ['colcon_meta']
[0.744s] Level 1:colcon.colcon_core.package_identification:_identify(src/ur_simm/Compliant-Control-real_admittance_control/control_algorithms) by extension 'colcon_meta'
[0.744s] Level 1:colcon.colcon_core.package_identification:_identify(src/ur_simm/Compliant-Control-real_admittance_control/control_algorithms) by extensions ['ros']
[0.744s] Level 1:colcon.colcon_core.package_identification:_identify(src/ur_simm/Compliant-Control-real_admittance_control/control_algorithms) by extension 'ros'
[0.745s] Level 1:colcon.colcon_core.package_identification:_identify(src/ur_simm/Compliant-Control-real_admittance_control/control_algorithms) by extensions ['cmake', 'python']
[0.745s] Level 1:colcon.colcon_core.package_identification:_identify(src/ur_simm/Compliant-Control-real_admittance_control/control_algorithms) by extension 'cmake'
[0.745s] Level 1:colcon.colcon_core.package_identification:_identify(src/ur_simm/Compliant-Control-real_admittance_control/control_algorithms) by extension 'python'
[0.745s] Level 1:colcon.colcon_core.package_identification:_identify(src/ur_simm/Compliant-Control-real_admittance_control/control_algorithms) by extensions ['python_setup_py']
[0.745s] Level 1:colcon.colcon_core.package_identification:_identify(src/ur_simm/Compliant-Control-real_admittance_control/control_algorithms) by extension 'python_setup_py'
[0.745s] Level 1:colcon.colcon_core.package_identification:_identify(src/ur_simm/Compliant-Control-real_admittance_control/control_algorithms/admittance) by extensions ['ignore', 'ignore_ament_install']
[0.745s] Level 1:colcon.colcon_core.package_identification:_identify(src/ur_simm/Compliant-Control-real_admittance_control/control_algorithms/admittance) by extension 'ignore'
[0.745s] Level 1:colcon.colcon_core.package_identification:_identify(src/ur_simm/Compliant-Control-real_admittance_control/control_algorithms/admittance) by extension 'ignore_ament_install'
[0.745s] Level 1:colcon.colcon_core.package_identification:_identify(src/ur_simm/Compliant-Control-real_admittance_control/control_algorithms/admittance) by extensions ['colcon_pkg']
[0.745s] Level 1:colcon.colcon_core.package_identification:_identify(src/ur_simm/Compliant-Control-real_admittance_control/control_algorithms/admittance) by extension 'colcon_pkg'
[0.745s] Level 1:colcon.colcon_core.package_identification:_identify(src/ur_simm/Compliant-Control-real_admittance_control/control_algorithms/admittance) by extensions ['colcon_meta']
[0.745s] Level 1:colcon.colcon_core.package_identification:_identify(src/ur_simm/Compliant-Control-real_admittance_control/control_algorithms/admittance) by extension 'colcon_meta'
[0.745s] Level 1:colcon.colcon_core.package_identification:_identify(src/ur_simm/Compliant-Control-real_admittance_control/control_algorithms/admittance) by extensions ['ros']
[0.745s] Level 1:colcon.colcon_core.package_identification:_identify(src/ur_simm/Compliant-Control-real_admittance_control/control_algorithms/admittance) by extension 'ros'
[0.747s] DEBUG:colcon.colcon_core.package_identification:Package 'src/ur_simm/Compliant-Control-real_admittance_control/control_algorithms/admittance' with type 'ros.catkin' and name 'admittance'
[0.747s] Level 1:colcon.colcon_core.package_identification:_identify(src/ur_simm/Compliant-Control-real_admittance_control/control_algorithms/hybrid_force_control) by extensions ['ignore', 'ignore_ament_install']
[0.747s] Level 1:colcon.colcon_core.package_identification:_identify(src/ur_simm/Compliant-Control-real_admittance_control/control_algorithms/hybrid_force_control) by extension 'ignore'
[0.747s] Level 1:colcon.colcon_core.package_identification:_identify(src/ur_simm/Compliant-Control-real_admittance_control/control_algorithms/hybrid_force_control) by extension 'ignore_ament_install'
[0.747s] Level 1:colcon.colcon_core.package_identification:_identify(src/ur_simm/Compliant-Control-real_admittance_control/control_algorithms/hybrid_force_control) by extensions ['colcon_pkg']
[0.747s] Level 1:colcon.colcon_core.package_identification:_identify(src/ur_simm/Compliant-Control-real_admittance_control/control_algorithms/hybrid_force_control) by extension 'colcon_pkg'
[0.747s] Level 1:colcon.colcon_core.package_identification:_identify(src/ur_simm/Compliant-Control-real_admittance_control/control_algorithms/hybrid_force_control) by extensions ['colcon_meta']
[0.747s] Level 1:colcon.colcon_core.package_identification:_identify(src/ur_simm/Compliant-Control-real_admittance_control/control_algorithms/hybrid_force_control) by extension 'colcon_meta'
[0.747s] Level 1:colcon.colcon_core.package_identification:_identify(src/ur_simm/Compliant-Control-real_admittance_control/control_algorithms/hybrid_force_control) by extensions ['ros']
[0.747s] Level 1:colcon.colcon_core.package_identification:_identify(src/ur_simm/Compliant-Control-real_admittance_control/control_algorithms/hybrid_force_control) by extension 'ros'
[0.749s] DEBUG:colcon.colcon_core.package_identification:Package 'src/ur_simm/Compliant-Control-real_admittance_control/control_algorithms/hybrid_force_control' with type 'ros.catkin' and name 'hybrid_force_control'
[0.749s] Level 1:colcon.colcon_core.package_identification:_identify(src/ur_simm/Compliant-Control-real_admittance_control/control_algorithms/impedance) by extensions ['ignore', 'ignore_ament_install']
[0.749s] Level 1:colcon.colcon_core.package_identification:_identify(src/ur_simm/Compliant-Control-real_admittance_control/control_algorithms/impedance) by extension 'ignore'
[0.749s] Level 1:colcon.colcon_core.package_identification:_identify(src/ur_simm/Compliant-Control-real_admittance_control/control_algorithms/impedance) by extension 'ignore_ament_install'
[0.749s] Level 1:colcon.colcon_core.package_identification:_identify(src/ur_simm/Compliant-Control-real_admittance_control/control_algorithms/impedance) by extensions ['colcon_pkg']
[0.749s] Level 1:colcon.colcon_core.package_identification:_identify(src/ur_simm/Compliant-Control-real_admittance_control/control_algorithms/impedance) by extension 'colcon_pkg'
[0.749s] Level 1:colcon.colcon_core.package_identification:_identify(src/ur_simm/Compliant-Control-real_admittance_control/control_algorithms/impedance) by extensions ['colcon_meta']
[0.749s] Level 1:colcon.colcon_core.package_identification:_identify(src/ur_simm/Compliant-Control-real_admittance_control/control_algorithms/impedance) by extension 'colcon_meta'
[0.749s] Level 1:colcon.colcon_core.package_identification:_identify(src/ur_simm/Compliant-Control-real_admittance_control/control_algorithms/impedance) by extensions ['ros']
[0.749s] Level 1:colcon.colcon_core.package_identification:_identify(src/ur_simm/Compliant-Control-real_admittance_control/control_algorithms/impedance) by extension 'ros'
[0.751s] DEBUG:colcon.colcon_core.package_identification:Package 'src/ur_simm/Compliant-Control-real_admittance_control/control_algorithms/impedance' with type 'ros.catkin' and name 'impedance'
[0.751s] Level 1:colcon.colcon_core.package_identification:_identify(src/ur_simm/Compliant-Control-real_admittance_control/control_strategy) by extensions ['ignore', 'ignore_ament_install']
[0.751s] Level 1:colcon.colcon_core.package_identification:_identify(src/ur_simm/Compliant-Control-real_admittance_control/control_strategy) by extension 'ignore'
[0.751s] Level 1:colcon.colcon_core.package_identification:_identify(src/ur_simm/Compliant-Control-real_admittance_control/control_strategy) by extension 'ignore_ament_install'
[0.751s] Level 1:colcon.colcon_core.package_identification:_identify(src/ur_simm/Compliant-Control-real_admittance_control/control_strategy) by extensions ['colcon_pkg']
[0.751s] Level 1:colcon.colcon_core.package_identification:_identify(src/ur_simm/Compliant-Control-real_admittance_control/control_strategy) by extension 'colcon_pkg'
[0.751s] Level 1:colcon.colcon_core.package_identification:_identify(src/ur_simm/Compliant-Control-real_admittance_control/control_strategy) by extensions ['colcon_meta']
[0.751s] Level 1:colcon.colcon_core.package_identification:_identify(src/ur_simm/Compliant-Control-real_admittance_control/control_strategy) by extension 'colcon_meta'
[0.751s] Level 1:colcon.colcon_core.package_identification:_identify(src/ur_simm/Compliant-Control-real_admittance_control/control_strategy) by extensions ['ros']
[0.751s] Level 1:colcon.colcon_core.package_identification:_identify(src/ur_simm/Compliant-Control-real_admittance_control/control_strategy) by extension 'ros'
[0.752s] DEBUG:colcon.colcon_core.package_identification:Package 'src/ur_simm/Compliant-Control-real_admittance_control/control_strategy' with type 'ros.catkin' and name 'control_strategy'
[0.752s] Level 1:colcon.colcon_core.package_identification:_identify(src/ur_simm/Compliant-Control-real_admittance_control/robot_controllers) by extensions ['ignore', 'ignore_ament_install']
[0.753s] Level 1:colcon.colcon_core.package_identification:_identify(src/ur_simm/Compliant-Control-real_admittance_control/robot_controllers) by extension 'ignore'
[0.753s] Level 1:colcon.colcon_core.package_identification:_identify(src/ur_simm/Compliant-Control-real_admittance_control/robot_controllers) by extension 'ignore_ament_install'
[0.753s] Level 1:colcon.colcon_core.package_identification:_identify(src/ur_simm/Compliant-Control-real_admittance_control/robot_controllers) by extensions ['colcon_pkg']
[0.753s] Level 1:colcon.colcon_core.package_identification:_identify(src/ur_simm/Compliant-Control-real_admittance_control/robot_controllers) by extension 'colcon_pkg'
[0.753s] Level 1:colcon.colcon_core.package_identification:_identify(src/ur_simm/Compliant-Control-real_admittance_control/robot_controllers) by extensions ['colcon_meta']
[0.753s] Level 1:colcon.colcon_core.package_identification:_identify(src/ur_simm/Compliant-Control-real_admittance_control/robot_controllers) by extension 'colcon_meta'
[0.753s] Level 1:colcon.colcon_core.package_identification:_identify(src/ur_simm/Compliant-Control-real_admittance_control/robot_controllers) by extensions ['ros']
[0.753s] Level 1:colcon.colcon_core.package_identification:_identify(src/ur_simm/Compliant-Control-real_admittance_control/robot_controllers) by extension 'ros'
[0.753s] Level 1:colcon.colcon_core.package_identification:_identify(src/ur_simm/Compliant-Control-real_admittance_control/robot_controllers) by extensions ['cmake', 'python']
[0.753s] Level 1:colcon.colcon_core.package_identification:_identify(src/ur_simm/Compliant-Control-real_admittance_control/robot_controllers) by extension 'cmake'
[0.753s] Level 1:colcon.colcon_core.package_identification:_identify(src/ur_simm/Compliant-Control-real_admittance_control/robot_controllers) by extension 'python'
[0.753s] Level 1:colcon.colcon_core.package_identification:_identify(src/ur_simm/Compliant-Control-real_admittance_control/robot_controllers) by extensions ['python_setup_py']
[0.753s] Level 1:colcon.colcon_core.package_identification:_identify(src/ur_simm/Compliant-Control-real_admittance_control/robot_controllers) by extension 'python_setup_py'
[0.753s] Level 1:colcon.colcon_core.package_identification:_identify(src/ur_simm/Compliant-Control-real_admittance_control/robot_controllers/cartesian_position_controller) by extensions ['ignore', 'ignore_ament_install']
[0.753s] Level 1:colcon.colcon_core.package_identification:_identify(src/ur_simm/Compliant-Control-real_admittance_control/robot_controllers/cartesian_position_controller) by extension 'ignore'
[0.754s] Level 1:colcon.colcon_core.package_identification:_identify(src/ur_simm/Compliant-Control-real_admittance_control/robot_controllers/cartesian_position_controller) by extension 'ignore_ament_install'
[0.754s] Level 1:colcon.colcon_core.package_identification:_identify(src/ur_simm/Compliant-Control-real_admittance_control/robot_controllers/cartesian_position_controller) by extensions ['colcon_pkg']
[0.754s] Level 1:colcon.colcon_core.package_identification:_identify(src/ur_simm/Compliant-Control-real_admittance_control/robot_controllers/cartesian_position_controller) by extension 'colcon_pkg'
[0.754s] Level 1:colcon.colcon_core.package_identification:_identify(src/ur_simm/Compliant-Control-real_admittance_control/robot_controllers/cartesian_position_controller) by extensions ['colcon_meta']
[0.754s] Level 1:colcon.colcon_core.package_identification:_identify(src/ur_simm/Compliant-Control-real_admittance_control/robot_controllers/cartesian_position_controller) by extension 'colcon_meta'
[0.754s] Level 1:colcon.colcon_core.package_identification:_identify(src/ur_simm/Compliant-Control-real_admittance_control/robot_controllers/cartesian_position_controller) by extensions ['ros']
[0.754s] Level 1:colcon.colcon_core.package_identification:_identify(src/ur_simm/Compliant-Control-real_admittance_control/robot_controllers/cartesian_position_controller) by extension 'ros'
[0.755s] DEBUG:colcon.colcon_core.package_identification:Package 'src/ur_simm/Compliant-Control-real_admittance_control/robot_controllers/cartesian_position_controller' with type 'ros.catkin' and name 'cartesian_position_controller'
[0.755s] Level 1:colcon.colcon_core.package_identification:_identify(src/ur_simm/Compliant-Control-real_admittance_control/robot_controllers/cartesian_velocity_controller) by extensions ['ignore', 'ignore_ament_install']
[0.755s] Level 1:colcon.colcon_core.package_identification:_identify(src/ur_simm/Compliant-Control-real_admittance_control/robot_controllers/cartesian_velocity_controller) by extension 'ignore'
[0.755s] Level 1:colcon.colcon_core.package_identification:_identify(src/ur_simm/Compliant-Control-real_admittance_control/robot_controllers/cartesian_velocity_controller) by extension 'ignore_ament_install'
[0.756s] Level 1:colcon.colcon_core.package_identification:_identify(src/ur_simm/Compliant-Control-real_admittance_control/robot_controllers/cartesian_velocity_controller) by extensions ['colcon_pkg']
[0.756s] Level 1:colcon.colcon_core.package_identification:_identify(src/ur_simm/Compliant-Control-real_admittance_control/robot_controllers/cartesian_velocity_controller) by extension 'colcon_pkg'
[0.756s] Level 1:colcon.colcon_core.package_identification:_identify(src/ur_simm/Compliant-Control-real_admittance_control/robot_controllers/cartesian_velocity_controller) by extensions ['colcon_meta']
[0.756s] Level 1:colcon.colcon_core.package_identification:_identify(src/ur_simm/Compliant-Control-real_admittance_control/robot_controllers/cartesian_velocity_controller) by extension 'colcon_meta'
[0.756s] Level 1:colcon.colcon_core.package_identification:_identify(src/ur_simm/Compliant-Control-real_admittance_control/robot_controllers/cartesian_velocity_controller) by extensions ['ros']
[0.756s] Level 1:colcon.colcon_core.package_identification:_identify(src/ur_simm/Compliant-Control-real_admittance_control/robot_controllers/cartesian_velocity_controller) by extension 'ros'
[0.757s] DEBUG:colcon.colcon_core.package_identification:Package 'src/ur_simm/Compliant-Control-real_admittance_control/robot_controllers/cartesian_velocity_controller' with type 'ros.catkin' and name 'cartesian_velocity_controller'
[0.757s] Level 1:colcon.colcon_core.package_identification:_identify(src/ur_simm/Compliant-Control-real_admittance_control/robot_controllers/joint_torque_controller) by extensions ['ignore', 'ignore_ament_install']
[0.758s] Level 1:colcon.colcon_core.package_identification:_identify(src/ur_simm/Compliant-Control-real_admittance_control/robot_controllers/joint_torque_controller) by extension 'ignore'
[0.758s] Level 1:colcon.colcon_core.package_identification:_identify(src/ur_simm/Compliant-Control-real_admittance_control/robot_controllers/joint_torque_controller) by extension 'ignore_ament_install'
[0.758s] Level 1:colcon.colcon_core.package_identification:_identify(src/ur_simm/Compliant-Control-real_admittance_control/robot_controllers/joint_torque_controller) by extensions ['colcon_pkg']
[0.758s] Level 1:colcon.colcon_core.package_identification:_identify(src/ur_simm/Compliant-Control-real_admittance_control/robot_controllers/joint_torque_controller) by extension 'colcon_pkg'
[0.758s] Level 1:colcon.colcon_core.package_identification:_identify(src/ur_simm/Compliant-Control-real_admittance_control/robot_controllers/joint_torque_controller) by extensions ['colcon_meta']
[0.758s] Level 1:colcon.colcon_core.package_identification:_identify(src/ur_simm/Compliant-Control-real_admittance_control/robot_controllers/joint_torque_controller) by extension 'colcon_meta'
[0.758s] Level 1:colcon.colcon_core.package_identification:_identify(src/ur_simm/Compliant-Control-real_admittance_control/robot_controllers/joint_torque_controller) by extensions ['ros']
[0.758s] Level 1:colcon.colcon_core.package_identification:_identify(src/ur_simm/Compliant-Control-real_admittance_control/robot_controllers/joint_torque_controller) by extension 'ros'
[0.759s] DEBUG:colcon.colcon_core.package_identification:Package 'src/ur_simm/Compliant-Control-real_admittance_control/robot_controllers/joint_torque_controller' with type 'ros.catkin' and name 'joint_torque_controller'
[0.759s] Level 1:colcon.colcon_core.package_identification:_identify(src/ur_simm/Compliant-Control-real_admittance_control/robot_controllers/msg) by extensions ['ignore', 'ignore_ament_install']
[0.759s] Level 1:colcon.colcon_core.package_identification:_identify(src/ur_simm/Compliant-Control-real_admittance_control/robot_controllers/msg) by extension 'ignore'
[0.759s] Level 1:colcon.colcon_core.package_identification:_identify(src/ur_simm/Compliant-Control-real_admittance_control/robot_controllers/msg) by extension 'ignore_ament_install'
[0.759s] Level 1:colcon.colcon_core.package_identification:_identify(src/ur_simm/Compliant-Control-real_admittance_control/robot_controllers/msg) by extensions ['colcon_pkg']
[0.760s] Level 1:colcon.colcon_core.package_identification:_identify(src/ur_simm/Compliant-Control-real_admittance_control/robot_controllers/msg) by extension 'colcon_pkg'
[0.760s] Level 1:colcon.colcon_core.package_identification:_identify(src/ur_simm/Compliant-Control-real_admittance_control/robot_controllers/msg) by extensions ['colcon_meta']
[0.760s] Level 1:colcon.colcon_core.package_identification:_identify(src/ur_simm/Compliant-Control-real_admittance_control/robot_controllers/msg) by extension 'colcon_meta'
[0.760s] Level 1:colcon.colcon_core.package_identification:_identify(src/ur_simm/Compliant-Control-real_admittance_control/robot_controllers/msg) by extensions ['ros']
[0.760s] Level 1:colcon.colcon_core.package_identification:_identify(src/ur_simm/Compliant-Control-real_admittance_control/robot_controllers/msg) by extension 'ros'
[0.760s] Level 1:colcon.colcon_core.package_identification:_identify(src/ur_simm/Compliant-Control-real_admittance_control/robot_controllers/msg) by extensions ['cmake', 'python']
[0.760s] Level 1:colcon.colcon_core.package_identification:_identify(src/ur_simm/Compliant-Control-real_admittance_control/robot_controllers/msg) by extension 'cmake'
[0.760s] Level 1:colcon.colcon_core.package_identification:_identify(src/ur_simm/Compliant-Control-real_admittance_control/robot_controllers/msg) by extension 'python'
[0.760s] Level 1:colcon.colcon_core.package_identification:_identify(src/ur_simm/Compliant-Control-real_admittance_control/robot_controllers/msg) by extensions ['python_setup_py']
[0.760s] Level 1:colcon.colcon_core.package_identification:_identify(src/ur_simm/Compliant-Control-real_admittance_control/robot_controllers/msg) by extension 'python_setup_py'
[0.760s] Level 1:colcon.colcon_core.package_identification:_identify(src/ur_simm/Compliant-Control-real_admittance_control/robot_controllers/msg/cartesian_state_msgs) by extensions ['ignore', 'ignore_ament_install']
[0.760s] Level 1:colcon.colcon_core.package_identification:_identify(src/ur_simm/Compliant-Control-real_admittance_control/robot_controllers/msg/cartesian_state_msgs) by extension 'ignore'
[0.760s] Level 1:colcon.colcon_core.package_identification:_identify(src/ur_simm/Compliant-Control-real_admittance_control/robot_controllers/msg/cartesian_state_msgs) by extension 'ignore_ament_install'
[0.760s] Level 1:colcon.colcon_core.package_identification:_identify(src/ur_simm/Compliant-Control-real_admittance_control/robot_controllers/msg/cartesian_state_msgs) by extensions ['colcon_pkg']
[0.760s] Level 1:colcon.colcon_core.package_identification:_identify(src/ur_simm/Compliant-Control-real_admittance_control/robot_controllers/msg/cartesian_state_msgs) by extension 'colcon_pkg'
[0.760s] Level 1:colcon.colcon_core.package_identification:_identify(src/ur_simm/Compliant-Control-real_admittance_control/robot_controllers/msg/cartesian_state_msgs) by extensions ['colcon_meta']
[0.760s] Level 1:colcon.colcon_core.package_identification:_identify(src/ur_simm/Compliant-Control-real_admittance_control/robot_controllers/msg/cartesian_state_msgs) by extension 'colcon_meta'
[0.761s] Level 1:colcon.colcon_core.package_identification:_identify(src/ur_simm/Compliant-Control-real_admittance_control/robot_controllers/msg/cartesian_state_msgs) by extensions ['ros']
[0.761s] Level 1:colcon.colcon_core.package_identification:_identify(src/ur_simm/Compliant-Control-real_admittance_control/robot_controllers/msg/cartesian_state_msgs) by extension 'ros'
[0.761s] DEBUG:colcon.colcon_core.package_identification:Package 'src/ur_simm/Compliant-Control-real_admittance_control/robot_controllers/msg/cartesian_state_msgs' with type 'ros.catkin' and name 'cartesian_state_msgs'
[0.761s] Level 1:colcon.colcon_core.package_identification:_identify(src/ur_simm/Compliant-Control-real_admittance_control/robot_controllers/msg/joint_effort_msg) by extensions ['ignore', 'ignore_ament_install']
[0.762s] Level 1:colcon.colcon_core.package_identification:_identify(src/ur_simm/Compliant-Control-real_admittance_control/robot_controllers/msg/joint_effort_msg) by extension 'ignore'
[0.762s] Level 1:colcon.colcon_core.package_identification:_identify(src/ur_simm/Compliant-Control-real_admittance_control/robot_controllers/msg/joint_effort_msg) by extension 'ignore_ament_install'
[0.762s] Level 1:colcon.colcon_core.package_identification:_identify(src/ur_simm/Compliant-Control-real_admittance_control/robot_controllers/msg/joint_effort_msg) by extensions ['colcon_pkg']
[0.762s] Level 1:colcon.colcon_core.package_identification:_identify(src/ur_simm/Compliant-Control-real_admittance_control/robot_controllers/msg/joint_effort_msg) by extension 'colcon_pkg'
[0.762s] Level 1:colcon.colcon_core.package_identification:_identify(src/ur_simm/Compliant-Control-real_admittance_control/robot_controllers/msg/joint_effort_msg) by extensions ['colcon_meta']
[0.762s] Level 1:colcon.colcon_core.package_identification:_identify(src/ur_simm/Compliant-Control-real_admittance_control/robot_controllers/msg/joint_effort_msg) by extension 'colcon_meta'
[0.762s] Level 1:colcon.colcon_core.package_identification:_identify(src/ur_simm/Compliant-Control-real_admittance_control/robot_controllers/msg/joint_effort_msg) by extensions ['ros']
[0.762s] Level 1:colcon.colcon_core.package_identification:_identify(src/ur_simm/Compliant-Control-real_admittance_control/robot_controllers/msg/joint_effort_msg) by extension 'ros'
[0.763s] DEBUG:colcon.colcon_core.package_identification:Package 'src/ur_simm/Compliant-Control-real_admittance_control/robot_controllers/msg/joint_effort_msg' with type 'ros.catkin' and name 'joint_effort_msg'
[0.763s] Level 1:colcon.colcon_core.package_identification:_identify(src/ur_simm/Compliant-Control-real_admittance_control/robot_controllers/msg/joint_state_msg) by extensions ['ignore', 'ignore_ament_install']
[0.763s] Level 1:colcon.colcon_core.package_identification:_identify(src/ur_simm/Compliant-Control-real_admittance_control/robot_controllers/msg/joint_state_msg) by extension 'ignore'
[0.763s] Level 1:colcon.colcon_core.package_identification:_identify(src/ur_simm/Compliant-Control-real_admittance_control/robot_controllers/msg/joint_state_msg) by extension 'ignore_ament_install'
[0.763s] Level 1:colcon.colcon_core.package_identification:_identify(src/ur_simm/Compliant-Control-real_admittance_control/robot_controllers/msg/joint_state_msg) by extensions ['colcon_pkg']
[0.763s] Level 1:colcon.colcon_core.package_identification:_identify(src/ur_simm/Compliant-Control-real_admittance_control/robot_controllers/msg/joint_state_msg) by extension 'colcon_pkg'
[0.763s] Level 1:colcon.colcon_core.package_identification:_identify(src/ur_simm/Compliant-Control-real_admittance_control/robot_controllers/msg/joint_state_msg) by extensions ['colcon_meta']
[0.763s] Level 1:colcon.colcon_core.package_identification:_identify(src/ur_simm/Compliant-Control-real_admittance_control/robot_controllers/msg/joint_state_msg) by extension 'colcon_meta'
[0.763s] Level 1:colcon.colcon_core.package_identification:_identify(src/ur_simm/Compliant-Control-real_admittance_control/robot_controllers/msg/joint_state_msg) by extensions ['ros']
[0.763s] Level 1:colcon.colcon_core.package_identification:_identify(src/ur_simm/Compliant-Control-real_admittance_control/robot_controllers/msg/joint_state_msg) by extension 'ros'
[0.764s] DEBUG:colcon.colcon_core.package_identification:Package 'src/ur_simm/Compliant-Control-real_admittance_control/robot_controllers/msg/joint_state_msg' with type 'ros.catkin' and name 'joint_state_msg'
[0.764s] Level 1:colcon.colcon_core.package_identification:_identify(src/ur_simm/Compliant-Control-real_admittance_control/robots) by extensions ['ignore', 'ignore_ament_install']
[0.765s] Level 1:colcon.colcon_core.package_identification:_identify(src/ur_simm/Compliant-Control-real_admittance_control/robots) by extension 'ignore'
[0.765s] Level 1:colcon.colcon_core.package_identification:_identify(src/ur_simm/Compliant-Control-real_admittance_control/robots) by extension 'ignore_ament_install'
[0.765s] Level 1:colcon.colcon_core.package_identification:_identify(src/ur_simm/Compliant-Control-real_admittance_control/robots) by extensions ['colcon_pkg']
[0.765s] Level 1:colcon.colcon_core.package_identification:_identify(src/ur_simm/Compliant-Control-real_admittance_control/robots) by extension 'colcon_pkg'
[0.765s] Level 1:colcon.colcon_core.package_identification:_identify(src/ur_simm/Compliant-Control-real_admittance_control/robots) by extensions ['colcon_meta']
[0.765s] Level 1:colcon.colcon_core.package_identification:_identify(src/ur_simm/Compliant-Control-real_admittance_control/robots) by extension 'colcon_meta'
[0.765s] Level 1:colcon.colcon_core.package_identification:_identify(src/ur_simm/Compliant-Control-real_admittance_control/robots) by extensions ['ros']
[0.765s] Level 1:colcon.colcon_core.package_identification:_identify(src/ur_simm/Compliant-Control-real_admittance_control/robots) by extension 'ros'
[0.765s] Level 1:colcon.colcon_core.package_identification:_identify(src/ur_simm/Compliant-Control-real_admittance_control/robots) by extensions ['cmake', 'python']
[0.765s] Level 1:colcon.colcon_core.package_identification:_identify(src/ur_simm/Compliant-Control-real_admittance_control/robots) by extension 'cmake'
[0.765s] Level 1:colcon.colcon_core.package_identification:_identify(src/ur_simm/Compliant-Control-real_admittance_control/robots) by extension 'python'
[0.765s] Level 1:colcon.colcon_core.package_identification:_identify(src/ur_simm/Compliant-Control-real_admittance_control/robots) by extensions ['python_setup_py']
[0.765s] Level 1:colcon.colcon_core.package_identification:_identify(src/ur_simm/Compliant-Control-real_admittance_control/robots) by extension 'python_setup_py'
[0.765s] Level 1:colcon.colcon_core.package_identification:_identify(src/ur_simm/Compliant-Control-real_admittance_control/robots/mir_robot) by extensions ['ignore', 'ignore_ament_install']
[0.765s] Level 1:colcon.colcon_core.package_identification:_identify(src/ur_simm/Compliant-Control-real_admittance_control/robots/mir_robot) by extension 'ignore'
[0.765s] Level 1:colcon.colcon_core.package_identification:_identify(src/ur_simm/Compliant-Control-real_admittance_control/robots/mir_robot) by extension 'ignore_ament_install'
[0.765s] Level 1:colcon.colcon_core.package_identification:_identify(src/ur_simm/Compliant-Control-real_admittance_control/robots/mir_robot) by extensions ['colcon_pkg']
[0.765s] Level 1:colcon.colcon_core.package_identification:_identify(src/ur_simm/Compliant-Control-real_admittance_control/robots/mir_robot) by extension 'colcon_pkg'
[0.766s] Level 1:colcon.colcon_core.package_identification:_identify(src/ur_simm/Compliant-Control-real_admittance_control/robots/mir_robot) by extensions ['colcon_meta']
[0.766s] Level 1:colcon.colcon_core.package_identification:_identify(src/ur_simm/Compliant-Control-real_admittance_control/robots/mir_robot) by extension 'colcon_meta'
[0.766s] Level 1:colcon.colcon_core.package_identification:_identify(src/ur_simm/Compliant-Control-real_admittance_control/robots/mir_robot) by extensions ['ros']
[0.766s] Level 1:colcon.colcon_core.package_identification:_identify(src/ur_simm/Compliant-Control-real_admittance_control/robots/mir_robot) by extension 'ros'
[0.766s] Level 1:colcon.colcon_core.package_identification:_identify(src/ur_simm/Compliant-Control-real_admittance_control/robots/mir_robot) by extensions ['cmake', 'python']
[0.766s] Level 1:colcon.colcon_core.package_identification:_identify(src/ur_simm/Compliant-Control-real_admittance_control/robots/mir_robot) by extension 'cmake'
[0.766s] Level 1:colcon.colcon_core.package_identification:_identify(src/ur_simm/Compliant-Control-real_admittance_control/robots/mir_robot) by extension 'python'
[0.766s] Level 1:colcon.colcon_core.package_identification:_identify(src/ur_simm/Compliant-Control-real_admittance_control/robots/mir_robot) by extensions ['python_setup_py']
[0.766s] Level 1:colcon.colcon_core.package_identification:_identify(src/ur_simm/Compliant-Control-real_admittance_control/robots/mir_robot) by extension 'python_setup_py'
[0.766s] Level 1:colcon.colcon_core.package_identification:_identify(src/ur_simm/Compliant-Control-real_admittance_control/robots/mir_robot/mir_actions) by extensions ['ignore', 'ignore_ament_install']
[0.766s] Level 1:colcon.colcon_core.package_identification:_identify(src/ur_simm/Compliant-Control-real_admittance_control/robots/mir_robot/mir_actions) by extension 'ignore'
[0.766s] Level 1:colcon.colcon_core.package_identification:_identify(src/ur_simm/Compliant-Control-real_admittance_control/robots/mir_robot/mir_actions) by extension 'ignore_ament_install'
[0.766s] Level 1:colcon.colcon_core.package_identification:_identify(src/ur_simm/Compliant-Control-real_admittance_control/robots/mir_robot/mir_actions) by extensions ['colcon_pkg']
[0.766s] Level 1:colcon.colcon_core.package_identification:_identify(src/ur_simm/Compliant-Control-real_admittance_control/robots/mir_robot/mir_actions) by extension 'colcon_pkg'
[0.766s] Level 1:colcon.colcon_core.package_identification:_identify(src/ur_simm/Compliant-Control-real_admittance_control/robots/mir_robot/mir_actions) by extensions ['colcon_meta']
[0.766s] Level 1:colcon.colcon_core.package_identification:_identify(src/ur_simm/Compliant-Control-real_admittance_control/robots/mir_robot/mir_actions) by extension 'colcon_meta'
[0.766s] Level 1:colcon.colcon_core.package_identification:_identify(src/ur_simm/Compliant-Control-real_admittance_control/robots/mir_robot/mir_actions) by extensions ['ros']
[0.766s] Level 1:colcon.colcon_core.package_identification:_identify(src/ur_simm/Compliant-Control-real_admittance_control/robots/mir_robot/mir_actions) by extension 'ros'
[0.767s] DEBUG:colcon.colcon_core.package_identification:Package 'src/ur_simm/Compliant-Control-real_admittance_control/robots/mir_robot/mir_actions' with type 'ros.catkin' and name 'mir_actions'
[0.767s] Level 1:colcon.colcon_core.package_identification:_identify(src/ur_simm/Compliant-Control-real_admittance_control/robots/mir_robot/mir_description) by extensions ['ignore', 'ignore_ament_install']
[0.768s] Level 1:colcon.colcon_core.package_identification:_identify(src/ur_simm/Compliant-Control-real_admittance_control/robots/mir_robot/mir_description) by extension 'ignore'
[0.768s] Level 1:colcon.colcon_core.package_identification:_identify(src/ur_simm/Compliant-Control-real_admittance_control/robots/mir_robot/mir_description) by extension 'ignore_ament_install'
[0.768s] Level 1:colcon.colcon_core.package_identification:_identify(src/ur_simm/Compliant-Control-real_admittance_control/robots/mir_robot/mir_description) by extensions ['colcon_pkg']
[0.768s] Level 1:colcon.colcon_core.package_identification:_identify(src/ur_simm/Compliant-Control-real_admittance_control/robots/mir_robot/mir_description) by extension 'colcon_pkg'
[0.768s] Level 1:colcon.colcon_core.package_identification:_identify(src/ur_simm/Compliant-Control-real_admittance_control/robots/mir_robot/mir_description) by extensions ['colcon_meta']
[0.768s] Level 1:colcon.colcon_core.package_identification:_identify(src/ur_simm/Compliant-Control-real_admittance_control/robots/mir_robot/mir_description) by extension 'colcon_meta'
[0.768s] Level 1:colcon.colcon_core.package_identification:_identify(src/ur_simm/Compliant-Control-real_admittance_control/robots/mir_robot/mir_description) by extensions ['ros']
[0.768s] Level 1:colcon.colcon_core.package_identification:_identify(src/ur_simm/Compliant-Control-real_admittance_control/robots/mir_robot/mir_description) by extension 'ros'
[0.769s] DEBUG:colcon.colcon_core.package_identification:Package 'src/ur_simm/Compliant-Control-real_admittance_control/robots/mir_robot/mir_description' with type 'ros.catkin' and name 'mir_description'
[0.769s] Level 1:colcon.colcon_core.package_identification:_identify(src/ur_simm/Compliant-Control-real_admittance_control/robots/mir_robot/mir_driver) by extensions ['ignore', 'ignore_ament_install']
[0.769s] Level 1:colcon.colcon_core.package_identification:_identify(src/ur_simm/Compliant-Control-real_admittance_control/robots/mir_robot/mir_driver) by extension 'ignore'
[0.769s] Level 1:colcon.colcon_core.package_identification:_identify(src/ur_simm/Compliant-Control-real_admittance_control/robots/mir_robot/mir_driver) by extension 'ignore_ament_install'
[0.769s] Level 1:colcon.colcon_core.package_identification:_identify(src/ur_simm/Compliant-Control-real_admittance_control/robots/mir_robot/mir_driver) by extensions ['colcon_pkg']
[0.769s] Level 1:colcon.colcon_core.package_identification:_identify(src/ur_simm/Compliant-Control-real_admittance_control/robots/mir_robot/mir_driver) by extension 'colcon_pkg'
[0.769s] Level 1:colcon.colcon_core.package_identification:_identify(src/ur_simm/Compliant-Control-real_admittance_control/robots/mir_robot/mir_driver) by extensions ['colcon_meta']
[0.769s] Level 1:colcon.colcon_core.package_identification:_identify(src/ur_simm/Compliant-Control-real_admittance_control/robots/mir_robot/mir_driver) by extension 'colcon_meta'
[0.769s] Level 1:colcon.colcon_core.package_identification:_identify(src/ur_simm/Compliant-Control-real_admittance_control/robots/mir_robot/mir_driver) by extensions ['ros']
[0.769s] Level 1:colcon.colcon_core.package_identification:_identify(src/ur_simm/Compliant-Control-real_admittance_control/robots/mir_robot/mir_driver) by extension 'ros'
[0.771s] DEBUG:colcon.colcon_core.package_identification:Package 'src/ur_simm/Compliant-Control-real_admittance_control/robots/mir_robot/mir_driver' with type 'ros.catkin' and name 'mir_driver'
[0.771s] Level 1:colcon.colcon_core.package_identification:_identify(src/ur_simm/Compliant-Control-real_admittance_control/robots/mir_robot/mir_gazebo) by extensions ['ignore', 'ignore_ament_install']
[0.772s] Level 1:colcon.colcon_core.package_identification:_identify(src/ur_simm/Compliant-Control-real_admittance_control/robots/mir_robot/mir_gazebo) by extension 'ignore'
[0.772s] Level 1:colcon.colcon_core.package_identification:_identify(src/ur_simm/Compliant-Control-real_admittance_control/robots/mir_robot/mir_gazebo) by extension 'ignore_ament_install'
[0.772s] Level 1:colcon.colcon_core.package_identification:_identify(src/ur_simm/Compliant-Control-real_admittance_control/robots/mir_robot/mir_gazebo) by extensions ['colcon_pkg']
[0.772s] Level 1:colcon.colcon_core.package_identification:_identify(src/ur_simm/Compliant-Control-real_admittance_control/robots/mir_robot/mir_gazebo) by extension 'colcon_pkg'
[0.772s] Level 1:colcon.colcon_core.package_identification:_identify(src/ur_simm/Compliant-Control-real_admittance_control/robots/mir_robot/mir_gazebo) by extensions ['colcon_meta']
[0.772s] Level 1:colcon.colcon_core.package_identification:_identify(src/ur_simm/Compliant-Control-real_admittance_control/robots/mir_robot/mir_gazebo) by extension 'colcon_meta'
[0.772s] Level 1:colcon.colcon_core.package_identification:_identify(src/ur_simm/Compliant-Control-real_admittance_control/robots/mir_robot/mir_gazebo) by extensions ['ros']
[0.772s] Level 1:colcon.colcon_core.package_identification:_identify(src/ur_simm/Compliant-Control-real_admittance_control/robots/mir_robot/mir_gazebo) by extension 'ros'
[0.773s] DEBUG:colcon.colcon_core.package_identification:Package 'src/ur_simm/Compliant-Control-real_admittance_control/robots/mir_robot/mir_gazebo' with type 'ros.catkin' and name 'mir_gazebo'
[0.773s] Level 1:colcon.colcon_core.package_identification:_identify(src/ur_simm/Compliant-Control-real_admittance_control/robots/mir_robot/mir_msgs) by extensions ['ignore', 'ignore_ament_install']
[0.773s] Level 1:colcon.colcon_core.package_identification:_identify(src/ur_simm/Compliant-Control-real_admittance_control/robots/mir_robot/mir_msgs) by extension 'ignore'
[0.773s] Level 1:colcon.colcon_core.package_identification:_identify(src/ur_simm/Compliant-Control-real_admittance_control/robots/mir_robot/mir_msgs) by extension 'ignore_ament_install'
[0.773s] Level 1:colcon.colcon_core.package_identification:_identify(src/ur_simm/Compliant-Control-real_admittance_control/robots/mir_robot/mir_msgs) by extensions ['colcon_pkg']
[0.773s] Level 1:colcon.colcon_core.package_identification:_identify(src/ur_simm/Compliant-Control-real_admittance_control/robots/mir_robot/mir_msgs) by extension 'colcon_pkg'
[0.773s] Level 1:colcon.colcon_core.package_identification:_identify(src/ur_simm/Compliant-Control-real_admittance_control/robots/mir_robot/mir_msgs) by extensions ['colcon_meta']
[0.773s] Level 1:colcon.colcon_core.package_identification:_identify(src/ur_simm/Compliant-Control-real_admittance_control/robots/mir_robot/mir_msgs) by extension 'colcon_meta'
[0.773s] Level 1:colcon.colcon_core.package_identification:_identify(src/ur_simm/Compliant-Control-real_admittance_control/robots/mir_robot/mir_msgs) by extensions ['ros']
[0.773s] Level 1:colcon.colcon_core.package_identification:_identify(src/ur_simm/Compliant-Control-real_admittance_control/robots/mir_robot/mir_msgs) by extension 'ros'
[0.774s] DEBUG:colcon.colcon_core.package_identification:Package 'src/ur_simm/Compliant-Control-real_admittance_control/robots/mir_robot/mir_msgs' with type 'ros.catkin' and name 'mir_msgs'
[0.774s] Level 1:colcon.colcon_core.package_identification:_identify(src/ur_simm/Compliant-Control-real_admittance_control/robots/mir_robot/mir_robot) by extensions ['ignore', 'ignore_ament_install']
[0.774s] Level 1:colcon.colcon_core.package_identification:_identify(src/ur_simm/Compliant-Control-real_admittance_control/robots/mir_robot/mir_robot) by extension 'ignore'
[0.774s] Level 1:colcon.colcon_core.package_identification:_identify(src/ur_simm/Compliant-Control-real_admittance_control/robots/mir_robot/mir_robot) by extension 'ignore_ament_install'
[0.775s] Level 1:colcon.colcon_core.package_identification:_identify(src/ur_simm/Compliant-Control-real_admittance_control/robots/mir_robot/mir_robot) by extensions ['colcon_pkg']
[0.775s] Level 1:colcon.colcon_core.package_identification:_identify(src/ur_simm/Compliant-Control-real_admittance_control/robots/mir_robot/mir_robot) by extension 'colcon_pkg'
[0.775s] Level 1:colcon.colcon_core.package_identification:_identify(src/ur_simm/Compliant-Control-real_admittance_control/robots/mir_robot/mir_robot) by extensions ['colcon_meta']
[0.775s] Level 1:colcon.colcon_core.package_identification:_identify(src/ur_simm/Compliant-Control-real_admittance_control/robots/mir_robot/mir_robot) by extension 'colcon_meta'
[0.775s] Level 1:colcon.colcon_core.package_identification:_identify(src/ur_simm/Compliant-Control-real_admittance_control/robots/mir_robot/mir_robot) by extensions ['ros']
[0.775s] Level 1:colcon.colcon_core.package_identification:_identify(src/ur_simm/Compliant-Control-real_admittance_control/robots/mir_robot/mir_robot) by extension 'ros'
[0.775s] DEBUG:colcon.colcon_core.package_identification:Package 'src/ur_simm/Compliant-Control-real_admittance_control/robots/mir_robot/mir_robot' with type 'ros.catkin' and name 'mir_robot'
[0.776s] Level 1:colcon.colcon_core.package_identification:_identify(src/ur_simm/Compliant-Control-real_admittance_control/robots/universal_robot) by extensions ['ignore', 'ignore_ament_install']
[0.776s] Level 1:colcon.colcon_core.package_identification:_identify(src/ur_simm/Compliant-Control-real_admittance_control/robots/universal_robot) by extension 'ignore'
[0.776s] Level 1:colcon.colcon_core.package_identification:_identify(src/ur_simm/Compliant-Control-real_admittance_control/robots/universal_robot) by extension 'ignore_ament_install'
[0.776s] Level 1:colcon.colcon_core.package_identification:_identify(src/ur_simm/Compliant-Control-real_admittance_control/robots/universal_robot) by extensions ['colcon_pkg']
[0.776s] Level 1:colcon.colcon_core.package_identification:_identify(src/ur_simm/Compliant-Control-real_admittance_control/robots/universal_robot) by extension 'colcon_pkg'
[0.776s] Level 1:colcon.colcon_core.package_identification:_identify(src/ur_simm/Compliant-Control-real_admittance_control/robots/universal_robot) by extensions ['colcon_meta']
[0.776s] Level 1:colcon.colcon_core.package_identification:_identify(src/ur_simm/Compliant-Control-real_admittance_control/robots/universal_robot) by extension 'colcon_meta'
[0.776s] Level 1:colcon.colcon_core.package_identification:_identify(src/ur_simm/Compliant-Control-real_admittance_control/robots/universal_robot) by extensions ['ros']
[0.776s] Level 1:colcon.colcon_core.package_identification:_identify(src/ur_simm/Compliant-Control-real_admittance_control/robots/universal_robot) by extension 'ros'
[0.776s] Level 1:colcon.colcon_core.package_identification:_identify(src/ur_simm/Compliant-Control-real_admittance_control/robots/universal_robot) by extensions ['cmake', 'python']
[0.776s] Level 1:colcon.colcon_core.package_identification:_identify(src/ur_simm/Compliant-Control-real_admittance_control/robots/universal_robot) by extension 'cmake'
[0.776s] Level 1:colcon.colcon_core.package_identification:_identify(src/ur_simm/Compliant-Control-real_admittance_control/robots/universal_robot) by extension 'python'
[0.776s] Level 1:colcon.colcon_core.package_identification:_identify(src/ur_simm/Compliant-Control-real_admittance_control/robots/universal_robot) by extensions ['python_setup_py']
[0.776s] Level 1:colcon.colcon_core.package_identification:_identify(src/ur_simm/Compliant-Control-real_admittance_control/robots/universal_robot) by extension 'python_setup_py'
[0.776s] Level 1:colcon.colcon_core.package_identification:_identify(src/ur_simm/Compliant-Control-real_admittance_control/robots/universal_robot/Universal_Robots_ROS_Driver) by extensions ['ignore', 'ignore_ament_install']
[0.777s] Level 1:colcon.colcon_core.package_identification:_identify(src/ur_simm/Compliant-Control-real_admittance_control/robots/universal_robot/Universal_Robots_ROS_Driver) by extension 'ignore'
[0.777s] Level 1:colcon.colcon_core.package_identification:_identify(src/ur_simm/Compliant-Control-real_admittance_control/robots/universal_robot/Universal_Robots_ROS_Driver) by extension 'ignore_ament_install'
[0.777s] Level 1:colcon.colcon_core.package_identification:_identify(src/ur_simm/Compliant-Control-real_admittance_control/robots/universal_robot/Universal_Robots_ROS_Driver) by extensions ['colcon_pkg']
[0.777s] Level 1:colcon.colcon_core.package_identification:_identify(src/ur_simm/Compliant-Control-real_admittance_control/robots/universal_robot/Universal_Robots_ROS_Driver) by extension 'colcon_pkg'
[0.777s] Level 1:colcon.colcon_core.package_identification:_identify(src/ur_simm/Compliant-Control-real_admittance_control/robots/universal_robot/Universal_Robots_ROS_Driver) by extensions ['colcon_meta']
[0.777s] Level 1:colcon.colcon_core.package_identification:_identify(src/ur_simm/Compliant-Control-real_admittance_control/robots/universal_robot/Universal_Robots_ROS_Driver) by extension 'colcon_meta'
[0.777s] Level 1:colcon.colcon_core.package_identification:_identify(src/ur_simm/Compliant-Control-real_admittance_control/robots/universal_robot/Universal_Robots_ROS_Driver) by extensions ['ros']
[0.777s] Level 1:colcon.colcon_core.package_identification:_identify(src/ur_simm/Compliant-Control-real_admittance_control/robots/universal_robot/Universal_Robots_ROS_Driver) by extension 'ros'
[0.777s] Level 1:colcon.colcon_core.package_identification:_identify(src/ur_simm/Compliant-Control-real_admittance_control/robots/universal_robot/Universal_Robots_ROS_Driver) by extensions ['cmake', 'python']
[0.777s] Level 1:colcon.colcon_core.package_identification:_identify(src/ur_simm/Compliant-Control-real_admittance_control/robots/universal_robot/Universal_Robots_ROS_Driver) by extension 'cmake'
[0.777s] Level 1:colcon.colcon_core.package_identification:_identify(src/ur_simm/Compliant-Control-real_admittance_control/robots/universal_robot/Universal_Robots_ROS_Driver) by extension 'python'
[0.777s] Level 1:colcon.colcon_core.package_identification:_identify(src/ur_simm/Compliant-Control-real_admittance_control/robots/universal_robot/Universal_Robots_ROS_Driver) by extensions ['python_setup_py']
[0.777s] Level 1:colcon.colcon_core.package_identification:_identify(src/ur_simm/Compliant-Control-real_admittance_control/robots/universal_robot/Universal_Robots_ROS_Driver) by extension 'python_setup_py'
[0.777s] Level 1:colcon.colcon_core.package_identification:_identify(src/ur_simm/Compliant-Control-real_admittance_control/robots/universal_robot/Universal_Robots_ROS_Driver/controller_stopper) by extensions ['ignore', 'ignore_ament_install']
[0.777s] Level 1:colcon.colcon_core.package_identification:_identify(src/ur_simm/Compliant-Control-real_admittance_control/robots/universal_robot/Universal_Robots_ROS_Driver/controller_stopper) by extension 'ignore'
[0.777s] Level 1:colcon.colcon_core.package_identification:_identify(src/ur_simm/Compliant-Control-real_admittance_control/robots/universal_robot/Universal_Robots_ROS_Driver/controller_stopper) by extension 'ignore_ament_install'
[0.778s] Level 1:colcon.colcon_core.package_identification:_identify(src/ur_simm/Compliant-Control-real_admittance_control/robots/universal_robot/Universal_Robots_ROS_Driver/controller_stopper) by extensions ['colcon_pkg']
[0.778s] Level 1:colcon.colcon_core.package_identification:_identify(src/ur_simm/Compliant-Control-real_admittance_control/robots/universal_robot/Universal_Robots_ROS_Driver/controller_stopper) by extension 'colcon_pkg'
[0.778s] Level 1:colcon.colcon_core.package_identification:_identify(src/ur_simm/Compliant-Control-real_admittance_control/robots/universal_robot/Universal_Robots_ROS_Driver/controller_stopper) by extensions ['colcon_meta']
[0.778s] Level 1:colcon.colcon_core.package_identification:_identify(src/ur_simm/Compliant-Control-real_admittance_control/robots/universal_robot/Universal_Robots_ROS_Driver/controller_stopper) by extension 'colcon_meta'
[0.778s] Level 1:colcon.colcon_core.package_identification:_identify(src/ur_simm/Compliant-Control-real_admittance_control/robots/universal_robot/Universal_Robots_ROS_Driver/controller_stopper) by extensions ['ros']
[0.778s] Level 1:colcon.colcon_core.package_identification:_identify(src/ur_simm/Compliant-Control-real_admittance_control/robots/universal_robot/Universal_Robots_ROS_Driver/controller_stopper) by extension 'ros'
[0.779s] DEBUG:colcon.colcon_core.package_identification:Package 'src/ur_simm/Compliant-Control-real_admittance_control/robots/universal_robot/Universal_Robots_ROS_Driver/controller_stopper' with type 'ros.catkin' and name 'controller_stopper'
[0.779s] Level 1:colcon.colcon_core.package_identification:_identify(src/ur_simm/Compliant-Control-real_admittance_control/robots/universal_robot/Universal_Robots_ROS_Driver/ur_calibration) by extensions ['ignore', 'ignore_ament_install']
[0.779s] Level 1:colcon.colcon_core.package_identification:_identify(src/ur_simm/Compliant-Control-real_admittance_control/robots/universal_robot/Universal_Robots_ROS_Driver/ur_calibration) by extension 'ignore'
[0.779s] Level 1:colcon.colcon_core.package_identification:_identify(src/ur_simm/Compliant-Control-real_admittance_control/robots/universal_robot/Universal_Robots_ROS_Driver/ur_calibration) by extension 'ignore_ament_install'
[0.779s] Level 1:colcon.colcon_core.package_identification:_identify(src/ur_simm/Compliant-Control-real_admittance_control/robots/universal_robot/Universal_Robots_ROS_Driver/ur_calibration) by extensions ['colcon_pkg']
[0.779s] Level 1:colcon.colcon_core.package_identification:_identify(src/ur_simm/Compliant-Control-real_admittance_control/robots/universal_robot/Universal_Robots_ROS_Driver/ur_calibration) by extension 'colcon_pkg'
[0.779s] Level 1:colcon.colcon_core.package_identification:_identify(src/ur_simm/Compliant-Control-real_admittance_control/robots/universal_robot/Universal_Robots_ROS_Driver/ur_calibration) by extensions ['colcon_meta']
[0.779s] Level 1:colcon.colcon_core.package_identification:_identify(src/ur_simm/Compliant-Control-real_admittance_control/robots/universal_robot/Universal_Robots_ROS_Driver/ur_calibration) by extension 'colcon_meta'
[0.779s] Level 1:colcon.colcon_core.package_identification:_identify(src/ur_simm/Compliant-Control-real_admittance_control/robots/universal_robot/Universal_Robots_ROS_Driver/ur_calibration) by extensions ['ros']
[0.779s] Level 1:colcon.colcon_core.package_identification:_identify(src/ur_simm/Compliant-Control-real_admittance_control/robots/universal_robot/Universal_Robots_ROS_Driver/ur_calibration) by extension 'ros'
[0.780s] DEBUG:colcon.colcon_core.package_identification:Package 'src/ur_simm/Compliant-Control-real_admittance_control/robots/universal_robot/Universal_Robots_ROS_Driver/ur_calibration' with type 'ros.catkin' and name 'ur_calibration'
[0.781s] Level 1:colcon.colcon_core.package_identification:_identify(src/ur_simm/Compliant-Control-real_admittance_control/robots/universal_robot/Universal_Robots_ROS_Driver/ur_dashboard_msgs) by extensions ['ignore', 'ignore_ament_install']
[0.781s] Level 1:colcon.colcon_core.package_identification:_identify(src/ur_simm/Compliant-Control-real_admittance_control/robots/universal_robot/Universal_Robots_ROS_Driver/ur_dashboard_msgs) by extension 'ignore'
[0.781s] Level 1:colcon.colcon_core.package_identification:_identify(src/ur_simm/Compliant-Control-real_admittance_control/robots/universal_robot/Universal_Robots_ROS_Driver/ur_dashboard_msgs) by extension 'ignore_ament_install'
[0.781s] Level 1:colcon.colcon_core.package_identification:_identify(src/ur_simm/Compliant-Control-real_admittance_control/robots/universal_robot/Universal_Robots_ROS_Driver/ur_dashboard_msgs) by extensions ['colcon_pkg']
[0.781s] Level 1:colcon.colcon_core.package_identification:_identify(src/ur_simm/Compliant-Control-real_admittance_control/robots/universal_robot/Universal_Robots_ROS_Driver/ur_dashboard_msgs) by extension 'colcon_pkg'
[0.781s] Level 1:colcon.colcon_core.package_identification:_identify(src/ur_simm/Compliant-Control-real_admittance_control/robots/universal_robot/Universal_Robots_ROS_Driver/ur_dashboard_msgs) by extensions ['colcon_meta']
[0.781s] Level 1:colcon.colcon_core.package_identification:_identify(src/ur_simm/Compliant-Control-real_admittance_control/robots/universal_robot/Universal_Robots_ROS_Driver/ur_dashboard_msgs) by extension 'colcon_meta'
[0.781s] Level 1:colcon.colcon_core.package_identification:_identify(src/ur_simm/Compliant-Control-real_admittance_control/robots/universal_robot/Universal_Robots_ROS_Driver/ur_dashboard_msgs) by extensions ['ros']
[0.781s] Level 1:colcon.colcon_core.package_identification:_identify(src/ur_simm/Compliant-Control-real_admittance_control/robots/universal_robot/Universal_Robots_ROS_Driver/ur_dashboard_msgs) by extension 'ros'
[0.782s] DEBUG:colcon.colcon_core.package_identification:Package 'src/ur_simm/Compliant-Control-real_admittance_control/robots/universal_robot/Universal_Robots_ROS_Driver/ur_dashboard_msgs' with type 'ros.catkin' and name 'ur_dashboard_msgs'
[0.782s] Level 1:colcon.colcon_core.package_identification:_identify(src/ur_simm/Compliant-Control-real_admittance_control/robots/universal_robot/Universal_Robots_ROS_Driver/ur_robot_driver) by extensions ['ignore', 'ignore_ament_install']
[0.782s] Level 1:colcon.colcon_core.package_identification:_identify(src/ur_simm/Compliant-Control-real_admittance_control/robots/universal_robot/Universal_Robots_ROS_Driver/ur_robot_driver) by extension 'ignore'
[0.782s] Level 1:colcon.colcon_core.package_identification:_identify(src/ur_simm/Compliant-Control-real_admittance_control/robots/universal_robot/Universal_Robots_ROS_Driver/ur_robot_driver) by extension 'ignore_ament_install'
[0.782s] Level 1:colcon.colcon_core.package_identification:_identify(src/ur_simm/Compliant-Control-real_admittance_control/robots/universal_robot/Universal_Robots_ROS_Driver/ur_robot_driver) by extensions ['colcon_pkg']
[0.782s] Level 1:colcon.colcon_core.package_identification:_identify(src/ur_simm/Compliant-Control-real_admittance_control/robots/universal_robot/Universal_Robots_ROS_Driver/ur_robot_driver) by extension 'colcon_pkg'
[0.782s] Level 1:colcon.colcon_core.package_identification:_identify(src/ur_simm/Compliant-Control-real_admittance_control/robots/universal_robot/Universal_Robots_ROS_Driver/ur_robot_driver) by extensions ['colcon_meta']
[0.782s] Level 1:colcon.colcon_core.package_identification:_identify(src/ur_simm/Compliant-Control-real_admittance_control/robots/universal_robot/Universal_Robots_ROS_Driver/ur_robot_driver) by extension 'colcon_meta'
[0.783s] Level 1:colcon.colcon_core.package_identification:_identify(src/ur_simm/Compliant-Control-real_admittance_control/robots/universal_robot/Universal_Robots_ROS_Driver/ur_robot_driver) by extensions ['ros']
[0.783s] Level 1:colcon.colcon_core.package_identification:_identify(src/ur_simm/Compliant-Control-real_admittance_control/robots/universal_robot/Universal_Robots_ROS_Driver/ur_robot_driver) by extension 'ros'
[0.783s] Level 1:colcon.colcon_core.package_identification:_identify(src/ur_simm/Compliant-Control-real_admittance_control/robots/universal_robot/Universal_Robots_ROS_Driver/ur_robot_driver) by extensions ['cmake', 'python']
[0.783s] Level 1:colcon.colcon_core.package_identification:_identify(src/ur_simm/Compliant-Control-real_admittance_control/robots/universal_robot/Universal_Robots_ROS_Driver/ur_robot_driver) by extension 'cmake'
[0.785s] Level 1:colcon.colcon_core.package_identification:_identify(src/ur_simm/Compliant-Control-real_admittance_control/robots/universal_robot/Universal_Robots_ROS_Driver/ur_robot_driver) by extension 'python'
[0.785s] DEBUG:colcon.colcon_core.package_identification:Package 'src/ur_simm/Compliant-Control-real_admittance_control/robots/universal_robot/Universal_Robots_ROS_Driver/ur_robot_driver' with type 'cmake' and name 'ur_robot_driver'
[0.785s] Level 1:colcon.colcon_core.package_identification:_identify(src/ur_simm/Compliant-Control-real_admittance_control/robots/universal_robot/fmauch_universal_robot) by extensions ['ignore', 'ignore_ament_install']
[0.785s] Level 1:colcon.colcon_core.package_identification:_identify(src/ur_simm/Compliant-Control-real_admittance_control/robots/universal_robot/fmauch_universal_robot) by extension 'ignore'
[0.785s] Level 1:colcon.colcon_core.package_identification:_identify(src/ur_simm/Compliant-Control-real_admittance_control/robots/universal_robot/fmauch_universal_robot) by extension 'ignore_ament_install'
[0.785s] Level 1:colcon.colcon_core.package_identification:_identify(src/ur_simm/Compliant-Control-real_admittance_control/robots/universal_robot/fmauch_universal_robot) by extensions ['colcon_pkg']
[0.785s] Level 1:colcon.colcon_core.package_identification:_identify(src/ur_simm/Compliant-Control-real_admittance_control/robots/universal_robot/fmauch_universal_robot) by extension 'colcon_pkg'
[0.785s] Level 1:colcon.colcon_core.package_identification:_identify(src/ur_simm/Compliant-Control-real_admittance_control/robots/universal_robot/fmauch_universal_robot) by extensions ['colcon_meta']
[0.785s] Level 1:colcon.colcon_core.package_identification:_identify(src/ur_simm/Compliant-Control-real_admittance_control/robots/universal_robot/fmauch_universal_robot) by extension 'colcon_meta'
[0.785s] Level 1:colcon.colcon_core.package_identification:_identify(src/ur_simm/Compliant-Control-real_admittance_control/robots/universal_robot/fmauch_universal_robot) by extensions ['ros']
[0.785s] Level 1:colcon.colcon_core.package_identification:_identify(src/ur_simm/Compliant-Control-real_admittance_control/robots/universal_robot/fmauch_universal_robot) by extension 'ros'
[0.785s] Level 1:colcon.colcon_core.package_identification:_identify(src/ur_simm/Compliant-Control-real_admittance_control/robots/universal_robot/fmauch_universal_robot) by extensions ['cmake', 'python']
[0.785s] Level 1:colcon.colcon_core.package_identification:_identify(src/ur_simm/Compliant-Control-real_admittance_control/robots/universal_robot/fmauch_universal_robot) by extension 'cmake'
[0.786s] Level 1:colcon.colcon_core.package_identification:_identify(src/ur_simm/Compliant-Control-real_admittance_control/robots/universal_robot/fmauch_universal_robot) by extension 'python'
[0.786s] Level 1:colcon.colcon_core.package_identification:_identify(src/ur_simm/Compliant-Control-real_admittance_control/robots/universal_robot/fmauch_universal_robot) by extensions ['python_setup_py']
[0.786s] Level 1:colcon.colcon_core.package_identification:_identify(src/ur_simm/Compliant-Control-real_admittance_control/robots/universal_robot/fmauch_universal_robot) by extension 'python_setup_py'
[0.786s] Level 1:colcon.colcon_core.package_identification:_identify(src/ur_simm/Compliant-Control-real_admittance_control/robots/universal_robot/fmauch_universal_robot/ur_description_ros1) by extensions ['ignore', 'ignore_ament_install']
[0.786s] Level 1:colcon.colcon_core.package_identification:_identify(src/ur_simm/Compliant-Control-real_admittance_control/robots/universal_robot/fmauch_universal_robot/ur_description_ros1) by extension 'ignore'
[0.786s] Level 1:colcon.colcon_core.package_identification:_identify(src/ur_simm/Compliant-Control-real_admittance_control/robots/universal_robot/fmauch_universal_robot/ur_description_ros1) by extension 'ignore_ament_install'
[0.786s] Level 1:colcon.colcon_core.package_identification:_identify(src/ur_simm/Compliant-Control-real_admittance_control/robots/universal_robot/fmauch_universal_robot/ur_description_ros1) by extensions ['colcon_pkg']
[0.786s] Level 1:colcon.colcon_core.package_identification:_identify(src/ur_simm/Compliant-Control-real_admittance_control/robots/universal_robot/fmauch_universal_robot/ur_description_ros1) by extension 'colcon_pkg'
[0.786s] Level 1:colcon.colcon_core.package_identification:_identify(src/ur_simm/Compliant-Control-real_admittance_control/robots/universal_robot/fmauch_universal_robot/ur_description_ros1) by extensions ['colcon_meta']
[0.786s] Level 1:colcon.colcon_core.package_identification:_identify(src/ur_simm/Compliant-Control-real_admittance_control/robots/universal_robot/fmauch_universal_robot/ur_description_ros1) by extension 'colcon_meta'
[0.786s] Level 1:colcon.colcon_core.package_identification:_identify(src/ur_simm/Compliant-Control-real_admittance_control/robots/universal_robot/fmauch_universal_robot/ur_description_ros1) by extensions ['ros']
[0.786s] Level 1:colcon.colcon_core.package_identification:_identify(src/ur_simm/Compliant-Control-real_admittance_control/robots/universal_robot/fmauch_universal_robot/ur_description_ros1) by extension 'ros'
[0.787s] DEBUG:colcon.colcon_core.package_identification:Package 'src/ur_simm/Compliant-Control-real_admittance_control/robots/universal_robot/fmauch_universal_robot/ur_description_ros1' with type 'ros.catkin' and name 'ur_description'
[0.787s] Level 1:colcon.colcon_core.package_identification:_identify(src/ur_simm/Compliant-Control-real_admittance_control/robots/universal_robot/fmauch_universal_robot/ur_gazebo) by extensions ['ignore', 'ignore_ament_install']
[0.787s] Level 1:colcon.colcon_core.package_identification:_identify(src/ur_simm/Compliant-Control-real_admittance_control/robots/universal_robot/fmauch_universal_robot/ur_gazebo) by extension 'ignore'
[0.787s] Level 1:colcon.colcon_core.package_identification:_identify(src/ur_simm/Compliant-Control-real_admittance_control/robots/universal_robot/fmauch_universal_robot/ur_gazebo) by extension 'ignore_ament_install'
[0.787s] Level 1:colcon.colcon_core.package_identification:_identify(src/ur_simm/Compliant-Control-real_admittance_control/robots/universal_robot/fmauch_universal_robot/ur_gazebo) by extensions ['colcon_pkg']
[0.787s] Level 1:colcon.colcon_core.package_identification:_identify(src/ur_simm/Compliant-Control-real_admittance_control/robots/universal_robot/fmauch_universal_robot/ur_gazebo) by extension 'colcon_pkg'
[0.788s] Level 1:colcon.colcon_core.package_identification:_identify(src/ur_simm/Compliant-Control-real_admittance_control/robots/universal_robot/fmauch_universal_robot/ur_gazebo) by extensions ['colcon_meta']
[0.788s] Level 1:colcon.colcon_core.package_identification:_identify(src/ur_simm/Compliant-Control-real_admittance_control/robots/universal_robot/fmauch_universal_robot/ur_gazebo) by extension 'colcon_meta'
[0.788s] Level 1:colcon.colcon_core.package_identification:_identify(src/ur_simm/Compliant-Control-real_admittance_control/robots/universal_robot/fmauch_universal_robot/ur_gazebo) by extensions ['ros']
[0.788s] Level 1:colcon.colcon_core.package_identification:_identify(src/ur_simm/Compliant-Control-real_admittance_control/robots/universal_robot/fmauch_universal_robot/ur_gazebo) by extension 'ros'
[0.788s] DEBUG:colcon.colcon_core.package_identification:Package 'src/ur_simm/Compliant-Control-real_admittance_control/robots/universal_robot/fmauch_universal_robot/ur_gazebo' with type 'ros.catkin' and name 'ur_gazebo'
[0.789s] Level 1:colcon.colcon_core.package_discovery:discover_packages(recursive) using defaults
[0.789s] Level 1:colcon.colcon_core.package_discovery:discover_packages(ignore) discover
[0.789s] Level 1:colcon.colcon_core.package_discovery:discover_packages(ignore) using defaults
[0.789s] Level 1:colcon.colcon_core.package_discovery:discover_packages(path) discover
[0.789s] Level 1:colcon.colcon_core.package_discovery:discover_packages(path) using defaults
[0.830s] Level 1:colcon.colcon_core.package_discovery:discover_packages(prefix_path) check parameters
[0.830s] Level 1:colcon.colcon_core.package_discovery:discover_packages(prefix_path) discover
[0.834s] DEBUG:colcon.colcon_installed_package_information.package_discovery:Found 6 installed packages in /home/chintu/traffic_ws/install
[0.837s] DEBUG:colcon.colcon_installed_package_information.package_discovery:Found 450 installed packages in /opt/ros/humble
[0.839s] Level 1:colcon.colcon_core.package_discovery:discover_packages(prefix_path) using defaults
[0.909s] ERROR:colcon:colcon build: Duplicate package names not supported:
- ur_description:
  - src/Universal_Robots_ROS2_Description
  - src/ur_simm/Compliant-Control-real_admittance_control/robots/universal_robot/fmauch_universal_robot/ur_description_ros1
