[0.015s] Invoking command in '/home/chintu/ur_ws/build/ur_admittance': CMAKE_PREFIX_PATH=/home/chintu/ur_ws/install/ur_description:/home/chintu/ur_ws/install/ur_simulation_gazebo:/home/chintu/ur_ws/install/ur3e_spawn_gripper_moveit_config:/home/chintu/ur_ws/install/ur_sim:/home/chintu/ur_ws/install/robotiq_description:/home/chintu/ur_ws/install/robotiq_controllers:/home/chintu/traffic_ws/install/qcar_traffic:/home/chintu/traffic_ws/install/qcar_track:/home/chintu/traffic_ws/install/qcar_slam:/home/chintu/traffic_ws/install/qcar:/home/chintu/traffic_ws/install/qcar_yolo:/home/chintu/traffic_ws/install/qcar_cv:/opt/ros/humble /usr/bin/cmake /home/chintu/ur_ws/src/ur_admittance -DCMAKE_INSTALL_PREFIX=/home/chintu/ur_ws/install/ur_admittance
[0.029s] -- Found ament_cmake: 1.3.12 (/opt/ros/humble/share/ament_cmake/cmake)
[0.261s] -- Found ament_lint_auto: 0.12.14 (/opt/ros/humble/share/ament_lint_auto/cmake)
[0.376s] -- Added test 'copyright' to check source files copyright and LICENSE
[0.380s] -- Added test 'flake8' to check Python code syntax and style conventions
[0.382s] -- Added test 'lint_cmake' to check CMake code style
[0.383s] -- Added test 'pep257' to check Python code against some of the docstring style conventions in PEP 257
[0.385s] -- Added test 'xmllint' to check XML markup files
[0.387s] -- Configuring done
[0.393s] -- Generating done
[0.395s] -- Build files have been written to: /home/chintu/ur_ws/build/ur_admittance
[0.398s] Invoked command in '/home/chintu/ur_ws/build/ur_admittance' returned '0': CMAKE_PREFIX_PATH=/home/chintu/ur_ws/install/ur_description:/home/chintu/ur_ws/install/ur_simulation_gazebo:/home/chintu/ur_ws/install/ur3e_spawn_gripper_moveit_config:/home/chintu/ur_ws/install/ur_sim:/home/chintu/ur_ws/install/robotiq_description:/home/chintu/ur_ws/install/robotiq_controllers:/home/chintu/traffic_ws/install/qcar_traffic:/home/chintu/traffic_ws/install/qcar_track:/home/chintu/traffic_ws/install/qcar_slam:/home/chintu/traffic_ws/install/qcar:/home/chintu/traffic_ws/install/qcar_yolo:/home/chintu/traffic_ws/install/qcar_cv:/opt/ros/humble /usr/bin/cmake /home/chintu/ur_ws/src/ur_admittance -DCMAKE_INSTALL_PREFIX=/home/chintu/ur_ws/install/ur_admittance
[0.400s] Invoking command in '/home/chintu/ur_ws/build/ur_admittance': CMAKE_PREFIX_PATH=/home/chintu/ur_ws/install/ur_description:/home/chintu/ur_ws/install/ur_simulation_gazebo:/home/chintu/ur_ws/install/ur3e_spawn_gripper_moveit_config:/home/chintu/ur_ws/install/ur_sim:/home/chintu/ur_ws/install/robotiq_description:/home/chintu/ur_ws/install/robotiq_controllers:/home/chintu/traffic_ws/install/qcar_traffic:/home/chintu/traffic_ws/install/qcar_track:/home/chintu/traffic_ws/install/qcar_slam:/home/chintu/traffic_ws/install/qcar:/home/chintu/traffic_ws/install/qcar_yolo:/home/chintu/traffic_ws/install/qcar_cv:/opt/ros/humble /usr/bin/cmake --build /home/chintu/ur_ws/build/ur_admittance -- -j8 -l8
[0.475s] Built target ament_cmake_python_copy_ur_admittance
[0.747s] running egg_info
[0.748s] creating ur_admittance.egg-info
[0.748s] writing ur_admittance.egg-info/PKG-INFO
[0.748s] writing dependency_links to ur_admittance.egg-info/dependency_links.txt
[0.748s] writing top-level names to ur_admittance.egg-info/top_level.txt
[0.748s] writing manifest file 'ur_admittance.egg-info/SOURCES.txt'
[0.751s] reading manifest file 'ur_admittance.egg-info/SOURCES.txt'
[0.751s] writing manifest file 'ur_admittance.egg-info/SOURCES.txt'
[0.791s] Built target ament_cmake_python_build_ur_admittance_egg
[0.805s] Invoked command in '/home/chintu/ur_ws/build/ur_admittance' returned '0': CMAKE_PREFIX_PATH=/home/chintu/ur_ws/install/ur_description:/home/chintu/ur_ws/install/ur_simulation_gazebo:/home/chintu/ur_ws/install/ur3e_spawn_gripper_moveit_config:/home/chintu/ur_ws/install/ur_sim:/home/chintu/ur_ws/install/robotiq_description:/home/chintu/ur_ws/install/robotiq_controllers:/home/chintu/traffic_ws/install/qcar_traffic:/home/chintu/traffic_ws/install/qcar_track:/home/chintu/traffic_ws/install/qcar_slam:/home/chintu/traffic_ws/install/qcar:/home/chintu/traffic_ws/install/qcar_yolo:/home/chintu/traffic_ws/install/qcar_cv:/opt/ros/humble /usr/bin/cmake --build /home/chintu/ur_ws/build/ur_admittance -- -j8 -l8
[0.818s] Invoking command in '/home/chintu/ur_ws/build/ur_admittance': CMAKE_PREFIX_PATH=/home/chintu/ur_ws/install/ur_description:/home/chintu/ur_ws/install/ur_simulation_gazebo:/home/chintu/ur_ws/install/ur3e_spawn_gripper_moveit_config:/home/chintu/ur_ws/install/ur_sim:/home/chintu/ur_ws/install/robotiq_description:/home/chintu/ur_ws/install/robotiq_controllers:/home/chintu/traffic_ws/install/qcar_traffic:/home/chintu/traffic_ws/install/qcar_track:/home/chintu/traffic_ws/install/qcar_slam:/home/chintu/traffic_ws/install/qcar:/home/chintu/traffic_ws/install/qcar_yolo:/home/chintu/traffic_ws/install/qcar_cv:/opt/ros/humble /usr/bin/cmake --install /home/chintu/ur_ws/build/ur_admittance
[0.828s] -- Install configuration: ""
[0.829s] -- Installing: /home/chintu/ur_ws/install/ur_admittance/share/ur_admittance/environment/pythonpath.sh
[0.829s] -- Installing: /home/chintu/ur_ws/install/ur_admittance/share/ur_admittance/environment/pythonpath.dsv
[0.829s] -- Installing: /home/chintu/ur_ws/install/ur_admittance/local/lib/python3.10/dist-packages/ur_admittance-0.0.1-py3.10.egg-info
[0.829s] -- Installing: /home/chintu/ur_ws/install/ur_admittance/local/lib/python3.10/dist-packages/ur_admittance-0.0.1-py3.10.egg-info/PKG-INFO
[0.829s] -- Installing: /home/chintu/ur_ws/install/ur_admittance/local/lib/python3.10/dist-packages/ur_admittance-0.0.1-py3.10.egg-info/dependency_links.txt
[0.830s] -- Installing: /home/chintu/ur_ws/install/ur_admittance/local/lib/python3.10/dist-packages/ur_admittance-0.0.1-py3.10.egg-info/SOURCES.txt
[0.830s] -- Installing: /home/chintu/ur_ws/install/ur_admittance/local/lib/python3.10/dist-packages/ur_admittance-0.0.1-py3.10.egg-info/top_level.txt
[0.830s] -- Installing: /home/chintu/ur_ws/install/ur_admittance/local/lib/python3.10/dist-packages/ur_admittance
[0.830s] -- Installing: /home/chintu/ur_ws/install/ur_admittance/local/lib/python3.10/dist-packages/ur_admittance/__init__.py
[0.866s] Listing '/home/chintu/ur_ws/install/ur_admittance/local/lib/python3.10/dist-packages/ur_admittance'...
[0.867s] Compiling '/home/chintu/ur_ws/install/ur_admittance/local/lib/python3.10/dist-packages/ur_admittance/__init__.py'...
[0.872s] -- Installing: /home/chintu/ur_ws/install/ur_admittance/lib/ur_admittance/admittance_controller.py
[0.872s] -- Installing: /home/chintu/ur_ws/install/ur_admittance/share/ur_admittance/launch
[0.872s] -- Installing: /home/chintu/ur_ws/install/ur_admittance/share/ur_admittance/launch/ur3e_admittance_control.launch.py
[0.873s] -- Installing: /home/chintu/ur_ws/install/ur_admittance/share/ur_admittance/config
[0.873s] -- Installing: /home/chintu/ur_ws/install/ur_admittance/share/ur_admittance/config/ur3e_controllers_gripper.yaml
[0.873s] -- Installing: /home/chintu/ur_ws/install/ur_admittance/share/ur_admittance/urdf
[0.873s] -- Installing: /home/chintu/ur_ws/install/ur_admittance/share/ur_admittance/urdf/ur3e_robot_with_ft.urdf.xacro
[0.873s] -- Installing: /home/chintu/ur_ws/install/ur_admittance/share/ur_admittance/urdf/ft_sensor_sim.ros2_control.xacro
[0.873s] -- Installing: /home/chintu/ur_ws/install/ur_admittance/share/ur_admittance/rviz
[0.873s] -- Installing: /home/chintu/ur_ws/install/ur_admittance/share/ur_admittance/rviz/ur3e_admittance.rviz
[0.874s] -- Installing: /home/chintu/ur_ws/install/ur_admittance/share/ament_index/resource_index/package_run_dependencies/ur_admittance
[0.874s] -- Installing: /home/chintu/ur_ws/install/ur_admittance/share/ament_index/resource_index/parent_prefix_path/ur_admittance
[0.874s] -- Installing: /home/chintu/ur_ws/install/ur_admittance/share/ur_admittance/environment/ament_prefix_path.sh
[0.874s] -- Installing: /home/chintu/ur_ws/install/ur_admittance/share/ur_admittance/environment/ament_prefix_path.dsv
[0.875s] -- Installing: /home/chintu/ur_ws/install/ur_admittance/share/ur_admittance/environment/path.sh
[0.875s] -- Installing: /home/chintu/ur_ws/install/ur_admittance/share/ur_admittance/environment/path.dsv
[0.875s] -- Installing: /home/chintu/ur_ws/install/ur_admittance/share/ur_admittance/local_setup.bash
[0.875s] -- Installing: /home/chintu/ur_ws/install/ur_admittance/share/ur_admittance/local_setup.sh
[0.875s] -- Installing: /home/chintu/ur_ws/install/ur_admittance/share/ur_admittance/local_setup.zsh
[0.875s] -- Installing: /home/chintu/ur_ws/install/ur_admittance/share/ur_admittance/local_setup.dsv
[0.876s] -- Installing: /home/chintu/ur_ws/install/ur_admittance/share/ur_admittance/package.dsv
[0.876s] -- Installing: /home/chintu/ur_ws/install/ur_admittance/share/ament_index/resource_index/packages/ur_admittance
[0.876s] -- Installing: /home/chintu/ur_ws/install/ur_admittance/share/ur_admittance/cmake/ur_admittanceConfig.cmake
[0.876s] -- Installing: /home/chintu/ur_ws/install/ur_admittance/share/ur_admittance/cmake/ur_admittanceConfig-version.cmake
[0.876s] -- Installing: /home/chintu/ur_ws/install/ur_admittance/share/ur_admittance/package.xml
[0.879s] Invoked command in '/home/chintu/ur_ws/build/ur_admittance' returned '0': CMAKE_PREFIX_PATH=/home/chintu/ur_ws/install/ur_description:/home/chintu/ur_ws/install/ur_simulation_gazebo:/home/chintu/ur_ws/install/ur3e_spawn_gripper_moveit_config:/home/chintu/ur_ws/install/ur_sim:/home/chintu/ur_ws/install/robotiq_description:/home/chintu/ur_ws/install/robotiq_controllers:/home/chintu/traffic_ws/install/qcar_traffic:/home/chintu/traffic_ws/install/qcar_track:/home/chintu/traffic_ws/install/qcar_slam:/home/chintu/traffic_ws/install/qcar:/home/chintu/traffic_ws/install/qcar_yolo:/home/chintu/traffic_ws/install/qcar_cv:/opt/ros/humble /usr/bin/cmake --install /home/chintu/ur_ws/build/ur_admittance
