[0.129s] DEBUG:colcon:Command line arguments: ['/usr/bin/colcon', 'build', '--symlink-install']
[0.130s] DEBUG:colcon:Parsed command line arguments: Namespace(log_base=None, log_level=None, verb_name='build', build_base='build', install_base='install', merge_install=False, symlink_install=True, test_result_base=None, continue_on_error=False, executor='parallel', parallel_workers=8, event_handlers=None, ignore_user_meta=False, metas=['./colcon.meta'], base_paths=['.'], packages_ignore=None, packages_ignore_regex=None, paths=None, packages_up_to=None, packages_up_to_regex=None, packages_above=None, packages_above_and_dependencies=None, packages_above_depth=None, packages_select_by_dep=None, packages_skip_by_dep=None, packages_skip_up_to=None, packages_select_build_failed=False, packages_skip_build_finished=False, packages_select_test_failures=False, packages_skip_test_passed=False, packages_select=None, packages_skip=None, packages_select_regex=None, packages_skip_regex=None, packages_start=None, packages_end=None, allow_overriding=[], cmake_args=None, cmake_target=None, cmake_target_skip_unavailable=False, cmake_clean_cache=False, cmake_clean_first=False, cmake_force_configure=False, ament_cmake_args=None, catkin_cmake_args=None, catkin_skip_building_tests=False, mixin_files=None, mixin=None, verb_parser=<colcon_mixin.mixin.mixin_argument.MixinArgumentDecorator object at 0x713b2096b910>, verb_extension=<colcon_core.verb.build.BuildVerb object at 0x713b20925150>, main=<bound method BuildVerb.main of <colcon_core.verb.build.BuildVerb object at 0x713b20925150>>, mixin_verb=('build',))
[0.310s] Level 1:colcon.colcon_core.package_discovery:discover_packages(colcon_meta) check parameters
[0.310s] Level 1:colcon.colcon_core.package_discovery:discover_packages(recursive) check parameters
[0.310s] Level 1:colcon.colcon_core.package_discovery:discover_packages(ignore) check parameters
[0.310s] Level 1:colcon.colcon_core.package_discovery:discover_packages(path) check parameters
[0.310s] Level 1:colcon.colcon_core.package_discovery:discover_packages(colcon_meta) discover
[0.310s] Level 1:colcon.colcon_core.package_discovery:discover_packages(recursive) discover
[0.310s] INFO:colcon.colcon_core.package_discovery:Crawling recursively for packages in '/home/chintu/ur_ws'
[0.310s] Level 1:colcon.colcon_core.package_identification:_identify(.) by extensions ['ignore', 'ignore_ament_install']
[0.311s] Level 1:colcon.colcon_core.package_identification:_identify(.) by extension 'ignore'
[0.311s] Level 1:colcon.colcon_core.package_identification:_identify(.) by extension 'ignore_ament_install'
[0.311s] Level 1:colcon.colcon_core.package_identification:_identify(.) by extensions ['colcon_pkg']
[0.311s] Level 1:colcon.colcon_core.package_identification:_identify(.) by extension 'colcon_pkg'
[0.311s] Level 1:colcon.colcon_core.package_identification:_identify(.) by extensions ['colcon_meta']
[0.311s] Level 1:colcon.colcon_core.package_identification:_identify(.) by extension 'colcon_meta'
[0.311s] Level 1:colcon.colcon_core.package_identification:_identify(.) by extensions ['ros']
[0.311s] Level 1:colcon.colcon_core.package_identification:_identify(.) by extension 'ros'
[0.342s] Level 1:colcon.colcon_core.package_identification:_identify(.) by extensions ['cmake', 'python']
[0.343s] Level 1:colcon.colcon_core.package_identification:_identify(.) by extension 'cmake'
[0.343s] Level 1:colcon.colcon_core.package_identification:_identify(.) by extension 'python'
[0.343s] Level 1:colcon.colcon_core.package_identification:_identify(.) by extensions ['python_setup_py']
[0.343s] Level 1:colcon.colcon_core.package_identification:_identify(.) by extension 'python_setup_py'
[0.343s] Level 1:colcon.colcon_core.package_identification:_identify(build) by extensions ['ignore', 'ignore_ament_install']
[0.343s] Level 1:colcon.colcon_core.package_identification:_identify(build) by extension 'ignore'
[0.343s] Level 1:colcon.colcon_core.package_identification:_identify(build) ignored
[0.343s] Level 1:colcon.colcon_core.package_identification:_identify(install) by extensions ['ignore', 'ignore_ament_install']
[0.343s] Level 1:colcon.colcon_core.package_identification:_identify(install) by extension 'ignore'
[0.343s] Level 1:colcon.colcon_core.package_identification:_identify(install) ignored
[0.343s] Level 1:colcon.colcon_core.package_identification:_identify(log) by extensions ['ignore', 'ignore_ament_install']
[0.343s] Level 1:colcon.colcon_core.package_identification:_identify(log) by extension 'ignore'
[0.343s] Level 1:colcon.colcon_core.package_identification:_identify(log) ignored
[0.343s] Level 1:colcon.colcon_core.package_identification:_identify(src) by extensions ['ignore', 'ignore_ament_install']
[0.344s] Level 1:colcon.colcon_core.package_identification:_identify(src) by extension 'ignore'
[0.344s] Level 1:colcon.colcon_core.package_identification:_identify(src) by extension 'ignore_ament_install'
[0.344s] Level 1:colcon.colcon_core.package_identification:_identify(src) by extensions ['colcon_pkg']
[0.344s] Level 1:colcon.colcon_core.package_identification:_identify(src) by extension 'colcon_pkg'
[0.344s] Level 1:colcon.colcon_core.package_identification:_identify(src) by extensions ['colcon_meta']
[0.344s] Level 1:colcon.colcon_core.package_identification:_identify(src) by extension 'colcon_meta'
[0.344s] Level 1:colcon.colcon_core.package_identification:_identify(src) by extensions ['ros']
[0.344s] Level 1:colcon.colcon_core.package_identification:_identify(src) by extension 'ros'
[0.344s] Level 1:colcon.colcon_core.package_identification:_identify(src) by extensions ['cmake', 'python']
[0.344s] Level 1:colcon.colcon_core.package_identification:_identify(src) by extension 'cmake'
[0.344s] Level 1:colcon.colcon_core.package_identification:_identify(src) by extension 'python'
[0.344s] Level 1:colcon.colcon_core.package_identification:_identify(src) by extensions ['python_setup_py']
[0.344s] Level 1:colcon.colcon_core.package_identification:_identify(src) by extension 'python_setup_py'
[0.344s] Level 1:colcon.colcon_core.package_identification:_identify(src/Universal_Robots_ROS2_Description) by extensions ['ignore', 'ignore_ament_install']
[0.344s] Level 1:colcon.colcon_core.package_identification:_identify(src/Universal_Robots_ROS2_Description) by extension 'ignore'
[0.344s] Level 1:colcon.colcon_core.package_identification:_identify(src/Universal_Robots_ROS2_Description) by extension 'ignore_ament_install'
[0.344s] Level 1:colcon.colcon_core.package_identification:_identify(src/Universal_Robots_ROS2_Description) by extensions ['colcon_pkg']
[0.344s] Level 1:colcon.colcon_core.package_identification:_identify(src/Universal_Robots_ROS2_Description) by extension 'colcon_pkg'
[0.344s] Level 1:colcon.colcon_core.package_identification:_identify(src/Universal_Robots_ROS2_Description) by extensions ['colcon_meta']
[0.344s] Level 1:colcon.colcon_core.package_identification:_identify(src/Universal_Robots_ROS2_Description) by extension 'colcon_meta'
[0.344s] Level 1:colcon.colcon_core.package_identification:_identify(src/Universal_Robots_ROS2_Description) by extensions ['ros']
[0.344s] Level 1:colcon.colcon_core.package_identification:_identify(src/Universal_Robots_ROS2_Description) by extension 'ros'
[0.347s] DEBUG:colcon.colcon_core.package_identification:Package 'src/Universal_Robots_ROS2_Description' with type 'ros.ament_cmake' and name 'ur_description'
[0.347s] Level 1:colcon.colcon_core.package_identification:_identify(src/Universal_Robots_ROS2_Gazebo_Simulation) by extensions ['ignore', 'ignore_ament_install']
[0.347s] Level 1:colcon.colcon_core.package_identification:_identify(src/Universal_Robots_ROS2_Gazebo_Simulation) by extension 'ignore'
[0.347s] Level 1:colcon.colcon_core.package_identification:_identify(src/Universal_Robots_ROS2_Gazebo_Simulation) by extension 'ignore_ament_install'
[0.347s] Level 1:colcon.colcon_core.package_identification:_identify(src/Universal_Robots_ROS2_Gazebo_Simulation) by extensions ['colcon_pkg']
[0.347s] Level 1:colcon.colcon_core.package_identification:_identify(src/Universal_Robots_ROS2_Gazebo_Simulation) by extension 'colcon_pkg'
[0.347s] Level 1:colcon.colcon_core.package_identification:_identify(src/Universal_Robots_ROS2_Gazebo_Simulation) by extensions ['colcon_meta']
[0.347s] Level 1:colcon.colcon_core.package_identification:_identify(src/Universal_Robots_ROS2_Gazebo_Simulation) by extension 'colcon_meta'
[0.347s] Level 1:colcon.colcon_core.package_identification:_identify(src/Universal_Robots_ROS2_Gazebo_Simulation) by extensions ['ros']
[0.347s] Level 1:colcon.colcon_core.package_identification:_identify(src/Universal_Robots_ROS2_Gazebo_Simulation) by extension 'ros'
[0.348s] Level 1:colcon.colcon_core.package_identification:_identify(src/Universal_Robots_ROS2_Gazebo_Simulation) by extensions ['cmake', 'python']
[0.348s] Level 1:colcon.colcon_core.package_identification:_identify(src/Universal_Robots_ROS2_Gazebo_Simulation) by extension 'cmake'
[0.348s] Level 1:colcon.colcon_core.package_identification:_identify(src/Universal_Robots_ROS2_Gazebo_Simulation) by extension 'python'
[0.348s] Level 1:colcon.colcon_core.package_identification:_identify(src/Universal_Robots_ROS2_Gazebo_Simulation) by extensions ['python_setup_py']
[0.348s] Level 1:colcon.colcon_core.package_identification:_identify(src/Universal_Robots_ROS2_Gazebo_Simulation) by extension 'python_setup_py'
[0.348s] Level 1:colcon.colcon_core.package_identification:_identify(src/Universal_Robots_ROS2_Gazebo_Simulation/ur_simulation_gazebo) by extensions ['ignore', 'ignore_ament_install']
[0.348s] Level 1:colcon.colcon_core.package_identification:_identify(src/Universal_Robots_ROS2_Gazebo_Simulation/ur_simulation_gazebo) by extension 'ignore'
[0.348s] Level 1:colcon.colcon_core.package_identification:_identify(src/Universal_Robots_ROS2_Gazebo_Simulation/ur_simulation_gazebo) by extension 'ignore_ament_install'
[0.348s] Level 1:colcon.colcon_core.package_identification:_identify(src/Universal_Robots_ROS2_Gazebo_Simulation/ur_simulation_gazebo) by extensions ['colcon_pkg']
[0.348s] Level 1:colcon.colcon_core.package_identification:_identify(src/Universal_Robots_ROS2_Gazebo_Simulation/ur_simulation_gazebo) by extension 'colcon_pkg'
[0.348s] Level 1:colcon.colcon_core.package_identification:_identify(src/Universal_Robots_ROS2_Gazebo_Simulation/ur_simulation_gazebo) by extensions ['colcon_meta']
[0.348s] Level 1:colcon.colcon_core.package_identification:_identify(src/Universal_Robots_ROS2_Gazebo_Simulation/ur_simulation_gazebo) by extension 'colcon_meta'
[0.348s] Level 1:colcon.colcon_core.package_identification:_identify(src/Universal_Robots_ROS2_Gazebo_Simulation/ur_simulation_gazebo) by extensions ['ros']
[0.348s] Level 1:colcon.colcon_core.package_identification:_identify(src/Universal_Robots_ROS2_Gazebo_Simulation/ur_simulation_gazebo) by extension 'ros'
[0.349s] DEBUG:colcon.colcon_core.package_identification:Package 'src/Universal_Robots_ROS2_Gazebo_Simulation/ur_simulation_gazebo' with type 'ros.ament_cmake' and name 'ur_simulation_gazebo'
[0.349s] Level 1:colcon.colcon_core.package_identification:_identify(src/build) by extensions ['ignore', 'ignore_ament_install']
[0.349s] Level 1:colcon.colcon_core.package_identification:_identify(src/build) by extension 'ignore'
[0.349s] Level 1:colcon.colcon_core.package_identification:_identify(src/build) ignored
[0.349s] Level 1:colcon.colcon_core.package_identification:_identify(src/install) by extensions ['ignore', 'ignore_ament_install']
[0.349s] Level 1:colcon.colcon_core.package_identification:_identify(src/install) by extension 'ignore'
[0.349s] Level 1:colcon.colcon_core.package_identification:_identify(src/install) ignored
[0.349s] Level 1:colcon.colcon_core.package_identification:_identify(src/log) by extensions ['ignore', 'ignore_ament_install']
[0.349s] Level 1:colcon.colcon_core.package_identification:_identify(src/log) by extension 'ignore'
[0.349s] Level 1:colcon.colcon_core.package_identification:_identify(src/log) ignored
[0.349s] Level 1:colcon.colcon_core.package_identification:_identify(src/ros2_robotiq_gripper) by extensions ['ignore', 'ignore_ament_install']
[0.349s] Level 1:colcon.colcon_core.package_identification:_identify(src/ros2_robotiq_gripper) by extension 'ignore'
[0.350s] Level 1:colcon.colcon_core.package_identification:_identify(src/ros2_robotiq_gripper) by extension 'ignore_ament_install'
[0.350s] Level 1:colcon.colcon_core.package_identification:_identify(src/ros2_robotiq_gripper) by extensions ['colcon_pkg']
[0.350s] Level 1:colcon.colcon_core.package_identification:_identify(src/ros2_robotiq_gripper) by extension 'colcon_pkg'
[0.350s] Level 1:colcon.colcon_core.package_identification:_identify(src/ros2_robotiq_gripper) by extensions ['colcon_meta']
[0.350s] Level 1:colcon.colcon_core.package_identification:_identify(src/ros2_robotiq_gripper) by extension 'colcon_meta'
[0.350s] Level 1:colcon.colcon_core.package_identification:_identify(src/ros2_robotiq_gripper) by extensions ['ros']
[0.350s] Level 1:colcon.colcon_core.package_identification:_identify(src/ros2_robotiq_gripper) by extension 'ros'
[0.350s] Level 1:colcon.colcon_core.package_identification:_identify(src/ros2_robotiq_gripper) by extensions ['cmake', 'python']
[0.350s] Level 1:colcon.colcon_core.package_identification:_identify(src/ros2_robotiq_gripper) by extension 'cmake'
[0.350s] Level 1:colcon.colcon_core.package_identification:_identify(src/ros2_robotiq_gripper) by extension 'python'
[0.350s] Level 1:colcon.colcon_core.package_identification:_identify(src/ros2_robotiq_gripper) by extensions ['python_setup_py']
[0.350s] Level 1:colcon.colcon_core.package_identification:_identify(src/ros2_robotiq_gripper) by extension 'python_setup_py'
[0.350s] Level 1:colcon.colcon_core.package_identification:_identify(src/ros2_robotiq_gripper/robotiq_controllers) by extensions ['ignore', 'ignore_ament_install']
[0.350s] Level 1:colcon.colcon_core.package_identification:_identify(src/ros2_robotiq_gripper/robotiq_controllers) by extension 'ignore'
[0.350s] Level 1:colcon.colcon_core.package_identification:_identify(src/ros2_robotiq_gripper/robotiq_controllers) by extension 'ignore_ament_install'
[0.350s] Level 1:colcon.colcon_core.package_identification:_identify(src/ros2_robotiq_gripper/robotiq_controllers) by extensions ['colcon_pkg']
[0.350s] Level 1:colcon.colcon_core.package_identification:_identify(src/ros2_robotiq_gripper/robotiq_controllers) by extension 'colcon_pkg'
[0.350s] Level 1:colcon.colcon_core.package_identification:_identify(src/ros2_robotiq_gripper/robotiq_controllers) by extensions ['colcon_meta']
[0.350s] Level 1:colcon.colcon_core.package_identification:_identify(src/ros2_robotiq_gripper/robotiq_controllers) by extension 'colcon_meta'
[0.350s] Level 1:colcon.colcon_core.package_identification:_identify(src/ros2_robotiq_gripper/robotiq_controllers) by extensions ['ros']
[0.350s] Level 1:colcon.colcon_core.package_identification:_identify(src/ros2_robotiq_gripper/robotiq_controllers) by extension 'ros'
[0.351s] DEBUG:colcon.colcon_core.package_identification:Package 'src/ros2_robotiq_gripper/robotiq_controllers' with type 'ros.ament_cmake' and name 'robotiq_controllers'
[0.351s] Level 1:colcon.colcon_core.package_identification:_identify(src/ros2_robotiq_gripper/robotiq_description) by extensions ['ignore', 'ignore_ament_install']
[0.351s] Level 1:colcon.colcon_core.package_identification:_identify(src/ros2_robotiq_gripper/robotiq_description) by extension 'ignore'
[0.351s] Level 1:colcon.colcon_core.package_identification:_identify(src/ros2_robotiq_gripper/robotiq_description) by extension 'ignore_ament_install'
[0.351s] Level 1:colcon.colcon_core.package_identification:_identify(src/ros2_robotiq_gripper/robotiq_description) by extensions ['colcon_pkg']
[0.351s] Level 1:colcon.colcon_core.package_identification:_identify(src/ros2_robotiq_gripper/robotiq_description) by extension 'colcon_pkg'
[0.351s] Level 1:colcon.colcon_core.package_identification:_identify(src/ros2_robotiq_gripper/robotiq_description) by extensions ['colcon_meta']
[0.351s] Level 1:colcon.colcon_core.package_identification:_identify(src/ros2_robotiq_gripper/robotiq_description) by extension 'colcon_meta'
[0.351s] Level 1:colcon.colcon_core.package_identification:_identify(src/ros2_robotiq_gripper/robotiq_description) by extensions ['ros']
[0.351s] Level 1:colcon.colcon_core.package_identification:_identify(src/ros2_robotiq_gripper/robotiq_description) by extension 'ros'
[0.352s] DEBUG:colcon.colcon_core.package_identification:Package 'src/ros2_robotiq_gripper/robotiq_description' with type 'ros.ament_cmake' and name 'robotiq_description'
[0.352s] Level 1:colcon.colcon_core.package_identification:_identify(src/ur3e_spawn_gripper_moveit_config) by extensions ['ignore', 'ignore_ament_install']
[0.352s] Level 1:colcon.colcon_core.package_identification:_identify(src/ur3e_spawn_gripper_moveit_config) by extension 'ignore'
[0.352s] Level 1:colcon.colcon_core.package_identification:_identify(src/ur3e_spawn_gripper_moveit_config) by extension 'ignore_ament_install'
[0.352s] Level 1:colcon.colcon_core.package_identification:_identify(src/ur3e_spawn_gripper_moveit_config) by extensions ['colcon_pkg']
[0.352s] Level 1:colcon.colcon_core.package_identification:_identify(src/ur3e_spawn_gripper_moveit_config) by extension 'colcon_pkg'
[0.352s] Level 1:colcon.colcon_core.package_identification:_identify(src/ur3e_spawn_gripper_moveit_config) by extensions ['colcon_meta']
[0.352s] Level 1:colcon.colcon_core.package_identification:_identify(src/ur3e_spawn_gripper_moveit_config) by extension 'colcon_meta'
[0.352s] Level 1:colcon.colcon_core.package_identification:_identify(src/ur3e_spawn_gripper_moveit_config) by extensions ['ros']
[0.352s] Level 1:colcon.colcon_core.package_identification:_identify(src/ur3e_spawn_gripper_moveit_config) by extension 'ros'
[0.353s] DEBUG:colcon.colcon_core.package_identification:Package 'src/ur3e_spawn_gripper_moveit_config' with type 'ros.ament_cmake' and name 'ur3e_spawn_gripper_moveit_config'
[0.353s] Level 1:colcon.colcon_core.package_identification:_identify(src/ur_description) by extensions ['ignore', 'ignore_ament_install']
[0.353s] Level 1:colcon.colcon_core.package_identification:_identify(src/ur_description) by extension 'ignore'
[0.353s] Level 1:colcon.colcon_core.package_identification:_identify(src/ur_description) by extension 'ignore_ament_install'
[0.353s] Level 1:colcon.colcon_core.package_identification:_identify(src/ur_description) by extensions ['colcon_pkg']
[0.353s] Level 1:colcon.colcon_core.package_identification:_identify(src/ur_description) by extension 'colcon_pkg'
[0.353s] Level 1:colcon.colcon_core.package_identification:_identify(src/ur_description) by extensions ['colcon_meta']
[0.353s] Level 1:colcon.colcon_core.package_identification:_identify(src/ur_description) by extension 'colcon_meta'
[0.354s] Level 1:colcon.colcon_core.package_identification:_identify(src/ur_description) by extensions ['ros']
[0.354s] Level 1:colcon.colcon_core.package_identification:_identify(src/ur_description) by extension 'ros'
[0.354s] Level 1:colcon.colcon_core.package_identification:_identify(src/ur_description) by extensions ['cmake', 'python']
[0.354s] Level 1:colcon.colcon_core.package_identification:_identify(src/ur_description) by extension 'cmake'
[0.354s] Level 1:colcon.colcon_core.package_identification:_identify(src/ur_description) by extension 'python'
[0.354s] Level 1:colcon.colcon_core.package_identification:_identify(src/ur_description) by extensions ['python_setup_py']
[0.354s] Level 1:colcon.colcon_core.package_identification:_identify(src/ur_description) by extension 'python_setup_py'
[0.354s] Level 1:colcon.colcon_core.package_identification:_identify(src/ur_description/urdf) by extensions ['ignore', 'ignore_ament_install']
[0.354s] Level 1:colcon.colcon_core.package_identification:_identify(src/ur_description/urdf) by extension 'ignore'
[0.354s] Level 1:colcon.colcon_core.package_identification:_identify(src/ur_description/urdf) by extension 'ignore_ament_install'
[0.354s] Level 1:colcon.colcon_core.package_identification:_identify(src/ur_description/urdf) by extensions ['colcon_pkg']
[0.354s] Level 1:colcon.colcon_core.package_identification:_identify(src/ur_description/urdf) by extension 'colcon_pkg'
[0.354s] Level 1:colcon.colcon_core.package_identification:_identify(src/ur_description/urdf) by extensions ['colcon_meta']
[0.354s] Level 1:colcon.colcon_core.package_identification:_identify(src/ur_description/urdf) by extension 'colcon_meta'
[0.354s] Level 1:colcon.colcon_core.package_identification:_identify(src/ur_description/urdf) by extensions ['ros']
[0.354s] Level 1:colcon.colcon_core.package_identification:_identify(src/ur_description/urdf) by extension 'ros'
[0.354s] Level 1:colcon.colcon_core.package_identification:_identify(src/ur_description/urdf) by extensions ['cmake', 'python']
[0.354s] Level 1:colcon.colcon_core.package_identification:_identify(src/ur_description/urdf) by extension 'cmake'
[0.354s] Level 1:colcon.colcon_core.package_identification:_identify(src/ur_description/urdf) by extension 'python'
[0.354s] Level 1:colcon.colcon_core.package_identification:_identify(src/ur_description/urdf) by extensions ['python_setup_py']
[0.354s] Level 1:colcon.colcon_core.package_identification:_identify(src/ur_description/urdf) by extension 'python_setup_py'
[0.354s] Level 1:colcon.colcon_core.package_identification:_identify(src/ur_sim) by extensions ['ignore', 'ignore_ament_install']
[0.354s] Level 1:colcon.colcon_core.package_identification:_identify(src/ur_sim) by extension 'ignore'
[0.354s] Level 1:colcon.colcon_core.package_identification:_identify(src/ur_sim) by extension 'ignore_ament_install'
[0.355s] Level 1:colcon.colcon_core.package_identification:_identify(src/ur_sim) by extensions ['colcon_pkg']
[0.355s] Level 1:colcon.colcon_core.package_identification:_identify(src/ur_sim) by extension 'colcon_pkg'
[0.355s] Level 1:colcon.colcon_core.package_identification:_identify(src/ur_sim) by extensions ['colcon_meta']
[0.355s] Level 1:colcon.colcon_core.package_identification:_identify(src/ur_sim) by extension 'colcon_meta'
[0.355s] Level 1:colcon.colcon_core.package_identification:_identify(src/ur_sim) by extensions ['ros']
[0.355s] Level 1:colcon.colcon_core.package_identification:_identify(src/ur_sim) by extension 'ros'
[0.356s] DEBUG:colcon.colcon_core.package_identification:Package 'src/ur_sim' with type 'ros.ament_cmake' and name 'ur_sim'
[0.356s] Level 1:colcon.colcon_core.package_discovery:discover_packages(recursive) using defaults
[0.356s] Level 1:colcon.colcon_core.package_discovery:discover_packages(ignore) discover
[0.356s] Level 1:colcon.colcon_core.package_discovery:discover_packages(ignore) using defaults
[0.356s] Level 1:colcon.colcon_core.package_discovery:discover_packages(path) discover
[0.356s] Level 1:colcon.colcon_core.package_discovery:discover_packages(path) using defaults
[0.374s] Level 1:colcon.colcon_core.package_discovery:discover_packages(prefix_path) check parameters
[0.375s] Level 1:colcon.colcon_core.package_discovery:discover_packages(prefix_path) discover
[0.376s] DEBUG:colcon.colcon_installed_package_information.package_discovery:Found 6 installed packages in /home/chintu/traffic_ws/install
[0.378s] DEBUG:colcon.colcon_installed_package_information.package_discovery:Found 450 installed packages in /opt/ros/humble
[0.380s] Level 1:colcon.colcon_core.package_discovery:discover_packages(prefix_path) using defaults
[0.428s] Level 5:colcon.colcon_core.verb:set package 'robotiq_controllers' build argument 'cmake_args' from command line to 'None'
[0.428s] Level 5:colcon.colcon_core.verb:set package 'robotiq_controllers' build argument 'cmake_target' from command line to 'None'
[0.428s] Level 5:colcon.colcon_core.verb:set package 'robotiq_controllers' build argument 'cmake_target_skip_unavailable' from command line to 'False'
[0.428s] Level 5:colcon.colcon_core.verb:set package 'robotiq_controllers' build argument 'cmake_clean_cache' from command line to 'False'
[0.429s] Level 5:colcon.colcon_core.verb:set package 'robotiq_controllers' build argument 'cmake_clean_first' from command line to 'False'
[0.429s] Level 5:colcon.colcon_core.verb:set package 'robotiq_controllers' build argument 'cmake_force_configure' from command line to 'False'
[0.429s] Level 5:colcon.colcon_core.verb:set package 'robotiq_controllers' build argument 'ament_cmake_args' from command line to 'None'
[0.429s] Level 5:colcon.colcon_core.verb:set package 'robotiq_controllers' build argument 'catkin_cmake_args' from command line to 'None'
[0.429s] Level 5:colcon.colcon_core.verb:set package 'robotiq_controllers' build argument 'catkin_skip_building_tests' from command line to 'False'
[0.429s] DEBUG:colcon.colcon_core.verb:Building package 'robotiq_controllers' with the following arguments: {'ament_cmake_args': None, 'build_base': '/home/chintu/ur_ws/build/robotiq_controllers', 'catkin_cmake_args': None, 'catkin_skip_building_tests': False, 'cmake_args': None, 'cmake_clean_cache': False, 'cmake_clean_first': False, 'cmake_force_configure': False, 'cmake_target': None, 'cmake_target_skip_unavailable': False, 'install_base': '/home/chintu/ur_ws/install/robotiq_controllers', 'merge_install': False, 'path': '/home/chintu/ur_ws/src/ros2_robotiq_gripper/robotiq_controllers', 'symlink_install': True, 'test_result_base': None}
[0.429s] Level 5:colcon.colcon_core.verb:set package 'robotiq_description' build argument 'cmake_args' from command line to 'None'
[0.429s] Level 5:colcon.colcon_core.verb:set package 'robotiq_description' build argument 'cmake_target' from command line to 'None'
[0.429s] Level 5:colcon.colcon_core.verb:set package 'robotiq_description' build argument 'cmake_target_skip_unavailable' from command line to 'False'
[0.429s] Level 5:colcon.colcon_core.verb:set package 'robotiq_description' build argument 'cmake_clean_cache' from command line to 'False'
[0.429s] Level 5:colcon.colcon_core.verb:set package 'robotiq_description' build argument 'cmake_clean_first' from command line to 'False'
[0.429s] Level 5:colcon.colcon_core.verb:set package 'robotiq_description' build argument 'cmake_force_configure' from command line to 'False'
[0.429s] Level 5:colcon.colcon_core.verb:set package 'robotiq_description' build argument 'ament_cmake_args' from command line to 'None'
[0.429s] Level 5:colcon.colcon_core.verb:set package 'robotiq_description' build argument 'catkin_cmake_args' from command line to 'None'
[0.429s] Level 5:colcon.colcon_core.verb:set package 'robotiq_description' build argument 'catkin_skip_building_tests' from command line to 'False'
[0.429s] DEBUG:colcon.colcon_core.verb:Building package 'robotiq_description' with the following arguments: {'ament_cmake_args': None, 'build_base': '/home/chintu/ur_ws/build/robotiq_description', 'catkin_cmake_args': None, 'catkin_skip_building_tests': False, 'cmake_args': None, 'cmake_clean_cache': False, 'cmake_clean_first': False, 'cmake_force_configure': False, 'cmake_target': None, 'cmake_target_skip_unavailable': False, 'install_base': '/home/chintu/ur_ws/install/robotiq_description', 'merge_install': False, 'path': '/home/chintu/ur_ws/src/ros2_robotiq_gripper/robotiq_description', 'symlink_install': True, 'test_result_base': None}
[0.429s] Level 5:colcon.colcon_core.verb:set package 'ur_description' build argument 'cmake_args' from command line to 'None'
[0.430s] Level 5:colcon.colcon_core.verb:set package 'ur_description' build argument 'cmake_target' from command line to 'None'
[0.430s] Level 5:colcon.colcon_core.verb:set package 'ur_description' build argument 'cmake_target_skip_unavailable' from command line to 'False'
[0.430s] Level 5:colcon.colcon_core.verb:set package 'ur_description' build argument 'cmake_clean_cache' from command line to 'False'
[0.430s] Level 5:colcon.colcon_core.verb:set package 'ur_description' build argument 'cmake_clean_first' from command line to 'False'
[0.430s] Level 5:colcon.colcon_core.verb:set package 'ur_description' build argument 'cmake_force_configure' from command line to 'False'
[0.430s] Level 5:colcon.colcon_core.verb:set package 'ur_description' build argument 'ament_cmake_args' from command line to 'None'
[0.430s] Level 5:colcon.colcon_core.verb:set package 'ur_description' build argument 'catkin_cmake_args' from command line to 'None'
[0.430s] Level 5:colcon.colcon_core.verb:set package 'ur_description' build argument 'catkin_skip_building_tests' from command line to 'False'
[0.430s] DEBUG:colcon.colcon_core.verb:Building package 'ur_description' with the following arguments: {'ament_cmake_args': None, 'build_base': '/home/chintu/ur_ws/build/ur_description', 'catkin_cmake_args': None, 'catkin_skip_building_tests': False, 'cmake_args': None, 'cmake_clean_cache': False, 'cmake_clean_first': False, 'cmake_force_configure': False, 'cmake_target': None, 'cmake_target_skip_unavailable': False, 'install_base': '/home/chintu/ur_ws/install/ur_description', 'merge_install': False, 'path': '/home/chintu/ur_ws/src/Universal_Robots_ROS2_Description', 'symlink_install': True, 'test_result_base': None}
[0.430s] Level 5:colcon.colcon_core.verb:set package 'ur_sim' build argument 'cmake_args' from command line to 'None'
[0.430s] Level 5:colcon.colcon_core.verb:set package 'ur_sim' build argument 'cmake_target' from command line to 'None'
[0.430s] Level 5:colcon.colcon_core.verb:set package 'ur_sim' build argument 'cmake_target_skip_unavailable' from command line to 'False'
[0.430s] Level 5:colcon.colcon_core.verb:set package 'ur_sim' build argument 'cmake_clean_cache' from command line to 'False'
[0.430s] Level 5:colcon.colcon_core.verb:set package 'ur_sim' build argument 'cmake_clean_first' from command line to 'False'
[0.430s] Level 5:colcon.colcon_core.verb:set package 'ur_sim' build argument 'cmake_force_configure' from command line to 'False'
[0.430s] Level 5:colcon.colcon_core.verb:set package 'ur_sim' build argument 'ament_cmake_args' from command line to 'None'
[0.430s] Level 5:colcon.colcon_core.verb:set package 'ur_sim' build argument 'catkin_cmake_args' from command line to 'None'
[0.430s] Level 5:colcon.colcon_core.verb:set package 'ur_sim' build argument 'catkin_skip_building_tests' from command line to 'False'
[0.430s] DEBUG:colcon.colcon_core.verb:Building package 'ur_sim' with the following arguments: {'ament_cmake_args': None, 'build_base': '/home/chintu/ur_ws/build/ur_sim', 'catkin_cmake_args': None, 'catkin_skip_building_tests': False, 'cmake_args': None, 'cmake_clean_cache': False, 'cmake_clean_first': False, 'cmake_force_configure': False, 'cmake_target': None, 'cmake_target_skip_unavailable': False, 'install_base': '/home/chintu/ur_ws/install/ur_sim', 'merge_install': False, 'path': '/home/chintu/ur_ws/src/ur_sim', 'symlink_install': True, 'test_result_base': None}
[0.430s] Level 5:colcon.colcon_core.verb:set package 'ur3e_spawn_gripper_moveit_config' build argument 'cmake_args' from command line to 'None'
[0.431s] Level 5:colcon.colcon_core.verb:set package 'ur3e_spawn_gripper_moveit_config' build argument 'cmake_target' from command line to 'None'
[0.431s] Level 5:colcon.colcon_core.verb:set package 'ur3e_spawn_gripper_moveit_config' build argument 'cmake_target_skip_unavailable' from command line to 'False'
[0.431s] Level 5:colcon.colcon_core.verb:set package 'ur3e_spawn_gripper_moveit_config' build argument 'cmake_clean_cache' from command line to 'False'
[0.431s] Level 5:colcon.colcon_core.verb:set package 'ur3e_spawn_gripper_moveit_config' build argument 'cmake_clean_first' from command line to 'False'
[0.431s] Level 5:colcon.colcon_core.verb:set package 'ur3e_spawn_gripper_moveit_config' build argument 'cmake_force_configure' from command line to 'False'
[0.431s] Level 5:colcon.colcon_core.verb:set package 'ur3e_spawn_gripper_moveit_config' build argument 'ament_cmake_args' from command line to 'None'
[0.431s] Level 5:colcon.colcon_core.verb:set package 'ur3e_spawn_gripper_moveit_config' build argument 'catkin_cmake_args' from command line to 'None'
[0.431s] Level 5:colcon.colcon_core.verb:set package 'ur3e_spawn_gripper_moveit_config' build argument 'catkin_skip_building_tests' from command line to 'False'
[0.431s] DEBUG:colcon.colcon_core.verb:Building package 'ur3e_spawn_gripper_moveit_config' with the following arguments: {'ament_cmake_args': None, 'build_base': '/home/chintu/ur_ws/build/ur3e_spawn_gripper_moveit_config', 'catkin_cmake_args': None, 'catkin_skip_building_tests': False, 'cmake_args': None, 'cmake_clean_cache': False, 'cmake_clean_first': False, 'cmake_force_configure': False, 'cmake_target': None, 'cmake_target_skip_unavailable': False, 'install_base': '/home/chintu/ur_ws/install/ur3e_spawn_gripper_moveit_config', 'merge_install': False, 'path': '/home/chintu/ur_ws/src/ur3e_spawn_gripper_moveit_config', 'symlink_install': True, 'test_result_base': None}
[0.431s] Level 5:colcon.colcon_core.verb:set package 'ur_simulation_gazebo' build argument 'cmake_args' from command line to 'None'
[0.431s] Level 5:colcon.colcon_core.verb:set package 'ur_simulation_gazebo' build argument 'cmake_target' from command line to 'None'
[0.431s] Level 5:colcon.colcon_core.verb:set package 'ur_simulation_gazebo' build argument 'cmake_target_skip_unavailable' from command line to 'False'
[0.431s] Level 5:colcon.colcon_core.verb:set package 'ur_simulation_gazebo' build argument 'cmake_clean_cache' from command line to 'False'
[0.431s] Level 5:colcon.colcon_core.verb:set package 'ur_simulation_gazebo' build argument 'cmake_clean_first' from command line to 'False'
[0.431s] Level 5:colcon.colcon_core.verb:set package 'ur_simulation_gazebo' build argument 'cmake_force_configure' from command line to 'False'
[0.431s] Level 5:colcon.colcon_core.verb:set package 'ur_simulation_gazebo' build argument 'ament_cmake_args' from command line to 'None'
[0.431s] Level 5:colcon.colcon_core.verb:set package 'ur_simulation_gazebo' build argument 'catkin_cmake_args' from command line to 'None'
[0.431s] Level 5:colcon.colcon_core.verb:set package 'ur_simulation_gazebo' build argument 'catkin_skip_building_tests' from command line to 'False'
[0.431s] DEBUG:colcon.colcon_core.verb:Building package 'ur_simulation_gazebo' with the following arguments: {'ament_cmake_args': None, 'build_base': '/home/chintu/ur_ws/build/ur_simulation_gazebo', 'catkin_cmake_args': None, 'catkin_skip_building_tests': False, 'cmake_args': None, 'cmake_clean_cache': False, 'cmake_clean_first': False, 'cmake_force_configure': False, 'cmake_target': None, 'cmake_target_skip_unavailable': False, 'install_base': '/home/chintu/ur_ws/install/ur_simulation_gazebo', 'merge_install': False, 'path': '/home/chintu/ur_ws/src/Universal_Robots_ROS2_Gazebo_Simulation/ur_simulation_gazebo', 'symlink_install': True, 'test_result_base': None}
[0.431s] INFO:colcon.colcon_core.executor:Executing jobs using 'parallel' executor
[0.432s] DEBUG:colcon.colcon_parallel_executor.executor.parallel:run_until_complete
[0.433s] INFO:colcon.colcon_ros.task.ament_cmake.build:Building ROS package in '/home/chintu/ur_ws/src/Universal_Robots_ROS2_Description' with build type 'ament_cmake'
[0.433s] INFO:colcon.colcon_cmake.task.cmake.build:Building CMake package in '/home/chintu/ur_ws/src/Universal_Robots_ROS2_Description'
[0.435s] INFO:colcon.colcon_core.plugin_system:Skipping extension 'colcon_core.shell.bat': Not used on non-Windows systems
[0.435s] INFO:colcon.colcon_core.shell:Skip shell extension 'powershell' for command environment: Not usable outside of PowerShell
[0.435s] DEBUG:colcon.colcon_core.shell:Skip shell extension 'dsv' for command environment
[0.439s] INFO:colcon.colcon_ros.task.ament_cmake.build:Building ROS package in '/home/chintu/ur_ws/src/ur_sim' with build type 'ament_cmake'
[0.439s] INFO:colcon.colcon_cmake.task.cmake.build:Building CMake package in '/home/chintu/ur_ws/src/ur_sim'
[0.439s] INFO:colcon.colcon_core.shell:Skip shell extension 'powershell' for command environment: Not usable outside of PowerShell
[0.440s] DEBUG:colcon.colcon_core.shell:Skip shell extension 'dsv' for command environment
[0.444s] INFO:colcon.colcon_ros.task.ament_cmake.build:Building ROS package in '/home/chintu/ur_ws/src/ros2_robotiq_gripper/robotiq_controllers' with build type 'ament_cmake'
[0.444s] INFO:colcon.colcon_cmake.task.cmake.build:Building CMake package in '/home/chintu/ur_ws/src/ros2_robotiq_gripper/robotiq_controllers'
[0.445s] INFO:colcon.colcon_core.shell:Skip shell extension 'powershell' for command environment: Not usable outside of PowerShell
[0.445s] DEBUG:colcon.colcon_core.shell:Skip shell extension 'dsv' for command environment
[0.449s] INFO:colcon.colcon_ros.task.ament_cmake.build:Building ROS package in '/home/chintu/ur_ws/src/ros2_robotiq_gripper/robotiq_description' with build type 'ament_cmake'
[0.449s] INFO:colcon.colcon_cmake.task.cmake.build:Building CMake package in '/home/chintu/ur_ws/src/ros2_robotiq_gripper/robotiq_description'
[0.450s] INFO:colcon.colcon_core.shell:Skip shell extension 'powershell' for command environment: Not usable outside of PowerShell
[0.450s] DEBUG:colcon.colcon_core.shell:Skip shell extension 'dsv' for command environment
[0.460s] DEBUG:colcon.colcon_core.event_handler.log_command:Invoking command in '/home/chintu/ur_ws/build/ur_description': CMAKE_PREFIX_PATH=${CMAKE_PREFIX_PATH}:/home/chintu/traffic_ws/install/qcar_yolo:/home/chintu/traffic_ws/install/qcar_cv:/opt/ros/humble /usr/bin/cmake --build /home/chintu/ur_ws/build/ur_description -- -j8 -l8
[0.464s] DEBUG:colcon.colcon_core.event_handler.log_command:Invoking command in '/home/chintu/ur_ws/build/ur_sim': CMAKE_PREFIX_PATH=${CMAKE_PREFIX_PATH}:/home/chintu/traffic_ws/install/qcar_yolo:/home/chintu/traffic_ws/install/qcar_cv:/opt/ros/humble /usr/bin/cmake /home/chintu/ur_ws/src/ur_sim -DAMENT_CMAKE_SYMLINK_INSTALL=1 -DCMAKE_INSTALL_PREFIX=/home/chintu/ur_ws/install/ur_sim
[0.470s] DEBUG:colcon.colcon_core.event_handler.log_command:Invoking command in '/home/chintu/ur_ws/build/robotiq_controllers': CMAKE_PREFIX_PATH=${CMAKE_PREFIX_PATH}:/home/chintu/traffic_ws/install/qcar_yolo:/home/chintu/traffic_ws/install/qcar_cv:/opt/ros/humble /usr/bin/cmake --build /home/chintu/ur_ws/build/robotiq_controllers -- -j8 -l8
[0.477s] DEBUG:colcon.colcon_core.event_handler.log_command:Invoking command in '/home/chintu/ur_ws/build/robotiq_description': CMAKE_PREFIX_PATH=${CMAKE_PREFIX_PATH}:/home/chintu/traffic_ws/install/qcar_yolo:/home/chintu/traffic_ws/install/qcar_cv:/opt/ros/humble /usr/bin/cmake --build /home/chintu/ur_ws/build/robotiq_description -- -j8 -l8
[0.515s] DEBUG:colcon.colcon_core.event_handler.log_command:Invoked command in '/home/chintu/ur_ws/build/ur_description' returned '0': CMAKE_PREFIX_PATH=${CMAKE_PREFIX_PATH}:/home/chintu/traffic_ws/install/qcar_yolo:/home/chintu/traffic_ws/install/qcar_cv:/opt/ros/humble /usr/bin/cmake --build /home/chintu/ur_ws/build/ur_description -- -j8 -l8
[0.530s] DEBUG:colcon.colcon_core.event_handler.log_command:Invoking command in '/home/chintu/ur_ws/build/ur_description': CMAKE_PREFIX_PATH=${CMAKE_PREFIX_PATH}:/home/chintu/traffic_ws/install/qcar_yolo:/home/chintu/traffic_ws/install/qcar_cv:/opt/ros/humble /usr/bin/cmake --install /home/chintu/ur_ws/build/ur_description
[0.533s] DEBUG:colcon.colcon_core.event_handler.log_command:Invoked command in '/home/chintu/ur_ws/build/robotiq_description' returned '0': CMAKE_PREFIX_PATH=${CMAKE_PREFIX_PATH}:/home/chintu/traffic_ws/install/qcar_yolo:/home/chintu/traffic_ws/install/qcar_cv:/opt/ros/humble /usr/bin/cmake --build /home/chintu/ur_ws/build/robotiq_description -- -j8 -l8
[0.535s] DEBUG:colcon.colcon_core.event_handler.log_command:Invoking command in '/home/chintu/ur_ws/build/robotiq_description': CMAKE_PREFIX_PATH=${CMAKE_PREFIX_PATH}:/home/chintu/traffic_ws/install/qcar_yolo:/home/chintu/traffic_ws/install/qcar_cv:/opt/ros/humble /usr/bin/cmake --install /home/chintu/ur_ws/build/robotiq_description
[0.572s] DEBUG:colcon.colcon_core.event_handler.log_command:Invoked command in '/home/chintu/ur_ws/build/robotiq_controllers' returned '0': CMAKE_PREFIX_PATH=${CMAKE_PREFIX_PATH}:/home/chintu/traffic_ws/install/qcar_yolo:/home/chintu/traffic_ws/install/qcar_cv:/opt/ros/humble /usr/bin/cmake --build /home/chintu/ur_ws/build/robotiq_controllers -- -j8 -l8
[0.573s] DEBUG:colcon.colcon_core.event_handler.log_command:Invoking command in '/home/chintu/ur_ws/build/robotiq_controllers': CMAKE_PREFIX_PATH=${CMAKE_PREFIX_PATH}:/home/chintu/traffic_ws/install/qcar_yolo:/home/chintu/traffic_ws/install/qcar_cv:/opt/ros/humble /usr/bin/cmake --install /home/chintu/ur_ws/build/robotiq_controllers
[0.576s] Level 1:colcon.colcon_core.environment:create_environment_scripts_only(robotiq_description)
[0.578s] DEBUG:colcon.colcon_core.event_handler.log_command:Invoked command in '/home/chintu/ur_ws/build/robotiq_description' returned '0': CMAKE_PREFIX_PATH=${CMAKE_PREFIX_PATH}:/home/chintu/traffic_ws/install/qcar_yolo:/home/chintu/traffic_ws/install/qcar_cv:/opt/ros/humble /usr/bin/cmake --install /home/chintu/ur_ws/build/robotiq_description
[0.580s] Level 1:colcon.colcon_core.environment:checking '/home/chintu/ur_ws/install/robotiq_description' for CMake module files
[0.581s] Level 1:colcon.colcon_core.environment:checking '/home/chintu/ur_ws/install/robotiq_description' for CMake config files
[0.582s] Level 1:colcon.colcon_core.shell:create_environment_hook('robotiq_description', 'cmake_prefix_path')
[0.582s] INFO:colcon.colcon_core.shell:Creating environment hook '/home/chintu/ur_ws/install/robotiq_description/share/robotiq_description/hook/cmake_prefix_path.ps1'
[0.584s] INFO:colcon.colcon_core.shell:Creating environment descriptor '/home/chintu/ur_ws/install/robotiq_description/share/robotiq_description/hook/cmake_prefix_path.dsv'
[0.585s] INFO:colcon.colcon_core.shell:Creating environment hook '/home/chintu/ur_ws/install/robotiq_description/share/robotiq_description/hook/cmake_prefix_path.sh'
[0.587s] Level 1:colcon.colcon_core.environment:checking '/home/chintu/ur_ws/install/robotiq_description/bin'
[0.588s] Level 1:colcon.colcon_core.environment:checking '/home/chintu/ur_ws/install/robotiq_description/lib/pkgconfig/robotiq_description.pc'
[0.588s] Level 1:colcon.colcon_core.environment:checking '/home/chintu/ur_ws/install/robotiq_description/lib/python3.10/site-packages'
[0.588s] Level 1:colcon.colcon_core.environment:checking '/home/chintu/ur_ws/install/robotiq_description/bin'
[0.588s] INFO:colcon.colcon_core.shell:Creating package script '/home/chintu/ur_ws/install/robotiq_description/share/robotiq_description/package.ps1'
[0.589s] INFO:colcon.colcon_core.shell:Creating package descriptor '/home/chintu/ur_ws/install/robotiq_description/share/robotiq_description/package.dsv'
[0.590s] INFO:colcon.colcon_core.shell:Creating package script '/home/chintu/ur_ws/install/robotiq_description/share/robotiq_description/package.sh'
[0.591s] INFO:colcon.colcon_core.shell:Creating package script '/home/chintu/ur_ws/install/robotiq_description/share/robotiq_description/package.bash'
[0.592s] INFO:colcon.colcon_core.shell:Creating package script '/home/chintu/ur_ws/install/robotiq_description/share/robotiq_description/package.zsh'
[0.593s] Level 1:colcon.colcon_core.environment:create_file_with_runtime_dependencies(/home/chintu/ur_ws/install/robotiq_description/share/colcon-core/packages/robotiq_description)
[0.594s] Level 1:colcon.colcon_core.environment:create_environment_scripts_only(robotiq_description)
[0.594s] Level 1:colcon.colcon_core.environment:checking '/home/chintu/ur_ws/install/robotiq_description' for CMake module files
[0.594s] Level 1:colcon.colcon_core.environment:checking '/home/chintu/ur_ws/install/robotiq_description' for CMake config files
[0.595s] Level 1:colcon.colcon_core.shell:create_environment_hook('robotiq_description', 'cmake_prefix_path')
[0.595s] INFO:colcon.colcon_core.shell:Creating environment hook '/home/chintu/ur_ws/install/robotiq_description/share/robotiq_description/hook/cmake_prefix_path.ps1'
[0.596s] INFO:colcon.colcon_core.shell:Creating environment descriptor '/home/chintu/ur_ws/install/robotiq_description/share/robotiq_description/hook/cmake_prefix_path.dsv'
[0.596s] INFO:colcon.colcon_core.shell:Creating environment hook '/home/chintu/ur_ws/install/robotiq_description/share/robotiq_description/hook/cmake_prefix_path.sh'
[0.597s] Level 1:colcon.colcon_core.environment:checking '/home/chintu/ur_ws/install/robotiq_description/bin'
[0.597s] Level 1:colcon.colcon_core.environment:checking '/home/chintu/ur_ws/install/robotiq_description/lib/pkgconfig/robotiq_description.pc'
[0.597s] Level 1:colcon.colcon_core.environment:checking '/home/chintu/ur_ws/install/robotiq_description/lib/python3.10/site-packages'
[0.597s] Level 1:colcon.colcon_core.environment:checking '/home/chintu/ur_ws/install/robotiq_description/bin'
[0.598s] INFO:colcon.colcon_core.shell:Creating package script '/home/chintu/ur_ws/install/robotiq_description/share/robotiq_description/package.ps1'
[0.599s] INFO:colcon.colcon_core.shell:Creating package descriptor '/home/chintu/ur_ws/install/robotiq_description/share/robotiq_description/package.dsv'
[0.600s] INFO:colcon.colcon_core.shell:Creating package script '/home/chintu/ur_ws/install/robotiq_description/share/robotiq_description/package.sh'
[0.601s] INFO:colcon.colcon_core.shell:Creating package script '/home/chintu/ur_ws/install/robotiq_description/share/robotiq_description/package.bash'
[0.603s] INFO:colcon.colcon_core.shell:Creating package script '/home/chintu/ur_ws/install/robotiq_description/share/robotiq_description/package.zsh'
[0.603s] Level 1:colcon.colcon_core.environment:create_file_with_runtime_dependencies(/home/chintu/ur_ws/install/robotiq_description/share/colcon-core/packages/robotiq_description)
[0.605s] Level 1:colcon.colcon_core.environment:create_environment_scripts_only(ur_description)
[0.605s] Level 1:colcon.colcon_core.environment:checking '/home/chintu/ur_ws/install/ur_description' for CMake module files
[0.606s] DEBUG:colcon.colcon_core.event_handler.log_command:Invoked command in '/home/chintu/ur_ws/build/ur_description' returned '0': CMAKE_PREFIX_PATH=${CMAKE_PREFIX_PATH}:/home/chintu/traffic_ws/install/qcar_yolo:/home/chintu/traffic_ws/install/qcar_cv:/opt/ros/humble /usr/bin/cmake --install /home/chintu/ur_ws/build/ur_description
[0.607s] Level 1:colcon.colcon_core.environment:checking '/home/chintu/ur_ws/install/ur_description' for CMake config files
[0.609s] Level 1:colcon.colcon_core.shell:create_environment_hook('ur_description', 'cmake_prefix_path')
[0.609s] INFO:colcon.colcon_core.shell:Creating environment hook '/home/chintu/ur_ws/install/ur_description/share/ur_description/hook/cmake_prefix_path.ps1'
[0.610s] INFO:colcon.colcon_core.shell:Creating environment descriptor '/home/chintu/ur_ws/install/ur_description/share/ur_description/hook/cmake_prefix_path.dsv'
[0.610s] INFO:colcon.colcon_core.shell:Creating environment hook '/home/chintu/ur_ws/install/ur_description/share/ur_description/hook/cmake_prefix_path.sh'
[0.611s] Level 1:colcon.colcon_core.environment:checking '/home/chintu/ur_ws/install/ur_description/bin'
[0.611s] Level 1:colcon.colcon_core.environment:checking '/home/chintu/ur_ws/install/ur_description/lib/pkgconfig/ur_description.pc'
[0.611s] Level 1:colcon.colcon_core.environment:checking '/home/chintu/ur_ws/install/ur_description/lib/python3.10/site-packages'
[0.611s] Level 1:colcon.colcon_core.environment:checking '/home/chintu/ur_ws/install/ur_description/bin'
[0.612s] INFO:colcon.colcon_core.shell:Creating package script '/home/chintu/ur_ws/install/ur_description/share/ur_description/package.ps1'
[0.612s] INFO:colcon.colcon_core.shell:Creating package descriptor '/home/chintu/ur_ws/install/ur_description/share/ur_description/package.dsv'
[0.613s] INFO:colcon.colcon_core.shell:Creating package script '/home/chintu/ur_ws/install/ur_description/share/ur_description/package.sh'
[0.613s] INFO:colcon.colcon_core.shell:Creating package script '/home/chintu/ur_ws/install/ur_description/share/ur_description/package.bash'
[0.613s] INFO:colcon.colcon_core.shell:Creating package script '/home/chintu/ur_ws/install/ur_description/share/ur_description/package.zsh'
[0.614s] Level 1:colcon.colcon_core.environment:create_file_with_runtime_dependencies(/home/chintu/ur_ws/install/ur_description/share/colcon-core/packages/ur_description)
[0.615s] Level 1:colcon.colcon_core.environment:create_environment_scripts_only(ur_description)
[0.615s] Level 1:colcon.colcon_core.environment:checking '/home/chintu/ur_ws/install/ur_description' for CMake module files
[0.616s] Level 1:colcon.colcon_core.environment:checking '/home/chintu/ur_ws/install/ur_description' for CMake config files
[0.618s] Level 1:colcon.colcon_core.shell:create_environment_hook('ur_description', 'cmake_prefix_path')
[0.619s] INFO:colcon.colcon_core.shell:Creating environment hook '/home/chintu/ur_ws/install/ur_description/share/ur_description/hook/cmake_prefix_path.ps1'
[0.620s] INFO:colcon.colcon_core.shell:Creating environment descriptor '/home/chintu/ur_ws/install/ur_description/share/ur_description/hook/cmake_prefix_path.dsv'
[0.620s] INFO:colcon.colcon_core.shell:Creating environment hook '/home/chintu/ur_ws/install/ur_description/share/ur_description/hook/cmake_prefix_path.sh'
[0.621s] Level 1:colcon.colcon_core.environment:checking '/home/chintu/ur_ws/install/ur_description/bin'
[0.621s] Level 1:colcon.colcon_core.environment:checking '/home/chintu/ur_ws/install/ur_description/lib/pkgconfig/ur_description.pc'
[0.621s] Level 1:colcon.colcon_core.environment:checking '/home/chintu/ur_ws/install/ur_description/lib/python3.10/site-packages'
[0.621s] Level 1:colcon.colcon_core.environment:checking '/home/chintu/ur_ws/install/ur_description/bin'
[0.622s] INFO:colcon.colcon_core.shell:Creating package script '/home/chintu/ur_ws/install/ur_description/share/ur_description/package.ps1'
[0.623s] INFO:colcon.colcon_core.shell:Creating package descriptor '/home/chintu/ur_ws/install/ur_description/share/ur_description/package.dsv'
[0.623s] INFO:colcon.colcon_core.shell:Creating package script '/home/chintu/ur_ws/install/ur_description/share/ur_description/package.sh'
[0.624s] INFO:colcon.colcon_core.shell:Creating package script '/home/chintu/ur_ws/install/ur_description/share/ur_description/package.bash'
[0.625s] INFO:colcon.colcon_core.shell:Creating package script '/home/chintu/ur_ws/install/ur_description/share/ur_description/package.zsh'
[0.625s] Level 1:colcon.colcon_core.environment:create_file_with_runtime_dependencies(/home/chintu/ur_ws/install/ur_description/share/colcon-core/packages/ur_description)
[0.626s] INFO:colcon.colcon_ros.task.ament_cmake.build:Building ROS package in '/home/chintu/ur_ws/src/Universal_Robots_ROS2_Gazebo_Simulation/ur_simulation_gazebo' with build type 'ament_cmake'
[0.626s] INFO:colcon.colcon_cmake.task.cmake.build:Building CMake package in '/home/chintu/ur_ws/src/Universal_Robots_ROS2_Gazebo_Simulation/ur_simulation_gazebo'
[0.626s] INFO:colcon.colcon_core.shell:Skip shell extension 'powershell' for command environment: Not usable outside of PowerShell
[0.627s] DEBUG:colcon.colcon_core.shell:Skip shell extension 'dsv' for command environment
[0.632s] Level 1:colcon.colcon_core.environment:create_environment_scripts_only(robotiq_controllers)
[0.633s] Level 1:colcon.colcon_core.environment:checking '/home/chintu/ur_ws/install/robotiq_controllers' for CMake module files
[0.634s] DEBUG:colcon.colcon_core.event_handler.log_command:Invoked command in '/home/chintu/ur_ws/build/robotiq_controllers' returned '0': CMAKE_PREFIX_PATH=${CMAKE_PREFIX_PATH}:/home/chintu/traffic_ws/install/qcar_yolo:/home/chintu/traffic_ws/install/qcar_cv:/opt/ros/humble /usr/bin/cmake --install /home/chintu/ur_ws/build/robotiq_controllers
[0.634s] Level 1:colcon.colcon_core.environment:checking '/home/chintu/ur_ws/install/robotiq_controllers' for CMake config files
[0.635s] Level 1:colcon.colcon_core.shell:create_environment_hook('robotiq_controllers', 'cmake_prefix_path')
[0.635s] INFO:colcon.colcon_core.shell:Creating environment hook '/home/chintu/ur_ws/install/robotiq_controllers/share/robotiq_controllers/hook/cmake_prefix_path.ps1'
[0.636s] INFO:colcon.colcon_core.shell:Creating environment descriptor '/home/chintu/ur_ws/install/robotiq_controllers/share/robotiq_controllers/hook/cmake_prefix_path.dsv'
[0.637s] INFO:colcon.colcon_core.shell:Creating environment hook '/home/chintu/ur_ws/install/robotiq_controllers/share/robotiq_controllers/hook/cmake_prefix_path.sh'
[0.637s] Level 1:colcon.colcon_core.environment:checking '/home/chintu/ur_ws/install/robotiq_controllers/lib'
[0.638s] Level 1:colcon.colcon_core.shell:create_environment_hook('robotiq_controllers', 'ld_library_path_lib')
[0.638s] INFO:colcon.colcon_core.shell:Creating environment hook '/home/chintu/ur_ws/install/robotiq_controllers/share/robotiq_controllers/hook/ld_library_path_lib.ps1'
[0.639s] INFO:colcon.colcon_core.shell:Creating environment descriptor '/home/chintu/ur_ws/install/robotiq_controllers/share/robotiq_controllers/hook/ld_library_path_lib.dsv'
[0.639s] INFO:colcon.colcon_core.shell:Creating environment hook '/home/chintu/ur_ws/install/robotiq_controllers/share/robotiq_controllers/hook/ld_library_path_lib.sh'
[0.640s] Level 1:colcon.colcon_core.environment:checking '/home/chintu/ur_ws/install/robotiq_controllers/bin'
[0.640s] Level 1:colcon.colcon_core.environment:checking '/home/chintu/ur_ws/install/robotiq_controllers/lib/pkgconfig/robotiq_controllers.pc'
[0.640s] Level 1:colcon.colcon_core.environment:checking '/home/chintu/ur_ws/install/robotiq_controllers/lib/python3.10/site-packages'
[0.640s] Level 1:colcon.colcon_core.environment:checking '/home/chintu/ur_ws/install/robotiq_controllers/bin'
[0.641s] INFO:colcon.colcon_core.shell:Creating package script '/home/chintu/ur_ws/install/robotiq_controllers/share/robotiq_controllers/package.ps1'
[0.641s] INFO:colcon.colcon_core.shell:Creating package descriptor '/home/chintu/ur_ws/install/robotiq_controllers/share/robotiq_controllers/package.dsv'
[0.642s] INFO:colcon.colcon_core.shell:Creating package script '/home/chintu/ur_ws/install/robotiq_controllers/share/robotiq_controllers/package.sh'
[0.642s] INFO:colcon.colcon_core.shell:Creating package script '/home/chintu/ur_ws/install/robotiq_controllers/share/robotiq_controllers/package.bash'
[0.643s] INFO:colcon.colcon_core.shell:Creating package script '/home/chintu/ur_ws/install/robotiq_controllers/share/robotiq_controllers/package.zsh'
[0.643s] Level 1:colcon.colcon_core.environment:create_file_with_runtime_dependencies(/home/chintu/ur_ws/install/robotiq_controllers/share/colcon-core/packages/robotiq_controllers)
[0.644s] Level 1:colcon.colcon_core.environment:create_environment_scripts_only(robotiq_controllers)
[0.644s] Level 1:colcon.colcon_core.environment:checking '/home/chintu/ur_ws/install/robotiq_controllers' for CMake module files
[0.644s] Level 1:colcon.colcon_core.environment:checking '/home/chintu/ur_ws/install/robotiq_controllers' for CMake config files
[0.645s] Level 1:colcon.colcon_core.shell:create_environment_hook('robotiq_controllers', 'cmake_prefix_path')
[0.645s] INFO:colcon.colcon_core.shell:Creating environment hook '/home/chintu/ur_ws/install/robotiq_controllers/share/robotiq_controllers/hook/cmake_prefix_path.ps1'
[0.646s] INFO:colcon.colcon_core.shell:Creating environment descriptor '/home/chintu/ur_ws/install/robotiq_controllers/share/robotiq_controllers/hook/cmake_prefix_path.dsv'
[0.647s] INFO:colcon.colcon_core.shell:Creating environment hook '/home/chintu/ur_ws/install/robotiq_controllers/share/robotiq_controllers/hook/cmake_prefix_path.sh'
[0.648s] Level 1:colcon.colcon_core.environment:checking '/home/chintu/ur_ws/install/robotiq_controllers/lib'
[0.648s] Level 1:colcon.colcon_core.shell:create_environment_hook('robotiq_controllers', 'ld_library_path_lib')
[0.648s] INFO:colcon.colcon_core.shell:Creating environment hook '/home/chintu/ur_ws/install/robotiq_controllers/share/robotiq_controllers/hook/ld_library_path_lib.ps1'
[0.648s] INFO:colcon.colcon_core.shell:Creating environment descriptor '/home/chintu/ur_ws/install/robotiq_controllers/share/robotiq_controllers/hook/ld_library_path_lib.dsv'
[0.649s] INFO:colcon.colcon_core.shell:Creating environment hook '/home/chintu/ur_ws/install/robotiq_controllers/share/robotiq_controllers/hook/ld_library_path_lib.sh'
[0.649s] Level 1:colcon.colcon_core.environment:checking '/home/chintu/ur_ws/install/robotiq_controllers/bin'
[0.650s] Level 1:colcon.colcon_core.environment:checking '/home/chintu/ur_ws/install/robotiq_controllers/lib/pkgconfig/robotiq_controllers.pc'
[0.650s] Level 1:colcon.colcon_core.environment:checking '/home/chintu/ur_ws/install/robotiq_controllers/lib/python3.10/site-packages'
[0.650s] Level 1:colcon.colcon_core.environment:checking '/home/chintu/ur_ws/install/robotiq_controllers/bin'
[0.650s] INFO:colcon.colcon_core.shell:Creating package script '/home/chintu/ur_ws/install/robotiq_controllers/share/robotiq_controllers/package.ps1'
[0.651s] INFO:colcon.colcon_core.shell:Creating package descriptor '/home/chintu/ur_ws/install/robotiq_controllers/share/robotiq_controllers/package.dsv'
[0.652s] INFO:colcon.colcon_core.shell:Creating package script '/home/chintu/ur_ws/install/robotiq_controllers/share/robotiq_controllers/package.sh'
[0.652s] INFO:colcon.colcon_core.shell:Creating package script '/home/chintu/ur_ws/install/robotiq_controllers/share/robotiq_controllers/package.bash'
[0.653s] INFO:colcon.colcon_core.shell:Creating package script '/home/chintu/ur_ws/install/robotiq_controllers/share/robotiq_controllers/package.zsh'
[0.653s] Level 1:colcon.colcon_core.environment:create_file_with_runtime_dependencies(/home/chintu/ur_ws/install/robotiq_controllers/share/colcon-core/packages/robotiq_controllers)
[0.657s] DEBUG:colcon.colcon_core.event_handler.log_command:Invoking command in '/home/chintu/ur_ws/build/ur_simulation_gazebo': AMENT_PREFIX_PATH=/home/chintu/ur_ws/install/ur_description:${AMENT_PREFIX_PATH} CMAKE_PREFIX_PATH=/home/chintu/ur_ws/install/ur_description:/home/chintu/traffic_ws/install/qcar_traffic:/home/chintu/traffic_ws/install/qcar_track:/home/chintu/traffic_ws/install/qcar_slam:/home/chintu/traffic_ws/install/qcar:/home/chintu/traffic_ws/install/qcar_yolo:/home/chintu/traffic_ws/install/qcar_cv:/opt/ros/humble /usr/bin/cmake --build /home/chintu/ur_ws/build/ur_simulation_gazebo -- -j8 -l8
[0.705s] DEBUG:colcon.colcon_core.event_handler.log_command:Invoked command in '/home/chintu/ur_ws/build/ur_simulation_gazebo' returned '0': AMENT_PREFIX_PATH=/home/chintu/ur_ws/install/ur_description:${AMENT_PREFIX_PATH} CMAKE_PREFIX_PATH=/home/chintu/ur_ws/install/ur_description:/home/chintu/traffic_ws/install/qcar_traffic:/home/chintu/traffic_ws/install/qcar_track:/home/chintu/traffic_ws/install/qcar_slam:/home/chintu/traffic_ws/install/qcar:/home/chintu/traffic_ws/install/qcar_yolo:/home/chintu/traffic_ws/install/qcar_cv:/opt/ros/humble /usr/bin/cmake --build /home/chintu/ur_ws/build/ur_simulation_gazebo -- -j8 -l8
[0.707s] DEBUG:colcon.colcon_core.event_handler.log_command:Invoking command in '/home/chintu/ur_ws/build/ur_simulation_gazebo': AMENT_PREFIX_PATH=/home/chintu/ur_ws/install/ur_description:${AMENT_PREFIX_PATH} CMAKE_PREFIX_PATH=/home/chintu/ur_ws/install/ur_description:/home/chintu/traffic_ws/install/qcar_traffic:/home/chintu/traffic_ws/install/qcar_track:/home/chintu/traffic_ws/install/qcar_slam:/home/chintu/traffic_ws/install/qcar:/home/chintu/traffic_ws/install/qcar_yolo:/home/chintu/traffic_ws/install/qcar_cv:/opt/ros/humble /usr/bin/cmake --install /home/chintu/ur_ws/build/ur_simulation_gazebo
[0.732s] Level 1:colcon.colcon_core.environment:create_environment_scripts_only(ur_simulation_gazebo)
[0.733s] Level 1:colcon.colcon_core.environment:checking '/home/chintu/ur_ws/install/ur_simulation_gazebo' for CMake module files
[0.733s] DEBUG:colcon.colcon_core.event_handler.log_command:Invoked command in '/home/chintu/ur_ws/build/ur_simulation_gazebo' returned '0': AMENT_PREFIX_PATH=/home/chintu/ur_ws/install/ur_description:${AMENT_PREFIX_PATH} CMAKE_PREFIX_PATH=/home/chintu/ur_ws/install/ur_description:/home/chintu/traffic_ws/install/qcar_traffic:/home/chintu/traffic_ws/install/qcar_track:/home/chintu/traffic_ws/install/qcar_slam:/home/chintu/traffic_ws/install/qcar:/home/chintu/traffic_ws/install/qcar_yolo:/home/chintu/traffic_ws/install/qcar_cv:/opt/ros/humble /usr/bin/cmake --install /home/chintu/ur_ws/build/ur_simulation_gazebo
[0.734s] Level 1:colcon.colcon_core.environment:checking '/home/chintu/ur_ws/install/ur_simulation_gazebo' for CMake config files
[0.734s] Level 1:colcon.colcon_core.shell:create_environment_hook('ur_simulation_gazebo', 'cmake_prefix_path')
[0.734s] INFO:colcon.colcon_core.shell:Creating environment hook '/home/chintu/ur_ws/install/ur_simulation_gazebo/share/ur_simulation_gazebo/hook/cmake_prefix_path.ps1'
[0.735s] INFO:colcon.colcon_core.shell:Creating environment descriptor '/home/chintu/ur_ws/install/ur_simulation_gazebo/share/ur_simulation_gazebo/hook/cmake_prefix_path.dsv'
[0.735s] INFO:colcon.colcon_core.shell:Creating environment hook '/home/chintu/ur_ws/install/ur_simulation_gazebo/share/ur_simulation_gazebo/hook/cmake_prefix_path.sh'
[0.736s] Level 1:colcon.colcon_core.environment:checking '/home/chintu/ur_ws/install/ur_simulation_gazebo/bin'
[0.736s] Level 1:colcon.colcon_core.environment:checking '/home/chintu/ur_ws/install/ur_simulation_gazebo/lib/pkgconfig/ur_simulation_gazebo.pc'
[0.736s] Level 1:colcon.colcon_core.environment:checking '/home/chintu/ur_ws/install/ur_simulation_gazebo/lib/python3.10/site-packages'
[0.737s] Level 1:colcon.colcon_core.environment:checking '/home/chintu/ur_ws/install/ur_simulation_gazebo/bin'
[0.737s] INFO:colcon.colcon_core.shell:Creating package script '/home/chintu/ur_ws/install/ur_simulation_gazebo/share/ur_simulation_gazebo/package.ps1'
[0.738s] INFO:colcon.colcon_core.shell:Creating package descriptor '/home/chintu/ur_ws/install/ur_simulation_gazebo/share/ur_simulation_gazebo/package.dsv'
[0.738s] INFO:colcon.colcon_core.shell:Creating package script '/home/chintu/ur_ws/install/ur_simulation_gazebo/share/ur_simulation_gazebo/package.sh'
[0.739s] INFO:colcon.colcon_core.shell:Creating package script '/home/chintu/ur_ws/install/ur_simulation_gazebo/share/ur_simulation_gazebo/package.bash'
[0.739s] INFO:colcon.colcon_core.shell:Creating package script '/home/chintu/ur_ws/install/ur_simulation_gazebo/share/ur_simulation_gazebo/package.zsh'
[0.740s] Level 1:colcon.colcon_core.environment:create_file_with_runtime_dependencies(/home/chintu/ur_ws/install/ur_simulation_gazebo/share/colcon-core/packages/ur_simulation_gazebo)
[0.740s] Level 1:colcon.colcon_core.environment:create_environment_scripts_only(ur_simulation_gazebo)
[0.741s] Level 1:colcon.colcon_core.environment:checking '/home/chintu/ur_ws/install/ur_simulation_gazebo' for CMake module files
[0.741s] Level 1:colcon.colcon_core.environment:checking '/home/chintu/ur_ws/install/ur_simulation_gazebo' for CMake config files
[0.741s] Level 1:colcon.colcon_core.shell:create_environment_hook('ur_simulation_gazebo', 'cmake_prefix_path')
[0.741s] INFO:colcon.colcon_core.shell:Creating environment hook '/home/chintu/ur_ws/install/ur_simulation_gazebo/share/ur_simulation_gazebo/hook/cmake_prefix_path.ps1'
[0.742s] INFO:colcon.colcon_core.shell:Creating environment descriptor '/home/chintu/ur_ws/install/ur_simulation_gazebo/share/ur_simulation_gazebo/hook/cmake_prefix_path.dsv'
[0.742s] INFO:colcon.colcon_core.shell:Creating environment hook '/home/chintu/ur_ws/install/ur_simulation_gazebo/share/ur_simulation_gazebo/hook/cmake_prefix_path.sh'
[0.743s] Level 1:colcon.colcon_core.environment:checking '/home/chintu/ur_ws/install/ur_simulation_gazebo/bin'
[0.743s] Level 1:colcon.colcon_core.environment:checking '/home/chintu/ur_ws/install/ur_simulation_gazebo/lib/pkgconfig/ur_simulation_gazebo.pc'
[0.743s] Level 1:colcon.colcon_core.environment:checking '/home/chintu/ur_ws/install/ur_simulation_gazebo/lib/python3.10/site-packages'
[0.743s] Level 1:colcon.colcon_core.environment:checking '/home/chintu/ur_ws/install/ur_simulation_gazebo/bin'
[0.743s] INFO:colcon.colcon_core.shell:Creating package script '/home/chintu/ur_ws/install/ur_simulation_gazebo/share/ur_simulation_gazebo/package.ps1'
[0.744s] INFO:colcon.colcon_core.shell:Creating package descriptor '/home/chintu/ur_ws/install/ur_simulation_gazebo/share/ur_simulation_gazebo/package.dsv'
[0.745s] INFO:colcon.colcon_core.shell:Creating package script '/home/chintu/ur_ws/install/ur_simulation_gazebo/share/ur_simulation_gazebo/package.sh'
[0.745s] INFO:colcon.colcon_core.shell:Creating package script '/home/chintu/ur_ws/install/ur_simulation_gazebo/share/ur_simulation_gazebo/package.bash'
[0.746s] INFO:colcon.colcon_core.shell:Creating package script '/home/chintu/ur_ws/install/ur_simulation_gazebo/share/ur_simulation_gazebo/package.zsh'
[0.746s] Level 1:colcon.colcon_core.environment:create_file_with_runtime_dependencies(/home/chintu/ur_ws/install/ur_simulation_gazebo/share/colcon-core/packages/ur_simulation_gazebo)
[1.087s] DEBUG:colcon.colcon_core.event_handler.log_command:Invoked command in '/home/chintu/ur_ws/build/ur_sim' returned '0': CMAKE_PREFIX_PATH=${CMAKE_PREFIX_PATH}:/home/chintu/traffic_ws/install/qcar_yolo:/home/chintu/traffic_ws/install/qcar_cv:/opt/ros/humble /usr/bin/cmake /home/chintu/ur_ws/src/ur_sim -DAMENT_CMAKE_SYMLINK_INSTALL=1 -DCMAKE_INSTALL_PREFIX=/home/chintu/ur_ws/install/ur_sim
[1.089s] DEBUG:colcon.colcon_core.event_handler.log_command:Invoking command in '/home/chintu/ur_ws/build/ur_sim': CMAKE_PREFIX_PATH=${CMAKE_PREFIX_PATH}:/home/chintu/traffic_ws/install/qcar_yolo:/home/chintu/traffic_ws/install/qcar_cv:/opt/ros/humble /usr/bin/cmake --build /home/chintu/ur_ws/build/ur_sim -- -j8 -l8
[1.453s] DEBUG:colcon.colcon_core.event_handler.log_command:Invoked command in '/home/chintu/ur_ws/build/ur_sim' returned '0': CMAKE_PREFIX_PATH=${CMAKE_PREFIX_PATH}:/home/chintu/traffic_ws/install/qcar_yolo:/home/chintu/traffic_ws/install/qcar_cv:/opt/ros/humble /usr/bin/cmake --build /home/chintu/ur_ws/build/ur_sim -- -j8 -l8
[1.455s] DEBUG:colcon.colcon_core.event_handler.log_command:Invoking command in '/home/chintu/ur_ws/build/ur_sim': CMAKE_PREFIX_PATH=${CMAKE_PREFIX_PATH}:/home/chintu/traffic_ws/install/qcar_yolo:/home/chintu/traffic_ws/install/qcar_cv:/opt/ros/humble /usr/bin/cmake --install /home/chintu/ur_ws/build/ur_sim
[1.518s] Level 1:colcon.colcon_core.environment:create_environment_scripts_only(ur_sim)
[1.519s] Level 1:colcon.colcon_core.environment:checking '/home/chintu/ur_ws/install/ur_sim' for CMake module files
[1.519s] DEBUG:colcon.colcon_core.event_handler.log_command:Invoked command in '/home/chintu/ur_ws/build/ur_sim' returned '0': CMAKE_PREFIX_PATH=${CMAKE_PREFIX_PATH}:/home/chintu/traffic_ws/install/qcar_yolo:/home/chintu/traffic_ws/install/qcar_cv:/opt/ros/humble /usr/bin/cmake --install /home/chintu/ur_ws/build/ur_sim
[1.520s] Level 1:colcon.colcon_core.environment:checking '/home/chintu/ur_ws/install/ur_sim' for CMake config files
[1.520s] Level 1:colcon.colcon_core.shell:create_environment_hook('ur_sim', 'cmake_prefix_path')
[1.520s] INFO:colcon.colcon_core.shell:Creating environment hook '/home/chintu/ur_ws/install/ur_sim/share/ur_sim/hook/cmake_prefix_path.ps1'
[1.521s] INFO:colcon.colcon_core.shell:Creating environment descriptor '/home/chintu/ur_ws/install/ur_sim/share/ur_sim/hook/cmake_prefix_path.dsv'
[1.521s] INFO:colcon.colcon_core.shell:Creating environment hook '/home/chintu/ur_ws/install/ur_sim/share/ur_sim/hook/cmake_prefix_path.sh'
[1.522s] Level 1:colcon.colcon_core.environment:checking '/home/chintu/ur_ws/install/ur_sim/lib'
[1.522s] Level 1:colcon.colcon_core.environment:checking '/home/chintu/ur_ws/install/ur_sim/bin'
[1.522s] Level 1:colcon.colcon_core.environment:checking '/home/chintu/ur_ws/install/ur_sim/lib/pkgconfig/ur_sim.pc'
[1.522s] Level 1:colcon.colcon_core.environment:checking '/home/chintu/ur_ws/install/ur_sim/lib/python3.10/site-packages'
[1.522s] Level 1:colcon.colcon_core.environment:checking '/home/chintu/ur_ws/install/ur_sim/bin'
[1.522s] INFO:colcon.colcon_core.shell:Creating package script '/home/chintu/ur_ws/install/ur_sim/share/ur_sim/package.ps1'
[1.523s] INFO:colcon.colcon_core.shell:Creating package descriptor '/home/chintu/ur_ws/install/ur_sim/share/ur_sim/package.dsv'
[1.523s] INFO:colcon.colcon_core.shell:Creating package script '/home/chintu/ur_ws/install/ur_sim/share/ur_sim/package.sh'
[1.523s] INFO:colcon.colcon_core.shell:Creating package script '/home/chintu/ur_ws/install/ur_sim/share/ur_sim/package.bash'
[1.524s] INFO:colcon.colcon_core.shell:Creating package script '/home/chintu/ur_ws/install/ur_sim/share/ur_sim/package.zsh'
[1.524s] Level 1:colcon.colcon_core.environment:create_file_with_runtime_dependencies(/home/chintu/ur_ws/install/ur_sim/share/colcon-core/packages/ur_sim)
[1.524s] Level 1:colcon.colcon_core.environment:create_environment_scripts_only(ur_sim)
[1.525s] Level 1:colcon.colcon_core.environment:checking '/home/chintu/ur_ws/install/ur_sim' for CMake module files
[1.525s] Level 1:colcon.colcon_core.environment:checking '/home/chintu/ur_ws/install/ur_sim' for CMake config files
[1.525s] Level 1:colcon.colcon_core.shell:create_environment_hook('ur_sim', 'cmake_prefix_path')
[1.526s] INFO:colcon.colcon_core.shell:Creating environment hook '/home/chintu/ur_ws/install/ur_sim/share/ur_sim/hook/cmake_prefix_path.ps1'
[1.526s] INFO:colcon.colcon_core.shell:Creating environment descriptor '/home/chintu/ur_ws/install/ur_sim/share/ur_sim/hook/cmake_prefix_path.dsv'
[1.526s] INFO:colcon.colcon_core.shell:Creating environment hook '/home/chintu/ur_ws/install/ur_sim/share/ur_sim/hook/cmake_prefix_path.sh'
[1.527s] Level 1:colcon.colcon_core.environment:checking '/home/chintu/ur_ws/install/ur_sim/lib'
[1.527s] Level 1:colcon.colcon_core.environment:checking '/home/chintu/ur_ws/install/ur_sim/bin'
[1.527s] Level 1:colcon.colcon_core.environment:checking '/home/chintu/ur_ws/install/ur_sim/lib/pkgconfig/ur_sim.pc'
[1.527s] Level 1:colcon.colcon_core.environment:checking '/home/chintu/ur_ws/install/ur_sim/lib/python3.10/site-packages'
[1.527s] Level 1:colcon.colcon_core.environment:checking '/home/chintu/ur_ws/install/ur_sim/bin'
[1.528s] INFO:colcon.colcon_core.shell:Creating package script '/home/chintu/ur_ws/install/ur_sim/share/ur_sim/package.ps1'
[1.528s] INFO:colcon.colcon_core.shell:Creating package descriptor '/home/chintu/ur_ws/install/ur_sim/share/ur_sim/package.dsv'
[1.528s] INFO:colcon.colcon_core.shell:Creating package script '/home/chintu/ur_ws/install/ur_sim/share/ur_sim/package.sh'
[1.529s] INFO:colcon.colcon_core.shell:Creating package script '/home/chintu/ur_ws/install/ur_sim/share/ur_sim/package.bash'
[1.529s] INFO:colcon.colcon_core.shell:Creating package script '/home/chintu/ur_ws/install/ur_sim/share/ur_sim/package.zsh'
[1.529s] Level 1:colcon.colcon_core.environment:create_file_with_runtime_dependencies(/home/chintu/ur_ws/install/ur_sim/share/colcon-core/packages/ur_sim)
[1.530s] INFO:colcon.colcon_ros.task.ament_cmake.build:Building ROS package in '/home/chintu/ur_ws/src/ur3e_spawn_gripper_moveit_config' with build type 'ament_cmake'
[1.530s] INFO:colcon.colcon_cmake.task.cmake.build:Building CMake package in '/home/chintu/ur_ws/src/ur3e_spawn_gripper_moveit_config'
[1.530s] INFO:colcon.colcon_core.shell:Skip shell extension 'powershell' for command environment: Not usable outside of PowerShell
[1.530s] DEBUG:colcon.colcon_core.shell:Skip shell extension 'dsv' for command environment
[1.541s] DEBUG:colcon.colcon_core.event_handler.log_command:Invoking command in '/home/chintu/ur_ws/build/ur3e_spawn_gripper_moveit_config': AMENT_PREFIX_PATH=/home/chintu/ur_ws/install/ur_sim:${AMENT_PREFIX_PATH} CMAKE_PREFIX_PATH=/home/chintu/ur_ws/install/ur_sim:/home/chintu/traffic_ws/install/qcar_traffic:/home/chintu/traffic_ws/install/qcar_track:/home/chintu/traffic_ws/install/qcar_slam:/home/chintu/traffic_ws/install/qcar:/home/chintu/traffic_ws/install/qcar_yolo:/home/chintu/traffic_ws/install/qcar_cv:/opt/ros/humble PYTHONPATH=/home/chintu/ur_ws/install/ur_sim/local/lib/python3.10/dist-packages:${PYTHONPATH} /usr/bin/cmake --build /home/chintu/ur_ws/build/ur3e_spawn_gripper_moveit_config -- -j8 -l8
[1.591s] DEBUG:colcon.colcon_core.event_handler.log_command:Invoked command in '/home/chintu/ur_ws/build/ur3e_spawn_gripper_moveit_config' returned '0': AMENT_PREFIX_PATH=/home/chintu/ur_ws/install/ur_sim:${AMENT_PREFIX_PATH} CMAKE_PREFIX_PATH=/home/chintu/ur_ws/install/ur_sim:/home/chintu/traffic_ws/install/qcar_traffic:/home/chintu/traffic_ws/install/qcar_track:/home/chintu/traffic_ws/install/qcar_slam:/home/chintu/traffic_ws/install/qcar:/home/chintu/traffic_ws/install/qcar_yolo:/home/chintu/traffic_ws/install/qcar_cv:/opt/ros/humble PYTHONPATH=/home/chintu/ur_ws/install/ur_sim/local/lib/python3.10/dist-packages:${PYTHONPATH} /usr/bin/cmake --build /home/chintu/ur_ws/build/ur3e_spawn_gripper_moveit_config -- -j8 -l8
[1.594s] DEBUG:colcon.colcon_core.event_handler.log_command:Invoking command in '/home/chintu/ur_ws/build/ur3e_spawn_gripper_moveit_config': AMENT_PREFIX_PATH=/home/chintu/ur_ws/install/ur_sim:${AMENT_PREFIX_PATH} CMAKE_PREFIX_PATH=/home/chintu/ur_ws/install/ur_sim:/home/chintu/traffic_ws/install/qcar_traffic:/home/chintu/traffic_ws/install/qcar_track:/home/chintu/traffic_ws/install/qcar_slam:/home/chintu/traffic_ws/install/qcar:/home/chintu/traffic_ws/install/qcar_yolo:/home/chintu/traffic_ws/install/qcar_cv:/opt/ros/humble PYTHONPATH=/home/chintu/ur_ws/install/ur_sim/local/lib/python3.10/dist-packages:${PYTHONPATH} /usr/bin/cmake --install /home/chintu/ur_ws/build/ur3e_spawn_gripper_moveit_config
[1.621s] Level 1:colcon.colcon_core.environment:create_environment_scripts_only(ur3e_spawn_gripper_moveit_config)
[1.622s] Level 1:colcon.colcon_core.environment:checking '/home/chintu/ur_ws/install/ur3e_spawn_gripper_moveit_config' for CMake module files
[1.622s] DEBUG:colcon.colcon_core.event_handler.log_command:Invoked command in '/home/chintu/ur_ws/build/ur3e_spawn_gripper_moveit_config' returned '0': AMENT_PREFIX_PATH=/home/chintu/ur_ws/install/ur_sim:${AMENT_PREFIX_PATH} CMAKE_PREFIX_PATH=/home/chintu/ur_ws/install/ur_sim:/home/chintu/traffic_ws/install/qcar_traffic:/home/chintu/traffic_ws/install/qcar_track:/home/chintu/traffic_ws/install/qcar_slam:/home/chintu/traffic_ws/install/qcar:/home/chintu/traffic_ws/install/qcar_yolo:/home/chintu/traffic_ws/install/qcar_cv:/opt/ros/humble PYTHONPATH=/home/chintu/ur_ws/install/ur_sim/local/lib/python3.10/dist-packages:${PYTHONPATH} /usr/bin/cmake --install /home/chintu/ur_ws/build/ur3e_spawn_gripper_moveit_config
[1.623s] Level 1:colcon.colcon_core.environment:checking '/home/chintu/ur_ws/install/ur3e_spawn_gripper_moveit_config' for CMake config files
[1.623s] Level 1:colcon.colcon_core.shell:create_environment_hook('ur3e_spawn_gripper_moveit_config', 'cmake_prefix_path')
[1.623s] INFO:colcon.colcon_core.shell:Creating environment hook '/home/chintu/ur_ws/install/ur3e_spawn_gripper_moveit_config/share/ur3e_spawn_gripper_moveit_config/hook/cmake_prefix_path.ps1'
[1.624s] INFO:colcon.colcon_core.shell:Creating environment descriptor '/home/chintu/ur_ws/install/ur3e_spawn_gripper_moveit_config/share/ur3e_spawn_gripper_moveit_config/hook/cmake_prefix_path.dsv'
[1.624s] INFO:colcon.colcon_core.shell:Creating environment hook '/home/chintu/ur_ws/install/ur3e_spawn_gripper_moveit_config/share/ur3e_spawn_gripper_moveit_config/hook/cmake_prefix_path.sh'
[1.624s] Level 1:colcon.colcon_core.environment:checking '/home/chintu/ur_ws/install/ur3e_spawn_gripper_moveit_config/bin'
[1.625s] Level 1:colcon.colcon_core.environment:checking '/home/chintu/ur_ws/install/ur3e_spawn_gripper_moveit_config/lib/pkgconfig/ur3e_spawn_gripper_moveit_config.pc'
[1.625s] Level 1:colcon.colcon_core.environment:checking '/home/chintu/ur_ws/install/ur3e_spawn_gripper_moveit_config/lib/python3.10/site-packages'
[1.625s] Level 1:colcon.colcon_core.environment:checking '/home/chintu/ur_ws/install/ur3e_spawn_gripper_moveit_config/bin'
[1.625s] INFO:colcon.colcon_core.shell:Creating package script '/home/chintu/ur_ws/install/ur3e_spawn_gripper_moveit_config/share/ur3e_spawn_gripper_moveit_config/package.ps1'
[1.626s] INFO:colcon.colcon_core.shell:Creating package descriptor '/home/chintu/ur_ws/install/ur3e_spawn_gripper_moveit_config/share/ur3e_spawn_gripper_moveit_config/package.dsv'
[1.626s] INFO:colcon.colcon_core.shell:Creating package script '/home/chintu/ur_ws/install/ur3e_spawn_gripper_moveit_config/share/ur3e_spawn_gripper_moveit_config/package.sh'
[1.626s] INFO:colcon.colcon_core.shell:Creating package script '/home/chintu/ur_ws/install/ur3e_spawn_gripper_moveit_config/share/ur3e_spawn_gripper_moveit_config/package.bash'
[1.627s] INFO:colcon.colcon_core.shell:Creating package script '/home/chintu/ur_ws/install/ur3e_spawn_gripper_moveit_config/share/ur3e_spawn_gripper_moveit_config/package.zsh'
[1.627s] Level 1:colcon.colcon_core.environment:create_file_with_runtime_dependencies(/home/chintu/ur_ws/install/ur3e_spawn_gripper_moveit_config/share/colcon-core/packages/ur3e_spawn_gripper_moveit_config)
[1.627s] Level 1:colcon.colcon_core.environment:create_environment_scripts_only(ur3e_spawn_gripper_moveit_config)
[1.628s] Level 1:colcon.colcon_core.environment:checking '/home/chintu/ur_ws/install/ur3e_spawn_gripper_moveit_config' for CMake module files
[1.628s] Level 1:colcon.colcon_core.environment:checking '/home/chintu/ur_ws/install/ur3e_spawn_gripper_moveit_config' for CMake config files
[1.628s] Level 1:colcon.colcon_core.shell:create_environment_hook('ur3e_spawn_gripper_moveit_config', 'cmake_prefix_path')
[1.629s] INFO:colcon.colcon_core.shell:Creating environment hook '/home/chintu/ur_ws/install/ur3e_spawn_gripper_moveit_config/share/ur3e_spawn_gripper_moveit_config/hook/cmake_prefix_path.ps1'
[1.629s] INFO:colcon.colcon_core.shell:Creating environment descriptor '/home/chintu/ur_ws/install/ur3e_spawn_gripper_moveit_config/share/ur3e_spawn_gripper_moveit_config/hook/cmake_prefix_path.dsv'
[1.629s] INFO:colcon.colcon_core.shell:Creating environment hook '/home/chintu/ur_ws/install/ur3e_spawn_gripper_moveit_config/share/ur3e_spawn_gripper_moveit_config/hook/cmake_prefix_path.sh'
[1.630s] Level 1:colcon.colcon_core.environment:checking '/home/chintu/ur_ws/install/ur3e_spawn_gripper_moveit_config/bin'
[1.630s] Level 1:colcon.colcon_core.environment:checking '/home/chintu/ur_ws/install/ur3e_spawn_gripper_moveit_config/lib/pkgconfig/ur3e_spawn_gripper_moveit_config.pc'
[1.630s] Level 1:colcon.colcon_core.environment:checking '/home/chintu/ur_ws/install/ur3e_spawn_gripper_moveit_config/lib/python3.10/site-packages'
[1.630s] Level 1:colcon.colcon_core.environment:checking '/home/chintu/ur_ws/install/ur3e_spawn_gripper_moveit_config/bin'
[1.630s] INFO:colcon.colcon_core.shell:Creating package script '/home/chintu/ur_ws/install/ur3e_spawn_gripper_moveit_config/share/ur3e_spawn_gripper_moveit_config/package.ps1'
[1.631s] INFO:colcon.colcon_core.shell:Creating package descriptor '/home/chintu/ur_ws/install/ur3e_spawn_gripper_moveit_config/share/ur3e_spawn_gripper_moveit_config/package.dsv'
[1.632s] INFO:colcon.colcon_core.shell:Creating package script '/home/chintu/ur_ws/install/ur3e_spawn_gripper_moveit_config/share/ur3e_spawn_gripper_moveit_config/package.sh'
[1.632s] INFO:colcon.colcon_core.shell:Creating package script '/home/chintu/ur_ws/install/ur3e_spawn_gripper_moveit_config/share/ur3e_spawn_gripper_moveit_config/package.bash'
[1.632s] INFO:colcon.colcon_core.shell:Creating package script '/home/chintu/ur_ws/install/ur3e_spawn_gripper_moveit_config/share/ur3e_spawn_gripper_moveit_config/package.zsh'
[1.633s] Level 1:colcon.colcon_core.environment:create_file_with_runtime_dependencies(/home/chintu/ur_ws/install/ur3e_spawn_gripper_moveit_config/share/colcon-core/packages/ur3e_spawn_gripper_moveit_config)
[1.633s] DEBUG:colcon.colcon_parallel_executor.executor.parallel:closing loop
[1.633s] DEBUG:colcon.colcon_parallel_executor.executor.parallel:loop closed
[1.633s] DEBUG:colcon.colcon_parallel_executor.executor.parallel:run_until_complete finished with '0'
[1.633s] DEBUG:colcon.colcon_core.event_reactor:joining thread
[1.638s] INFO:colcon.colcon_core.plugin_system:Skipping extension 'colcon_notification.desktop_notification.terminal_notifier': Not used on non-Darwin systems
[1.639s] INFO:colcon.colcon_core.plugin_system:Skipping extension 'colcon_notification.desktop_notification.win32': Not used on non-Windows systems
[1.639s] INFO:colcon.colcon_notification.desktop_notification:Sending desktop notification using 'notify2'
[1.649s] DEBUG:colcon.colcon_core.event_reactor:joined thread
[1.650s] INFO:colcon.colcon_core.shell:Creating prefix script '/home/chintu/ur_ws/install/local_setup.ps1'
[1.650s] INFO:colcon.colcon_core.shell:Creating prefix util module '/home/chintu/ur_ws/install/_local_setup_util_ps1.py'
[1.652s] INFO:colcon.colcon_core.shell:Creating prefix chain script '/home/chintu/ur_ws/install/setup.ps1'
[1.653s] INFO:colcon.colcon_core.shell:Creating prefix script '/home/chintu/ur_ws/install/local_setup.sh'
[1.653s] INFO:colcon.colcon_core.shell:Creating prefix util module '/home/chintu/ur_ws/install/_local_setup_util_sh.py'
[1.654s] INFO:colcon.colcon_core.shell:Creating prefix chain script '/home/chintu/ur_ws/install/setup.sh'
[1.655s] INFO:colcon.colcon_core.shell:Creating prefix script '/home/chintu/ur_ws/install/local_setup.bash'
[1.655s] INFO:colcon.colcon_core.shell:Creating prefix chain script '/home/chintu/ur_ws/install/setup.bash'
[1.656s] INFO:colcon.colcon_core.shell:Creating prefix script '/home/chintu/ur_ws/install/local_setup.zsh'
[1.657s] INFO:colcon.colcon_core.shell:Creating prefix chain script '/home/chintu/ur_ws/install/setup.zsh'
