[0.015s] Invoking command in '/home/chintu/ur_ws/build/ur_admittance': CMAKE_PREFIX_PATH=/home/chintu/ur_ws/install/ur_description:/home/chintu/ur_ws/install/robotiq_description:/home/chintu/ur_ws/install/ur_admittance:/home/chintu/ur_ws/install/ur_simulation_gazebo:/home/chintu/ur_ws/install/ur3e_spawn_gripper_moveit_config:/home/chintu/ur_ws/install/ur_sim:/home/chintu/ur_ws/install/robotiq_controllers:/home/chintu/traffic_ws/install/qcar_traffic:/home/chintu/traffic_ws/install/qcar_track:/home/chintu/traffic_ws/install/qcar_slam:/home/chintu/traffic_ws/install/qcar:/home/chintu/traffic_ws/install/qcar_yolo:/home/chintu/traffic_ws/install/qcar_cv:/opt/ros/humble /usr/bin/cmake --build /home/chintu/ur_ws/build/ur_admittance -- -j8 -l8
[0.094s] Built target ament_cmake_python_copy_ur_admittance
[0.379s] running egg_info
[0.380s] writing ur_admittance.egg-info/PKG-INFO
[0.381s] writing dependency_links to ur_admittance.egg-info/dependency_links.txt
[0.381s] writing top-level names to ur_admittance.egg-info/top_level.txt
[0.383s] reading manifest file 'ur_admittance.egg-info/SOURCES.txt'
[0.384s] writing manifest file 'ur_admittance.egg-info/SOURCES.txt'
[0.432s] Built target ament_cmake_python_build_ur_admittance_egg
[0.447s] Invoked command in '/home/chintu/ur_ws/build/ur_admittance' returned '0': CMAKE_PREFIX_PATH=/home/chintu/ur_ws/install/ur_description:/home/chintu/ur_ws/install/robotiq_description:/home/chintu/ur_ws/install/ur_admittance:/home/chintu/ur_ws/install/ur_simulation_gazebo:/home/chintu/ur_ws/install/ur3e_spawn_gripper_moveit_config:/home/chintu/ur_ws/install/ur_sim:/home/chintu/ur_ws/install/robotiq_controllers:/home/chintu/traffic_ws/install/qcar_traffic:/home/chintu/traffic_ws/install/qcar_track:/home/chintu/traffic_ws/install/qcar_slam:/home/chintu/traffic_ws/install/qcar:/home/chintu/traffic_ws/install/qcar_yolo:/home/chintu/traffic_ws/install/qcar_cv:/opt/ros/humble /usr/bin/cmake --build /home/chintu/ur_ws/build/ur_admittance -- -j8 -l8
[0.460s] Invoking command in '/home/chintu/ur_ws/build/ur_admittance': CMAKE_PREFIX_PATH=/home/chintu/ur_ws/install/ur_description:/home/chintu/ur_ws/install/robotiq_description:/home/chintu/ur_ws/install/ur_admittance:/home/chintu/ur_ws/install/ur_simulation_gazebo:/home/chintu/ur_ws/install/ur3e_spawn_gripper_moveit_config:/home/chintu/ur_ws/install/ur_sim:/home/chintu/ur_ws/install/robotiq_controllers:/home/chintu/traffic_ws/install/qcar_traffic:/home/chintu/traffic_ws/install/qcar_track:/home/chintu/traffic_ws/install/qcar_slam:/home/chintu/traffic_ws/install/qcar:/home/chintu/traffic_ws/install/qcar_yolo:/home/chintu/traffic_ws/install/qcar_cv:/opt/ros/humble /usr/bin/cmake --install /home/chintu/ur_ws/build/ur_admittance
[0.470s] -- Install configuration: ""
[0.470s] -- Up-to-date: /home/chintu/ur_ws/install/ur_admittance/share/ur_admittance/environment/pythonpath.sh
[0.470s] -- Up-to-date: /home/chintu/ur_ws/install/ur_admittance/share/ur_admittance/environment/pythonpath.dsv
[0.470s] -- Up-to-date: /home/chintu/ur_ws/install/ur_admittance/local/lib/python3.10/dist-packages/ur_admittance-0.0.1-py3.10.egg-info
[0.470s] -- Installing: /home/chintu/ur_ws/install/ur_admittance/local/lib/python3.10/dist-packages/ur_admittance-0.0.1-py3.10.egg-info/PKG-INFO
[0.470s] -- Installing: /home/chintu/ur_ws/install/ur_admittance/local/lib/python3.10/dist-packages/ur_admittance-0.0.1-py3.10.egg-info/dependency_links.txt
[0.470s] -- Installing: /home/chintu/ur_ws/install/ur_admittance/local/lib/python3.10/dist-packages/ur_admittance-0.0.1-py3.10.egg-info/SOURCES.txt
[0.470s] -- Installing: /home/chintu/ur_ws/install/ur_admittance/local/lib/python3.10/dist-packages/ur_admittance-0.0.1-py3.10.egg-info/top_level.txt
[0.470s] -- Up-to-date: /home/chintu/ur_ws/install/ur_admittance/local/lib/python3.10/dist-packages/ur_admittance
[0.470s] -- Up-to-date: /home/chintu/ur_ws/install/ur_admittance/local/lib/python3.10/dist-packages/ur_admittance/__init__.py
[0.505s] Listing '/home/chintu/ur_ws/install/ur_admittance/local/lib/python3.10/dist-packages/ur_admittance'...
[0.512s] -- Up-to-date: /home/chintu/ur_ws/install/ur_admittance/lib/ur_admittance/admittance_controller.py
[0.512s] -- Up-to-date: /home/chintu/ur_ws/install/ur_admittance/share/ur_admittance/launch
[0.512s] -- Up-to-date: /home/chintu/ur_ws/install/ur_admittance/share/ur_admittance/launch/ur3e_admittance_control.launch.py
[0.512s] -- Up-to-date: /home/chintu/ur_ws/install/ur_admittance/share/ur_admittance/launch/spawn_ur3e_gripper.launch.py
[0.512s] -- Up-to-date: /home/chintu/ur_ws/install/ur_admittance/share/ur_admittance/config
[0.512s] -- Up-to-date: /home/chintu/ur_ws/install/ur_admittance/share/ur_admittance/config/ur3e_controllers_gripper.yaml
[0.512s] -- Up-to-date: /home/chintu/ur_ws/install/ur_admittance/share/ur_admittance/urdf
[0.512s] -- Installing: /home/chintu/ur_ws/install/ur_admittance/share/ur_admittance/urdf/ur3e_robot_with_ft.urdf.xacro
[0.513s] -- Up-to-date: /home/chintu/ur_ws/install/ur_admittance/share/ur_admittance/urdf/ft_sensor_sim.ros2_control.xacro
[0.513s] -- Up-to-date: /home/chintu/ur_ws/install/ur_admittance/share/ur_admittance/rviz
[0.513s] -- Up-to-date: /home/chintu/ur_ws/install/ur_admittance/share/ur_admittance/rviz/ur3e_admittance.rviz
[0.513s] -- Up-to-date: /home/chintu/ur_ws/install/ur_admittance/share/ament_index/resource_index/package_run_dependencies/ur_admittance
[0.513s] -- Up-to-date: /home/chintu/ur_ws/install/ur_admittance/share/ament_index/resource_index/parent_prefix_path/ur_admittance
[0.513s] -- Up-to-date: /home/chintu/ur_ws/install/ur_admittance/share/ur_admittance/environment/ament_prefix_path.sh
[0.513s] -- Up-to-date: /home/chintu/ur_ws/install/ur_admittance/share/ur_admittance/environment/ament_prefix_path.dsv
[0.514s] -- Up-to-date: /home/chintu/ur_ws/install/ur_admittance/share/ur_admittance/environment/path.sh
[0.514s] -- Up-to-date: /home/chintu/ur_ws/install/ur_admittance/share/ur_admittance/environment/path.dsv
[0.514s] -- Up-to-date: /home/chintu/ur_ws/install/ur_admittance/share/ur_admittance/local_setup.bash
[0.514s] -- Up-to-date: /home/chintu/ur_ws/install/ur_admittance/share/ur_admittance/local_setup.sh
[0.514s] -- Up-to-date: /home/chintu/ur_ws/install/ur_admittance/share/ur_admittance/local_setup.zsh
[0.514s] -- Up-to-date: /home/chintu/ur_ws/install/ur_admittance/share/ur_admittance/local_setup.dsv
[0.514s] -- Up-to-date: /home/chintu/ur_ws/install/ur_admittance/share/ur_admittance/package.dsv
[0.514s] -- Up-to-date: /home/chintu/ur_ws/install/ur_admittance/share/ament_index/resource_index/packages/ur_admittance
[0.514s] -- Up-to-date: /home/chintu/ur_ws/install/ur_admittance/share/ur_admittance/cmake/ur_admittanceConfig.cmake
[0.514s] -- Up-to-date: /home/chintu/ur_ws/install/ur_admittance/share/ur_admittance/cmake/ur_admittanceConfig-version.cmake
[0.514s] -- Up-to-date: /home/chintu/ur_ws/install/ur_admittance/share/ur_admittance/package.xml
[0.517s] Invoked command in '/home/chintu/ur_ws/build/ur_admittance' returned '0': CMAKE_PREFIX_PATH=/home/chintu/ur_ws/install/ur_description:/home/chintu/ur_ws/install/robotiq_description:/home/chintu/ur_ws/install/ur_admittance:/home/chintu/ur_ws/install/ur_simulation_gazebo:/home/chintu/ur_ws/install/ur3e_spawn_gripper_moveit_config:/home/chintu/ur_ws/install/ur_sim:/home/chintu/ur_ws/install/robotiq_controllers:/home/chintu/traffic_ws/install/qcar_traffic:/home/chintu/traffic_ws/install/qcar_track:/home/chintu/traffic_ws/install/qcar_slam:/home/chintu/traffic_ws/install/qcar:/home/chintu/traffic_ws/install/qcar_yolo:/home/chintu/traffic_ws/install/qcar_cv:/opt/ros/humble /usr/bin/cmake --install /home/chintu/ur_ws/build/ur_admittance
