[0.013s] Invoking command in '/home/chintu/ur_ws/build/ur_admittance': CMAKE_PREFIX_PATH=/home/chintu/ur_ws/install/ur_description:/home/chintu/ur_ws/install/ur_simulation_gazebo:/home/chintu/ur_ws/install/ur3e_spawn_gripper_moveit_config:/home/chintu/ur_ws/install/ur_sim:/home/chintu/ur_ws/install/robotiq_description:/home/chintu/ur_ws/install/robotiq_controllers:/home/chintu/traffic_ws/install/qcar_traffic:/home/chintu/traffic_ws/install/qcar_track:/home/chintu/traffic_ws/install/qcar_slam:/home/chintu/traffic_ws/install/qcar:/home/chintu/traffic_ws/install/qcar_yolo:/home/chintu/traffic_ws/install/qcar_cv:/opt/ros/humble /usr/bin/cmake /home/chintu/ur_ws/src/ur_admittance -DCMAKE_INSTALL_PREFIX=/home/chintu/ur_ws/install/ur_admittance
[0.125s] -- The C compiler identification is GNU 11.4.0
[0.228s] -- The CXX compiler identification is GNU 11.4.0
[0.239s] -- Detecting C compiler ABI info
[0.333s] -- Detecting C compiler ABI info - done
[0.340s] -- Check for working C compiler: /usr/bin/cc - skipped
[0.340s] -- Detecting C compile features
[0.341s] -- Detecting C compile features - done
[0.345s] -- Detecting CXX compiler ABI info
[0.448s] -- Detecting CXX compiler ABI info - done
[0.455s] -- Check for working CXX compiler: /usr/bin/c++ - skipped
[0.456s] -- Detecting CXX compile features
[0.456s] -- Detecting CXX compile features - done
[0.462s] -- Found ament_cmake: 1.3.12 (/opt/ros/humble/share/ament_cmake/cmake)
[0.644s] -- Found Python3: /usr/bin/python3 (found version "3.10.12") found components: Interpreter 
[0.865s] [31mCMake Error at /opt/ros/humble/share/ament_cmake_python/cmake/ament_python_install_package.cmake:66 (message):
[0.865s]   ament_python_install_package() the Python package folder
[0.865s]   '/home/chintu/ur_ws/src/ur_admittance/ur_admittance' doesn't contain an
[0.865s]   '__init__.py' file
[0.865s] Call Stack (most recent call first):
[0.866s]   /opt/ros/humble/share/ament_cmake_python/cmake/ament_python_install_package.cmake:39 (_ament_cmake_python_install_package)
[0.866s]   CMakeLists.txt:13 (ament_python_install_package)
[0.866s] 
[0.866s] [0m
[0.866s] -- Configuring incomplete, errors occurred!
[0.866s] See also "/home/chintu/ur_ws/build/ur_admittance/CMakeFiles/CMakeOutput.log".
[0.871s] Invoked command in '/home/chintu/ur_ws/build/ur_admittance' returned '1': CMAKE_PREFIX_PATH=/home/chintu/ur_ws/install/ur_description:/home/chintu/ur_ws/install/ur_simulation_gazebo:/home/chintu/ur_ws/install/ur3e_spawn_gripper_moveit_config:/home/chintu/ur_ws/install/ur_sim:/home/chintu/ur_ws/install/robotiq_description:/home/chintu/ur_ws/install/robotiq_controllers:/home/chintu/traffic_ws/install/qcar_traffic:/home/chintu/traffic_ws/install/qcar_track:/home/chintu/traffic_ws/install/qcar_slam:/home/chintu/traffic_ws/install/qcar:/home/chintu/traffic_ws/install/qcar_yolo:/home/chintu/traffic_ws/install/qcar_cv:/opt/ros/humble /usr/bin/cmake /home/chintu/ur_ws/src/ur_admittance -DCMAKE_INSTALL_PREFIX=/home/chintu/ur_ws/install/ur_admittance
