[0.108s] DEBUG:colcon:Command line arguments: ['/usr/bin/colcon', 'build', '--symlink-install']
[0.108s] DEBUG:colcon:Parsed command line arguments: Namespace(log_base=None, log_level=None, verb_name='build', build_base='build', install_base='install', merge_install=False, symlink_install=True, test_result_base=None, continue_on_error=False, executor='parallel', parallel_workers=8, event_handlers=None, ignore_user_meta=False, metas=['./colcon.meta'], base_paths=['.'], packages_ignore=None, packages_ignore_regex=None, paths=None, packages_up_to=None, packages_up_to_regex=None, packages_above=None, packages_above_and_dependencies=None, packages_above_depth=None, packages_select_by_dep=None, packages_skip_by_dep=None, packages_skip_up_to=None, packages_select_build_failed=False, packages_skip_build_finished=False, packages_select_test_failures=False, packages_skip_test_passed=False, packages_select=None, packages_skip=None, packages_select_regex=None, packages_skip_regex=None, packages_start=None, packages_end=None, allow_overriding=[], cmake_args=None, cmake_target=None, cmake_target_skip_unavailable=False, cmake_clean_cache=False, cmake_clean_first=False, cmake_force_configure=False, ament_cmake_args=None, catkin_cmake_args=None, catkin_skip_building_tests=False, mixin_files=None, mixin=None, verb_parser=<colcon_mixin.mixin.mixin_argument.MixinArgumentDecorator object at 0x7aecd889c0d0>, verb_extension=<colcon_core.verb.build.BuildVerb object at 0x7aecd8815960>, main=<bound method BuildVerb.main of <colcon_core.verb.build.BuildVerb object at 0x7aecd8815960>>, mixin_verb=('build',))
[0.266s] Level 1:colcon.colcon_core.package_discovery:discover_packages(colcon_meta) check parameters
[0.267s] Level 1:colcon.colcon_core.package_discovery:discover_packages(recursive) check parameters
[0.267s] Level 1:colcon.colcon_core.package_discovery:discover_packages(ignore) check parameters
[0.267s] Level 1:colcon.colcon_core.package_discovery:discover_packages(path) check parameters
[0.267s] Level 1:colcon.colcon_core.package_discovery:discover_packages(colcon_meta) discover
[0.267s] Level 1:colcon.colcon_core.package_discovery:discover_packages(recursive) discover
[0.267s] INFO:colcon.colcon_core.package_discovery:Crawling recursively for packages in '/home/chintu/ur_ws'
[0.267s] Level 1:colcon.colcon_core.package_identification:_identify(.) by extensions ['ignore', 'ignore_ament_install']
[0.267s] Level 1:colcon.colcon_core.package_identification:_identify(.) by extension 'ignore'
[0.267s] Level 1:colcon.colcon_core.package_identification:_identify(.) by extension 'ignore_ament_install'
[0.267s] Level 1:colcon.colcon_core.package_identification:_identify(.) by extensions ['colcon_pkg']
[0.267s] Level 1:colcon.colcon_core.package_identification:_identify(.) by extension 'colcon_pkg'
[0.267s] Level 1:colcon.colcon_core.package_identification:_identify(.) by extensions ['colcon_meta']
[0.267s] Level 1:colcon.colcon_core.package_identification:_identify(.) by extension 'colcon_meta'
[0.267s] Level 1:colcon.colcon_core.package_identification:_identify(.) by extensions ['ros']
[0.267s] Level 1:colcon.colcon_core.package_identification:_identify(.) by extension 'ros'
[0.294s] Level 1:colcon.colcon_core.package_identification:_identify(.) by extensions ['cmake', 'python']
[0.294s] Level 1:colcon.colcon_core.package_identification:_identify(.) by extension 'cmake'
[0.294s] Level 1:colcon.colcon_core.package_identification:_identify(.) by extension 'python'
[0.294s] Level 1:colcon.colcon_core.package_identification:_identify(.) by extensions ['python_setup_py']
[0.294s] Level 1:colcon.colcon_core.package_identification:_identify(.) by extension 'python_setup_py'
[0.294s] Level 1:colcon.colcon_core.package_identification:_identify(build) by extensions ['ignore', 'ignore_ament_install']
[0.294s] Level 1:colcon.colcon_core.package_identification:_identify(build) by extension 'ignore'
[0.294s] Level 1:colcon.colcon_core.package_identification:_identify(build) ignored
[0.294s] Level 1:colcon.colcon_core.package_identification:_identify(install) by extensions ['ignore', 'ignore_ament_install']
[0.294s] Level 1:colcon.colcon_core.package_identification:_identify(install) by extension 'ignore'
[0.294s] Level 1:colcon.colcon_core.package_identification:_identify(install) ignored
[0.294s] Level 1:colcon.colcon_core.package_identification:_identify(log) by extensions ['ignore', 'ignore_ament_install']
[0.294s] Level 1:colcon.colcon_core.package_identification:_identify(log) by extension 'ignore'
[0.294s] Level 1:colcon.colcon_core.package_identification:_identify(log) ignored
[0.295s] Level 1:colcon.colcon_core.package_identification:_identify(src) by extensions ['ignore', 'ignore_ament_install']
[0.295s] Level 1:colcon.colcon_core.package_identification:_identify(src) by extension 'ignore'
[0.295s] Level 1:colcon.colcon_core.package_identification:_identify(src) by extension 'ignore_ament_install'
[0.295s] Level 1:colcon.colcon_core.package_identification:_identify(src) by extensions ['colcon_pkg']
[0.295s] Level 1:colcon.colcon_core.package_identification:_identify(src) by extension 'colcon_pkg'
[0.295s] Level 1:colcon.colcon_core.package_identification:_identify(src) by extensions ['colcon_meta']
[0.295s] Level 1:colcon.colcon_core.package_identification:_identify(src) by extension 'colcon_meta'
[0.295s] Level 1:colcon.colcon_core.package_identification:_identify(src) by extensions ['ros']
[0.295s] Level 1:colcon.colcon_core.package_identification:_identify(src) by extension 'ros'
[0.295s] Level 1:colcon.colcon_core.package_identification:_identify(src) by extensions ['cmake', 'python']
[0.295s] Level 1:colcon.colcon_core.package_identification:_identify(src) by extension 'cmake'
[0.295s] Level 1:colcon.colcon_core.package_identification:_identify(src) by extension 'python'
[0.295s] Level 1:colcon.colcon_core.package_identification:_identify(src) by extensions ['python_setup_py']
[0.295s] Level 1:colcon.colcon_core.package_identification:_identify(src) by extension 'python_setup_py'
[0.295s] Level 1:colcon.colcon_core.package_identification:_identify(src/Universal_Robots_ROS2_Description) by extensions ['ignore', 'ignore_ament_install']
[0.295s] Level 1:colcon.colcon_core.package_identification:_identify(src/Universal_Robots_ROS2_Description) by extension 'ignore'
[0.295s] Level 1:colcon.colcon_core.package_identification:_identify(src/Universal_Robots_ROS2_Description) by extension 'ignore_ament_install'
[0.295s] Level 1:colcon.colcon_core.package_identification:_identify(src/Universal_Robots_ROS2_Description) by extensions ['colcon_pkg']
[0.295s] Level 1:colcon.colcon_core.package_identification:_identify(src/Universal_Robots_ROS2_Description) by extension 'colcon_pkg'
[0.295s] Level 1:colcon.colcon_core.package_identification:_identify(src/Universal_Robots_ROS2_Description) by extensions ['colcon_meta']
[0.295s] Level 1:colcon.colcon_core.package_identification:_identify(src/Universal_Robots_ROS2_Description) by extension 'colcon_meta'
[0.295s] Level 1:colcon.colcon_core.package_identification:_identify(src/Universal_Robots_ROS2_Description) by extensions ['ros']
[0.295s] Level 1:colcon.colcon_core.package_identification:_identify(src/Universal_Robots_ROS2_Description) by extension 'ros'
[0.298s] DEBUG:colcon.colcon_core.package_identification:Package 'src/Universal_Robots_ROS2_Description' with type 'ros.ament_cmake' and name 'ur_description'
[0.298s] Level 1:colcon.colcon_core.package_identification:_identify(src/Universal_Robots_ROS2_Gazebo_Simulation) by extensions ['ignore', 'ignore_ament_install']
[0.298s] Level 1:colcon.colcon_core.package_identification:_identify(src/Universal_Robots_ROS2_Gazebo_Simulation) by extension 'ignore'
[0.298s] Level 1:colcon.colcon_core.package_identification:_identify(src/Universal_Robots_ROS2_Gazebo_Simulation) by extension 'ignore_ament_install'
[0.298s] Level 1:colcon.colcon_core.package_identification:_identify(src/Universal_Robots_ROS2_Gazebo_Simulation) by extensions ['colcon_pkg']
[0.298s] Level 1:colcon.colcon_core.package_identification:_identify(src/Universal_Robots_ROS2_Gazebo_Simulation) by extension 'colcon_pkg'
[0.298s] Level 1:colcon.colcon_core.package_identification:_identify(src/Universal_Robots_ROS2_Gazebo_Simulation) by extensions ['colcon_meta']
[0.298s] Level 1:colcon.colcon_core.package_identification:_identify(src/Universal_Robots_ROS2_Gazebo_Simulation) by extension 'colcon_meta'
[0.298s] Level 1:colcon.colcon_core.package_identification:_identify(src/Universal_Robots_ROS2_Gazebo_Simulation) by extensions ['ros']
[0.298s] Level 1:colcon.colcon_core.package_identification:_identify(src/Universal_Robots_ROS2_Gazebo_Simulation) by extension 'ros'
[0.298s] Level 1:colcon.colcon_core.package_identification:_identify(src/Universal_Robots_ROS2_Gazebo_Simulation) by extensions ['cmake', 'python']
[0.298s] Level 1:colcon.colcon_core.package_identification:_identify(src/Universal_Robots_ROS2_Gazebo_Simulation) by extension 'cmake'
[0.298s] Level 1:colcon.colcon_core.package_identification:_identify(src/Universal_Robots_ROS2_Gazebo_Simulation) by extension 'python'
[0.298s] Level 1:colcon.colcon_core.package_identification:_identify(src/Universal_Robots_ROS2_Gazebo_Simulation) by extensions ['python_setup_py']
[0.298s] Level 1:colcon.colcon_core.package_identification:_identify(src/Universal_Robots_ROS2_Gazebo_Simulation) by extension 'python_setup_py'
[0.299s] Level 1:colcon.colcon_core.package_identification:_identify(src/Universal_Robots_ROS2_Gazebo_Simulation/ur_simulation_gazebo) by extensions ['ignore', 'ignore_ament_install']
[0.299s] Level 1:colcon.colcon_core.package_identification:_identify(src/Universal_Robots_ROS2_Gazebo_Simulation/ur_simulation_gazebo) by extension 'ignore'
[0.299s] Level 1:colcon.colcon_core.package_identification:_identify(src/Universal_Robots_ROS2_Gazebo_Simulation/ur_simulation_gazebo) by extension 'ignore_ament_install'
[0.299s] Level 1:colcon.colcon_core.package_identification:_identify(src/Universal_Robots_ROS2_Gazebo_Simulation/ur_simulation_gazebo) by extensions ['colcon_pkg']
[0.299s] Level 1:colcon.colcon_core.package_identification:_identify(src/Universal_Robots_ROS2_Gazebo_Simulation/ur_simulation_gazebo) by extension 'colcon_pkg'
[0.299s] Level 1:colcon.colcon_core.package_identification:_identify(src/Universal_Robots_ROS2_Gazebo_Simulation/ur_simulation_gazebo) by extensions ['colcon_meta']
[0.299s] Level 1:colcon.colcon_core.package_identification:_identify(src/Universal_Robots_ROS2_Gazebo_Simulation/ur_simulation_gazebo) by extension 'colcon_meta'
[0.299s] Level 1:colcon.colcon_core.package_identification:_identify(src/Universal_Robots_ROS2_Gazebo_Simulation/ur_simulation_gazebo) by extensions ['ros']
[0.299s] Level 1:colcon.colcon_core.package_identification:_identify(src/Universal_Robots_ROS2_Gazebo_Simulation/ur_simulation_gazebo) by extension 'ros'
[0.300s] DEBUG:colcon.colcon_core.package_identification:Package 'src/Universal_Robots_ROS2_Gazebo_Simulation/ur_simulation_gazebo' with type 'ros.ament_cmake' and name 'ur_simulation_gazebo'
[0.300s] Level 1:colcon.colcon_core.package_identification:_identify(src/build) by extensions ['ignore', 'ignore_ament_install']
[0.300s] Level 1:colcon.colcon_core.package_identification:_identify(src/build) by extension 'ignore'
[0.300s] Level 1:colcon.colcon_core.package_identification:_identify(src/build) ignored
[0.300s] Level 1:colcon.colcon_core.package_identification:_identify(src/install) by extensions ['ignore', 'ignore_ament_install']
[0.300s] Level 1:colcon.colcon_core.package_identification:_identify(src/install) by extension 'ignore'
[0.300s] Level 1:colcon.colcon_core.package_identification:_identify(src/install) ignored
[0.300s] Level 1:colcon.colcon_core.package_identification:_identify(src/log) by extensions ['ignore', 'ignore_ament_install']
[0.300s] Level 1:colcon.colcon_core.package_identification:_identify(src/log) by extension 'ignore'
[0.300s] Level 1:colcon.colcon_core.package_identification:_identify(src/log) ignored
[0.300s] Level 1:colcon.colcon_core.package_identification:_identify(src/ros2_robotiq_gripper) by extensions ['ignore', 'ignore_ament_install']
[0.300s] Level 1:colcon.colcon_core.package_identification:_identify(src/ros2_robotiq_gripper) by extension 'ignore'
[0.300s] Level 1:colcon.colcon_core.package_identification:_identify(src/ros2_robotiq_gripper) by extension 'ignore_ament_install'
[0.300s] Level 1:colcon.colcon_core.package_identification:_identify(src/ros2_robotiq_gripper) by extensions ['colcon_pkg']
[0.300s] Level 1:colcon.colcon_core.package_identification:_identify(src/ros2_robotiq_gripper) by extension 'colcon_pkg'
[0.300s] Level 1:colcon.colcon_core.package_identification:_identify(src/ros2_robotiq_gripper) by extensions ['colcon_meta']
[0.301s] Level 1:colcon.colcon_core.package_identification:_identify(src/ros2_robotiq_gripper) by extension 'colcon_meta'
[0.301s] Level 1:colcon.colcon_core.package_identification:_identify(src/ros2_robotiq_gripper) by extensions ['ros']
[0.301s] Level 1:colcon.colcon_core.package_identification:_identify(src/ros2_robotiq_gripper) by extension 'ros'
[0.301s] Level 1:colcon.colcon_core.package_identification:_identify(src/ros2_robotiq_gripper) by extensions ['cmake', 'python']
[0.301s] Level 1:colcon.colcon_core.package_identification:_identify(src/ros2_robotiq_gripper) by extension 'cmake'
[0.301s] Level 1:colcon.colcon_core.package_identification:_identify(src/ros2_robotiq_gripper) by extension 'python'
[0.301s] Level 1:colcon.colcon_core.package_identification:_identify(src/ros2_robotiq_gripper) by extensions ['python_setup_py']
[0.301s] Level 1:colcon.colcon_core.package_identification:_identify(src/ros2_robotiq_gripper) by extension 'python_setup_py'
[0.301s] Level 1:colcon.colcon_core.package_identification:_identify(src/ros2_robotiq_gripper/robotiq_controllers) by extensions ['ignore', 'ignore_ament_install']
[0.301s] Level 1:colcon.colcon_core.package_identification:_identify(src/ros2_robotiq_gripper/robotiq_controllers) by extension 'ignore'
[0.301s] Level 1:colcon.colcon_core.package_identification:_identify(src/ros2_robotiq_gripper/robotiq_controllers) by extension 'ignore_ament_install'
[0.301s] Level 1:colcon.colcon_core.package_identification:_identify(src/ros2_robotiq_gripper/robotiq_controllers) by extensions ['colcon_pkg']
[0.301s] Level 1:colcon.colcon_core.package_identification:_identify(src/ros2_robotiq_gripper/robotiq_controllers) by extension 'colcon_pkg'
[0.301s] Level 1:colcon.colcon_core.package_identification:_identify(src/ros2_robotiq_gripper/robotiq_controllers) by extensions ['colcon_meta']
[0.301s] Level 1:colcon.colcon_core.package_identification:_identify(src/ros2_robotiq_gripper/robotiq_controllers) by extension 'colcon_meta'
[0.301s] Level 1:colcon.colcon_core.package_identification:_identify(src/ros2_robotiq_gripper/robotiq_controllers) by extensions ['ros']
[0.301s] Level 1:colcon.colcon_core.package_identification:_identify(src/ros2_robotiq_gripper/robotiq_controllers) by extension 'ros'
[0.302s] DEBUG:colcon.colcon_core.package_identification:Package 'src/ros2_robotiq_gripper/robotiq_controllers' with type 'ros.ament_cmake' and name 'robotiq_controllers'
[0.302s] Level 1:colcon.colcon_core.package_identification:_identify(src/ros2_robotiq_gripper/robotiq_description) by extensions ['ignore', 'ignore_ament_install']
[0.302s] Level 1:colcon.colcon_core.package_identification:_identify(src/ros2_robotiq_gripper/robotiq_description) by extension 'ignore'
[0.302s] Level 1:colcon.colcon_core.package_identification:_identify(src/ros2_robotiq_gripper/robotiq_description) by extension 'ignore_ament_install'
[0.302s] Level 1:colcon.colcon_core.package_identification:_identify(src/ros2_robotiq_gripper/robotiq_description) by extensions ['colcon_pkg']
[0.302s] Level 1:colcon.colcon_core.package_identification:_identify(src/ros2_robotiq_gripper/robotiq_description) by extension 'colcon_pkg'
[0.302s] Level 1:colcon.colcon_core.package_identification:_identify(src/ros2_robotiq_gripper/robotiq_description) by extensions ['colcon_meta']
[0.302s] Level 1:colcon.colcon_core.package_identification:_identify(src/ros2_robotiq_gripper/robotiq_description) by extension 'colcon_meta'
[0.302s] Level 1:colcon.colcon_core.package_identification:_identify(src/ros2_robotiq_gripper/robotiq_description) by extensions ['ros']
[0.302s] Level 1:colcon.colcon_core.package_identification:_identify(src/ros2_robotiq_gripper/robotiq_description) by extension 'ros'
[0.303s] DEBUG:colcon.colcon_core.package_identification:Package 'src/ros2_robotiq_gripper/robotiq_description' with type 'ros.ament_cmake' and name 'robotiq_description'
[0.303s] Level 1:colcon.colcon_core.package_identification:_identify(src/ur3e_spawn_gripper_moveit_config) by extensions ['ignore', 'ignore_ament_install']
[0.303s] Level 1:colcon.colcon_core.package_identification:_identify(src/ur3e_spawn_gripper_moveit_config) by extension 'ignore'
[0.303s] Level 1:colcon.colcon_core.package_identification:_identify(src/ur3e_spawn_gripper_moveit_config) by extension 'ignore_ament_install'
[0.303s] Level 1:colcon.colcon_core.package_identification:_identify(src/ur3e_spawn_gripper_moveit_config) by extensions ['colcon_pkg']
[0.303s] Level 1:colcon.colcon_core.package_identification:_identify(src/ur3e_spawn_gripper_moveit_config) by extension 'colcon_pkg'
[0.303s] Level 1:colcon.colcon_core.package_identification:_identify(src/ur3e_spawn_gripper_moveit_config) by extensions ['colcon_meta']
[0.303s] Level 1:colcon.colcon_core.package_identification:_identify(src/ur3e_spawn_gripper_moveit_config) by extension 'colcon_meta'
[0.303s] Level 1:colcon.colcon_core.package_identification:_identify(src/ur3e_spawn_gripper_moveit_config) by extensions ['ros']
[0.303s] Level 1:colcon.colcon_core.package_identification:_identify(src/ur3e_spawn_gripper_moveit_config) by extension 'ros'
[0.304s] DEBUG:colcon.colcon_core.package_identification:Package 'src/ur3e_spawn_gripper_moveit_config' with type 'ros.ament_cmake' and name 'ur3e_spawn_gripper_moveit_config'
[0.304s] Level 1:colcon.colcon_core.package_identification:_identify(src/ur_description) by extensions ['ignore', 'ignore_ament_install']
[0.304s] Level 1:colcon.colcon_core.package_identification:_identify(src/ur_description) by extension 'ignore'
[0.304s] Level 1:colcon.colcon_core.package_identification:_identify(src/ur_description) by extension 'ignore_ament_install'
[0.304s] Level 1:colcon.colcon_core.package_identification:_identify(src/ur_description) by extensions ['colcon_pkg']
[0.304s] Level 1:colcon.colcon_core.package_identification:_identify(src/ur_description) by extension 'colcon_pkg'
[0.304s] Level 1:colcon.colcon_core.package_identification:_identify(src/ur_description) by extensions ['colcon_meta']
[0.304s] Level 1:colcon.colcon_core.package_identification:_identify(src/ur_description) by extension 'colcon_meta'
[0.304s] Level 1:colcon.colcon_core.package_identification:_identify(src/ur_description) by extensions ['ros']
[0.304s] Level 1:colcon.colcon_core.package_identification:_identify(src/ur_description) by extension 'ros'
[0.305s] Level 1:colcon.colcon_core.package_identification:_identify(src/ur_description) by extensions ['cmake', 'python']
[0.305s] Level 1:colcon.colcon_core.package_identification:_identify(src/ur_description) by extension 'cmake'
[0.305s] Level 1:colcon.colcon_core.package_identification:_identify(src/ur_description) by extension 'python'
[0.305s] Level 1:colcon.colcon_core.package_identification:_identify(src/ur_description) by extensions ['python_setup_py']
[0.305s] Level 1:colcon.colcon_core.package_identification:_identify(src/ur_description) by extension 'python_setup_py'
[0.305s] Level 1:colcon.colcon_core.package_identification:_identify(src/ur_description/urdf) by extensions ['ignore', 'ignore_ament_install']
[0.305s] Level 1:colcon.colcon_core.package_identification:_identify(src/ur_description/urdf) by extension 'ignore'
[0.305s] Level 1:colcon.colcon_core.package_identification:_identify(src/ur_description/urdf) by extension 'ignore_ament_install'
[0.305s] Level 1:colcon.colcon_core.package_identification:_identify(src/ur_description/urdf) by extensions ['colcon_pkg']
[0.305s] Level 1:colcon.colcon_core.package_identification:_identify(src/ur_description/urdf) by extension 'colcon_pkg'
[0.305s] Level 1:colcon.colcon_core.package_identification:_identify(src/ur_description/urdf) by extensions ['colcon_meta']
[0.305s] Level 1:colcon.colcon_core.package_identification:_identify(src/ur_description/urdf) by extension 'colcon_meta'
[0.305s] Level 1:colcon.colcon_core.package_identification:_identify(src/ur_description/urdf) by extensions ['ros']
[0.305s] Level 1:colcon.colcon_core.package_identification:_identify(src/ur_description/urdf) by extension 'ros'
[0.305s] Level 1:colcon.colcon_core.package_identification:_identify(src/ur_description/urdf) by extensions ['cmake', 'python']
[0.305s] Level 1:colcon.colcon_core.package_identification:_identify(src/ur_description/urdf) by extension 'cmake'
[0.305s] Level 1:colcon.colcon_core.package_identification:_identify(src/ur_description/urdf) by extension 'python'
[0.305s] Level 1:colcon.colcon_core.package_identification:_identify(src/ur_description/urdf) by extensions ['python_setup_py']
[0.305s] Level 1:colcon.colcon_core.package_identification:_identify(src/ur_description/urdf) by extension 'python_setup_py'
[0.305s] Level 1:colcon.colcon_core.package_identification:_identify(src/ur_sim) by extensions ['ignore', 'ignore_ament_install']
[0.305s] Level 1:colcon.colcon_core.package_identification:_identify(src/ur_sim) by extension 'ignore'
[0.305s] Level 1:colcon.colcon_core.package_identification:_identify(src/ur_sim) by extension 'ignore_ament_install'
[0.305s] Level 1:colcon.colcon_core.package_identification:_identify(src/ur_sim) by extensions ['colcon_pkg']
[0.305s] Level 1:colcon.colcon_core.package_identification:_identify(src/ur_sim) by extension 'colcon_pkg'
[0.306s] Level 1:colcon.colcon_core.package_identification:_identify(src/ur_sim) by extensions ['colcon_meta']
[0.306s] Level 1:colcon.colcon_core.package_identification:_identify(src/ur_sim) by extension 'colcon_meta'
[0.306s] Level 1:colcon.colcon_core.package_identification:_identify(src/ur_sim) by extensions ['ros']
[0.306s] Level 1:colcon.colcon_core.package_identification:_identify(src/ur_sim) by extension 'ros'
[0.306s] DEBUG:colcon.colcon_core.package_identification:Package 'src/ur_sim' with type 'ros.ament_cmake' and name 'ur_sim'
[0.307s] Level 1:colcon.colcon_core.package_discovery:discover_packages(recursive) using defaults
[0.307s] Level 1:colcon.colcon_core.package_discovery:discover_packages(ignore) discover
[0.307s] Level 1:colcon.colcon_core.package_discovery:discover_packages(ignore) using defaults
[0.307s] Level 1:colcon.colcon_core.package_discovery:discover_packages(path) discover
[0.307s] Level 1:colcon.colcon_core.package_discovery:discover_packages(path) using defaults
[0.325s] Level 1:colcon.colcon_core.package_discovery:discover_packages(prefix_path) check parameters
[0.325s] Level 1:colcon.colcon_core.package_discovery:discover_packages(prefix_path) discover
[0.326s] DEBUG:colcon.colcon_installed_package_information.package_discovery:Found 6 installed packages in /home/chintu/ur_ws/install
[0.327s] DEBUG:colcon.colcon_installed_package_information.package_discovery:Found 6 installed packages in /home/chintu/traffic_ws/install
[0.329s] DEBUG:colcon.colcon_installed_package_information.package_discovery:Found 450 installed packages in /opt/ros/humble
[0.331s] Level 1:colcon.colcon_core.package_discovery:discover_packages(prefix_path) using defaults
[0.378s] Level 5:colcon.colcon_core.verb:set package 'robotiq_controllers' build argument 'cmake_args' from command line to 'None'
[0.378s] Level 5:colcon.colcon_core.verb:set package 'robotiq_controllers' build argument 'cmake_target' from command line to 'None'
[0.378s] Level 5:colcon.colcon_core.verb:set package 'robotiq_controllers' build argument 'cmake_target_skip_unavailable' from command line to 'False'
[0.378s] Level 5:colcon.colcon_core.verb:set package 'robotiq_controllers' build argument 'cmake_clean_cache' from command line to 'False'
[0.378s] Level 5:colcon.colcon_core.verb:set package 'robotiq_controllers' build argument 'cmake_clean_first' from command line to 'False'
[0.379s] Level 5:colcon.colcon_core.verb:set package 'robotiq_controllers' build argument 'cmake_force_configure' from command line to 'False'
[0.379s] Level 5:colcon.colcon_core.verb:set package 'robotiq_controllers' build argument 'ament_cmake_args' from command line to 'None'
[0.379s] Level 5:colcon.colcon_core.verb:set package 'robotiq_controllers' build argument 'catkin_cmake_args' from command line to 'None'
[0.379s] Level 5:colcon.colcon_core.verb:set package 'robotiq_controllers' build argument 'catkin_skip_building_tests' from command line to 'False'
[0.379s] DEBUG:colcon.colcon_core.verb:Building package 'robotiq_controllers' with the following arguments: {'ament_cmake_args': None, 'build_base': '/home/chintu/ur_ws/build/robotiq_controllers', 'catkin_cmake_args': None, 'catkin_skip_building_tests': False, 'cmake_args': None, 'cmake_clean_cache': False, 'cmake_clean_first': False, 'cmake_force_configure': False, 'cmake_target': None, 'cmake_target_skip_unavailable': False, 'install_base': '/home/chintu/ur_ws/install/robotiq_controllers', 'merge_install': False, 'path': '/home/chintu/ur_ws/src/ros2_robotiq_gripper/robotiq_controllers', 'symlink_install': True, 'test_result_base': None}
[0.379s] Level 5:colcon.colcon_core.verb:set package 'robotiq_description' build argument 'cmake_args' from command line to 'None'
[0.379s] Level 5:colcon.colcon_core.verb:set package 'robotiq_description' build argument 'cmake_target' from command line to 'None'
[0.379s] Level 5:colcon.colcon_core.verb:set package 'robotiq_description' build argument 'cmake_target_skip_unavailable' from command line to 'False'
[0.379s] Level 5:colcon.colcon_core.verb:set package 'robotiq_description' build argument 'cmake_clean_cache' from command line to 'False'
[0.379s] Level 5:colcon.colcon_core.verb:set package 'robotiq_description' build argument 'cmake_clean_first' from command line to 'False'
[0.379s] Level 5:colcon.colcon_core.verb:set package 'robotiq_description' build argument 'cmake_force_configure' from command line to 'False'
[0.379s] Level 5:colcon.colcon_core.verb:set package 'robotiq_description' build argument 'ament_cmake_args' from command line to 'None'
[0.379s] Level 5:colcon.colcon_core.verb:set package 'robotiq_description' build argument 'catkin_cmake_args' from command line to 'None'
[0.379s] Level 5:colcon.colcon_core.verb:set package 'robotiq_description' build argument 'catkin_skip_building_tests' from command line to 'False'
[0.379s] DEBUG:colcon.colcon_core.verb:Building package 'robotiq_description' with the following arguments: {'ament_cmake_args': None, 'build_base': '/home/chintu/ur_ws/build/robotiq_description', 'catkin_cmake_args': None, 'catkin_skip_building_tests': False, 'cmake_args': None, 'cmake_clean_cache': False, 'cmake_clean_first': False, 'cmake_force_configure': False, 'cmake_target': None, 'cmake_target_skip_unavailable': False, 'install_base': '/home/chintu/ur_ws/install/robotiq_description', 'merge_install': False, 'path': '/home/chintu/ur_ws/src/ros2_robotiq_gripper/robotiq_description', 'symlink_install': True, 'test_result_base': None}
[0.379s] Level 5:colcon.colcon_core.verb:set package 'ur_description' build argument 'cmake_args' from command line to 'None'
[0.379s] Level 5:colcon.colcon_core.verb:set package 'ur_description' build argument 'cmake_target' from command line to 'None'
[0.379s] Level 5:colcon.colcon_core.verb:set package 'ur_description' build argument 'cmake_target_skip_unavailable' from command line to 'False'
[0.379s] Level 5:colcon.colcon_core.verb:set package 'ur_description' build argument 'cmake_clean_cache' from command line to 'False'
[0.379s] Level 5:colcon.colcon_core.verb:set package 'ur_description' build argument 'cmake_clean_first' from command line to 'False'
[0.379s] Level 5:colcon.colcon_core.verb:set package 'ur_description' build argument 'cmake_force_configure' from command line to 'False'
[0.379s] Level 5:colcon.colcon_core.verb:set package 'ur_description' build argument 'ament_cmake_args' from command line to 'None'
[0.379s] Level 5:colcon.colcon_core.verb:set package 'ur_description' build argument 'catkin_cmake_args' from command line to 'None'
[0.379s] Level 5:colcon.colcon_core.verb:set package 'ur_description' build argument 'catkin_skip_building_tests' from command line to 'False'
[0.379s] DEBUG:colcon.colcon_core.verb:Building package 'ur_description' with the following arguments: {'ament_cmake_args': None, 'build_base': '/home/chintu/ur_ws/build/ur_description', 'catkin_cmake_args': None, 'catkin_skip_building_tests': False, 'cmake_args': None, 'cmake_clean_cache': False, 'cmake_clean_first': False, 'cmake_force_configure': False, 'cmake_target': None, 'cmake_target_skip_unavailable': False, 'install_base': '/home/chintu/ur_ws/install/ur_description', 'merge_install': False, 'path': '/home/chintu/ur_ws/src/Universal_Robots_ROS2_Description', 'symlink_install': True, 'test_result_base': None}
[0.380s] Level 5:colcon.colcon_core.verb:set package 'ur_sim' build argument 'cmake_args' from command line to 'None'
[0.380s] Level 5:colcon.colcon_core.verb:set package 'ur_sim' build argument 'cmake_target' from command line to 'None'
[0.380s] Level 5:colcon.colcon_core.verb:set package 'ur_sim' build argument 'cmake_target_skip_unavailable' from command line to 'False'
[0.380s] Level 5:colcon.colcon_core.verb:set package 'ur_sim' build argument 'cmake_clean_cache' from command line to 'False'
[0.380s] Level 5:colcon.colcon_core.verb:set package 'ur_sim' build argument 'cmake_clean_first' from command line to 'False'
[0.380s] Level 5:colcon.colcon_core.verb:set package 'ur_sim' build argument 'cmake_force_configure' from command line to 'False'
[0.380s] Level 5:colcon.colcon_core.verb:set package 'ur_sim' build argument 'ament_cmake_args' from command line to 'None'
[0.380s] Level 5:colcon.colcon_core.verb:set package 'ur_sim' build argument 'catkin_cmake_args' from command line to 'None'
[0.380s] Level 5:colcon.colcon_core.verb:set package 'ur_sim' build argument 'catkin_skip_building_tests' from command line to 'False'
[0.380s] DEBUG:colcon.colcon_core.verb:Building package 'ur_sim' with the following arguments: {'ament_cmake_args': None, 'build_base': '/home/chintu/ur_ws/build/ur_sim', 'catkin_cmake_args': None, 'catkin_skip_building_tests': False, 'cmake_args': None, 'cmake_clean_cache': False, 'cmake_clean_first': False, 'cmake_force_configure': False, 'cmake_target': None, 'cmake_target_skip_unavailable': False, 'install_base': '/home/chintu/ur_ws/install/ur_sim', 'merge_install': False, 'path': '/home/chintu/ur_ws/src/ur_sim', 'symlink_install': True, 'test_result_base': None}
[0.380s] Level 5:colcon.colcon_core.verb:set package 'ur3e_spawn_gripper_moveit_config' build argument 'cmake_args' from command line to 'None'
[0.380s] Level 5:colcon.colcon_core.verb:set package 'ur3e_spawn_gripper_moveit_config' build argument 'cmake_target' from command line to 'None'
[0.380s] Level 5:colcon.colcon_core.verb:set package 'ur3e_spawn_gripper_moveit_config' build argument 'cmake_target_skip_unavailable' from command line to 'False'
[0.380s] Level 5:colcon.colcon_core.verb:set package 'ur3e_spawn_gripper_moveit_config' build argument 'cmake_clean_cache' from command line to 'False'
[0.380s] Level 5:colcon.colcon_core.verb:set package 'ur3e_spawn_gripper_moveit_config' build argument 'cmake_clean_first' from command line to 'False'
[0.380s] Level 5:colcon.colcon_core.verb:set package 'ur3e_spawn_gripper_moveit_config' build argument 'cmake_force_configure' from command line to 'False'
[0.380s] Level 5:colcon.colcon_core.verb:set package 'ur3e_spawn_gripper_moveit_config' build argument 'ament_cmake_args' from command line to 'None'
[0.380s] Level 5:colcon.colcon_core.verb:set package 'ur3e_spawn_gripper_moveit_config' build argument 'catkin_cmake_args' from command line to 'None'
[0.380s] Level 5:colcon.colcon_core.verb:set package 'ur3e_spawn_gripper_moveit_config' build argument 'catkin_skip_building_tests' from command line to 'False'
[0.380s] DEBUG:colcon.colcon_core.verb:Building package 'ur3e_spawn_gripper_moveit_config' with the following arguments: {'ament_cmake_args': None, 'build_base': '/home/chintu/ur_ws/build/ur3e_spawn_gripper_moveit_config', 'catkin_cmake_args': None, 'catkin_skip_building_tests': False, 'cmake_args': None, 'cmake_clean_cache': False, 'cmake_clean_first': False, 'cmake_force_configure': False, 'cmake_target': None, 'cmake_target_skip_unavailable': False, 'install_base': '/home/chintu/ur_ws/install/ur3e_spawn_gripper_moveit_config', 'merge_install': False, 'path': '/home/chintu/ur_ws/src/ur3e_spawn_gripper_moveit_config', 'symlink_install': True, 'test_result_base': None}
[0.380s] Level 5:colcon.colcon_core.verb:set package 'ur_simulation_gazebo' build argument 'cmake_args' from command line to 'None'
[0.381s] Level 5:colcon.colcon_core.verb:set package 'ur_simulation_gazebo' build argument 'cmake_target' from command line to 'None'
[0.381s] Level 5:colcon.colcon_core.verb:set package 'ur_simulation_gazebo' build argument 'cmake_target_skip_unavailable' from command line to 'False'
[0.381s] Level 5:colcon.colcon_core.verb:set package 'ur_simulation_gazebo' build argument 'cmake_clean_cache' from command line to 'False'
[0.381s] Level 5:colcon.colcon_core.verb:set package 'ur_simulation_gazebo' build argument 'cmake_clean_first' from command line to 'False'
[0.381s] Level 5:colcon.colcon_core.verb:set package 'ur_simulation_gazebo' build argument 'cmake_force_configure' from command line to 'False'
[0.381s] Level 5:colcon.colcon_core.verb:set package 'ur_simulation_gazebo' build argument 'ament_cmake_args' from command line to 'None'
[0.381s] Level 5:colcon.colcon_core.verb:set package 'ur_simulation_gazebo' build argument 'catkin_cmake_args' from command line to 'None'
[0.381s] Level 5:colcon.colcon_core.verb:set package 'ur_simulation_gazebo' build argument 'catkin_skip_building_tests' from command line to 'False'
[0.381s] DEBUG:colcon.colcon_core.verb:Building package 'ur_simulation_gazebo' with the following arguments: {'ament_cmake_args': None, 'build_base': '/home/chintu/ur_ws/build/ur_simulation_gazebo', 'catkin_cmake_args': None, 'catkin_skip_building_tests': False, 'cmake_args': None, 'cmake_clean_cache': False, 'cmake_clean_first': False, 'cmake_force_configure': False, 'cmake_target': None, 'cmake_target_skip_unavailable': False, 'install_base': '/home/chintu/ur_ws/install/ur_simulation_gazebo', 'merge_install': False, 'path': '/home/chintu/ur_ws/src/Universal_Robots_ROS2_Gazebo_Simulation/ur_simulation_gazebo', 'symlink_install': True, 'test_result_base': None}
[0.381s] INFO:colcon.colcon_core.executor:Executing jobs using 'parallel' executor
[0.382s] DEBUG:colcon.colcon_parallel_executor.executor.parallel:run_until_complete
[0.382s] INFO:colcon.colcon_ros.task.ament_cmake.build:Building ROS package in '/home/chintu/ur_ws/src/Universal_Robots_ROS2_Description' with build type 'ament_cmake'
[0.383s] INFO:colcon.colcon_cmake.task.cmake.build:Building CMake package in '/home/chintu/ur_ws/src/Universal_Robots_ROS2_Description'
[0.384s] INFO:colcon.colcon_core.plugin_system:Skipping extension 'colcon_core.shell.bat': Not used on non-Windows systems
[0.384s] INFO:colcon.colcon_core.shell:Skip shell extension 'powershell' for command environment: Not usable outside of PowerShell
[0.385s] DEBUG:colcon.colcon_core.shell:Skip shell extension 'dsv' for command environment
[0.389s] INFO:colcon.colcon_ros.task.ament_cmake.build:Building ROS package in '/home/chintu/ur_ws/src/ur_sim' with build type 'ament_cmake'
[0.390s] INFO:colcon.colcon_cmake.task.cmake.build:Building CMake package in '/home/chintu/ur_ws/src/ur_sim'
[0.390s] INFO:colcon.colcon_core.shell:Skip shell extension 'powershell' for command environment: Not usable outside of PowerShell
[0.390s] DEBUG:colcon.colcon_core.shell:Skip shell extension 'dsv' for command environment
[0.395s] INFO:colcon.colcon_ros.task.ament_cmake.build:Building ROS package in '/home/chintu/ur_ws/src/ros2_robotiq_gripper/robotiq_controllers' with build type 'ament_cmake'
[0.395s] INFO:colcon.colcon_cmake.task.cmake.build:Building CMake package in '/home/chintu/ur_ws/src/ros2_robotiq_gripper/robotiq_controllers'
[0.395s] INFO:colcon.colcon_core.shell:Skip shell extension 'powershell' for command environment: Not usable outside of PowerShell
[0.395s] DEBUG:colcon.colcon_core.shell:Skip shell extension 'dsv' for command environment
[0.400s] INFO:colcon.colcon_ros.task.ament_cmake.build:Building ROS package in '/home/chintu/ur_ws/src/ros2_robotiq_gripper/robotiq_description' with build type 'ament_cmake'
[0.400s] INFO:colcon.colcon_cmake.task.cmake.build:Building CMake package in '/home/chintu/ur_ws/src/ros2_robotiq_gripper/robotiq_description'
[0.400s] INFO:colcon.colcon_core.shell:Skip shell extension 'powershell' for command environment: Not usable outside of PowerShell
[0.400s] DEBUG:colcon.colcon_core.shell:Skip shell extension 'dsv' for command environment
[0.410s] DEBUG:colcon.colcon_core.event_handler.log_command:Invoking command in '/home/chintu/ur_ws/build/ur_description': CMAKE_PREFIX_PATH=${CMAKE_PREFIX_PATH}:/home/chintu/traffic_ws/install/qcar_yolo:/home/chintu/traffic_ws/install/qcar_cv:/opt/ros/humble /usr/bin/cmake --build /home/chintu/ur_ws/build/ur_description -- -j8 -l8
[0.412s] DEBUG:colcon.colcon_core.event_handler.log_command:Invoking command in '/home/chintu/ur_ws/build/ur_sim': CMAKE_PREFIX_PATH=${CMAKE_PREFIX_PATH}:/home/chintu/traffic_ws/install/qcar_yolo:/home/chintu/traffic_ws/install/qcar_cv:/opt/ros/humble /usr/bin/cmake /home/chintu/ur_ws/src/ur_sim -DAMENT_CMAKE_SYMLINK_INSTALL=1 -DCMAKE_INSTALL_PREFIX=/home/chintu/ur_ws/install/ur_sim
[0.420s] DEBUG:colcon.colcon_core.event_handler.log_command:Invoking command in '/home/chintu/ur_ws/build/robotiq_controllers': CMAKE_PREFIX_PATH=${CMAKE_PREFIX_PATH}:/home/chintu/traffic_ws/install/qcar_yolo:/home/chintu/traffic_ws/install/qcar_cv:/opt/ros/humble /usr/bin/cmake --build /home/chintu/ur_ws/build/robotiq_controllers -- -j8 -l8
[0.425s] DEBUG:colcon.colcon_core.event_handler.log_command:Invoking command in '/home/chintu/ur_ws/build/robotiq_description': CMAKE_PREFIX_PATH=${CMAKE_PREFIX_PATH}:/home/chintu/traffic_ws/install/qcar_yolo:/home/chintu/traffic_ws/install/qcar_cv:/opt/ros/humble /usr/bin/cmake --build /home/chintu/ur_ws/build/robotiq_description -- -j8 -l8
[0.459s] DEBUG:colcon.colcon_core.event_handler.log_command:Invoked command in '/home/chintu/ur_ws/build/ur_description' returned '0': CMAKE_PREFIX_PATH=${CMAKE_PREFIX_PATH}:/home/chintu/traffic_ws/install/qcar_yolo:/home/chintu/traffic_ws/install/qcar_cv:/opt/ros/humble /usr/bin/cmake --build /home/chintu/ur_ws/build/ur_description -- -j8 -l8
[0.473s] DEBUG:colcon.colcon_core.event_handler.log_command:Invoking command in '/home/chintu/ur_ws/build/ur_description': CMAKE_PREFIX_PATH=${CMAKE_PREFIX_PATH}:/home/chintu/traffic_ws/install/qcar_yolo:/home/chintu/traffic_ws/install/qcar_cv:/opt/ros/humble /usr/bin/cmake --install /home/chintu/ur_ws/build/ur_description
[0.474s] DEBUG:colcon.colcon_core.event_handler.log_command:Invoked command in '/home/chintu/ur_ws/build/robotiq_description' returned '0': CMAKE_PREFIX_PATH=${CMAKE_PREFIX_PATH}:/home/chintu/traffic_ws/install/qcar_yolo:/home/chintu/traffic_ws/install/qcar_cv:/opt/ros/humble /usr/bin/cmake --build /home/chintu/ur_ws/build/robotiq_description -- -j8 -l8
[0.476s] DEBUG:colcon.colcon_core.event_handler.log_command:Invoking command in '/home/chintu/ur_ws/build/robotiq_description': CMAKE_PREFIX_PATH=${CMAKE_PREFIX_PATH}:/home/chintu/traffic_ws/install/qcar_yolo:/home/chintu/traffic_ws/install/qcar_cv:/opt/ros/humble /usr/bin/cmake --install /home/chintu/ur_ws/build/robotiq_description
[0.512s] DEBUG:colcon.colcon_core.event_handler.log_command:Invoked command in '/home/chintu/ur_ws/build/robotiq_controllers' returned '0': CMAKE_PREFIX_PATH=${CMAKE_PREFIX_PATH}:/home/chintu/traffic_ws/install/qcar_yolo:/home/chintu/traffic_ws/install/qcar_cv:/opt/ros/humble /usr/bin/cmake --build /home/chintu/ur_ws/build/robotiq_controllers -- -j8 -l8
[0.515s] DEBUG:colcon.colcon_core.event_handler.log_command:Invoking command in '/home/chintu/ur_ws/build/robotiq_controllers': CMAKE_PREFIX_PATH=${CMAKE_PREFIX_PATH}:/home/chintu/traffic_ws/install/qcar_yolo:/home/chintu/traffic_ws/install/qcar_cv:/opt/ros/humble /usr/bin/cmake --install /home/chintu/ur_ws/build/robotiq_controllers
[0.516s] Level 1:colcon.colcon_core.environment:create_environment_scripts_only(robotiq_description)
[0.517s] DEBUG:colcon.colcon_core.event_handler.log_command:Invoked command in '/home/chintu/ur_ws/build/robotiq_description' returned '0': CMAKE_PREFIX_PATH=${CMAKE_PREFIX_PATH}:/home/chintu/traffic_ws/install/qcar_yolo:/home/chintu/traffic_ws/install/qcar_cv:/opt/ros/humble /usr/bin/cmake --install /home/chintu/ur_ws/build/robotiq_description
[0.520s] Level 1:colcon.colcon_core.environment:checking '/home/chintu/ur_ws/install/robotiq_description' for CMake module files
[0.521s] Level 1:colcon.colcon_core.environment:checking '/home/chintu/ur_ws/install/robotiq_description' for CMake config files
[0.522s] Level 1:colcon.colcon_core.shell:create_environment_hook('robotiq_description', 'cmake_prefix_path')
[0.522s] INFO:colcon.colcon_core.shell:Creating environment hook '/home/chintu/ur_ws/install/robotiq_description/share/robotiq_description/hook/cmake_prefix_path.ps1'
[0.523s] INFO:colcon.colcon_core.shell:Creating environment descriptor '/home/chintu/ur_ws/install/robotiq_description/share/robotiq_description/hook/cmake_prefix_path.dsv'
[0.525s] INFO:colcon.colcon_core.shell:Creating environment hook '/home/chintu/ur_ws/install/robotiq_description/share/robotiq_description/hook/cmake_prefix_path.sh'
[0.528s] Level 1:colcon.colcon_core.environment:checking '/home/chintu/ur_ws/install/robotiq_description/bin'
[0.528s] Level 1:colcon.colcon_core.environment:checking '/home/chintu/ur_ws/install/robotiq_description/lib/pkgconfig/robotiq_description.pc'
[0.528s] Level 1:colcon.colcon_core.environment:checking '/home/chintu/ur_ws/install/robotiq_description/lib/python3.10/site-packages'
[0.528s] Level 1:colcon.colcon_core.environment:checking '/home/chintu/ur_ws/install/robotiq_description/bin'
[0.529s] INFO:colcon.colcon_core.shell:Creating package script '/home/chintu/ur_ws/install/robotiq_description/share/robotiq_description/package.ps1'
[0.530s] INFO:colcon.colcon_core.shell:Creating package descriptor '/home/chintu/ur_ws/install/robotiq_description/share/robotiq_description/package.dsv'
[0.531s] INFO:colcon.colcon_core.shell:Creating package script '/home/chintu/ur_ws/install/robotiq_description/share/robotiq_description/package.sh'
[0.532s] INFO:colcon.colcon_core.shell:Creating package script '/home/chintu/ur_ws/install/robotiq_description/share/robotiq_description/package.bash'
[0.534s] INFO:colcon.colcon_core.shell:Creating package script '/home/chintu/ur_ws/install/robotiq_description/share/robotiq_description/package.zsh'
[0.535s] Level 1:colcon.colcon_core.environment:create_file_with_runtime_dependencies(/home/chintu/ur_ws/install/robotiq_description/share/colcon-core/packages/robotiq_description)
[0.535s] Level 1:colcon.colcon_core.environment:create_environment_scripts_only(robotiq_description)
[0.536s] Level 1:colcon.colcon_core.environment:checking '/home/chintu/ur_ws/install/robotiq_description' for CMake module files
[0.536s] Level 1:colcon.colcon_core.environment:checking '/home/chintu/ur_ws/install/robotiq_description' for CMake config files
[0.537s] Level 1:colcon.colcon_core.shell:create_environment_hook('robotiq_description', 'cmake_prefix_path')
[0.537s] INFO:colcon.colcon_core.shell:Creating environment hook '/home/chintu/ur_ws/install/robotiq_description/share/robotiq_description/hook/cmake_prefix_path.ps1'
[0.538s] INFO:colcon.colcon_core.shell:Creating environment descriptor '/home/chintu/ur_ws/install/robotiq_description/share/robotiq_description/hook/cmake_prefix_path.dsv'
[0.538s] INFO:colcon.colcon_core.shell:Creating environment hook '/home/chintu/ur_ws/install/robotiq_description/share/robotiq_description/hook/cmake_prefix_path.sh'
[0.539s] Level 1:colcon.colcon_core.environment:checking '/home/chintu/ur_ws/install/robotiq_description/bin'
[0.540s] Level 1:colcon.colcon_core.environment:checking '/home/chintu/ur_ws/install/robotiq_description/lib/pkgconfig/robotiq_description.pc'
[0.540s] Level 1:colcon.colcon_core.environment:checking '/home/chintu/ur_ws/install/robotiq_description/lib/python3.10/site-packages'
[0.540s] Level 1:colcon.colcon_core.environment:checking '/home/chintu/ur_ws/install/robotiq_description/bin'
[0.541s] INFO:colcon.colcon_core.shell:Creating package script '/home/chintu/ur_ws/install/robotiq_description/share/robotiq_description/package.ps1'
[0.542s] INFO:colcon.colcon_core.shell:Creating package descriptor '/home/chintu/ur_ws/install/robotiq_description/share/robotiq_description/package.dsv'
[0.543s] INFO:colcon.colcon_core.shell:Creating package script '/home/chintu/ur_ws/install/robotiq_description/share/robotiq_description/package.sh'
[0.543s] INFO:colcon.colcon_core.shell:Creating package script '/home/chintu/ur_ws/install/robotiq_description/share/robotiq_description/package.bash'
[0.544s] INFO:colcon.colcon_core.shell:Creating package script '/home/chintu/ur_ws/install/robotiq_description/share/robotiq_description/package.zsh'
[0.544s] Level 1:colcon.colcon_core.environment:create_file_with_runtime_dependencies(/home/chintu/ur_ws/install/robotiq_description/share/colcon-core/packages/robotiq_description)
[0.546s] Level 1:colcon.colcon_core.environment:create_environment_scripts_only(ur_description)
[0.546s] Level 1:colcon.colcon_core.environment:checking '/home/chintu/ur_ws/install/ur_description' for CMake module files
[0.547s] DEBUG:colcon.colcon_core.event_handler.log_command:Invoked command in '/home/chintu/ur_ws/build/ur_description' returned '0': CMAKE_PREFIX_PATH=${CMAKE_PREFIX_PATH}:/home/chintu/traffic_ws/install/qcar_yolo:/home/chintu/traffic_ws/install/qcar_cv:/opt/ros/humble /usr/bin/cmake --install /home/chintu/ur_ws/build/ur_description
[0.547s] Level 1:colcon.colcon_core.environment:checking '/home/chintu/ur_ws/install/ur_description' for CMake config files
[0.549s] Level 1:colcon.colcon_core.shell:create_environment_hook('ur_description', 'cmake_prefix_path')
[0.549s] INFO:colcon.colcon_core.shell:Creating environment hook '/home/chintu/ur_ws/install/ur_description/share/ur_description/hook/cmake_prefix_path.ps1'
[0.550s] INFO:colcon.colcon_core.shell:Creating environment descriptor '/home/chintu/ur_ws/install/ur_description/share/ur_description/hook/cmake_prefix_path.dsv'
[0.550s] INFO:colcon.colcon_core.shell:Creating environment hook '/home/chintu/ur_ws/install/ur_description/share/ur_description/hook/cmake_prefix_path.sh'
[0.551s] Level 1:colcon.colcon_core.environment:checking '/home/chintu/ur_ws/install/ur_description/bin'
[0.551s] Level 1:colcon.colcon_core.environment:checking '/home/chintu/ur_ws/install/ur_description/lib/pkgconfig/ur_description.pc'
[0.551s] Level 1:colcon.colcon_core.environment:checking '/home/chintu/ur_ws/install/ur_description/lib/python3.10/site-packages'
[0.551s] Level 1:colcon.colcon_core.environment:checking '/home/chintu/ur_ws/install/ur_description/bin'
[0.552s] INFO:colcon.colcon_core.shell:Creating package script '/home/chintu/ur_ws/install/ur_description/share/ur_description/package.ps1'
[0.552s] INFO:colcon.colcon_core.shell:Creating package descriptor '/home/chintu/ur_ws/install/ur_description/share/ur_description/package.dsv'
[0.553s] INFO:colcon.colcon_core.shell:Creating package script '/home/chintu/ur_ws/install/ur_description/share/ur_description/package.sh'
[0.553s] INFO:colcon.colcon_core.shell:Creating package script '/home/chintu/ur_ws/install/ur_description/share/ur_description/package.bash'
[0.554s] INFO:colcon.colcon_core.shell:Creating package script '/home/chintu/ur_ws/install/ur_description/share/ur_description/package.zsh'
[0.554s] Level 1:colcon.colcon_core.environment:create_file_with_runtime_dependencies(/home/chintu/ur_ws/install/ur_description/share/colcon-core/packages/ur_description)
[0.555s] Level 1:colcon.colcon_core.environment:create_environment_scripts_only(ur_description)
[0.555s] Level 1:colcon.colcon_core.environment:checking '/home/chintu/ur_ws/install/ur_description' for CMake module files
[0.555s] Level 1:colcon.colcon_core.environment:checking '/home/chintu/ur_ws/install/ur_description' for CMake config files
[0.557s] Level 1:colcon.colcon_core.shell:create_environment_hook('ur_description', 'cmake_prefix_path')
[0.558s] INFO:colcon.colcon_core.shell:Creating environment hook '/home/chintu/ur_ws/install/ur_description/share/ur_description/hook/cmake_prefix_path.ps1'
[0.558s] INFO:colcon.colcon_core.shell:Creating environment descriptor '/home/chintu/ur_ws/install/ur_description/share/ur_description/hook/cmake_prefix_path.dsv'
[0.559s] INFO:colcon.colcon_core.shell:Creating environment hook '/home/chintu/ur_ws/install/ur_description/share/ur_description/hook/cmake_prefix_path.sh'
[0.559s] Level 1:colcon.colcon_core.environment:checking '/home/chintu/ur_ws/install/ur_description/bin'
[0.559s] Level 1:colcon.colcon_core.environment:checking '/home/chintu/ur_ws/install/ur_description/lib/pkgconfig/ur_description.pc'
[0.559s] Level 1:colcon.colcon_core.environment:checking '/home/chintu/ur_ws/install/ur_description/lib/python3.10/site-packages'
[0.559s] Level 1:colcon.colcon_core.environment:checking '/home/chintu/ur_ws/install/ur_description/bin'
[0.560s] INFO:colcon.colcon_core.shell:Creating package script '/home/chintu/ur_ws/install/ur_description/share/ur_description/package.ps1'
[0.560s] INFO:colcon.colcon_core.shell:Creating package descriptor '/home/chintu/ur_ws/install/ur_description/share/ur_description/package.dsv'
[0.561s] INFO:colcon.colcon_core.shell:Creating package script '/home/chintu/ur_ws/install/ur_description/share/ur_description/package.sh'
[0.562s] INFO:colcon.colcon_core.shell:Creating package script '/home/chintu/ur_ws/install/ur_description/share/ur_description/package.bash'
[0.563s] INFO:colcon.colcon_core.shell:Creating package script '/home/chintu/ur_ws/install/ur_description/share/ur_description/package.zsh'
[0.563s] Level 1:colcon.colcon_core.environment:create_file_with_runtime_dependencies(/home/chintu/ur_ws/install/ur_description/share/colcon-core/packages/ur_description)
[0.564s] Level 1:colcon.colcon_core.environment:create_environment_scripts_only(robotiq_controllers)
[0.564s] Level 1:colcon.colcon_core.environment:checking '/home/chintu/ur_ws/install/robotiq_controllers' for CMake module files
[0.565s] DEBUG:colcon.colcon_core.event_handler.log_command:Invoked command in '/home/chintu/ur_ws/build/robotiq_controllers' returned '0': CMAKE_PREFIX_PATH=${CMAKE_PREFIX_PATH}:/home/chintu/traffic_ws/install/qcar_yolo:/home/chintu/traffic_ws/install/qcar_cv:/opt/ros/humble /usr/bin/cmake --install /home/chintu/ur_ws/build/robotiq_controllers
[0.565s] Level 1:colcon.colcon_core.environment:checking '/home/chintu/ur_ws/install/robotiq_controllers' for CMake config files
[0.566s] Level 1:colcon.colcon_core.shell:create_environment_hook('robotiq_controllers', 'cmake_prefix_path')
[0.566s] INFO:colcon.colcon_core.shell:Creating environment hook '/home/chintu/ur_ws/install/robotiq_controllers/share/robotiq_controllers/hook/cmake_prefix_path.ps1'
[0.567s] INFO:colcon.colcon_core.shell:Creating environment descriptor '/home/chintu/ur_ws/install/robotiq_controllers/share/robotiq_controllers/hook/cmake_prefix_path.dsv'
[0.568s] INFO:colcon.colcon_core.shell:Creating environment hook '/home/chintu/ur_ws/install/robotiq_controllers/share/robotiq_controllers/hook/cmake_prefix_path.sh'
[0.568s] Level 1:colcon.colcon_core.environment:checking '/home/chintu/ur_ws/install/robotiq_controllers/lib'
[0.569s] Level 1:colcon.colcon_core.shell:create_environment_hook('robotiq_controllers', 'ld_library_path_lib')
[0.569s] INFO:colcon.colcon_core.shell:Creating environment hook '/home/chintu/ur_ws/install/robotiq_controllers/share/robotiq_controllers/hook/ld_library_path_lib.ps1'
[0.570s] INFO:colcon.colcon_core.shell:Creating environment descriptor '/home/chintu/ur_ws/install/robotiq_controllers/share/robotiq_controllers/hook/ld_library_path_lib.dsv'
[0.570s] INFO:colcon.colcon_core.shell:Creating environment hook '/home/chintu/ur_ws/install/robotiq_controllers/share/robotiq_controllers/hook/ld_library_path_lib.sh'
[0.571s] Level 1:colcon.colcon_core.environment:checking '/home/chintu/ur_ws/install/robotiq_controllers/bin'
[0.571s] Level 1:colcon.colcon_core.environment:checking '/home/chintu/ur_ws/install/robotiq_controllers/lib/pkgconfig/robotiq_controllers.pc'
[0.571s] Level 1:colcon.colcon_core.environment:checking '/home/chintu/ur_ws/install/robotiq_controllers/lib/python3.10/site-packages'
[0.571s] Level 1:colcon.colcon_core.environment:checking '/home/chintu/ur_ws/install/robotiq_controllers/bin'
[0.571s] INFO:colcon.colcon_core.shell:Creating package script '/home/chintu/ur_ws/install/robotiq_controllers/share/robotiq_controllers/package.ps1'
[0.572s] INFO:colcon.colcon_core.shell:Creating package descriptor '/home/chintu/ur_ws/install/robotiq_controllers/share/robotiq_controllers/package.dsv'
[0.573s] INFO:colcon.colcon_core.shell:Creating package script '/home/chintu/ur_ws/install/robotiq_controllers/share/robotiq_controllers/package.sh'
[0.573s] INFO:colcon.colcon_core.shell:Creating package script '/home/chintu/ur_ws/install/robotiq_controllers/share/robotiq_controllers/package.bash'
[0.573s] INFO:colcon.colcon_core.shell:Creating package script '/home/chintu/ur_ws/install/robotiq_controllers/share/robotiq_controllers/package.zsh'
[0.574s] Level 1:colcon.colcon_core.environment:create_file_with_runtime_dependencies(/home/chintu/ur_ws/install/robotiq_controllers/share/colcon-core/packages/robotiq_controllers)
[0.574s] Level 1:colcon.colcon_core.environment:create_environment_scripts_only(robotiq_controllers)
[0.575s] Level 1:colcon.colcon_core.environment:checking '/home/chintu/ur_ws/install/robotiq_controllers' for CMake module files
[0.575s] Level 1:colcon.colcon_core.environment:checking '/home/chintu/ur_ws/install/robotiq_controllers' for CMake config files
[0.576s] Level 1:colcon.colcon_core.shell:create_environment_hook('robotiq_controllers', 'cmake_prefix_path')
[0.576s] INFO:colcon.colcon_core.shell:Creating environment hook '/home/chintu/ur_ws/install/robotiq_controllers/share/robotiq_controllers/hook/cmake_prefix_path.ps1'
[0.576s] INFO:colcon.colcon_core.shell:Creating environment descriptor '/home/chintu/ur_ws/install/robotiq_controllers/share/robotiq_controllers/hook/cmake_prefix_path.dsv'
[0.577s] INFO:colcon.colcon_core.shell:Creating environment hook '/home/chintu/ur_ws/install/robotiq_controllers/share/robotiq_controllers/hook/cmake_prefix_path.sh'
[0.577s] Level 1:colcon.colcon_core.environment:checking '/home/chintu/ur_ws/install/robotiq_controllers/lib'
[0.577s] Level 1:colcon.colcon_core.shell:create_environment_hook('robotiq_controllers', 'ld_library_path_lib')
[0.577s] INFO:colcon.colcon_core.shell:Creating environment hook '/home/chintu/ur_ws/install/robotiq_controllers/share/robotiq_controllers/hook/ld_library_path_lib.ps1'
[0.578s] INFO:colcon.colcon_core.shell:Creating environment descriptor '/home/chintu/ur_ws/install/robotiq_controllers/share/robotiq_controllers/hook/ld_library_path_lib.dsv'
[0.578s] INFO:colcon.colcon_core.shell:Creating environment hook '/home/chintu/ur_ws/install/robotiq_controllers/share/robotiq_controllers/hook/ld_library_path_lib.sh'
[0.578s] Level 1:colcon.colcon_core.environment:checking '/home/chintu/ur_ws/install/robotiq_controllers/bin'
[0.579s] Level 1:colcon.colcon_core.environment:checking '/home/chintu/ur_ws/install/robotiq_controllers/lib/pkgconfig/robotiq_controllers.pc'
[0.579s] Level 1:colcon.colcon_core.environment:checking '/home/chintu/ur_ws/install/robotiq_controllers/lib/python3.10/site-packages'
[0.579s] Level 1:colcon.colcon_core.environment:checking '/home/chintu/ur_ws/install/robotiq_controllers/bin'
[0.579s] INFO:colcon.colcon_core.shell:Creating package script '/home/chintu/ur_ws/install/robotiq_controllers/share/robotiq_controllers/package.ps1'
[0.580s] INFO:colcon.colcon_core.shell:Creating package descriptor '/home/chintu/ur_ws/install/robotiq_controllers/share/robotiq_controllers/package.dsv'
[0.580s] INFO:colcon.colcon_core.shell:Creating package script '/home/chintu/ur_ws/install/robotiq_controllers/share/robotiq_controllers/package.sh'
[0.581s] INFO:colcon.colcon_core.shell:Creating package script '/home/chintu/ur_ws/install/robotiq_controllers/share/robotiq_controllers/package.bash'
[0.581s] INFO:colcon.colcon_core.shell:Creating package script '/home/chintu/ur_ws/install/robotiq_controllers/share/robotiq_controllers/package.zsh'
[0.582s] Level 1:colcon.colcon_core.environment:create_file_with_runtime_dependencies(/home/chintu/ur_ws/install/robotiq_controllers/share/colcon-core/packages/robotiq_controllers)
[0.583s] INFO:colcon.colcon_ros.task.ament_cmake.build:Building ROS package in '/home/chintu/ur_ws/src/Universal_Robots_ROS2_Gazebo_Simulation/ur_simulation_gazebo' with build type 'ament_cmake'
[0.583s] INFO:colcon.colcon_cmake.task.cmake.build:Building CMake package in '/home/chintu/ur_ws/src/Universal_Robots_ROS2_Gazebo_Simulation/ur_simulation_gazebo'
[0.583s] INFO:colcon.colcon_core.shell:Skip shell extension 'powershell' for command environment: Not usable outside of PowerShell
[0.583s] DEBUG:colcon.colcon_core.shell:Skip shell extension 'dsv' for command environment
[0.595s] DEBUG:colcon.colcon_core.event_handler.log_command:Invoking command in '/home/chintu/ur_ws/build/ur_simulation_gazebo': CMAKE_PREFIX_PATH=/home/chintu/ur_ws/install/ur_description:/home/chintu/ur_ws/install/ur_simulation_gazebo:/home/chintu/ur_ws/install/ur3e_spawn_gripper_moveit_config:/home/chintu/ur_ws/install/ur_sim:/home/chintu/ur_ws/install/robotiq_description:/home/chintu/ur_ws/install/robotiq_controllers:/home/chintu/traffic_ws/install/qcar_traffic:/home/chintu/traffic_ws/install/qcar_track:/home/chintu/traffic_ws/install/qcar_slam:/home/chintu/traffic_ws/install/qcar:/home/chintu/traffic_ws/install/qcar_yolo:/home/chintu/traffic_ws/install/qcar_cv:/opt/ros/humble /usr/bin/cmake --build /home/chintu/ur_ws/build/ur_simulation_gazebo -- -j8 -l8
[0.642s] DEBUG:colcon.colcon_core.event_handler.log_command:Invoked command in '/home/chintu/ur_ws/build/ur_simulation_gazebo' returned '0': CMAKE_PREFIX_PATH=/home/chintu/ur_ws/install/ur_description:/home/chintu/ur_ws/install/ur_simulation_gazebo:/home/chintu/ur_ws/install/ur3e_spawn_gripper_moveit_config:/home/chintu/ur_ws/install/ur_sim:/home/chintu/ur_ws/install/robotiq_description:/home/chintu/ur_ws/install/robotiq_controllers:/home/chintu/traffic_ws/install/qcar_traffic:/home/chintu/traffic_ws/install/qcar_track:/home/chintu/traffic_ws/install/qcar_slam:/home/chintu/traffic_ws/install/qcar:/home/chintu/traffic_ws/install/qcar_yolo:/home/chintu/traffic_ws/install/qcar_cv:/opt/ros/humble /usr/bin/cmake --build /home/chintu/ur_ws/build/ur_simulation_gazebo -- -j8 -l8
[0.643s] DEBUG:colcon.colcon_core.event_handler.log_command:Invoking command in '/home/chintu/ur_ws/build/ur_simulation_gazebo': CMAKE_PREFIX_PATH=/home/chintu/ur_ws/install/ur_description:/home/chintu/ur_ws/install/ur_simulation_gazebo:/home/chintu/ur_ws/install/ur3e_spawn_gripper_moveit_config:/home/chintu/ur_ws/install/ur_sim:/home/chintu/ur_ws/install/robotiq_description:/home/chintu/ur_ws/install/robotiq_controllers:/home/chintu/traffic_ws/install/qcar_traffic:/home/chintu/traffic_ws/install/qcar_track:/home/chintu/traffic_ws/install/qcar_slam:/home/chintu/traffic_ws/install/qcar:/home/chintu/traffic_ws/install/qcar_yolo:/home/chintu/traffic_ws/install/qcar_cv:/opt/ros/humble /usr/bin/cmake --install /home/chintu/ur_ws/build/ur_simulation_gazebo
[0.669s] Level 1:colcon.colcon_core.environment:create_environment_scripts_only(ur_simulation_gazebo)
[0.669s] Level 1:colcon.colcon_core.environment:checking '/home/chintu/ur_ws/install/ur_simulation_gazebo' for CMake module files
[0.670s] DEBUG:colcon.colcon_core.event_handler.log_command:Invoked command in '/home/chintu/ur_ws/build/ur_simulation_gazebo' returned '0': CMAKE_PREFIX_PATH=/home/chintu/ur_ws/install/ur_description:/home/chintu/ur_ws/install/ur_simulation_gazebo:/home/chintu/ur_ws/install/ur3e_spawn_gripper_moveit_config:/home/chintu/ur_ws/install/ur_sim:/home/chintu/ur_ws/install/robotiq_description:/home/chintu/ur_ws/install/robotiq_controllers:/home/chintu/traffic_ws/install/qcar_traffic:/home/chintu/traffic_ws/install/qcar_track:/home/chintu/traffic_ws/install/qcar_slam:/home/chintu/traffic_ws/install/qcar:/home/chintu/traffic_ws/install/qcar_yolo:/home/chintu/traffic_ws/install/qcar_cv:/opt/ros/humble /usr/bin/cmake --install /home/chintu/ur_ws/build/ur_simulation_gazebo
[0.670s] Level 1:colcon.colcon_core.environment:checking '/home/chintu/ur_ws/install/ur_simulation_gazebo' for CMake config files
[0.670s] Level 1:colcon.colcon_core.shell:create_environment_hook('ur_simulation_gazebo', 'cmake_prefix_path')
[0.671s] INFO:colcon.colcon_core.shell:Creating environment hook '/home/chintu/ur_ws/install/ur_simulation_gazebo/share/ur_simulation_gazebo/hook/cmake_prefix_path.ps1'
[0.671s] INFO:colcon.colcon_core.shell:Creating environment descriptor '/home/chintu/ur_ws/install/ur_simulation_gazebo/share/ur_simulation_gazebo/hook/cmake_prefix_path.dsv'
[0.671s] INFO:colcon.colcon_core.shell:Creating environment hook '/home/chintu/ur_ws/install/ur_simulation_gazebo/share/ur_simulation_gazebo/hook/cmake_prefix_path.sh'
[0.672s] Level 1:colcon.colcon_core.environment:checking '/home/chintu/ur_ws/install/ur_simulation_gazebo/bin'
[0.672s] Level 1:colcon.colcon_core.environment:checking '/home/chintu/ur_ws/install/ur_simulation_gazebo/lib/pkgconfig/ur_simulation_gazebo.pc'
[0.672s] Level 1:colcon.colcon_core.environment:checking '/home/chintu/ur_ws/install/ur_simulation_gazebo/lib/python3.10/site-packages'
[0.673s] Level 1:colcon.colcon_core.environment:checking '/home/chintu/ur_ws/install/ur_simulation_gazebo/bin'
[0.673s] INFO:colcon.colcon_core.shell:Creating package script '/home/chintu/ur_ws/install/ur_simulation_gazebo/share/ur_simulation_gazebo/package.ps1'
[0.674s] INFO:colcon.colcon_core.shell:Creating package descriptor '/home/chintu/ur_ws/install/ur_simulation_gazebo/share/ur_simulation_gazebo/package.dsv'
[0.674s] INFO:colcon.colcon_core.shell:Creating package script '/home/chintu/ur_ws/install/ur_simulation_gazebo/share/ur_simulation_gazebo/package.sh'
[0.675s] INFO:colcon.colcon_core.shell:Creating package script '/home/chintu/ur_ws/install/ur_simulation_gazebo/share/ur_simulation_gazebo/package.bash'
[0.675s] INFO:colcon.colcon_core.shell:Creating package script '/home/chintu/ur_ws/install/ur_simulation_gazebo/share/ur_simulation_gazebo/package.zsh'
[0.676s] Level 1:colcon.colcon_core.environment:create_file_with_runtime_dependencies(/home/chintu/ur_ws/install/ur_simulation_gazebo/share/colcon-core/packages/ur_simulation_gazebo)
[0.676s] Level 1:colcon.colcon_core.environment:create_environment_scripts_only(ur_simulation_gazebo)
[0.676s] Level 1:colcon.colcon_core.environment:checking '/home/chintu/ur_ws/install/ur_simulation_gazebo' for CMake module files
[0.677s] Level 1:colcon.colcon_core.environment:checking '/home/chintu/ur_ws/install/ur_simulation_gazebo' for CMake config files
[0.677s] Level 1:colcon.colcon_core.shell:create_environment_hook('ur_simulation_gazebo', 'cmake_prefix_path')
[0.677s] INFO:colcon.colcon_core.shell:Creating environment hook '/home/chintu/ur_ws/install/ur_simulation_gazebo/share/ur_simulation_gazebo/hook/cmake_prefix_path.ps1'
[0.677s] INFO:colcon.colcon_core.shell:Creating environment descriptor '/home/chintu/ur_ws/install/ur_simulation_gazebo/share/ur_simulation_gazebo/hook/cmake_prefix_path.dsv'
[0.678s] INFO:colcon.colcon_core.shell:Creating environment hook '/home/chintu/ur_ws/install/ur_simulation_gazebo/share/ur_simulation_gazebo/hook/cmake_prefix_path.sh'
[0.678s] Level 1:colcon.colcon_core.environment:checking '/home/chintu/ur_ws/install/ur_simulation_gazebo/bin'
[0.678s] Level 1:colcon.colcon_core.environment:checking '/home/chintu/ur_ws/install/ur_simulation_gazebo/lib/pkgconfig/ur_simulation_gazebo.pc'
[0.678s] Level 1:colcon.colcon_core.environment:checking '/home/chintu/ur_ws/install/ur_simulation_gazebo/lib/python3.10/site-packages'
[0.679s] Level 1:colcon.colcon_core.environment:checking '/home/chintu/ur_ws/install/ur_simulation_gazebo/bin'
[0.679s] INFO:colcon.colcon_core.shell:Creating package script '/home/chintu/ur_ws/install/ur_simulation_gazebo/share/ur_simulation_gazebo/package.ps1'
[0.679s] INFO:colcon.colcon_core.shell:Creating package descriptor '/home/chintu/ur_ws/install/ur_simulation_gazebo/share/ur_simulation_gazebo/package.dsv'
[0.680s] INFO:colcon.colcon_core.shell:Creating package script '/home/chintu/ur_ws/install/ur_simulation_gazebo/share/ur_simulation_gazebo/package.sh'
[0.680s] INFO:colcon.colcon_core.shell:Creating package script '/home/chintu/ur_ws/install/ur_simulation_gazebo/share/ur_simulation_gazebo/package.bash'
[0.680s] INFO:colcon.colcon_core.shell:Creating package script '/home/chintu/ur_ws/install/ur_simulation_gazebo/share/ur_simulation_gazebo/package.zsh'
[0.681s] Level 1:colcon.colcon_core.environment:create_file_with_runtime_dependencies(/home/chintu/ur_ws/install/ur_simulation_gazebo/share/colcon-core/packages/ur_simulation_gazebo)
[1.036s] DEBUG:colcon.colcon_core.event_handler.log_command:Invoked command in '/home/chintu/ur_ws/build/ur_sim' returned '0': CMAKE_PREFIX_PATH=${CMAKE_PREFIX_PATH}:/home/chintu/traffic_ws/install/qcar_yolo:/home/chintu/traffic_ws/install/qcar_cv:/opt/ros/humble /usr/bin/cmake /home/chintu/ur_ws/src/ur_sim -DAMENT_CMAKE_SYMLINK_INSTALL=1 -DCMAKE_INSTALL_PREFIX=/home/chintu/ur_ws/install/ur_sim
[1.038s] DEBUG:colcon.colcon_core.event_handler.log_command:Invoking command in '/home/chintu/ur_ws/build/ur_sim': CMAKE_PREFIX_PATH=${CMAKE_PREFIX_PATH}:/home/chintu/traffic_ws/install/qcar_yolo:/home/chintu/traffic_ws/install/qcar_cv:/opt/ros/humble /usr/bin/cmake --build /home/chintu/ur_ws/build/ur_sim -- -j8 -l8
[1.408s] DEBUG:colcon.colcon_core.event_handler.log_command:Invoked command in '/home/chintu/ur_ws/build/ur_sim' returned '0': CMAKE_PREFIX_PATH=${CMAKE_PREFIX_PATH}:/home/chintu/traffic_ws/install/qcar_yolo:/home/chintu/traffic_ws/install/qcar_cv:/opt/ros/humble /usr/bin/cmake --build /home/chintu/ur_ws/build/ur_sim -- -j8 -l8
[1.410s] DEBUG:colcon.colcon_core.event_handler.log_command:Invoking command in '/home/chintu/ur_ws/build/ur_sim': CMAKE_PREFIX_PATH=${CMAKE_PREFIX_PATH}:/home/chintu/traffic_ws/install/qcar_yolo:/home/chintu/traffic_ws/install/qcar_cv:/opt/ros/humble /usr/bin/cmake --install /home/chintu/ur_ws/build/ur_sim
[1.472s] Level 1:colcon.colcon_core.environment:create_environment_scripts_only(ur_sim)
[1.472s] DEBUG:colcon.colcon_core.event_handler.log_command:Invoked command in '/home/chintu/ur_ws/build/ur_sim' returned '0': CMAKE_PREFIX_PATH=${CMAKE_PREFIX_PATH}:/home/chintu/traffic_ws/install/qcar_yolo:/home/chintu/traffic_ws/install/qcar_cv:/opt/ros/humble /usr/bin/cmake --install /home/chintu/ur_ws/build/ur_sim
[1.473s] Level 1:colcon.colcon_core.environment:checking '/home/chintu/ur_ws/install/ur_sim' for CMake module files
[1.473s] Level 1:colcon.colcon_core.environment:checking '/home/chintu/ur_ws/install/ur_sim' for CMake config files
[1.474s] Level 1:colcon.colcon_core.shell:create_environment_hook('ur_sim', 'cmake_prefix_path')
[1.474s] INFO:colcon.colcon_core.shell:Creating environment hook '/home/chintu/ur_ws/install/ur_sim/share/ur_sim/hook/cmake_prefix_path.ps1'
[1.475s] INFO:colcon.colcon_core.shell:Creating environment descriptor '/home/chintu/ur_ws/install/ur_sim/share/ur_sim/hook/cmake_prefix_path.dsv'
[1.475s] INFO:colcon.colcon_core.shell:Creating environment hook '/home/chintu/ur_ws/install/ur_sim/share/ur_sim/hook/cmake_prefix_path.sh'
[1.475s] Level 1:colcon.colcon_core.environment:checking '/home/chintu/ur_ws/install/ur_sim/lib'
[1.475s] Level 1:colcon.colcon_core.environment:checking '/home/chintu/ur_ws/install/ur_sim/bin'
[1.475s] Level 1:colcon.colcon_core.environment:checking '/home/chintu/ur_ws/install/ur_sim/lib/pkgconfig/ur_sim.pc'
[1.476s] Level 1:colcon.colcon_core.environment:checking '/home/chintu/ur_ws/install/ur_sim/lib/python3.10/site-packages'
[1.476s] Level 1:colcon.colcon_core.environment:checking '/home/chintu/ur_ws/install/ur_sim/bin'
[1.476s] INFO:colcon.colcon_core.shell:Creating package script '/home/chintu/ur_ws/install/ur_sim/share/ur_sim/package.ps1'
[1.477s] INFO:colcon.colcon_core.shell:Creating package descriptor '/home/chintu/ur_ws/install/ur_sim/share/ur_sim/package.dsv'
[1.477s] INFO:colcon.colcon_core.shell:Creating package script '/home/chintu/ur_ws/install/ur_sim/share/ur_sim/package.sh'
[1.477s] INFO:colcon.colcon_core.shell:Creating package script '/home/chintu/ur_ws/install/ur_sim/share/ur_sim/package.bash'
[1.478s] INFO:colcon.colcon_core.shell:Creating package script '/home/chintu/ur_ws/install/ur_sim/share/ur_sim/package.zsh'
[1.478s] Level 1:colcon.colcon_core.environment:create_file_with_runtime_dependencies(/home/chintu/ur_ws/install/ur_sim/share/colcon-core/packages/ur_sim)
[1.478s] Level 1:colcon.colcon_core.environment:create_environment_scripts_only(ur_sim)
[1.479s] Level 1:colcon.colcon_core.environment:checking '/home/chintu/ur_ws/install/ur_sim' for CMake module files
[1.479s] Level 1:colcon.colcon_core.environment:checking '/home/chintu/ur_ws/install/ur_sim' for CMake config files
[1.480s] Level 1:colcon.colcon_core.shell:create_environment_hook('ur_sim', 'cmake_prefix_path')
[1.480s] INFO:colcon.colcon_core.shell:Creating environment hook '/home/chintu/ur_ws/install/ur_sim/share/ur_sim/hook/cmake_prefix_path.ps1'
[1.480s] INFO:colcon.colcon_core.shell:Creating environment descriptor '/home/chintu/ur_ws/install/ur_sim/share/ur_sim/hook/cmake_prefix_path.dsv'
[1.480s] INFO:colcon.colcon_core.shell:Creating environment hook '/home/chintu/ur_ws/install/ur_sim/share/ur_sim/hook/cmake_prefix_path.sh'
[1.481s] Level 1:colcon.colcon_core.environment:checking '/home/chintu/ur_ws/install/ur_sim/lib'
[1.481s] Level 1:colcon.colcon_core.environment:checking '/home/chintu/ur_ws/install/ur_sim/bin'
[1.481s] Level 1:colcon.colcon_core.environment:checking '/home/chintu/ur_ws/install/ur_sim/lib/pkgconfig/ur_sim.pc'
[1.481s] Level 1:colcon.colcon_core.environment:checking '/home/chintu/ur_ws/install/ur_sim/lib/python3.10/site-packages'
[1.481s] Level 1:colcon.colcon_core.environment:checking '/home/chintu/ur_ws/install/ur_sim/bin'
[1.482s] INFO:colcon.colcon_core.shell:Creating package script '/home/chintu/ur_ws/install/ur_sim/share/ur_sim/package.ps1'
[1.482s] INFO:colcon.colcon_core.shell:Creating package descriptor '/home/chintu/ur_ws/install/ur_sim/share/ur_sim/package.dsv'
[1.483s] INFO:colcon.colcon_core.shell:Creating package script '/home/chintu/ur_ws/install/ur_sim/share/ur_sim/package.sh'
[1.483s] INFO:colcon.colcon_core.shell:Creating package script '/home/chintu/ur_ws/install/ur_sim/share/ur_sim/package.bash'
[1.483s] INFO:colcon.colcon_core.shell:Creating package script '/home/chintu/ur_ws/install/ur_sim/share/ur_sim/package.zsh'
[1.484s] Level 1:colcon.colcon_core.environment:create_file_with_runtime_dependencies(/home/chintu/ur_ws/install/ur_sim/share/colcon-core/packages/ur_sim)
[1.484s] INFO:colcon.colcon_ros.task.ament_cmake.build:Building ROS package in '/home/chintu/ur_ws/src/ur3e_spawn_gripper_moveit_config' with build type 'ament_cmake'
[1.484s] INFO:colcon.colcon_cmake.task.cmake.build:Building CMake package in '/home/chintu/ur_ws/src/ur3e_spawn_gripper_moveit_config'
[1.485s] INFO:colcon.colcon_core.shell:Skip shell extension 'powershell' for command environment: Not usable outside of PowerShell
[1.485s] DEBUG:colcon.colcon_core.shell:Skip shell extension 'dsv' for command environment
[1.496s] DEBUG:colcon.colcon_core.event_handler.log_command:Invoking command in '/home/chintu/ur_ws/build/ur3e_spawn_gripper_moveit_config': CMAKE_PREFIX_PATH=/home/chintu/ur_ws/install/ur_sim:/home/chintu/ur_ws/install/ur_simulation_gazebo:/home/chintu/ur_ws/install/ur3e_spawn_gripper_moveit_config:/home/chintu/ur_ws/install/ur_description:/home/chintu/ur_ws/install/robotiq_description:/home/chintu/ur_ws/install/robotiq_controllers:/home/chintu/traffic_ws/install/qcar_traffic:/home/chintu/traffic_ws/install/qcar_track:/home/chintu/traffic_ws/install/qcar_slam:/home/chintu/traffic_ws/install/qcar:/home/chintu/traffic_ws/install/qcar_yolo:/home/chintu/traffic_ws/install/qcar_cv:/opt/ros/humble /usr/bin/cmake --build /home/chintu/ur_ws/build/ur3e_spawn_gripper_moveit_config -- -j8 -l8
[1.544s] DEBUG:colcon.colcon_core.event_handler.log_command:Invoked command in '/home/chintu/ur_ws/build/ur3e_spawn_gripper_moveit_config' returned '0': CMAKE_PREFIX_PATH=/home/chintu/ur_ws/install/ur_sim:/home/chintu/ur_ws/install/ur_simulation_gazebo:/home/chintu/ur_ws/install/ur3e_spawn_gripper_moveit_config:/home/chintu/ur_ws/install/ur_description:/home/chintu/ur_ws/install/robotiq_description:/home/chintu/ur_ws/install/robotiq_controllers:/home/chintu/traffic_ws/install/qcar_traffic:/home/chintu/traffic_ws/install/qcar_track:/home/chintu/traffic_ws/install/qcar_slam:/home/chintu/traffic_ws/install/qcar:/home/chintu/traffic_ws/install/qcar_yolo:/home/chintu/traffic_ws/install/qcar_cv:/opt/ros/humble /usr/bin/cmake --build /home/chintu/ur_ws/build/ur3e_spawn_gripper_moveit_config -- -j8 -l8
[1.545s] DEBUG:colcon.colcon_core.event_handler.log_command:Invoking command in '/home/chintu/ur_ws/build/ur3e_spawn_gripper_moveit_config': CMAKE_PREFIX_PATH=/home/chintu/ur_ws/install/ur_sim:/home/chintu/ur_ws/install/ur_simulation_gazebo:/home/chintu/ur_ws/install/ur3e_spawn_gripper_moveit_config:/home/chintu/ur_ws/install/ur_description:/home/chintu/ur_ws/install/robotiq_description:/home/chintu/ur_ws/install/robotiq_controllers:/home/chintu/traffic_ws/install/qcar_traffic:/home/chintu/traffic_ws/install/qcar_track:/home/chintu/traffic_ws/install/qcar_slam:/home/chintu/traffic_ws/install/qcar:/home/chintu/traffic_ws/install/qcar_yolo:/home/chintu/traffic_ws/install/qcar_cv:/opt/ros/humble /usr/bin/cmake --install /home/chintu/ur_ws/build/ur3e_spawn_gripper_moveit_config
[1.573s] Level 1:colcon.colcon_core.environment:create_environment_scripts_only(ur3e_spawn_gripper_moveit_config)
[1.573s] Level 1:colcon.colcon_core.environment:checking '/home/chintu/ur_ws/install/ur3e_spawn_gripper_moveit_config' for CMake module files
[1.574s] DEBUG:colcon.colcon_core.event_handler.log_command:Invoked command in '/home/chintu/ur_ws/build/ur3e_spawn_gripper_moveit_config' returned '0': CMAKE_PREFIX_PATH=/home/chintu/ur_ws/install/ur_sim:/home/chintu/ur_ws/install/ur_simulation_gazebo:/home/chintu/ur_ws/install/ur3e_spawn_gripper_moveit_config:/home/chintu/ur_ws/install/ur_description:/home/chintu/ur_ws/install/robotiq_description:/home/chintu/ur_ws/install/robotiq_controllers:/home/chintu/traffic_ws/install/qcar_traffic:/home/chintu/traffic_ws/install/qcar_track:/home/chintu/traffic_ws/install/qcar_slam:/home/chintu/traffic_ws/install/qcar:/home/chintu/traffic_ws/install/qcar_yolo:/home/chintu/traffic_ws/install/qcar_cv:/opt/ros/humble /usr/bin/cmake --install /home/chintu/ur_ws/build/ur3e_spawn_gripper_moveit_config
[1.574s] Level 1:colcon.colcon_core.environment:checking '/home/chintu/ur_ws/install/ur3e_spawn_gripper_moveit_config' for CMake config files
[1.574s] Level 1:colcon.colcon_core.shell:create_environment_hook('ur3e_spawn_gripper_moveit_config', 'cmake_prefix_path')
[1.575s] INFO:colcon.colcon_core.shell:Creating environment hook '/home/chintu/ur_ws/install/ur3e_spawn_gripper_moveit_config/share/ur3e_spawn_gripper_moveit_config/hook/cmake_prefix_path.ps1'
[1.575s] INFO:colcon.colcon_core.shell:Creating environment descriptor '/home/chintu/ur_ws/install/ur3e_spawn_gripper_moveit_config/share/ur3e_spawn_gripper_moveit_config/hook/cmake_prefix_path.dsv'
[1.575s] INFO:colcon.colcon_core.shell:Creating environment hook '/home/chintu/ur_ws/install/ur3e_spawn_gripper_moveit_config/share/ur3e_spawn_gripper_moveit_config/hook/cmake_prefix_path.sh'
[1.576s] Level 1:colcon.colcon_core.environment:checking '/home/chintu/ur_ws/install/ur3e_spawn_gripper_moveit_config/bin'
[1.576s] Level 1:colcon.colcon_core.environment:checking '/home/chintu/ur_ws/install/ur3e_spawn_gripper_moveit_config/lib/pkgconfig/ur3e_spawn_gripper_moveit_config.pc'
[1.576s] Level 1:colcon.colcon_core.environment:checking '/home/chintu/ur_ws/install/ur3e_spawn_gripper_moveit_config/lib/python3.10/site-packages'
[1.576s] Level 1:colcon.colcon_core.environment:checking '/home/chintu/ur_ws/install/ur3e_spawn_gripper_moveit_config/bin'
[1.576s] INFO:colcon.colcon_core.shell:Creating package script '/home/chintu/ur_ws/install/ur3e_spawn_gripper_moveit_config/share/ur3e_spawn_gripper_moveit_config/package.ps1'
[1.577s] INFO:colcon.colcon_core.shell:Creating package descriptor '/home/chintu/ur_ws/install/ur3e_spawn_gripper_moveit_config/share/ur3e_spawn_gripper_moveit_config/package.dsv'
[1.577s] INFO:colcon.colcon_core.shell:Creating package script '/home/chintu/ur_ws/install/ur3e_spawn_gripper_moveit_config/share/ur3e_spawn_gripper_moveit_config/package.sh'
[1.578s] INFO:colcon.colcon_core.shell:Creating package script '/home/chintu/ur_ws/install/ur3e_spawn_gripper_moveit_config/share/ur3e_spawn_gripper_moveit_config/package.bash'
[1.578s] INFO:colcon.colcon_core.shell:Creating package script '/home/chintu/ur_ws/install/ur3e_spawn_gripper_moveit_config/share/ur3e_spawn_gripper_moveit_config/package.zsh'
[1.578s] Level 1:colcon.colcon_core.environment:create_file_with_runtime_dependencies(/home/chintu/ur_ws/install/ur3e_spawn_gripper_moveit_config/share/colcon-core/packages/ur3e_spawn_gripper_moveit_config)
[1.579s] Level 1:colcon.colcon_core.environment:create_environment_scripts_only(ur3e_spawn_gripper_moveit_config)
[1.579s] Level 1:colcon.colcon_core.environment:checking '/home/chintu/ur_ws/install/ur3e_spawn_gripper_moveit_config' for CMake module files
[1.579s] Level 1:colcon.colcon_core.environment:checking '/home/chintu/ur_ws/install/ur3e_spawn_gripper_moveit_config' for CMake config files
[1.580s] Level 1:colcon.colcon_core.shell:create_environment_hook('ur3e_spawn_gripper_moveit_config', 'cmake_prefix_path')
[1.580s] INFO:colcon.colcon_core.shell:Creating environment hook '/home/chintu/ur_ws/install/ur3e_spawn_gripper_moveit_config/share/ur3e_spawn_gripper_moveit_config/hook/cmake_prefix_path.ps1'
[1.580s] INFO:colcon.colcon_core.shell:Creating environment descriptor '/home/chintu/ur_ws/install/ur3e_spawn_gripper_moveit_config/share/ur3e_spawn_gripper_moveit_config/hook/cmake_prefix_path.dsv'
[1.581s] INFO:colcon.colcon_core.shell:Creating environment hook '/home/chintu/ur_ws/install/ur3e_spawn_gripper_moveit_config/share/ur3e_spawn_gripper_moveit_config/hook/cmake_prefix_path.sh'
[1.581s] Level 1:colcon.colcon_core.environment:checking '/home/chintu/ur_ws/install/ur3e_spawn_gripper_moveit_config/bin'
[1.581s] Level 1:colcon.colcon_core.environment:checking '/home/chintu/ur_ws/install/ur3e_spawn_gripper_moveit_config/lib/pkgconfig/ur3e_spawn_gripper_moveit_config.pc'
[1.582s] Level 1:colcon.colcon_core.environment:checking '/home/chintu/ur_ws/install/ur3e_spawn_gripper_moveit_config/lib/python3.10/site-packages'
[1.582s] Level 1:colcon.colcon_core.environment:checking '/home/chintu/ur_ws/install/ur3e_spawn_gripper_moveit_config/bin'
[1.582s] INFO:colcon.colcon_core.shell:Creating package script '/home/chintu/ur_ws/install/ur3e_spawn_gripper_moveit_config/share/ur3e_spawn_gripper_moveit_config/package.ps1'
[1.583s] INFO:colcon.colcon_core.shell:Creating package descriptor '/home/chintu/ur_ws/install/ur3e_spawn_gripper_moveit_config/share/ur3e_spawn_gripper_moveit_config/package.dsv'
[1.584s] INFO:colcon.colcon_core.shell:Creating package script '/home/chintu/ur_ws/install/ur3e_spawn_gripper_moveit_config/share/ur3e_spawn_gripper_moveit_config/package.sh'
[1.584s] INFO:colcon.colcon_core.shell:Creating package script '/home/chintu/ur_ws/install/ur3e_spawn_gripper_moveit_config/share/ur3e_spawn_gripper_moveit_config/package.bash'
[1.585s] INFO:colcon.colcon_core.shell:Creating package script '/home/chintu/ur_ws/install/ur3e_spawn_gripper_moveit_config/share/ur3e_spawn_gripper_moveit_config/package.zsh'
[1.585s] Level 1:colcon.colcon_core.environment:create_file_with_runtime_dependencies(/home/chintu/ur_ws/install/ur3e_spawn_gripper_moveit_config/share/colcon-core/packages/ur3e_spawn_gripper_moveit_config)
[1.586s] DEBUG:colcon.colcon_parallel_executor.executor.parallel:closing loop
[1.586s] DEBUG:colcon.colcon_parallel_executor.executor.parallel:loop closed
[1.586s] DEBUG:colcon.colcon_parallel_executor.executor.parallel:run_until_complete finished with '0'
[1.586s] DEBUG:colcon.colcon_core.event_reactor:joining thread
[1.591s] INFO:colcon.colcon_core.plugin_system:Skipping extension 'colcon_notification.desktop_notification.terminal_notifier': Not used on non-Darwin systems
[1.591s] INFO:colcon.colcon_core.plugin_system:Skipping extension 'colcon_notification.desktop_notification.win32': Not used on non-Windows systems
[1.591s] INFO:colcon.colcon_notification.desktop_notification:Sending desktop notification using 'notify2'
[1.600s] DEBUG:colcon.colcon_core.event_reactor:joined thread
[1.600s] INFO:colcon.colcon_core.shell:Creating prefix script '/home/chintu/ur_ws/install/local_setup.ps1'
[1.601s] INFO:colcon.colcon_core.shell:Creating prefix util module '/home/chintu/ur_ws/install/_local_setup_util_ps1.py'
[1.603s] INFO:colcon.colcon_core.shell:Creating prefix chain script '/home/chintu/ur_ws/install/setup.ps1'
[1.605s] INFO:colcon.colcon_core.shell:Creating prefix script '/home/chintu/ur_ws/install/local_setup.sh'
[1.606s] INFO:colcon.colcon_core.shell:Creating prefix util module '/home/chintu/ur_ws/install/_local_setup_util_sh.py'
[1.606s] INFO:colcon.colcon_core.shell:Creating prefix chain script '/home/chintu/ur_ws/install/setup.sh'
[1.608s] INFO:colcon.colcon_core.shell:Creating prefix script '/home/chintu/ur_ws/install/local_setup.bash'
[1.609s] INFO:colcon.colcon_core.shell:Creating prefix chain script '/home/chintu/ur_ws/install/setup.bash'
[1.610s] INFO:colcon.colcon_core.shell:Creating prefix script '/home/chintu/ur_ws/install/local_setup.zsh'
[1.611s] INFO:colcon.colcon_core.shell:Creating prefix chain script '/home/chintu/ur_ws/install/setup.zsh'
