[0.028s] Invoking command in '/home/chintu/ur_ws/build/robotiq_controllers': CMAKE_PREFIX_PATH=${CMAKE_PREFIX_PATH}:/home/chintu/traffic_ws/install/qcar_yolo:/home/chintu/traffic_ws/install/qcar_cv:/opt/ros/humble /usr/bin/cmake --build /home/chintu/ur_ws/build/robotiq_controllers -- -j8 -l8
[0.206s] [100%] Built target robotiq_controllers
[0.271s] Invoked command in '/home/chintu/ur_ws/build/robotiq_controllers' returned '0': CMAKE_PREFIX_PATH=${CMAKE_PREFIX_PATH}:/home/chintu/traffic_ws/install/qcar_yolo:/home/chintu/traffic_ws/install/qcar_cv:/opt/ros/humble /usr/bin/cmake --build /home/chintu/ur_ws/build/robotiq_controllers -- -j8 -l8
[0.273s] Invoking command in '/home/chintu/ur_ws/build/robotiq_controllers': CMAKE_PREFIX_PATH=${CMAKE_PREFIX_PATH}:/home/chintu/traffic_ws/install/qcar_yolo:/home/chintu/traffic_ws/install/qcar_cv:/opt/ros/humble /usr/bin/cmake --install /home/chintu/ur_ws/build/robotiq_controllers
[0.285s] -- Install configuration: ""
[0.286s] -- Execute custom install script
[0.286s] -- Up-to-date symlink: /home/chintu/ur_ws/install/robotiq_controllers/share/robotiq_controllers//controller_plugins.xml
[0.286s] -- Up-to-date symlink: /home/chintu/ur_ws/install/robotiq_controllers/include/robotiq_controllers/robotiq_activation_controller.hpp
[0.287s] -- Up-to-date symlink: /home/chintu/ur_ws/install/robotiq_controllers/share/robotiq_controllers/environment/library_path.sh
[0.287s] -- Up-to-date symlink: /home/chintu/ur_ws/install/robotiq_controllers/share/robotiq_controllers/environment/library_path.dsv
[0.287s] -- Up-to-date symlink: /home/chintu/ur_ws/install/robotiq_controllers/share/ament_index/resource_index/package_run_dependencies/robotiq_controllers
[0.287s] -- Up-to-date symlink: /home/chintu/ur_ws/install/robotiq_controllers/share/ament_index/resource_index/parent_prefix_path/robotiq_controllers
[0.287s] -- Up-to-date symlink: /home/chintu/ur_ws/install/robotiq_controllers/share/robotiq_controllers/environment/ament_prefix_path.sh
[0.287s] -- Up-to-date symlink: /home/chintu/ur_ws/install/robotiq_controllers/share/robotiq_controllers/environment/ament_prefix_path.dsv
[0.288s] -- Up-to-date symlink: /home/chintu/ur_ws/install/robotiq_controllers/share/robotiq_controllers/environment/path.sh
[0.288s] -- Up-to-date symlink: /home/chintu/ur_ws/install/robotiq_controllers/share/robotiq_controllers/environment/path.dsv
[0.288s] -- Up-to-date symlink: /home/chintu/ur_ws/install/robotiq_controllers/share/robotiq_controllers/local_setup.bash
[0.289s] -- Up-to-date symlink: /home/chintu/ur_ws/install/robotiq_controllers/share/robotiq_controllers/local_setup.sh
[0.289s] -- Up-to-date symlink: /home/chintu/ur_ws/install/robotiq_controllers/share/robotiq_controllers/local_setup.zsh
[0.291s] -- Up-to-date symlink: /home/chintu/ur_ws/install/robotiq_controllers/share/robotiq_controllers/local_setup.dsv
[0.293s] -- Symlinking: /home/chintu/ur_ws/install/robotiq_controllers/share/robotiq_controllers/package.dsv
[0.311s] -- Up-to-date symlink: /home/chintu/ur_ws/install/robotiq_controllers/share/ament_index/resource_index/packages/robotiq_controllers
[0.311s] -- Up-to-date symlink: /home/chintu/ur_ws/install/robotiq_controllers/share/ament_index/resource_index/controller_interface__pluginlib__plugin/robotiq_controllers
[0.311s] -- Up-to-date symlink: /home/chintu/ur_ws/install/robotiq_controllers/share/robotiq_controllers/cmake/ament_cmake_export_include_directories-extras.cmake
[0.311s] -- Up-to-date symlink: /home/chintu/ur_ws/install/robotiq_controllers/share/robotiq_controllers/cmake/ament_cmake_export_libraries-extras.cmake
[0.311s] -- Up-to-date symlink: /home/chintu/ur_ws/install/robotiq_controllers/share/robotiq_controllers/cmake/ament_cmake_export_targets-extras.cmake
[0.311s] -- Up-to-date symlink: /home/chintu/ur_ws/install/robotiq_controllers/share/robotiq_controllers/cmake/ament_cmake_export_dependencies-extras.cmake
[0.312s] -- Up-to-date symlink: /home/chintu/ur_ws/install/robotiq_controllers/share/robotiq_controllers/cmake/robotiq_controllersConfig.cmake
[0.312s] -- Up-to-date symlink: /home/chintu/ur_ws/install/robotiq_controllers/share/robotiq_controllers/cmake/robotiq_controllersConfig-version.cmake
[0.312s] -- Up-to-date symlink: /home/chintu/ur_ws/install/robotiq_controllers/share/robotiq_controllers/package.xml
[0.313s] -- Up-to-date: /home/chintu/ur_ws/install/robotiq_controllers/lib/librobotiq_controllers.so
[0.314s] -- Up-to-date: /home/chintu/ur_ws/install/robotiq_controllers/share/robotiq_controllers/cmake/export_robotiq_controllersExport.cmake
[0.314s] -- Up-to-date: /home/chintu/ur_ws/install/robotiq_controllers/share/robotiq_controllers/cmake/export_robotiq_controllersExport-noconfig.cmake
[0.320s] Invoked command in '/home/chintu/ur_ws/build/robotiq_controllers' returned '0': CMAKE_PREFIX_PATH=${CMAKE_PREFIX_PATH}:/home/chintu/traffic_ws/install/qcar_yolo:/home/chintu/traffic_ws/install/qcar_cv:/opt/ros/humble /usr/bin/cmake --install /home/chintu/ur_ws/build/robotiq_controllers
