[0.028s] Invoking command in '/home/chintu/ur_ws/build/ur_sim': CMAKE_PREFIX_PATH=${CMAKE_PREFIX_PATH}:/home/chintu/traffic_ws/install/qcar_yolo:/home/chintu/traffic_ws/install/qcar_cv:/opt/ros/humble /usr/bin/cmake /home/chintu/ur_ws/src/ur_sim -DAMENT_CMAKE_SYMLINK_INSTALL=1 -DCMAKE_INSTALL_PREFIX=/home/chintu/ur_ws/install/ur_sim
[0.045s] -- Found ament_cmake: 1.3.12 (/opt/ros/humble/share/ament_cmake/cmake)
[0.245s] -- Override CMake install command with custom implementation using symlinks instead of copying resources
[0.253s] -- Found rclpy: 3.3.17 (/opt/ros/humble/share/rclpy/cmake)
[0.253s] -- Found xacro: 2.0.13 (/opt/ros/humble/share/xacro/cmake)
[0.253s] -- Found rclcpp: 16.0.14 (/opt/ros/humble/share/rclcpp/cmake)
[0.285s] -- Found rosidl_generator_c: 3.1.7 (/opt/ros/humble/share/rosidl_generator_c/cmake)
[0.288s] -- Found rosidl_adapter: 3.1.7 (/opt/ros/humble/share/rosidl_adapter/cmake)
[0.295s] -- Found rosidl_generator_cpp: 3.1.7 (/opt/ros/humble/share/rosidl_generator_cpp/cmake)
[0.309s] -- Using all available rosidl_typesupport_c: rosidl_typesupport_fastrtps_c;rosidl_typesupport_introspection_c
[0.325s] -- Using all available rosidl_typesupport_cpp: rosidl_typesupport_fastrtps_cpp;rosidl_typesupport_introspection_cpp
[0.368s] -- Found rmw_implementation_cmake: 6.1.2 (/opt/ros/humble/share/rmw_implementation_cmake/cmake)
[0.370s] -- Found rmw_fastrtps_cpp: 6.2.8 (/opt/ros/humble/share/rmw_fastrtps_cpp/cmake)
[0.498s] -- Using RMW implementation 'rmw_fastrtps_cpp' as default
[0.546s] -- Found trajectory_msgs: 4.9.0 (/opt/ros/humble/share/trajectory_msgs/cmake)
[0.644s] -- Found ament_lint_auto: 0.12.14 (/opt/ros/humble/share/ament_lint_auto/cmake)
[0.721s] -- Added test 'flake8' to check Python code syntax and style conventions
[0.721s] -- Added test 'lint_cmake' to check CMake code style
[0.722s] -- Added test 'pep257' to check Python code against some of the docstring style conventions in PEP 257
[0.724s] -- Added test 'xmllint' to check XML markup files
[0.725s] -- Configuring done
[0.732s] -- Generating done
[0.735s] -- Build files have been written to: /home/chintu/ur_ws/build/ur_sim
[0.751s] Invoked command in '/home/chintu/ur_ws/build/ur_sim' returned '0': CMAKE_PREFIX_PATH=${CMAKE_PREFIX_PATH}:/home/chintu/traffic_ws/install/qcar_yolo:/home/chintu/traffic_ws/install/qcar_cv:/opt/ros/humble /usr/bin/cmake /home/chintu/ur_ws/src/ur_sim -DAMENT_CMAKE_SYMLINK_INSTALL=1 -DCMAKE_INSTALL_PREFIX=/home/chintu/ur_ws/install/ur_sim
[0.752s] Invoking command in '/home/chintu/ur_ws/build/ur_sim': CMAKE_PREFIX_PATH=${CMAKE_PREFIX_PATH}:/home/chintu/traffic_ws/install/qcar_yolo:/home/chintu/traffic_ws/install/qcar_cv:/opt/ros/humble /usr/bin/cmake --build /home/chintu/ur_ws/build/ur_sim -- -j8 -l8
[0.836s] Built target ament_cmake_python_symlink_ur_sim
[1.082s] running egg_info
[1.083s] writing ur_sim.egg-info/PKG-INFO
[1.083s] writing dependency_links to ur_sim.egg-info/dependency_links.txt
[1.083s] writing top-level names to ur_sim.egg-info/top_level.txt
[1.086s] reading manifest file 'ur_sim.egg-info/SOURCES.txt'
[1.086s] writing manifest file 'ur_sim.egg-info/SOURCES.txt'
[1.148s] Built target ament_cmake_python_build_ur_sim_egg
[1.164s] Invoked command in '/home/chintu/ur_ws/build/ur_sim' returned '0': CMAKE_PREFIX_PATH=${CMAKE_PREFIX_PATH}:/home/chintu/traffic_ws/install/qcar_yolo:/home/chintu/traffic_ws/install/qcar_cv:/opt/ros/humble /usr/bin/cmake --build /home/chintu/ur_ws/build/ur_sim -- -j8 -l8
[1.165s] Invoking command in '/home/chintu/ur_ws/build/ur_sim': CMAKE_PREFIX_PATH=${CMAKE_PREFIX_PATH}:/home/chintu/traffic_ws/install/qcar_yolo:/home/chintu/traffic_ws/install/qcar_cv:/opt/ros/humble /usr/bin/cmake --install /home/chintu/ur_ws/build/ur_sim
[1.175s] -- Install configuration: ""
[1.176s] -- Execute custom install script
[1.176s] -- Up-to-date symlink: /home/chintu/ur_ws/install/ur_sim/share/ur_sim/environment/pythonpath.sh
[1.176s] -- Up-to-date symlink: /home/chintu/ur_ws/install/ur_sim/share/ur_sim/environment/pythonpath.dsv
[1.176s] -- Up-to-date symlink: /home/chintu/ur_ws/install/ur_sim/local/lib/python3.10/dist-packages/ur_sim-0.0.0-py3.10.egg-info/PKG-INFO
[1.177s] -- Up-to-date symlink: /home/chintu/ur_ws/install/ur_sim/local/lib/python3.10/dist-packages/ur_sim-0.0.0-py3.10.egg-info/SOURCES.txt
[1.177s] -- Up-to-date symlink: /home/chintu/ur_ws/install/ur_sim/local/lib/python3.10/dist-packages/ur_sim-0.0.0-py3.10.egg-info/dependency_links.txt
[1.177s] -- Up-to-date symlink: /home/chintu/ur_ws/install/ur_sim/local/lib/python3.10/dist-packages/ur_sim-0.0.0-py3.10.egg-info/top_level.txt
[1.177s] -- Up-to-date symlink: /home/chintu/ur_ws/install/ur_sim/local/lib/python3.10/dist-packages/ur_sim/__init__.py
[1.177s] -- Up-to-date symlink: /home/chintu/ur_ws/install/ur_sim/local/lib/python3.10/dist-packages/ur_sim/apply_force.py
[1.178s] -- Up-to-date symlink: /home/chintu/ur_ws/install/ur_sim/share/ur_sim/launch/admittance_control.launch.py
[1.178s] -- Up-to-date symlink: /home/chintu/ur_ws/install/ur_sim/share/ur_sim/launch/simple_admittance.launch.py
[1.178s] -- Up-to-date symlink: /home/chintu/ur_ws/install/ur_sim/share/ur_sim/launch/spawn_ur3e.launch.py
[1.178s] -- Up-to-date symlink: /home/chintu/ur_ws/install/ur_sim/share/ur_sim/launch/spawn_ur3e_gripper.launch.py
[1.178s] -- Up-to-date symlink: /home/chintu/ur_ws/install/ur_sim/share/ur_sim/launch/spawn_ur3e_gripper_moveit.launch.py
[1.178s] -- Up-to-date symlink: /home/chintu/ur_ws/install/ur_sim/share/ur_sim/launch/ur3e_admittance_control.launch.py
[1.178s] -- Up-to-date symlink: /home/chintu/ur_ws/install/ur_sim/share/ur_sim/launch/view_ur3e_spawn.launch.py
[1.178s] -- Up-to-date symlink: /home/chintu/ur_ws/install/ur_sim/share/ur_sim/launch/view_ur3e_spawn_gripper.launch.py
[1.179s] -- Up-to-date symlink: /home/chintu/ur_ws/install/ur_sim/share/ur_sim/urdf/ft_sensor_sim.ros2_control.xacro
[1.179s] -- Up-to-date symlink: /home/chintu/ur_ws/install/ur_sim/share/ur_sim/urdf/inc/ft_sensor_sim.ros2_control.xacro
[1.179s] -- Up-to-date symlink: /home/chintu/ur_ws/install/ur_sim/share/ur_sim/urdf/initial_positions.yaml
[1.179s] -- Up-to-date symlink: /home/chintu/ur_ws/install/ur_sim/share/ur_sim/urdf/robotiq_gripper.ros2_control.xacro
[1.179s] -- Up-to-date symlink: /home/chintu/ur_ws/install/ur_sim/share/ur_sim/urdf/robotiq_gripper_macro.xacro
[1.179s] -- Up-to-date symlink: /home/chintu/ur_ws/install/ur_sim/share/ur_sim/urdf/ur3e.ros2_control.xacro
[1.179s] -- Up-to-date symlink: /home/chintu/ur_ws/install/ur_sim/share/ur_sim/urdf/ur3e_macro.xacro
[1.179s] -- Up-to-date symlink: /home/chintu/ur_ws/install/ur_sim/share/ur_sim/urdf/ur3e_spawn.urdf.xacro
[1.180s] -- Up-to-date symlink: /home/chintu/ur_ws/install/ur_sim/share/ur_sim/urdf/ur3e_spawn_gripper.urdf.xacro
[1.180s] -- Up-to-date symlink: /home/chintu/ur_ws/install/ur_sim/share/ur_sim/config/ft_sensor_broadcaster_controller.yaml
[1.180s] -- Up-to-date symlink: /home/chintu/ur_ws/install/ur_sim/share/ur_sim/config/initial_positions.yaml
[1.180s] -- Up-to-date symlink: /home/chintu/ur_ws/install/ur_sim/share/ur_sim/config/ur3e_controllers.yaml
[1.180s] -- Up-to-date symlink: /home/chintu/ur_ws/install/ur_sim/share/ur_sim/config/ur3e_controllers_gripper.yaml
[1.180s] -- Up-to-date symlink: /home/chintu/ur_ws/install/ur_sim/share/ur_sim/rviz/ur3e_admittance.rviz
[1.180s] -- Up-to-date symlink: /home/chintu/ur_ws/install/ur_sim/share/ur_sim/rviz/view_ur3e_spawn.rviz
[1.181s] -- Up-to-date symlink: /home/chintu/ur_ws/install/ur_sim/share/ur_sim/rviz/view_ur3e_spawn_gripper.rviz
[1.181s] -- Up-to-date symlink: /home/chintu/ur_ws/install/ur_sim/lib/ur_sim/simple_admittance_controller.py
[1.181s] -- Up-to-date symlink: /home/chintu/ur_ws/install/ur_sim/lib/ur_sim/apply_force.py
[1.181s] -- Up-to-date symlink: /home/chintu/ur_ws/install/ur_sim/share/ament_index/resource_index/package_run_dependencies/ur_sim
[1.181s] -- Up-to-date symlink: /home/chintu/ur_ws/install/ur_sim/share/ament_index/resource_index/parent_prefix_path/ur_sim
[1.181s] -- Up-to-date symlink: /home/chintu/ur_ws/install/ur_sim/share/ur_sim/environment/ament_prefix_path.sh
[1.181s] -- Up-to-date symlink: /home/chintu/ur_ws/install/ur_sim/share/ur_sim/environment/ament_prefix_path.dsv
[1.182s] -- Up-to-date symlink: /home/chintu/ur_ws/install/ur_sim/share/ur_sim/environment/path.sh
[1.182s] -- Up-to-date symlink: /home/chintu/ur_ws/install/ur_sim/share/ur_sim/environment/path.dsv
[1.182s] -- Up-to-date symlink: /home/chintu/ur_ws/install/ur_sim/share/ur_sim/local_setup.bash
[1.182s] -- Up-to-date symlink: /home/chintu/ur_ws/install/ur_sim/share/ur_sim/local_setup.sh
[1.182s] -- Up-to-date symlink: /home/chintu/ur_ws/install/ur_sim/share/ur_sim/local_setup.zsh
[1.182s] -- Up-to-date symlink: /home/chintu/ur_ws/install/ur_sim/share/ur_sim/local_setup.dsv
[1.182s] -- Symlinking: /home/chintu/ur_ws/install/ur_sim/share/ur_sim/package.dsv
[1.195s] -- Up-to-date symlink: /home/chintu/ur_ws/install/ur_sim/share/ament_index/resource_index/packages/ur_sim
[1.195s] -- Up-to-date symlink: /home/chintu/ur_ws/install/ur_sim/share/ur_sim/cmake/ur_simConfig.cmake
[1.195s] -- Up-to-date symlink: /home/chintu/ur_ws/install/ur_sim/share/ur_sim/cmake/ur_simConfig-version.cmake
[1.196s] -- Up-to-date symlink: /home/chintu/ur_ws/install/ur_sim/share/ur_sim/package.xml
[1.230s] Listing '/home/chintu/ur_ws/install/ur_sim/local/lib/python3.10/dist-packages/ur_sim'...
[1.242s] Invoked command in '/home/chintu/ur_ws/build/ur_sim' returned '0': CMAKE_PREFIX_PATH=${CMAKE_PREFIX_PATH}:/home/chintu/traffic_ws/install/qcar_yolo:/home/chintu/traffic_ws/install/qcar_cv:/opt/ros/humble /usr/bin/cmake --install /home/chintu/ur_ws/build/ur_sim
