[0.166s] DEBUG:colcon:Command line arguments: ['/usr/bin/colcon', 'build', '--packages-select', 'ur_sim']
[0.166s] DEBUG:colcon:Parsed command line arguments: Namespace(log_base=None, log_level=None, verb_name='build', build_base='build', install_base='install', merge_install=False, symlink_install=False, test_result_base=None, continue_on_error=False, executor='parallel', parallel_workers=8, event_handlers=None, ignore_user_meta=False, metas=['./colcon.meta'], base_paths=['.'], packages_ignore=None, packages_ignore_regex=None, paths=None, packages_up_to=None, packages_up_to_regex=None, packages_above=None, packages_above_and_dependencies=None, packages_above_depth=None, packages_select_by_dep=None, packages_skip_by_dep=None, packages_skip_up_to=None, packages_select_build_failed=False, packages_skip_build_finished=False, packages_select_test_failures=False, packages_skip_test_passed=False, packages_select=['ur_sim'], packages_skip=None, packages_select_regex=None, packages_skip_regex=None, packages_start=None, packages_end=None, allow_overriding=[], cmake_args=None, cmake_target=None, cmake_target_skip_unavailable=False, cmake_clean_cache=False, cmake_clean_first=False, cmake_force_configure=False, ament_cmake_args=None, catkin_cmake_args=None, catkin_skip_building_tests=False, mixin_files=None, mixin=None, verb_parser=<colcon_mixin.mixin.mixin_argument.MixinArgumentDecorator object at 0x76ae3794bdc0>, verb_extension=<colcon_core.verb.build.BuildVerb object at 0x76ae378fd600>, main=<bound method BuildVerb.main of <colcon_core.verb.build.BuildVerb object at 0x76ae378fd600>>, mixin_verb=('build',))
[0.402s] Level 1:colcon.colcon_core.package_discovery:discover_packages(colcon_meta) check parameters
[0.402s] Level 1:colcon.colcon_core.package_discovery:discover_packages(recursive) check parameters
[0.402s] Level 1:colcon.colcon_core.package_discovery:discover_packages(ignore) check parameters
[0.402s] Level 1:colcon.colcon_core.package_discovery:discover_packages(path) check parameters
[0.402s] Level 1:colcon.colcon_core.package_discovery:discover_packages(colcon_meta) discover
[0.402s] Level 1:colcon.colcon_core.package_discovery:discover_packages(recursive) discover
[0.402s] INFO:colcon.colcon_core.package_discovery:Crawling recursively for packages in '/home/chintu/ur_ws'
[0.402s] Level 1:colcon.colcon_core.package_identification:_identify(.) by extensions ['ignore', 'ignore_ament_install']
[0.403s] Level 1:colcon.colcon_core.package_identification:_identify(.) by extension 'ignore'
[0.403s] Level 1:colcon.colcon_core.package_identification:_identify(.) by extension 'ignore_ament_install'
[0.403s] Level 1:colcon.colcon_core.package_identification:_identify(.) by extensions ['colcon_pkg']
[0.403s] Level 1:colcon.colcon_core.package_identification:_identify(.) by extension 'colcon_pkg'
[0.403s] Level 1:colcon.colcon_core.package_identification:_identify(.) by extensions ['colcon_meta']
[0.403s] Level 1:colcon.colcon_core.package_identification:_identify(.) by extension 'colcon_meta'
[0.403s] Level 1:colcon.colcon_core.package_identification:_identify(.) by extensions ['ros']
[0.403s] Level 1:colcon.colcon_core.package_identification:_identify(.) by extension 'ros'
[0.460s] Level 1:colcon.colcon_core.package_identification:_identify(.) by extensions ['cmake', 'python']
[0.460s] Level 1:colcon.colcon_core.package_identification:_identify(.) by extension 'cmake'
[0.460s] Level 1:colcon.colcon_core.package_identification:_identify(.) by extension 'python'
[0.460s] Level 1:colcon.colcon_core.package_identification:_identify(.) by extensions ['python_setup_py']
[0.460s] Level 1:colcon.colcon_core.package_identification:_identify(.) by extension 'python_setup_py'
[0.461s] Level 1:colcon.colcon_core.package_identification:_identify(build) by extensions ['ignore', 'ignore_ament_install']
[0.461s] Level 1:colcon.colcon_core.package_identification:_identify(build) by extension 'ignore'
[0.461s] Level 1:colcon.colcon_core.package_identification:_identify(build) ignored
[0.461s] Level 1:colcon.colcon_core.package_identification:_identify(install) by extensions ['ignore', 'ignore_ament_install']
[0.461s] Level 1:colcon.colcon_core.package_identification:_identify(install) by extension 'ignore'
[0.461s] Level 1:colcon.colcon_core.package_identification:_identify(install) ignored
[0.461s] Level 1:colcon.colcon_core.package_identification:_identify(log) by extensions ['ignore', 'ignore_ament_install']
[0.461s] Level 1:colcon.colcon_core.package_identification:_identify(log) by extension 'ignore'
[0.461s] Level 1:colcon.colcon_core.package_identification:_identify(log) ignored
[0.461s] Level 1:colcon.colcon_core.package_identification:_identify(src) by extensions ['ignore', 'ignore_ament_install']
[0.461s] Level 1:colcon.colcon_core.package_identification:_identify(src) by extension 'ignore'
[0.461s] Level 1:colcon.colcon_core.package_identification:_identify(src) by extension 'ignore_ament_install'
[0.462s] Level 1:colcon.colcon_core.package_identification:_identify(src) by extensions ['colcon_pkg']
[0.462s] Level 1:colcon.colcon_core.package_identification:_identify(src) by extension 'colcon_pkg'
[0.462s] Level 1:colcon.colcon_core.package_identification:_identify(src) by extensions ['colcon_meta']
[0.462s] Level 1:colcon.colcon_core.package_identification:_identify(src) by extension 'colcon_meta'
[0.462s] Level 1:colcon.colcon_core.package_identification:_identify(src) by extensions ['ros']
[0.462s] Level 1:colcon.colcon_core.package_identification:_identify(src) by extension 'ros'
[0.462s] Level 1:colcon.colcon_core.package_identification:_identify(src) by extensions ['cmake', 'python']
[0.462s] Level 1:colcon.colcon_core.package_identification:_identify(src) by extension 'cmake'
[0.462s] Level 1:colcon.colcon_core.package_identification:_identify(src) by extension 'python'
[0.462s] Level 1:colcon.colcon_core.package_identification:_identify(src) by extensions ['python_setup_py']
[0.462s] Level 1:colcon.colcon_core.package_identification:_identify(src) by extension 'python_setup_py'
[0.462s] Level 1:colcon.colcon_core.package_identification:_identify(src/Universal_Robots_ROS2_Description) by extensions ['ignore', 'ignore_ament_install']
[0.462s] Level 1:colcon.colcon_core.package_identification:_identify(src/Universal_Robots_ROS2_Description) by extension 'ignore'
[0.462s] Level 1:colcon.colcon_core.package_identification:_identify(src/Universal_Robots_ROS2_Description) by extension 'ignore_ament_install'
[0.462s] Level 1:colcon.colcon_core.package_identification:_identify(src/Universal_Robots_ROS2_Description) by extensions ['colcon_pkg']
[0.462s] Level 1:colcon.colcon_core.package_identification:_identify(src/Universal_Robots_ROS2_Description) by extension 'colcon_pkg'
[0.462s] Level 1:colcon.colcon_core.package_identification:_identify(src/Universal_Robots_ROS2_Description) by extensions ['colcon_meta']
[0.462s] Level 1:colcon.colcon_core.package_identification:_identify(src/Universal_Robots_ROS2_Description) by extension 'colcon_meta'
[0.462s] Level 1:colcon.colcon_core.package_identification:_identify(src/Universal_Robots_ROS2_Description) by extensions ['ros']
[0.462s] Level 1:colcon.colcon_core.package_identification:_identify(src/Universal_Robots_ROS2_Description) by extension 'ros'
[0.466s] DEBUG:colcon.colcon_core.package_identification:Package 'src/Universal_Robots_ROS2_Description' with type 'ros.ament_cmake' and name 'ur_description'
[0.466s] Level 1:colcon.colcon_core.package_identification:_identify(src/Universal_Robots_ROS2_Gazebo_Simulation) by extensions ['ignore', 'ignore_ament_install']
[0.466s] Level 1:colcon.colcon_core.package_identification:_identify(src/Universal_Robots_ROS2_Gazebo_Simulation) by extension 'ignore'
[0.466s] Level 1:colcon.colcon_core.package_identification:_identify(src/Universal_Robots_ROS2_Gazebo_Simulation) by extension 'ignore_ament_install'
[0.466s] Level 1:colcon.colcon_core.package_identification:_identify(src/Universal_Robots_ROS2_Gazebo_Simulation) by extensions ['colcon_pkg']
[0.466s] Level 1:colcon.colcon_core.package_identification:_identify(src/Universal_Robots_ROS2_Gazebo_Simulation) by extension 'colcon_pkg'
[0.466s] Level 1:colcon.colcon_core.package_identification:_identify(src/Universal_Robots_ROS2_Gazebo_Simulation) by extensions ['colcon_meta']
[0.466s] Level 1:colcon.colcon_core.package_identification:_identify(src/Universal_Robots_ROS2_Gazebo_Simulation) by extension 'colcon_meta'
[0.466s] Level 1:colcon.colcon_core.package_identification:_identify(src/Universal_Robots_ROS2_Gazebo_Simulation) by extensions ['ros']
[0.466s] Level 1:colcon.colcon_core.package_identification:_identify(src/Universal_Robots_ROS2_Gazebo_Simulation) by extension 'ros'
[0.466s] Level 1:colcon.colcon_core.package_identification:_identify(src/Universal_Robots_ROS2_Gazebo_Simulation) by extensions ['cmake', 'python']
[0.466s] Level 1:colcon.colcon_core.package_identification:_identify(src/Universal_Robots_ROS2_Gazebo_Simulation) by extension 'cmake'
[0.466s] Level 1:colcon.colcon_core.package_identification:_identify(src/Universal_Robots_ROS2_Gazebo_Simulation) by extension 'python'
[0.466s] Level 1:colcon.colcon_core.package_identification:_identify(src/Universal_Robots_ROS2_Gazebo_Simulation) by extensions ['python_setup_py']
[0.466s] Level 1:colcon.colcon_core.package_identification:_identify(src/Universal_Robots_ROS2_Gazebo_Simulation) by extension 'python_setup_py'
[0.467s] Level 1:colcon.colcon_core.package_identification:_identify(src/Universal_Robots_ROS2_Gazebo_Simulation/ur_simulation_gazebo) by extensions ['ignore', 'ignore_ament_install']
[0.467s] Level 1:colcon.colcon_core.package_identification:_identify(src/Universal_Robots_ROS2_Gazebo_Simulation/ur_simulation_gazebo) by extension 'ignore'
[0.467s] Level 1:colcon.colcon_core.package_identification:_identify(src/Universal_Robots_ROS2_Gazebo_Simulation/ur_simulation_gazebo) by extension 'ignore_ament_install'
[0.467s] Level 1:colcon.colcon_core.package_identification:_identify(src/Universal_Robots_ROS2_Gazebo_Simulation/ur_simulation_gazebo) by extensions ['colcon_pkg']
[0.467s] Level 1:colcon.colcon_core.package_identification:_identify(src/Universal_Robots_ROS2_Gazebo_Simulation/ur_simulation_gazebo) by extension 'colcon_pkg'
[0.467s] Level 1:colcon.colcon_core.package_identification:_identify(src/Universal_Robots_ROS2_Gazebo_Simulation/ur_simulation_gazebo) by extensions ['colcon_meta']
[0.467s] Level 1:colcon.colcon_core.package_identification:_identify(src/Universal_Robots_ROS2_Gazebo_Simulation/ur_simulation_gazebo) by extension 'colcon_meta'
[0.467s] Level 1:colcon.colcon_core.package_identification:_identify(src/Universal_Robots_ROS2_Gazebo_Simulation/ur_simulation_gazebo) by extensions ['ros']
[0.467s] Level 1:colcon.colcon_core.package_identification:_identify(src/Universal_Robots_ROS2_Gazebo_Simulation/ur_simulation_gazebo) by extension 'ros'
[0.468s] DEBUG:colcon.colcon_core.package_identification:Package 'src/Universal_Robots_ROS2_Gazebo_Simulation/ur_simulation_gazebo' with type 'ros.ament_cmake' and name 'ur_simulation_gazebo'
[0.468s] Level 1:colcon.colcon_core.package_identification:_identify(src/build) by extensions ['ignore', 'ignore_ament_install']
[0.468s] Level 1:colcon.colcon_core.package_identification:_identify(src/build) by extension 'ignore'
[0.468s] Level 1:colcon.colcon_core.package_identification:_identify(src/build) ignored
[0.468s] Level 1:colcon.colcon_core.package_identification:_identify(src/install) by extensions ['ignore', 'ignore_ament_install']
[0.468s] Level 1:colcon.colcon_core.package_identification:_identify(src/install) by extension 'ignore'
[0.468s] Level 1:colcon.colcon_core.package_identification:_identify(src/install) ignored
[0.468s] Level 1:colcon.colcon_core.package_identification:_identify(src/log) by extensions ['ignore', 'ignore_ament_install']
[0.468s] Level 1:colcon.colcon_core.package_identification:_identify(src/log) by extension 'ignore'
[0.468s] Level 1:colcon.colcon_core.package_identification:_identify(src/log) ignored
[0.468s] Level 1:colcon.colcon_core.package_identification:_identify(src/ros2_robotiq_gripper) by extensions ['ignore', 'ignore_ament_install']
[0.468s] Level 1:colcon.colcon_core.package_identification:_identify(src/ros2_robotiq_gripper) by extension 'ignore'
[0.468s] Level 1:colcon.colcon_core.package_identification:_identify(src/ros2_robotiq_gripper) by extension 'ignore_ament_install'
[0.468s] Level 1:colcon.colcon_core.package_identification:_identify(src/ros2_robotiq_gripper) by extensions ['colcon_pkg']
[0.468s] Level 1:colcon.colcon_core.package_identification:_identify(src/ros2_robotiq_gripper) by extension 'colcon_pkg'
[0.468s] Level 1:colcon.colcon_core.package_identification:_identify(src/ros2_robotiq_gripper) by extensions ['colcon_meta']
[0.468s] Level 1:colcon.colcon_core.package_identification:_identify(src/ros2_robotiq_gripper) by extension 'colcon_meta'
[0.469s] Level 1:colcon.colcon_core.package_identification:_identify(src/ros2_robotiq_gripper) by extensions ['ros']
[0.469s] Level 1:colcon.colcon_core.package_identification:_identify(src/ros2_robotiq_gripper) by extension 'ros'
[0.469s] Level 1:colcon.colcon_core.package_identification:_identify(src/ros2_robotiq_gripper) by extensions ['cmake', 'python']
[0.469s] Level 1:colcon.colcon_core.package_identification:_identify(src/ros2_robotiq_gripper) by extension 'cmake'
[0.469s] Level 1:colcon.colcon_core.package_identification:_identify(src/ros2_robotiq_gripper) by extension 'python'
[0.469s] Level 1:colcon.colcon_core.package_identification:_identify(src/ros2_robotiq_gripper) by extensions ['python_setup_py']
[0.469s] Level 1:colcon.colcon_core.package_identification:_identify(src/ros2_robotiq_gripper) by extension 'python_setup_py'
[0.469s] Level 1:colcon.colcon_core.package_identification:_identify(src/ros2_robotiq_gripper/robotiq_controllers) by extensions ['ignore', 'ignore_ament_install']
[0.469s] Level 1:colcon.colcon_core.package_identification:_identify(src/ros2_robotiq_gripper/robotiq_controllers) by extension 'ignore'
[0.469s] Level 1:colcon.colcon_core.package_identification:_identify(src/ros2_robotiq_gripper/robotiq_controllers) by extension 'ignore_ament_install'
[0.469s] Level 1:colcon.colcon_core.package_identification:_identify(src/ros2_robotiq_gripper/robotiq_controllers) by extensions ['colcon_pkg']
[0.469s] Level 1:colcon.colcon_core.package_identification:_identify(src/ros2_robotiq_gripper/robotiq_controllers) by extension 'colcon_pkg'
[0.469s] Level 1:colcon.colcon_core.package_identification:_identify(src/ros2_robotiq_gripper/robotiq_controllers) by extensions ['colcon_meta']
[0.469s] Level 1:colcon.colcon_core.package_identification:_identify(src/ros2_robotiq_gripper/robotiq_controllers) by extension 'colcon_meta'
[0.469s] Level 1:colcon.colcon_core.package_identification:_identify(src/ros2_robotiq_gripper/robotiq_controllers) by extensions ['ros']
[0.469s] Level 1:colcon.colcon_core.package_identification:_identify(src/ros2_robotiq_gripper/robotiq_controllers) by extension 'ros'
[0.470s] DEBUG:colcon.colcon_core.package_identification:Package 'src/ros2_robotiq_gripper/robotiq_controllers' with type 'ros.ament_cmake' and name 'robotiq_controllers'
[0.471s] Level 1:colcon.colcon_core.package_identification:_identify(src/ros2_robotiq_gripper/robotiq_description) by extensions ['ignore', 'ignore_ament_install']
[0.471s] Level 1:colcon.colcon_core.package_identification:_identify(src/ros2_robotiq_gripper/robotiq_description) by extension 'ignore'
[0.471s] Level 1:colcon.colcon_core.package_identification:_identify(src/ros2_robotiq_gripper/robotiq_description) by extension 'ignore_ament_install'
[0.471s] Level 1:colcon.colcon_core.package_identification:_identify(src/ros2_robotiq_gripper/robotiq_description) by extensions ['colcon_pkg']
[0.471s] Level 1:colcon.colcon_core.package_identification:_identify(src/ros2_robotiq_gripper/robotiq_description) by extension 'colcon_pkg'
[0.471s] Level 1:colcon.colcon_core.package_identification:_identify(src/ros2_robotiq_gripper/robotiq_description) by extensions ['colcon_meta']
[0.471s] Level 1:colcon.colcon_core.package_identification:_identify(src/ros2_robotiq_gripper/robotiq_description) by extension 'colcon_meta'
[0.471s] Level 1:colcon.colcon_core.package_identification:_identify(src/ros2_robotiq_gripper/robotiq_description) by extensions ['ros']
[0.471s] Level 1:colcon.colcon_core.package_identification:_identify(src/ros2_robotiq_gripper/robotiq_description) by extension 'ros'
[0.472s] DEBUG:colcon.colcon_core.package_identification:Package 'src/ros2_robotiq_gripper/robotiq_description' with type 'ros.ament_cmake' and name 'robotiq_description'
[0.473s] Level 1:colcon.colcon_core.package_identification:_identify(src/ur3e_spawn_gripper_moveit_config) by extensions ['ignore', 'ignore_ament_install']
[0.473s] Level 1:colcon.colcon_core.package_identification:_identify(src/ur3e_spawn_gripper_moveit_config) by extension 'ignore'
[0.473s] Level 1:colcon.colcon_core.package_identification:_identify(src/ur3e_spawn_gripper_moveit_config) by extension 'ignore_ament_install'
[0.473s] Level 1:colcon.colcon_core.package_identification:_identify(src/ur3e_spawn_gripper_moveit_config) by extensions ['colcon_pkg']
[0.473s] Level 1:colcon.colcon_core.package_identification:_identify(src/ur3e_spawn_gripper_moveit_config) by extension 'colcon_pkg'
[0.473s] Level 1:colcon.colcon_core.package_identification:_identify(src/ur3e_spawn_gripper_moveit_config) by extensions ['colcon_meta']
[0.473s] Level 1:colcon.colcon_core.package_identification:_identify(src/ur3e_spawn_gripper_moveit_config) by extension 'colcon_meta'
[0.473s] Level 1:colcon.colcon_core.package_identification:_identify(src/ur3e_spawn_gripper_moveit_config) by extensions ['ros']
[0.473s] Level 1:colcon.colcon_core.package_identification:_identify(src/ur3e_spawn_gripper_moveit_config) by extension 'ros'
[0.475s] DEBUG:colcon.colcon_core.package_identification:Package 'src/ur3e_spawn_gripper_moveit_config' with type 'ros.ament_cmake' and name 'ur3e_spawn_gripper_moveit_config'
[0.475s] Level 1:colcon.colcon_core.package_identification:_identify(src/ur_description) by extensions ['ignore', 'ignore_ament_install']
[0.475s] Level 1:colcon.colcon_core.package_identification:_identify(src/ur_description) by extension 'ignore'
[0.475s] Level 1:colcon.colcon_core.package_identification:_identify(src/ur_description) by extension 'ignore_ament_install'
[0.475s] Level 1:colcon.colcon_core.package_identification:_identify(src/ur_description) by extensions ['colcon_pkg']
[0.475s] Level 1:colcon.colcon_core.package_identification:_identify(src/ur_description) by extension 'colcon_pkg'
[0.475s] Level 1:colcon.colcon_core.package_identification:_identify(src/ur_description) by extensions ['colcon_meta']
[0.475s] Level 1:colcon.colcon_core.package_identification:_identify(src/ur_description) by extension 'colcon_meta'
[0.475s] Level 1:colcon.colcon_core.package_identification:_identify(src/ur_description) by extensions ['ros']
[0.475s] Level 1:colcon.colcon_core.package_identification:_identify(src/ur_description) by extension 'ros'
[0.475s] Level 1:colcon.colcon_core.package_identification:_identify(src/ur_description) by extensions ['cmake', 'python']
[0.475s] Level 1:colcon.colcon_core.package_identification:_identify(src/ur_description) by extension 'cmake'
[0.475s] Level 1:colcon.colcon_core.package_identification:_identify(src/ur_description) by extension 'python'
[0.475s] Level 1:colcon.colcon_core.package_identification:_identify(src/ur_description) by extensions ['python_setup_py']
[0.475s] Level 1:colcon.colcon_core.package_identification:_identify(src/ur_description) by extension 'python_setup_py'
[0.475s] Level 1:colcon.colcon_core.package_identification:_identify(src/ur_description/urdf) by extensions ['ignore', 'ignore_ament_install']
[0.475s] Level 1:colcon.colcon_core.package_identification:_identify(src/ur_description/urdf) by extension 'ignore'
[0.475s] Level 1:colcon.colcon_core.package_identification:_identify(src/ur_description/urdf) by extension 'ignore_ament_install'
[0.475s] Level 1:colcon.colcon_core.package_identification:_identify(src/ur_description/urdf) by extensions ['colcon_pkg']
[0.475s] Level 1:colcon.colcon_core.package_identification:_identify(src/ur_description/urdf) by extension 'colcon_pkg'
[0.475s] Level 1:colcon.colcon_core.package_identification:_identify(src/ur_description/urdf) by extensions ['colcon_meta']
[0.476s] Level 1:colcon.colcon_core.package_identification:_identify(src/ur_description/urdf) by extension 'colcon_meta'
[0.476s] Level 1:colcon.colcon_core.package_identification:_identify(src/ur_description/urdf) by extensions ['ros']
[0.476s] Level 1:colcon.colcon_core.package_identification:_identify(src/ur_description/urdf) by extension 'ros'
[0.476s] Level 1:colcon.colcon_core.package_identification:_identify(src/ur_description/urdf) by extensions ['cmake', 'python']
[0.476s] Level 1:colcon.colcon_core.package_identification:_identify(src/ur_description/urdf) by extension 'cmake'
[0.476s] Level 1:colcon.colcon_core.package_identification:_identify(src/ur_description/urdf) by extension 'python'
[0.476s] Level 1:colcon.colcon_core.package_identification:_identify(src/ur_description/urdf) by extensions ['python_setup_py']
[0.476s] Level 1:colcon.colcon_core.package_identification:_identify(src/ur_description/urdf) by extension 'python_setup_py'
[0.476s] Level 1:colcon.colcon_core.package_identification:_identify(src/ur_sim) by extensions ['ignore', 'ignore_ament_install']
[0.476s] Level 1:colcon.colcon_core.package_identification:_identify(src/ur_sim) by extension 'ignore'
[0.476s] Level 1:colcon.colcon_core.package_identification:_identify(src/ur_sim) by extension 'ignore_ament_install'
[0.476s] Level 1:colcon.colcon_core.package_identification:_identify(src/ur_sim) by extensions ['colcon_pkg']
[0.476s] Level 1:colcon.colcon_core.package_identification:_identify(src/ur_sim) by extension 'colcon_pkg'
[0.476s] Level 1:colcon.colcon_core.package_identification:_identify(src/ur_sim) by extensions ['colcon_meta']
[0.476s] Level 1:colcon.colcon_core.package_identification:_identify(src/ur_sim) by extension 'colcon_meta'
[0.476s] Level 1:colcon.colcon_core.package_identification:_identify(src/ur_sim) by extensions ['ros']
[0.476s] Level 1:colcon.colcon_core.package_identification:_identify(src/ur_sim) by extension 'ros'
[0.478s] DEBUG:colcon.colcon_core.package_identification:Package 'src/ur_sim' with type 'ros.ament_cmake' and name 'ur_sim'
[0.478s] Level 1:colcon.colcon_core.package_discovery:discover_packages(recursive) using defaults
[0.478s] Level 1:colcon.colcon_core.package_discovery:discover_packages(ignore) discover
[0.478s] Level 1:colcon.colcon_core.package_discovery:discover_packages(ignore) using defaults
[0.478s] Level 1:colcon.colcon_core.package_discovery:discover_packages(path) discover
[0.478s] Level 1:colcon.colcon_core.package_discovery:discover_packages(path) using defaults
[0.502s] INFO:colcon.colcon_core.package_selection:Skipping not selected package 'robotiq_controllers' in 'src/ros2_robotiq_gripper/robotiq_controllers'
[0.502s] INFO:colcon.colcon_core.package_selection:Skipping not selected package 'robotiq_description' in 'src/ros2_robotiq_gripper/robotiq_description'
[0.502s] INFO:colcon.colcon_core.package_selection:Skipping not selected package 'ur_description' in 'src/Universal_Robots_ROS2_Description'
[0.502s] INFO:colcon.colcon_core.package_selection:Skipping not selected package 'ur3e_spawn_gripper_moveit_config' in 'src/ur3e_spawn_gripper_moveit_config'
[0.502s] INFO:colcon.colcon_core.package_selection:Skipping not selected package 'ur_simulation_gazebo' in 'src/Universal_Robots_ROS2_Gazebo_Simulation/ur_simulation_gazebo'
[0.503s] Level 1:colcon.colcon_core.package_discovery:discover_packages(prefix_path) check parameters
[0.503s] Level 1:colcon.colcon_core.package_discovery:discover_packages(prefix_path) discover
[0.506s] DEBUG:colcon.colcon_installed_package_information.package_discovery:Found 6 installed packages in /home/chintu/traffic_ws/install
[0.509s] DEBUG:colcon.colcon_installed_package_information.package_discovery:Found 450 installed packages in /opt/ros/humble
[0.513s] Level 1:colcon.colcon_core.package_discovery:discover_packages(prefix_path) using defaults
[0.572s] Level 5:colcon.colcon_core.verb:set package 'ur_sim' build argument 'cmake_args' from command line to 'None'
[0.572s] Level 5:colcon.colcon_core.verb:set package 'ur_sim' build argument 'cmake_target' from command line to 'None'
[0.572s] Level 5:colcon.colcon_core.verb:set package 'ur_sim' build argument 'cmake_target_skip_unavailable' from command line to 'False'
[0.573s] Level 5:colcon.colcon_core.verb:set package 'ur_sim' build argument 'cmake_clean_cache' from command line to 'False'
[0.573s] Level 5:colcon.colcon_core.verb:set package 'ur_sim' build argument 'cmake_clean_first' from command line to 'False'
[0.573s] Level 5:colcon.colcon_core.verb:set package 'ur_sim' build argument 'cmake_force_configure' from command line to 'False'
[0.573s] Level 5:colcon.colcon_core.verb:set package 'ur_sim' build argument 'ament_cmake_args' from command line to 'None'
[0.573s] Level 5:colcon.colcon_core.verb:set package 'ur_sim' build argument 'catkin_cmake_args' from command line to 'None'
[0.573s] Level 5:colcon.colcon_core.verb:set package 'ur_sim' build argument 'catkin_skip_building_tests' from command line to 'False'
[0.573s] DEBUG:colcon.colcon_core.verb:Building package 'ur_sim' with the following arguments: {'ament_cmake_args': None, 'build_base': '/home/chintu/ur_ws/build/ur_sim', 'catkin_cmake_args': None, 'catkin_skip_building_tests': False, 'cmake_args': None, 'cmake_clean_cache': False, 'cmake_clean_first': False, 'cmake_force_configure': False, 'cmake_target': None, 'cmake_target_skip_unavailable': False, 'install_base': '/home/chintu/ur_ws/install/ur_sim', 'merge_install': False, 'path': '/home/chintu/ur_ws/src/ur_sim', 'symlink_install': False, 'test_result_base': None}
[0.573s] INFO:colcon.colcon_core.executor:Executing jobs using 'parallel' executor
[0.575s] DEBUG:colcon.colcon_parallel_executor.executor.parallel:run_until_complete
[0.575s] INFO:colcon.colcon_ros.task.ament_cmake.build:Building ROS package in '/home/chintu/ur_ws/src/ur_sim' with build type 'ament_cmake'
[0.575s] INFO:colcon.colcon_cmake.task.cmake.build:Building CMake package in '/home/chintu/ur_ws/src/ur_sim'
[0.578s] INFO:colcon.colcon_core.plugin_system:Skipping extension 'colcon_core.shell.bat': Not used on non-Windows systems
[0.579s] INFO:colcon.colcon_core.shell:Skip shell extension 'powershell' for command environment: Not usable outside of PowerShell
[0.579s] DEBUG:colcon.colcon_core.shell:Skip shell extension 'dsv' for command environment
[0.593s] DEBUG:colcon.colcon_core.event_handler.log_command:Invoking command in '/home/chintu/ur_ws/build/ur_sim': CMAKE_PREFIX_PATH=${CMAKE_PREFIX_PATH}:/home/chintu/traffic_ws/install/qcar_yolo:/home/chintu/traffic_ws/install/qcar_cv:/opt/ros/humble /usr/bin/cmake /home/chintu/ur_ws/src/ur_sim -DCMAKE_INSTALL_PREFIX=/home/chintu/ur_ws/install/ur_sim
[1.406s] DEBUG:colcon.colcon_core.event_handler.log_command:Invoked command in '/home/chintu/ur_ws/build/ur_sim' returned '0': CMAKE_PREFIX_PATH=${CMAKE_PREFIX_PATH}:/home/chintu/traffic_ws/install/qcar_yolo:/home/chintu/traffic_ws/install/qcar_cv:/opt/ros/humble /usr/bin/cmake /home/chintu/ur_ws/src/ur_sim -DCMAKE_INSTALL_PREFIX=/home/chintu/ur_ws/install/ur_sim
[1.409s] DEBUG:colcon.colcon_core.event_handler.log_command:Invoking command in '/home/chintu/ur_ws/build/ur_sim': CMAKE_PREFIX_PATH=${CMAKE_PREFIX_PATH}:/home/chintu/traffic_ws/install/qcar_yolo:/home/chintu/traffic_ws/install/qcar_cv:/opt/ros/humble /usr/bin/cmake --build /home/chintu/ur_ws/build/ur_sim -- -j8 -l8
[1.824s] DEBUG:colcon.colcon_core.event_handler.log_command:Invoked command in '/home/chintu/ur_ws/build/ur_sim' returned '0': CMAKE_PREFIX_PATH=${CMAKE_PREFIX_PATH}:/home/chintu/traffic_ws/install/qcar_yolo:/home/chintu/traffic_ws/install/qcar_cv:/opt/ros/humble /usr/bin/cmake --build /home/chintu/ur_ws/build/ur_sim -- -j8 -l8
[1.838s] DEBUG:colcon.colcon_core.event_handler.log_command:Invoking command in '/home/chintu/ur_ws/build/ur_sim': CMAKE_PREFIX_PATH=${CMAKE_PREFIX_PATH}:/home/chintu/traffic_ws/install/qcar_yolo:/home/chintu/traffic_ws/install/qcar_cv:/opt/ros/humble /usr/bin/cmake --install /home/chintu/ur_ws/build/ur_sim
[2.022s] Level 1:colcon.colcon_core.environment:create_environment_scripts_only(ur_sim)
[2.023s] DEBUG:colcon.colcon_core.event_handler.log_command:Invoked command in '/home/chintu/ur_ws/build/ur_sim' returned '0': CMAKE_PREFIX_PATH=${CMAKE_PREFIX_PATH}:/home/chintu/traffic_ws/install/qcar_yolo:/home/chintu/traffic_ws/install/qcar_cv:/opt/ros/humble /usr/bin/cmake --install /home/chintu/ur_ws/build/ur_sim
[2.024s] Level 1:colcon.colcon_core.environment:checking '/home/chintu/ur_ws/install/ur_sim' for CMake module files
[2.025s] Level 1:colcon.colcon_core.environment:checking '/home/chintu/ur_ws/install/ur_sim' for CMake config files
[2.026s] Level 1:colcon.colcon_core.shell:create_environment_hook('ur_sim', 'cmake_prefix_path')
[2.026s] INFO:colcon.colcon_core.shell:Creating environment hook '/home/chintu/ur_ws/install/ur_sim/share/ur_sim/hook/cmake_prefix_path.ps1'
[2.026s] INFO:colcon.colcon_core.shell:Creating environment descriptor '/home/chintu/ur_ws/install/ur_sim/share/ur_sim/hook/cmake_prefix_path.dsv'
[2.027s] INFO:colcon.colcon_core.shell:Creating environment hook '/home/chintu/ur_ws/install/ur_sim/share/ur_sim/hook/cmake_prefix_path.sh'
[2.027s] Level 1:colcon.colcon_core.environment:checking '/home/chintu/ur_ws/install/ur_sim/lib'
[2.028s] Level 1:colcon.colcon_core.environment:checking '/home/chintu/ur_ws/install/ur_sim/bin'
[2.028s] Level 1:colcon.colcon_core.environment:checking '/home/chintu/ur_ws/install/ur_sim/lib/pkgconfig/ur_sim.pc'
[2.028s] Level 1:colcon.colcon_core.environment:checking '/home/chintu/ur_ws/install/ur_sim/lib/python3.10/site-packages'
[2.028s] Level 1:colcon.colcon_core.environment:checking '/home/chintu/ur_ws/install/ur_sim/bin'
[2.028s] INFO:colcon.colcon_core.shell:Creating package script '/home/chintu/ur_ws/install/ur_sim/share/ur_sim/package.ps1'
[2.029s] INFO:colcon.colcon_core.shell:Creating package descriptor '/home/chintu/ur_ws/install/ur_sim/share/ur_sim/package.dsv'
[2.030s] INFO:colcon.colcon_core.shell:Creating package script '/home/chintu/ur_ws/install/ur_sim/share/ur_sim/package.sh'
[2.031s] INFO:colcon.colcon_core.shell:Creating package script '/home/chintu/ur_ws/install/ur_sim/share/ur_sim/package.bash'
[2.031s] INFO:colcon.colcon_core.shell:Creating package script '/home/chintu/ur_ws/install/ur_sim/share/ur_sim/package.zsh'
[2.032s] Level 1:colcon.colcon_core.environment:create_file_with_runtime_dependencies(/home/chintu/ur_ws/install/ur_sim/share/colcon-core/packages/ur_sim)
[2.032s] Level 1:colcon.colcon_core.environment:create_environment_scripts_only(ur_sim)
[2.033s] Level 1:colcon.colcon_core.environment:checking '/home/chintu/ur_ws/install/ur_sim' for CMake module files
[2.033s] Level 1:colcon.colcon_core.environment:checking '/home/chintu/ur_ws/install/ur_sim' for CMake config files
[2.034s] Level 1:colcon.colcon_core.shell:create_environment_hook('ur_sim', 'cmake_prefix_path')
[2.034s] INFO:colcon.colcon_core.shell:Creating environment hook '/home/chintu/ur_ws/install/ur_sim/share/ur_sim/hook/cmake_prefix_path.ps1'
[2.034s] INFO:colcon.colcon_core.shell:Creating environment descriptor '/home/chintu/ur_ws/install/ur_sim/share/ur_sim/hook/cmake_prefix_path.dsv'
[2.035s] INFO:colcon.colcon_core.shell:Creating environment hook '/home/chintu/ur_ws/install/ur_sim/share/ur_sim/hook/cmake_prefix_path.sh'
[2.035s] Level 1:colcon.colcon_core.environment:checking '/home/chintu/ur_ws/install/ur_sim/lib'
[2.035s] Level 1:colcon.colcon_core.environment:checking '/home/chintu/ur_ws/install/ur_sim/bin'
[2.035s] Level 1:colcon.colcon_core.environment:checking '/home/chintu/ur_ws/install/ur_sim/lib/pkgconfig/ur_sim.pc'
[2.036s] Level 1:colcon.colcon_core.environment:checking '/home/chintu/ur_ws/install/ur_sim/lib/python3.10/site-packages'
[2.036s] Level 1:colcon.colcon_core.environment:checking '/home/chintu/ur_ws/install/ur_sim/bin'
[2.036s] INFO:colcon.colcon_core.shell:Creating package script '/home/chintu/ur_ws/install/ur_sim/share/ur_sim/package.ps1'
[2.037s] INFO:colcon.colcon_core.shell:Creating package descriptor '/home/chintu/ur_ws/install/ur_sim/share/ur_sim/package.dsv'
[2.038s] INFO:colcon.colcon_core.shell:Creating package script '/home/chintu/ur_ws/install/ur_sim/share/ur_sim/package.sh'
[2.038s] INFO:colcon.colcon_core.shell:Creating package script '/home/chintu/ur_ws/install/ur_sim/share/ur_sim/package.bash'
[2.038s] INFO:colcon.colcon_core.shell:Creating package script '/home/chintu/ur_ws/install/ur_sim/share/ur_sim/package.zsh'
[2.039s] Level 1:colcon.colcon_core.environment:create_file_with_runtime_dependencies(/home/chintu/ur_ws/install/ur_sim/share/colcon-core/packages/ur_sim)
[2.039s] DEBUG:colcon.colcon_parallel_executor.executor.parallel:closing loop
[2.039s] DEBUG:colcon.colcon_parallel_executor.executor.parallel:loop closed
[2.039s] DEBUG:colcon.colcon_parallel_executor.executor.parallel:run_until_complete finished with '0'
[2.039s] DEBUG:colcon.colcon_core.event_reactor:joining thread
[2.044s] INFO:colcon.colcon_core.plugin_system:Skipping extension 'colcon_notification.desktop_notification.terminal_notifier': Not used on non-Darwin systems
[2.044s] INFO:colcon.colcon_core.plugin_system:Skipping extension 'colcon_notification.desktop_notification.win32': Not used on non-Windows systems
[2.044s] INFO:colcon.colcon_notification.desktop_notification:Sending desktop notification using 'notify2'
[2.057s] DEBUG:colcon.colcon_core.event_reactor:joined thread
[2.058s] INFO:colcon.colcon_core.shell:Creating prefix script '/home/chintu/ur_ws/install/local_setup.ps1'
[2.059s] INFO:colcon.colcon_core.shell:Creating prefix util module '/home/chintu/ur_ws/install/_local_setup_util_ps1.py'
[2.061s] INFO:colcon.colcon_core.shell:Creating prefix chain script '/home/chintu/ur_ws/install/setup.ps1'
[2.062s] INFO:colcon.colcon_core.shell:Creating prefix script '/home/chintu/ur_ws/install/local_setup.sh'
[2.063s] INFO:colcon.colcon_core.shell:Creating prefix util module '/home/chintu/ur_ws/install/_local_setup_util_sh.py'
[2.064s] INFO:colcon.colcon_core.shell:Creating prefix chain script '/home/chintu/ur_ws/install/setup.sh'
[2.066s] INFO:colcon.colcon_core.shell:Creating prefix script '/home/chintu/ur_ws/install/local_setup.bash'
[2.067s] INFO:colcon.colcon_core.shell:Creating prefix chain script '/home/chintu/ur_ws/install/setup.bash'
[2.069s] INFO:colcon.colcon_core.shell:Creating prefix script '/home/chintu/ur_ws/install/local_setup.zsh'
[2.070s] INFO:colcon.colcon_core.shell:Creating prefix chain script '/home/chintu/ur_ws/install/setup.zsh'
