[0.013s] Invoking command in '/home/chintu/ur_ws/build/ur_simulation_gazebo': AMENT_PREFIX_PATH=/home/chintu/ur_ws/install/ur_description:${AMENT_PREFIX_PATH} CMAKE_PREFIX_PATH=/home/chintu/ur_ws/install/ur_description:/home/chintu/traffic_ws/install/qcar_traffic:/home/chintu/traffic_ws/install/qcar_track:/home/chintu/traffic_ws/install/qcar_slam:/home/chintu/traffic_ws/install/qcar:/home/chintu/traffic_ws/install/qcar_yolo:/home/chintu/traffic_ws/install/qcar_cv:/opt/ros/humble /usr/bin/cmake /home/chintu/ur_ws/src/Universal_Robots_ROS2_Gazebo_Simulation/ur_simulation_gazebo -DCMAKE_INSTALL_PREFIX=/home/chintu/ur_ws/install/ur_simulation_gazebo
[0.033s] -- Found ament_cmake: 1.3.12 (/opt/ros/humble/share/ament_cmake/cmake)
[0.163s] -- Override CMake install command with custom implementation using symlinks instead of copying resources
[0.170s] -- Found launch_testing_ament_cmake: 1.0.10 (/opt/ros/humble/share/launch_testing_ament_cmake/cmake)
[0.170s] -- Found python_cmake_module: 0.10.0 (/opt/ros/humble/share/python_cmake_module/cmake)
[0.193s] -- Using PYTHON_EXECUTABLE: /usr/bin/python3
[0.194s] -- Using PYTHON_INCLUDE_DIRS: /usr/include/python3.10
[0.194s] -- Using PYTHON_LIBRARIES: /usr/lib/x86_64-linux-gnu/libpython3.10.so
[0.194s] -- Found ament_cmake_pytest: 1.3.12 (/opt/ros/humble/share/ament_cmake_pytest/cmake)
[0.267s] -- Configuring done
[0.270s] -- Generating done
[0.272s] -- Build files have been written to: /home/chintu/ur_ws/build/ur_simulation_gazebo
[0.275s] Invoked command in '/home/chintu/ur_ws/build/ur_simulation_gazebo' returned '0': AMENT_PREFIX_PATH=/home/chintu/ur_ws/install/ur_description:${AMENT_PREFIX_PATH} CMAKE_PREFIX_PATH=/home/chintu/ur_ws/install/ur_description:/home/chintu/traffic_ws/install/qcar_traffic:/home/chintu/traffic_ws/install/qcar_track:/home/chintu/traffic_ws/install/qcar_slam:/home/chintu/traffic_ws/install/qcar:/home/chintu/traffic_ws/install/qcar_yolo:/home/chintu/traffic_ws/install/qcar_cv:/opt/ros/humble /usr/bin/cmake /home/chintu/ur_ws/src/Universal_Robots_ROS2_Gazebo_Simulation/ur_simulation_gazebo -DCMAKE_INSTALL_PREFIX=/home/chintu/ur_ws/install/ur_simulation_gazebo
[0.277s] Invoking command in '/home/chintu/ur_ws/build/ur_simulation_gazebo': AMENT_PREFIX_PATH=/home/chintu/ur_ws/install/ur_description:${AMENT_PREFIX_PATH} CMAKE_PREFIX_PATH=/home/chintu/ur_ws/install/ur_description:/home/chintu/traffic_ws/install/qcar_traffic:/home/chintu/traffic_ws/install/qcar_track:/home/chintu/traffic_ws/install/qcar_slam:/home/chintu/traffic_ws/install/qcar:/home/chintu/traffic_ws/install/qcar_yolo:/home/chintu/traffic_ws/install/qcar_cv:/opt/ros/humble /usr/bin/cmake --build /home/chintu/ur_ws/build/ur_simulation_gazebo -- -j8 -l8
[0.327s] Invoked command in '/home/chintu/ur_ws/build/ur_simulation_gazebo' returned '0': AMENT_PREFIX_PATH=/home/chintu/ur_ws/install/ur_description:${AMENT_PREFIX_PATH} CMAKE_PREFIX_PATH=/home/chintu/ur_ws/install/ur_description:/home/chintu/traffic_ws/install/qcar_traffic:/home/chintu/traffic_ws/install/qcar_track:/home/chintu/traffic_ws/install/qcar_slam:/home/chintu/traffic_ws/install/qcar:/home/chintu/traffic_ws/install/qcar_yolo:/home/chintu/traffic_ws/install/qcar_cv:/opt/ros/humble /usr/bin/cmake --build /home/chintu/ur_ws/build/ur_simulation_gazebo -- -j8 -l8
[0.328s] Invoking command in '/home/chintu/ur_ws/build/ur_simulation_gazebo': AMENT_PREFIX_PATH=/home/chintu/ur_ws/install/ur_description:${AMENT_PREFIX_PATH} CMAKE_PREFIX_PATH=/home/chintu/ur_ws/install/ur_description:/home/chintu/traffic_ws/install/qcar_traffic:/home/chintu/traffic_ws/install/qcar_track:/home/chintu/traffic_ws/install/qcar_slam:/home/chintu/traffic_ws/install/qcar:/home/chintu/traffic_ws/install/qcar_yolo:/home/chintu/traffic_ws/install/qcar_cv:/opt/ros/humble /usr/bin/cmake --install /home/chintu/ur_ws/build/ur_simulation_gazebo
[0.337s] -- Install configuration: ""
[0.338s] -- Execute custom install script
[0.338s] -- Up-to-date symlink: /home/chintu/ur_ws/install/ur_simulation_gazebo/share/ur_simulation_gazebo/config/ur_controllers.yaml
[0.338s] -- Up-to-date symlink: /home/chintu/ur_ws/install/ur_simulation_gazebo/share/ur_simulation_gazebo/launch/ur_sim_control.launch.py
[0.338s] -- Up-to-date symlink: /home/chintu/ur_ws/install/ur_simulation_gazebo/share/ur_simulation_gazebo/launch/ur_sim_moveit.launch.py
[0.338s] -- Up-to-date symlink: /home/chintu/ur_ws/install/ur_simulation_gazebo/share/ament_index/resource_index/package_run_dependencies/ur_simulation_gazebo
[0.339s] -- Up-to-date symlink: /home/chintu/ur_ws/install/ur_simulation_gazebo/share/ament_index/resource_index/parent_prefix_path/ur_simulation_gazebo
[0.339s] -- Up-to-date symlink: /home/chintu/ur_ws/install/ur_simulation_gazebo/share/ur_simulation_gazebo/environment/ament_prefix_path.sh
[0.339s] -- Up-to-date symlink: /home/chintu/ur_ws/install/ur_simulation_gazebo/share/ur_simulation_gazebo/environment/ament_prefix_path.dsv
[0.339s] -- Up-to-date symlink: /home/chintu/ur_ws/install/ur_simulation_gazebo/share/ur_simulation_gazebo/environment/path.sh
[0.339s] -- Up-to-date symlink: /home/chintu/ur_ws/install/ur_simulation_gazebo/share/ur_simulation_gazebo/environment/path.dsv
[0.339s] -- Up-to-date symlink: /home/chintu/ur_ws/install/ur_simulation_gazebo/share/ur_simulation_gazebo/local_setup.bash
[0.339s] -- Up-to-date symlink: /home/chintu/ur_ws/install/ur_simulation_gazebo/share/ur_simulation_gazebo/local_setup.sh
[0.340s] -- Up-to-date symlink: /home/chintu/ur_ws/install/ur_simulation_gazebo/share/ur_simulation_gazebo/local_setup.zsh
[0.340s] -- Up-to-date symlink: /home/chintu/ur_ws/install/ur_simulation_gazebo/share/ur_simulation_gazebo/local_setup.dsv
[0.340s] -- Symlinking: /home/chintu/ur_ws/install/ur_simulation_gazebo/share/ur_simulation_gazebo/package.dsv
[0.352s] -- Up-to-date symlink: /home/chintu/ur_ws/install/ur_simulation_gazebo/share/ament_index/resource_index/packages/ur_simulation_gazebo
[0.352s] -- Up-to-date symlink: /home/chintu/ur_ws/install/ur_simulation_gazebo/share/ur_simulation_gazebo/cmake/ur_simulation_gazeboConfig.cmake
[0.352s] -- Up-to-date symlink: /home/chintu/ur_ws/install/ur_simulation_gazebo/share/ur_simulation_gazebo/cmake/ur_simulation_gazeboConfig-version.cmake
[0.352s] -- Up-to-date symlink: /home/chintu/ur_ws/install/ur_simulation_gazebo/share/ur_simulation_gazebo/package.xml
[0.355s] Invoked command in '/home/chintu/ur_ws/build/ur_simulation_gazebo' returned '0': AMENT_PREFIX_PATH=/home/chintu/ur_ws/install/ur_description:${AMENT_PREFIX_PATH} CMAKE_PREFIX_PATH=/home/chintu/ur_ws/install/ur_description:/home/chintu/traffic_ws/install/qcar_traffic:/home/chintu/traffic_ws/install/qcar_track:/home/chintu/traffic_ws/install/qcar_slam:/home/chintu/traffic_ws/install/qcar:/home/chintu/traffic_ws/install/qcar_yolo:/home/chintu/traffic_ws/install/qcar_cv:/opt/ros/humble /usr/bin/cmake --install /home/chintu/ur_ws/build/ur_simulation_gazebo
