[0.023s] Invoking command in '/home/chintu/ur_ws/build/robotiq_controllers': CMAKE_PREFIX_PATH=${CMAKE_PREFIX_PATH}:/home/chintu/traffic_ws/install/qcar_yolo:/home/chintu/traffic_ws/install/qcar_cv:/opt/ros/humble /usr/bin/cmake /home/chintu/ur_ws/src/ros2_robotiq_gripper/robotiq_controllers -DAMENT_CMAKE_SYMLINK_INSTALL=1 -DCMAKE_INSTALL_PREFIX=/home/chintu/ur_ws/install/robotiq_controllers
[0.185s] -- The C compiler identification is GNU 11.4.0
[0.318s] -- The CXX compiler identification is GNU 11.4.0
[0.333s] -- Detecting C compiler ABI info
[0.469s] -- Detecting C compiler ABI info - done
[0.477s] -- Check for working C compiler: /usr/bin/cc - skipped
[0.477s] -- Detecting C compile features
[0.477s] -- Detecting C compile features - done
[0.482s] -- Detecting CXX compiler ABI info
[0.616s] -- Detecting CXX compiler ABI info - done
[0.626s] -- Check for working CXX compiler: /usr/bin/c++ - skipped
[0.626s] -- Detecting CXX compile features
[0.626s] -- Detecting CXX compile features - done
[0.630s] -- Found ament_cmake: 1.3.12 (/opt/ros/humble/share/ament_cmake/cmake)
[0.874s] -- Found Python3: /usr/bin/python3 (found version "3.10.12") found components: Interpreter 
[0.988s] -- Override CMake install command with custom implementation using symlinks instead of copying resources
[1.041s] -- Found controller_interface: 2.51.0 (/opt/ros/humble/share/controller_interface/cmake)
[1.124s] -- Found rosidl_generator_c: 3.1.7 (/opt/ros/humble/share/rosidl_generator_c/cmake)
[1.134s] -- Found rosidl_adapter: 3.1.7 (/opt/ros/humble/share/rosidl_adapter/cmake)
[1.149s] -- Found rosidl_generator_cpp: 3.1.7 (/opt/ros/humble/share/rosidl_generator_cpp/cmake)
[1.171s] -- Using all available rosidl_typesupport_c: rosidl_typesupport_fastrtps_c;rosidl_typesupport_introspection_c
[1.202s] -- Using all available rosidl_typesupport_cpp: rosidl_typesupport_fastrtps_cpp;rosidl_typesupport_introspection_cpp
[1.504s] -- Found rmw_implementation_cmake: 6.1.2 (/opt/ros/humble/share/rmw_implementation_cmake/cmake)
[1.509s] -- Found rmw_fastrtps_cpp: 6.2.8 (/opt/ros/humble/share/rmw_fastrtps_cpp/cmake)
[1.542s] -- Found TinyXML2 via Config file: TinyXML2_DIR-NOTFOUND
[1.640s] -- Found OpenSSL: /usr/lib/x86_64-linux-gnu/libcrypto.so (found version "3.0.2")  
[1.643s] -- Found TinyXML2 via Config file: TinyXML2_DIR-NOTFOUND
[1.673s] -- Found FastRTPS: /opt/ros/humble/include  
[1.676s] -- Found TinyXML2 via Config file: TinyXML2_DIR-NOTFOUND
[1.690s] -- Found TinyXML2 via Config file: TinyXML2_DIR-NOTFOUND
[1.710s] -- Using RMW implementation 'rmw_fastrtps_cpp' as default
[1.724s] -- Looking for pthread.h
[1.844s] -- Looking for pthread.h - found
[1.845s] -- Performing Test CMAKE_HAVE_LIBC_PTHREAD
[1.954s] -- Performing Test CMAKE_HAVE_LIBC_PTHREAD - Success
[1.955s] -- Found Threads: TRUE  
[2.020s] -- Found std_srvs: 4.9.0 (/opt/ros/humble/share/std_srvs/cmake)
[2.046s] -- Found ament_lint_auto: 0.12.14 (/opt/ros/humble/share/ament_lint_auto/cmake)
[2.176s] -- Added test 'cppcheck' to perform static code analysis on C / C++ code
[2.176s] -- Configured cppcheck include dirs: /home/chintu/ur_ws/src/ros2_robotiq_gripper/robotiq_controllers/include
[2.176s] -- Configured cppcheck exclude dirs and/or files: 
[2.177s] -- Added test 'lint_cmake' to check CMake code style
[2.185s] -- Configuring done
[2.230s] -- Generating done
[2.236s] -- Build files have been written to: /home/chintu/ur_ws/build/robotiq_controllers
[2.254s] Invoked command in '/home/chintu/ur_ws/build/robotiq_controllers' returned '0': CMAKE_PREFIX_PATH=${CMAKE_PREFIX_PATH}:/home/chintu/traffic_ws/install/qcar_yolo:/home/chintu/traffic_ws/install/qcar_cv:/opt/ros/humble /usr/bin/cmake /home/chintu/ur_ws/src/ros2_robotiq_gripper/robotiq_controllers -DAMENT_CMAKE_SYMLINK_INSTALL=1 -DCMAKE_INSTALL_PREFIX=/home/chintu/ur_ws/install/robotiq_controllers
[2.256s] Invoking command in '/home/chintu/ur_ws/build/robotiq_controllers': CMAKE_PREFIX_PATH=${CMAKE_PREFIX_PATH}:/home/chintu/traffic_ws/install/qcar_yolo:/home/chintu/traffic_ws/install/qcar_cv:/opt/ros/humble /usr/bin/cmake --build /home/chintu/ur_ws/build/robotiq_controllers -- -j8 -l8
[2.353s] [ 50%] [32mBuilding CXX object CMakeFiles/robotiq_controllers.dir/src/robotiq_activation_controller.cpp.o[0m
[6.208s] [100%] [32m[1mLinking CXX shared library librobotiq_controllers.so[0m
[6.429s] [100%] Built target robotiq_controllers
[6.445s] Invoked command in '/home/chintu/ur_ws/build/robotiq_controllers' returned '0': CMAKE_PREFIX_PATH=${CMAKE_PREFIX_PATH}:/home/chintu/traffic_ws/install/qcar_yolo:/home/chintu/traffic_ws/install/qcar_cv:/opt/ros/humble /usr/bin/cmake --build /home/chintu/ur_ws/build/robotiq_controllers -- -j8 -l8
[6.447s] Invoking command in '/home/chintu/ur_ws/build/robotiq_controllers': CMAKE_PREFIX_PATH=${CMAKE_PREFIX_PATH}:/home/chintu/traffic_ws/install/qcar_yolo:/home/chintu/traffic_ws/install/qcar_cv:/opt/ros/humble /usr/bin/cmake --install /home/chintu/ur_ws/build/robotiq_controllers
[6.456s] -- Install configuration: ""
[6.456s] -- Execute custom install script
[6.457s] -- Symlinking: /home/chintu/ur_ws/install/robotiq_controllers/share/robotiq_controllers//controller_plugins.xml
[6.468s] -- Symlinking: /home/chintu/ur_ws/install/robotiq_controllers/include/robotiq_controllers/robotiq_activation_controller.hpp
[6.479s] -- Symlinking: /home/chintu/ur_ws/install/robotiq_controllers/share/robotiq_controllers/environment/library_path.sh
[6.491s] -- Symlinking: /home/chintu/ur_ws/install/robotiq_controllers/share/robotiq_controllers/environment/library_path.dsv
[6.502s] -- Symlinking: /home/chintu/ur_ws/install/robotiq_controllers/share/ament_index/resource_index/package_run_dependencies/robotiq_controllers
[6.513s] -- Symlinking: /home/chintu/ur_ws/install/robotiq_controllers/share/ament_index/resource_index/parent_prefix_path/robotiq_controllers
[6.524s] -- Symlinking: /home/chintu/ur_ws/install/robotiq_controllers/share/robotiq_controllers/environment/ament_prefix_path.sh
[6.535s] -- Symlinking: /home/chintu/ur_ws/install/robotiq_controllers/share/robotiq_controllers/environment/ament_prefix_path.dsv
[6.547s] -- Symlinking: /home/chintu/ur_ws/install/robotiq_controllers/share/robotiq_controllers/environment/path.sh
[6.558s] -- Symlinking: /home/chintu/ur_ws/install/robotiq_controllers/share/robotiq_controllers/environment/path.dsv
[6.570s] -- Symlinking: /home/chintu/ur_ws/install/robotiq_controllers/share/robotiq_controllers/local_setup.bash
[6.581s] -- Symlinking: /home/chintu/ur_ws/install/robotiq_controllers/share/robotiq_controllers/local_setup.sh
[6.592s] -- Symlinking: /home/chintu/ur_ws/install/robotiq_controllers/share/robotiq_controllers/local_setup.zsh
[6.603s] -- Symlinking: /home/chintu/ur_ws/install/robotiq_controllers/share/robotiq_controllers/local_setup.dsv
[6.614s] -- Symlinking: /home/chintu/ur_ws/install/robotiq_controllers/share/robotiq_controllers/package.dsv
[6.624s] -- Symlinking: /home/chintu/ur_ws/install/robotiq_controllers/share/ament_index/resource_index/packages/robotiq_controllers
[6.637s] -- Symlinking: /home/chintu/ur_ws/install/robotiq_controllers/share/ament_index/resource_index/controller_interface__pluginlib__plugin/robotiq_controllers
[6.648s] -- Symlinking: /home/chintu/ur_ws/install/robotiq_controllers/share/robotiq_controllers/cmake/ament_cmake_export_include_directories-extras.cmake
[6.660s] -- Symlinking: /home/chintu/ur_ws/install/robotiq_controllers/share/robotiq_controllers/cmake/ament_cmake_export_libraries-extras.cmake
[6.671s] -- Symlinking: /home/chintu/ur_ws/install/robotiq_controllers/share/robotiq_controllers/cmake/ament_cmake_export_targets-extras.cmake
[6.683s] -- Symlinking: /home/chintu/ur_ws/install/robotiq_controllers/share/robotiq_controllers/cmake/ament_cmake_export_dependencies-extras.cmake
[6.694s] -- Symlinking: /home/chintu/ur_ws/install/robotiq_controllers/share/robotiq_controllers/cmake/robotiq_controllersConfig.cmake
[6.706s] -- Symlinking: /home/chintu/ur_ws/install/robotiq_controllers/share/robotiq_controllers/cmake/robotiq_controllersConfig-version.cmake
[6.717s] -- Symlinking: /home/chintu/ur_ws/install/robotiq_controllers/share/robotiq_controllers/package.xml
[6.729s] -- Installing: /home/chintu/ur_ws/install/robotiq_controllers/lib/librobotiq_controllers.so
[6.731s] -- Set runtime path of "/home/chintu/ur_ws/install/robotiq_controllers/lib/librobotiq_controllers.so" to ""
[6.731s] -- Installing: /home/chintu/ur_ws/install/robotiq_controllers/share/robotiq_controllers/cmake/export_robotiq_controllersExport.cmake
[6.731s] -- Installing: /home/chintu/ur_ws/install/robotiq_controllers/share/robotiq_controllers/cmake/export_robotiq_controllersExport-noconfig.cmake
[6.735s] Invoked command in '/home/chintu/ur_ws/build/robotiq_controllers' returned '0': CMAKE_PREFIX_PATH=${CMAKE_PREFIX_PATH}:/home/chintu/traffic_ws/install/qcar_yolo:/home/chintu/traffic_ws/install/qcar_cv:/opt/ros/humble /usr/bin/cmake --install /home/chintu/ur_ws/build/robotiq_controllers
