[0.028s] Invoking command in '/home/chintu/ur_ws/build/ur_sim': CMAKE_PREFIX_PATH=${CMAKE_PREFIX_PATH}:/home/chintu/traffic_ws/install/qcar_yolo:/home/chintu/traffic_ws/install/qcar_cv:/opt/ros/humble /usr/bin/cmake /home/chintu/ur_ws/src/ur_sim -DCMAKE_INSTALL_PREFIX=/home/chintu/ur_ws/install/ur_sim
[0.066s] -- Found ament_cmake: 1.3.12 (/opt/ros/humble/share/ament_cmake/cmake)
[0.370s] -- Override CMake install command with custom implementation using symlinks instead of copying resources
[0.386s] -- Found rclpy: 3.3.17 (/opt/ros/humble/share/rclpy/cmake)
[0.386s] -- Found xacro: 2.0.13 (/opt/ros/humble/share/xacro/cmake)
[0.386s] -- Found rclcpp: 16.0.14 (/opt/ros/humble/share/rclcpp/cmake)
[0.448s] -- Found rosidl_generator_c: 3.1.7 (/opt/ros/humble/share/rosidl_generator_c/cmake)
[0.453s] -- Found rosidl_adapter: 3.1.7 (/opt/ros/humble/share/rosidl_adapter/cmake)
[0.463s] -- Found rosidl_generator_cpp: 3.1.7 (/opt/ros/humble/share/rosidl_generator_cpp/cmake)
[0.482s] -- Using all available rosidl_typesupport_c: rosidl_typesupport_fastrtps_c;rosidl_typesupport_introspection_c
[0.504s] -- Using all available rosidl_typesupport_cpp: rosidl_typesupport_fastrtps_cpp;rosidl_typesupport_introspection_cpp
[0.555s] -- Found rmw_implementation_cmake: 6.1.2 (/opt/ros/humble/share/rmw_implementation_cmake/cmake)
[0.559s] -- Found rmw_fastrtps_cpp: 6.2.8 (/opt/ros/humble/share/rmw_fastrtps_cpp/cmake)
[0.761s] -- Using RMW implementation 'rmw_fastrtps_cpp' as default
[0.818s] -- Found trajectory_msgs: 4.9.0 (/opt/ros/humble/share/trajectory_msgs/cmake)
[0.970s] -- Found ament_lint_auto: 0.12.14 (/opt/ros/humble/share/ament_lint_auto/cmake)
[1.091s] -- Added test 'flake8' to check Python code syntax and style conventions
[1.093s] -- Added test 'lint_cmake' to check CMake code style
[1.094s] -- Added test 'pep257' to check Python code against some of the docstring style conventions in PEP 257
[1.098s] -- Added test 'xmllint' to check XML markup files
[1.100s] -- Configuring done
[1.108s] -- Generating done
[1.112s] -- Build files have been written to: /home/chintu/ur_ws/build/ur_sim
[1.131s] Invoked command in '/home/chintu/ur_ws/build/ur_sim' returned '0': CMAKE_PREFIX_PATH=${CMAKE_PREFIX_PATH}:/home/chintu/traffic_ws/install/qcar_yolo:/home/chintu/traffic_ws/install/qcar_cv:/opt/ros/humble /usr/bin/cmake /home/chintu/ur_ws/src/ur_sim -DCMAKE_INSTALL_PREFIX=/home/chintu/ur_ws/install/ur_sim
[1.132s] Invoking command in '/home/chintu/ur_ws/build/ur_sim': CMAKE_PREFIX_PATH=${CMAKE_PREFIX_PATH}:/home/chintu/traffic_ws/install/qcar_yolo:/home/chintu/traffic_ws/install/qcar_cv:/opt/ros/humble /usr/bin/cmake --build /home/chintu/ur_ws/build/ur_sim -- -j8 -l8
[1.229s] Built target ament_cmake_python_symlink_ur_sim
[1.579s] running egg_info
[1.580s] writing ur_sim.egg-info/PKG-INFO
[1.580s] writing dependency_links to ur_sim.egg-info/dependency_links.txt
[1.580s] writing top-level names to ur_sim.egg-info/top_level.txt
[1.585s] reading manifest file 'ur_sim.egg-info/SOURCES.txt'
[1.585s] writing manifest file 'ur_sim.egg-info/SOURCES.txt'
[1.653s] Built target ament_cmake_python_build_ur_sim_egg
[1.675s] Invoked command in '/home/chintu/ur_ws/build/ur_sim' returned '0': CMAKE_PREFIX_PATH=${CMAKE_PREFIX_PATH}:/home/chintu/traffic_ws/install/qcar_yolo:/home/chintu/traffic_ws/install/qcar_cv:/opt/ros/humble /usr/bin/cmake --build /home/chintu/ur_ws/build/ur_sim -- -j8 -l8
[1.690s] Invoking command in '/home/chintu/ur_ws/build/ur_sim': CMAKE_PREFIX_PATH=${CMAKE_PREFIX_PATH}:/home/chintu/traffic_ws/install/qcar_yolo:/home/chintu/traffic_ws/install/qcar_cv:/opt/ros/humble /usr/bin/cmake --install /home/chintu/ur_ws/build/ur_sim
[1.702s] -- Install configuration: ""
[1.703s] -- Execute custom install script
[1.703s] -- Up-to-date symlink: /home/chintu/ur_ws/install/ur_sim/share/ur_sim/environment/pythonpath.sh
[1.703s] -- Up-to-date symlink: /home/chintu/ur_ws/install/ur_sim/share/ur_sim/environment/pythonpath.dsv
[1.703s] -- Up-to-date symlink: /home/chintu/ur_ws/install/ur_sim/local/lib/python3.10/dist-packages/ur_sim-0.0.0-py3.10.egg-info/PKG-INFO
[1.703s] -- Up-to-date symlink: /home/chintu/ur_ws/install/ur_sim/local/lib/python3.10/dist-packages/ur_sim-0.0.0-py3.10.egg-info/SOURCES.txt
[1.704s] -- Up-to-date symlink: /home/chintu/ur_ws/install/ur_sim/local/lib/python3.10/dist-packages/ur_sim-0.0.0-py3.10.egg-info/dependency_links.txt
[1.704s] -- Up-to-date symlink: /home/chintu/ur_ws/install/ur_sim/local/lib/python3.10/dist-packages/ur_sim-0.0.0-py3.10.egg-info/top_level.txt
[1.704s] -- Up-to-date symlink: /home/chintu/ur_ws/install/ur_sim/local/lib/python3.10/dist-packages/ur_sim/__init__.py
[1.704s] -- Up-to-date symlink: /home/chintu/ur_ws/install/ur_sim/local/lib/python3.10/dist-packages/ur_sim/apply_force.py
[1.705s] -- Up-to-date symlink: /home/chintu/ur_ws/install/ur_sim/share/ur_sim/launch/admittance_control.launch.py
[1.705s] -- Up-to-date symlink: /home/chintu/ur_ws/install/ur_sim/share/ur_sim/launch/simple_admittance.launch.py
[1.705s] -- Up-to-date symlink: /home/chintu/ur_ws/install/ur_sim/share/ur_sim/launch/spawn_ur3e.launch.py
[1.706s] -- Up-to-date symlink: /home/chintu/ur_ws/install/ur_sim/share/ur_sim/launch/spawn_ur3e_gripper.launch.py
[1.706s] -- Up-to-date symlink: /home/chintu/ur_ws/install/ur_sim/share/ur_sim/launch/spawn_ur3e_gripper_moveit.launch.py
[1.706s] -- Up-to-date symlink: /home/chintu/ur_ws/install/ur_sim/share/ur_sim/launch/ur3e_admittance_control.launch.py
[1.706s] -- Up-to-date symlink: /home/chintu/ur_ws/install/ur_sim/share/ur_sim/launch/view_ur3e_spawn.launch.py
[1.706s] -- Up-to-date symlink: /home/chintu/ur_ws/install/ur_sim/share/ur_sim/launch/view_ur3e_spawn_gripper.launch.py
[1.706s] -- Up-to-date symlink: /home/chintu/ur_ws/install/ur_sim/share/ur_sim/urdf/ft_sensor_sim.ros2_control.xacro
[1.706s] -- Up-to-date symlink: /home/chintu/ur_ws/install/ur_sim/share/ur_sim/urdf/inc/ft_sensor_sim.ros2_control.xacro
[1.707s] -- Up-to-date symlink: /home/chintu/ur_ws/install/ur_sim/share/ur_sim/urdf/initial_positions.yaml
[1.707s] -- Up-to-date symlink: /home/chintu/ur_ws/install/ur_sim/share/ur_sim/urdf/robotiq_gripper.ros2_control.xacro
[1.707s] -- Up-to-date symlink: /home/chintu/ur_ws/install/ur_sim/share/ur_sim/urdf/robotiq_gripper_macro.xacro
[1.707s] -- Up-to-date symlink: /home/chintu/ur_ws/install/ur_sim/share/ur_sim/urdf/ur3e.ros2_control.xacro
[1.707s] -- Up-to-date symlink: /home/chintu/ur_ws/install/ur_sim/share/ur_sim/urdf/ur3e_macro.xacro
[1.707s] -- Up-to-date symlink: /home/chintu/ur_ws/install/ur_sim/share/ur_sim/urdf/ur3e_spawn.urdf.xacro
[1.707s] -- Up-to-date symlink: /home/chintu/ur_ws/install/ur_sim/share/ur_sim/urdf/ur3e_spawn_gripper.urdf.xacro
[1.708s] -- Up-to-date symlink: /home/chintu/ur_ws/install/ur_sim/share/ur_sim/config/ft_sensor_broadcaster_controller.yaml
[1.708s] -- Up-to-date symlink: /home/chintu/ur_ws/install/ur_sim/share/ur_sim/config/initial_positions.yaml
[1.708s] -- Up-to-date symlink: /home/chintu/ur_ws/install/ur_sim/share/ur_sim/config/ur3e_controllers.yaml
[1.708s] -- Up-to-date symlink: /home/chintu/ur_ws/install/ur_sim/share/ur_sim/config/ur3e_controllers_gripper.yaml
[1.709s] -- Up-to-date symlink: /home/chintu/ur_ws/install/ur_sim/share/ur_sim/rviz/ur3e_admittance.rviz
[1.709s] -- Up-to-date symlink: /home/chintu/ur_ws/install/ur_sim/share/ur_sim/rviz/view_ur3e_spawn.rviz
[1.709s] -- Up-to-date symlink: /home/chintu/ur_ws/install/ur_sim/share/ur_sim/rviz/view_ur3e_spawn_gripper.rviz
[1.709s] -- Up-to-date symlink: /home/chintu/ur_ws/install/ur_sim/lib/ur_sim/simple_admittance_controller.py
[1.709s] -- Up-to-date symlink: /home/chintu/ur_ws/install/ur_sim/lib/ur_sim/apply_force.py
[1.709s] -- Up-to-date symlink: /home/chintu/ur_ws/install/ur_sim/share/ament_index/resource_index/package_run_dependencies/ur_sim
[1.710s] -- Up-to-date symlink: /home/chintu/ur_ws/install/ur_sim/share/ament_index/resource_index/parent_prefix_path/ur_sim
[1.710s] -- Up-to-date symlink: /home/chintu/ur_ws/install/ur_sim/share/ur_sim/environment/ament_prefix_path.sh
[1.710s] -- Up-to-date symlink: /home/chintu/ur_ws/install/ur_sim/share/ur_sim/environment/ament_prefix_path.dsv
[1.710s] -- Up-to-date symlink: /home/chintu/ur_ws/install/ur_sim/share/ur_sim/environment/path.sh
[1.710s] -- Up-to-date symlink: /home/chintu/ur_ws/install/ur_sim/share/ur_sim/environment/path.dsv
[1.710s] -- Up-to-date symlink: /home/chintu/ur_ws/install/ur_sim/share/ur_sim/local_setup.bash
[1.711s] -- Up-to-date symlink: /home/chintu/ur_ws/install/ur_sim/share/ur_sim/local_setup.sh
[1.711s] -- Up-to-date symlink: /home/chintu/ur_ws/install/ur_sim/share/ur_sim/local_setup.zsh
[1.711s] -- Up-to-date symlink: /home/chintu/ur_ws/install/ur_sim/share/ur_sim/local_setup.dsv
[1.711s] -- Symlinking: /home/chintu/ur_ws/install/ur_sim/share/ur_sim/package.dsv
[1.728s] -- Up-to-date symlink: /home/chintu/ur_ws/install/ur_sim/share/ament_index/resource_index/packages/ur_sim
[1.729s] -- Up-to-date symlink: /home/chintu/ur_ws/install/ur_sim/share/ur_sim/cmake/ur_simConfig.cmake
[1.729s] -- Up-to-date symlink: /home/chintu/ur_ws/install/ur_sim/share/ur_sim/cmake/ur_simConfig-version.cmake
[1.729s] -- Up-to-date symlink: /home/chintu/ur_ws/install/ur_sim/share/ur_sim/package.xml
[1.779s] Listing '/home/chintu/ur_ws/install/ur_sim/local/lib/python3.10/dist-packages/ur_sim'...
[1.790s] Invoked command in '/home/chintu/ur_ws/build/ur_sim' returned '0': CMAKE_PREFIX_PATH=${CMAKE_PREFIX_PATH}:/home/chintu/traffic_ws/install/qcar_yolo:/home/chintu/traffic_ws/install/qcar_cv:/opt/ros/humble /usr/bin/cmake --install /home/chintu/ur_ws/build/ur_sim
