[0.025s] Invoking command in '/home/chintu/ur_ws/build/robotiq_description': CMAKE_PREFIX_PATH=${CMAKE_PREFIX_PATH}:/home/chintu/traffic_ws/install/qcar_yolo:/home/chintu/traffic_ws/install/qcar_cv:/opt/ros/humble /usr/bin/cmake /home/chintu/ur_ws/src/ros2_robotiq_gripper/robotiq_description -DAMENT_CMAKE_SYMLINK_INSTALL=1 -DCMAKE_INSTALL_PREFIX=/home/chintu/ur_ws/install/robotiq_description
[0.181s] -- The C compiler identification is GNU 11.4.0
[0.313s] -- The CXX compiler identification is GNU 11.4.0
[0.327s] -- Detecting C compiler ABI info
[0.463s] -- Detecting C compiler ABI info - done
[0.471s] -- Check for working C compiler: /usr/bin/cc - skipped
[0.471s] -- Detecting C compile features
[0.472s] -- Detecting C compile features - done
[0.477s] -- Detecting CXX compiler ABI info
[0.607s] -- Detecting CXX compiler ABI info - done
[0.615s] -- Check for working CXX compiler: /usr/bin/c++ - skipped
[0.615s] -- Detecting CXX compile features
[0.615s] -- Detecting CXX compile features - done
[0.622s] -- Found ament_cmake: 1.3.12 (/opt/ros/humble/share/ament_cmake/cmake)
[0.878s] -- Found Python3: /usr/bin/python3 (found version "3.10.12") found components: Interpreter 
[0.993s] -- Override CMake install command with custom implementation using symlinks instead of copying resources
[1.137s] -- Configuring done
[1.140s] -- Generating done
[1.142s] -- Build files have been written to: /home/chintu/ur_ws/build/robotiq_description
[1.151s] Invoked command in '/home/chintu/ur_ws/build/robotiq_description' returned '0': CMAKE_PREFIX_PATH=${CMAKE_PREFIX_PATH}:/home/chintu/traffic_ws/install/qcar_yolo:/home/chintu/traffic_ws/install/qcar_cv:/opt/ros/humble /usr/bin/cmake /home/chintu/ur_ws/src/ros2_robotiq_gripper/robotiq_description -DAMENT_CMAKE_SYMLINK_INSTALL=1 -DCMAKE_INSTALL_PREFIX=/home/chintu/ur_ws/install/robotiq_description
[1.155s] Invoking command in '/home/chintu/ur_ws/build/robotiq_description': CMAKE_PREFIX_PATH=${CMAKE_PREFIX_PATH}:/home/chintu/traffic_ws/install/qcar_yolo:/home/chintu/traffic_ws/install/qcar_cv:/opt/ros/humble /usr/bin/cmake --build /home/chintu/ur_ws/build/robotiq_description -- -j8 -l8
[1.226s] Invoked command in '/home/chintu/ur_ws/build/robotiq_description' returned '0': CMAKE_PREFIX_PATH=${CMAKE_PREFIX_PATH}:/home/chintu/traffic_ws/install/qcar_yolo:/home/chintu/traffic_ws/install/qcar_cv:/opt/ros/humble /usr/bin/cmake --build /home/chintu/ur_ws/build/robotiq_description -- -j8 -l8
[1.243s] Invoking command in '/home/chintu/ur_ws/build/robotiq_description': CMAKE_PREFIX_PATH=${CMAKE_PREFIX_PATH}:/home/chintu/traffic_ws/install/qcar_yolo:/home/chintu/traffic_ws/install/qcar_cv:/opt/ros/humble /usr/bin/cmake --install /home/chintu/ur_ws/build/robotiq_description
[1.252s] -- Install configuration: ""
[1.253s] -- Execute custom install script
[1.253s] -- Symlinking: /home/chintu/ur_ws/install/robotiq_description/share/robotiq_description/config/robotiq_controllers.yaml
[1.269s] -- Symlinking: /home/chintu/ur_ws/install/robotiq_description/share/robotiq_description/launch/robotiq_control.launch.py
[1.290s] -- Symlinking: /home/chintu/ur_ws/install/robotiq_description/share/robotiq_description/launch/view_gripper.launch.py
[1.308s] -- Symlinking: /home/chintu/ur_ws/install/robotiq_description/share/robotiq_description/meshes/collision/2f_140/robotiq_2f_140_base_link.stl
[1.324s] -- Symlinking: /home/chintu/ur_ws/install/robotiq_description/share/robotiq_description/meshes/collision/2f_140/robotiq_2f_140_coupling.stl
[1.339s] -- Symlinking: /home/chintu/ur_ws/install/robotiq_description/share/robotiq_description/meshes/collision/2f_140/robotiq_2f_140_inner_finger.stl
[1.355s] -- Symlinking: /home/chintu/ur_ws/install/robotiq_description/share/robotiq_description/meshes/collision/2f_140/robotiq_2f_140_inner_knuckle.stl
[1.372s] -- Symlinking: /home/chintu/ur_ws/install/robotiq_description/share/robotiq_description/meshes/collision/2f_140/robotiq_2f_140_outer_finger.stl
[1.388s] -- Symlinking: /home/chintu/ur_ws/install/robotiq_description/share/robotiq_description/meshes/collision/2f_140/robotiq_2f_140_outer_knuckle.stl
[1.403s] -- Symlinking: /home/chintu/ur_ws/install/robotiq_description/share/robotiq_description/meshes/collision/2f_85/left_finger.stl
[1.420s] -- Symlinking: /home/chintu/ur_ws/install/robotiq_description/share/robotiq_description/meshes/collision/2f_85/left_finger_tip.stl
[1.436s] -- Symlinking: /home/chintu/ur_ws/install/robotiq_description/share/robotiq_description/meshes/collision/2f_85/left_inner_knuckle.stl
[1.452s] -- Symlinking: /home/chintu/ur_ws/install/robotiq_description/share/robotiq_description/meshes/collision/2f_85/left_knuckle.stl
[1.467s] -- Symlinking: /home/chintu/ur_ws/install/robotiq_description/share/robotiq_description/meshes/collision/2f_85/right_finger.stl
[1.484s] -- Symlinking: /home/chintu/ur_ws/install/robotiq_description/share/robotiq_description/meshes/collision/2f_85/right_finger_tip.stl
[1.499s] -- Symlinking: /home/chintu/ur_ws/install/robotiq_description/share/robotiq_description/meshes/collision/2f_85/right_inner_knuckle.stl
[1.515s] -- Symlinking: /home/chintu/ur_ws/install/robotiq_description/share/robotiq_description/meshes/collision/2f_85/right_knuckle.stl
[1.531s] -- Symlinking: /home/chintu/ur_ws/install/robotiq_description/share/robotiq_description/meshes/collision/2f_85/robotiq_base.stl
[1.547s] -- Symlinking: /home/chintu/ur_ws/install/robotiq_description/share/robotiq_description/meshes/collision/2f_85/ur_to_robotiq_adapter.stl
[1.562s] -- Symlinking: /home/chintu/ur_ws/install/robotiq_description/share/robotiq_description/meshes/visual/2f_140/robotiq_2f_140_base_link.stl
[1.578s] -- Symlinking: /home/chintu/ur_ws/install/robotiq_description/share/robotiq_description/meshes/visual/2f_140/robotiq_2f_140_coupling.stl
[1.594s] -- Symlinking: /home/chintu/ur_ws/install/robotiq_description/share/robotiq_description/meshes/visual/2f_140/robotiq_2f_140_inner_finger.stl
[1.609s] -- Symlinking: /home/chintu/ur_ws/install/robotiq_description/share/robotiq_description/meshes/visual/2f_140/robotiq_2f_140_inner_knuckle.stl
[1.626s] -- Symlinking: /home/chintu/ur_ws/install/robotiq_description/share/robotiq_description/meshes/visual/2f_140/robotiq_2f_140_outer_finger.stl
[1.641s] -- Symlinking: /home/chintu/ur_ws/install/robotiq_description/share/robotiq_description/meshes/visual/2f_140/robotiq_2f_140_outer_knuckle.stl
[1.656s] -- Symlinking: /home/chintu/ur_ws/install/robotiq_description/share/robotiq_description/meshes/visual/2f_85/left_finger.dae
[1.673s] -- Symlinking: /home/chintu/ur_ws/install/robotiq_description/share/robotiq_description/meshes/visual/2f_85/left_finger_tip.dae
[1.688s] -- Symlinking: /home/chintu/ur_ws/install/robotiq_description/share/robotiq_description/meshes/visual/2f_85/left_inner_knuckle.dae
[1.702s] -- Symlinking: /home/chintu/ur_ws/install/robotiq_description/share/robotiq_description/meshes/visual/2f_85/left_knuckle.dae
[1.721s] -- Symlinking: /home/chintu/ur_ws/install/robotiq_description/share/robotiq_description/meshes/visual/2f_85/right_finger.dae
[1.738s] -- Symlinking: /home/chintu/ur_ws/install/robotiq_description/share/robotiq_description/meshes/visual/2f_85/right_finger_tip.dae
[1.754s] -- Symlinking: /home/chintu/ur_ws/install/robotiq_description/share/robotiq_description/meshes/visual/2f_85/right_inner_knuckle.dae
[1.770s] -- Symlinking: /home/chintu/ur_ws/install/robotiq_description/share/robotiq_description/meshes/visual/2f_85/right_knuckle.dae
[1.787s] -- Symlinking: /home/chintu/ur_ws/install/robotiq_description/share/robotiq_description/meshes/visual/2f_85/robotiq_base.dae
[1.806s] -- Symlinking: /home/chintu/ur_ws/install/robotiq_description/share/robotiq_description/meshes/visual/2f_85/ur_to_robotiq_adapter.dae
[1.823s] -- Symlinking: /home/chintu/ur_ws/install/robotiq_description/share/robotiq_description/rviz/view_urdf.rviz
[1.839s] -- Symlinking: /home/chintu/ur_ws/install/robotiq_description/share/robotiq_description/urdf/2f_140.ros2_control.xacro
[1.855s] -- Symlinking: /home/chintu/ur_ws/install/robotiq_description/share/robotiq_description/urdf/robotiq_2f_140.xacro
[1.870s] -- Symlinking: /home/chintu/ur_ws/install/robotiq_description/share/robotiq_description/urdf/robotiq_2f_140_gripper.urdf.xacro
[1.886s] -- Symlinking: /home/chintu/ur_ws/install/robotiq_description/share/robotiq_description/urdf/robotiq_2f_140_macro.urdf.xacro
[1.901s] -- Symlinking: /home/chintu/ur_ws/install/robotiq_description/share/robotiq_description/urdf/ur_to_robotiq_adapter.urdf.xacro
[1.914s] -- Symlinking: /home/chintu/ur_ws/install/robotiq_description/share/ament_index/resource_index/package_run_dependencies/robotiq_description
[1.932s] -- Symlinking: /home/chintu/ur_ws/install/robotiq_description/share/ament_index/resource_index/parent_prefix_path/robotiq_description
[1.948s] -- Symlinking: /home/chintu/ur_ws/install/robotiq_description/share/robotiq_description/environment/ament_prefix_path.sh
[1.964s] -- Symlinking: /home/chintu/ur_ws/install/robotiq_description/share/robotiq_description/environment/ament_prefix_path.dsv
[1.980s] -- Symlinking: /home/chintu/ur_ws/install/robotiq_description/share/robotiq_description/environment/path.sh
[1.996s] -- Symlinking: /home/chintu/ur_ws/install/robotiq_description/share/robotiq_description/environment/path.dsv
[2.010s] -- Symlinking: /home/chintu/ur_ws/install/robotiq_description/share/robotiq_description/local_setup.bash
[2.028s] -- Symlinking: /home/chintu/ur_ws/install/robotiq_description/share/robotiq_description/local_setup.sh
[2.041s] -- Symlinking: /home/chintu/ur_ws/install/robotiq_description/share/robotiq_description/local_setup.zsh
[2.057s] -- Symlinking: /home/chintu/ur_ws/install/robotiq_description/share/robotiq_description/local_setup.dsv
[2.073s] -- Symlinking: /home/chintu/ur_ws/install/robotiq_description/share/robotiq_description/package.dsv
[2.090s] -- Symlinking: /home/chintu/ur_ws/install/robotiq_description/share/ament_index/resource_index/packages/robotiq_description
[2.107s] -- Symlinking: /home/chintu/ur_ws/install/robotiq_description/share/robotiq_description/cmake/robotiq_descriptionConfig.cmake
[2.124s] -- Symlinking: /home/chintu/ur_ws/install/robotiq_description/share/robotiq_description/cmake/robotiq_descriptionConfig-version.cmake
[2.140s] -- Symlinking: /home/chintu/ur_ws/install/robotiq_description/share/robotiq_description/package.xml
[2.156s] Invoked command in '/home/chintu/ur_ws/build/robotiq_description' returned '0': CMAKE_PREFIX_PATH=${CMAKE_PREFIX_PATH}:/home/chintu/traffic_ws/install/qcar_yolo:/home/chintu/traffic_ws/install/qcar_cv:/opt/ros/humble /usr/bin/cmake --install /home/chintu/ur_ws/build/robotiq_description
